2025-03-11 12:19:31.937 [info] [Info  - 12:19:31 PM] (1086) Server root directory: file:///home/kraoshin/.vscode-server/extensions/ms-python.vscode-pylance-2025.3.1/dist
2025-03-11 12:19:31.943 [info] [Info  - 12:19:31 PM] (1086) Pylance language server 2025.3.1 (pyright version 1.1.396, commit 3e2236a7) starting
2025-03-11 12:19:32.027 [info] [Info  - 12:19:32 PM] (1086) Starting service instance "kraoshin"
2025-03-11 12:19:33.193 [info] [Info  - 12:19:33 PM] (1086) Setting environmentName for service "kraoshin": "3.12.3 (global)"
2025-03-11 12:19:33.215 [info] [Info  - 12:19:33 PM] (1086) Setting pythonPath for service "kraoshin": "/bin/python3"
2025-03-11 12:19:33.220 [info] [Info  - 12:19:33 PM] (1086) No include entries specified; assuming /home/kraoshin
2025-03-11 12:19:33.221 [info] [Info  - 12:19:33 PM] (1086) Auto-excluding **/node_modules
2025-03-11 12:19:33.222 [info] [Info  - 12:19:33 PM] (1086) Auto-excluding **/__pycache__
2025-03-11 12:19:33.278 [info] [Info  - 12:19:33 PM] (1086) Auto-excluding **/.*
2025-03-11 12:19:33.281 [info] [Info  - 12:19:33 PM] (1086) Assuming Python version 3.12.3.final.0
2025-03-11 12:19:33.282 [info] [Info  - 12:19:33 PM] (1086) Auto-excluding /home/kraoshin/holbertonschool-hbnb
2025-03-11 12:19:33.283 [info] [Info  - 12:19:33 PM] (1086) Auto-excluding /home/kraoshin/holbertonschool-higher_level_programming/python-object_relational_mapping/venv
2025-03-11 12:19:33.285 [info] [Info  - 12:19:33 PM] (1086) Auto-excluding /home/kraoshin/venv
2025-03-11 12:19:33.287 [info] [Info  - 12:19:33 PM] (1086) Found 144 source files
2025-03-11 12:19:33.304 [info] [Info  - 12:19:33 PM] (1086) virtual workspace: vscode-chat-code-block://23978650-1f36-4761-ac2c-1f0fc978c6ab/
2025-03-11 12:19:33.304 [info] [Info  - 12:19:33 PM] (1086) Starting service instance "<default>"
2025-03-11 12:19:33.530 [info] [Info  - 12:19:33 PM] (1086) Setting environmentName for service "<default>": "3.12.3 (global)"
2025-03-11 12:19:33.530 [info] [Info  - 12:19:33 PM] (1086) No include entries specified; assuming vscode-chat-code-block://23978650-1f36-4761-ac2c-1f0fc978c6ab/
2025-03-11 12:19:33.530 [info] [Info  - 12:19:33 PM] (1086) Auto-excluding **/node_modules
2025-03-11 12:19:33.530 [info] [Info  - 12:19:33 PM] (1086) Auto-excluding **/__pycache__
2025-03-11 12:19:33.530 [info] [Info  - 12:19:33 PM] (1086) Auto-excluding **/.*
2025-03-11 12:19:33.558 [info] [Info  - 12:19:33 PM] (1086) Assuming Python version 3.12.3.final.0
2025-03-11 12:19:33.611 [info] [Error - 12:19:33 PM] (1086) File or directory "vscode-chat-code-block://23978650-1f36-4761-ac2c-1f0fc978c6ab/" does not exist.
2025-03-11 12:19:33.611 [info] [Info  - 12:19:33 PM] (1086) No source files found.
2025-03-11 12:19:35.088 [info] [Info  - 12:19:35 PM] (1086) Background analysis(1) root directory: file:///home/kraoshin/.vscode-server/extensions/ms-python.vscode-pylance-2025.3.1/dist
2025-03-11 12:19:35.088 [info] [Info  - 12:19:35 PM] (1086) Background analysis(1) started
2025-03-11 12:19:35.088 [info] [Info  - 12:19:35 PM] (1086) Indexer background runner(2) root directory: file:///home/kraoshin/.vscode-server/extensions/ms-python.vscode-pylance-2025.3.1/dist (index)
2025-03-11 12:19:35.088 [info] [Info  - 12:19:35 PM] (1086) Indexing(2) started
2025-03-11 12:19:35.091 [info] [Info  - 12:19:35 PM] (1086) scanned(2) 98 files over 1 exec env
2025-03-11 12:19:35.091 [info] [Info  - 12:19:35 PM] (1086) indexed(2) 98 files over 1 exec env
2025-03-11 12:19:35.091 [info] [Info  - 12:19:35 PM] (1086) Indexing finished(2).
2025-03-11 12:19:42.232 [info] (Client) The existing extension didn't exit within 10 seconds. New instance will start, but you might encounter issues.
2025-03-11 12:19:42.233 [info] (Client) Pylance async client (2025.3.1) started with python extension (2025.2.0)
2025-03-11 12:31:35.186 [info] [Info  - 12:31:35 PM] (1086) Auto-excluding /home/kraoshin/holbertonschool-hbnb
2025-03-11 12:31:35.189 [info] [Info  - 12:31:35 PM] (1086) Auto-excluding /home/kraoshin/holbertonschool-higher_level_programming/python-object_relational_mapping/venv
2025-03-11 12:31:35.197 [info] [Info  - 12:31:35 PM] (1086) Auto-excluding /home/kraoshin/venv
2025-03-11 12:31:35.217 [info] [Info  - 12:31:35 PM] (1086) Found 151 source files
2025-03-11 12:33:35.171 [info] [Info  - 12:33:35 PM] (1086) Auto-excluding /home/kraoshin/holbertonschool-hbnb
2025-03-11 12:33:35.181 [info] [Info  - 12:33:35 PM] (1086) Auto-excluding /home/kraoshin/holbertonschool-higher_level_programming/python-object_relational_mapping/venv
2025-03-11 12:33:35.202 [info] [Info  - 12:33:35 PM] (1086) Auto-excluding /home/kraoshin/venv
2025-03-11 12:33:35.223 [info] [Info  - 12:33:35 PM] (1086) Found 151 source files
2025-03-11 12:33:45.545 [info] [Info  - 12:33:45 PM] (1086) Auto-excluding /home/kraoshin/holbertonschool-hbnb
2025-03-11 12:33:45.549 [info] [Info  - 12:33:45 PM] (1086) Auto-excluding /home/kraoshin/holbertonschool-higher_level_programming/python-object_relational_mapping/venv
2025-03-11 12:33:45.558 [info] [Info  - 12:33:45 PM] (1086) Auto-excluding /home/kraoshin/venv
2025-03-11 12:33:45.571 [info] [Info  - 12:33:45 PM] (1086) Found 151 source files
2025-03-11 12:33:57.501 [info] [Info  - 12:33:57 PM] (1086) Auto-excluding /home/kraoshin/holbertonschool-hbnb
2025-03-11 12:33:57.505 [info] [Info  - 12:33:57 PM] (1086) Auto-excluding /home/kraoshin/holbertonschool-higher_level_programming/python-object_relational_mapping/venv
2025-03-11 12:33:57.512 [info] [Info  - 12:33:57 PM] (1086) Auto-excluding /home/kraoshin/venv
2025-03-11 12:33:57.522 [info] [Info  - 12:33:57 PM] (1086) Found 151 source files
2025-03-11 12:34:15.149 [info] [Info  - 12:34:15 PM] (1086) Auto-excluding /home/kraoshin/holbertonschool-hbnb
2025-03-11 12:34:15.153 [info] [Info  - 12:34:15 PM] (1086) Auto-excluding /home/kraoshin/holbertonschool-higher_level_programming/python-object_relational_mapping/venv
2025-03-11 12:34:15.163 [info] [Info  - 12:34:15 PM] (1086) Auto-excluding /home/kraoshin/venv
2025-03-11 12:34:15.176 [info] [Info  - 12:34:15 PM] (1086) Found 150 source files
2025-03-11 12:34:24.582 [info] [Info  - 12:34:24 PM] (1086) Auto-excluding /home/kraoshin/holbertonschool-hbnb
2025-03-11 12:34:24.587 [info] [Info  - 12:34:24 PM] (1086) Auto-excluding /home/kraoshin/holbertonschool-higher_level_programming/python-object_relational_mapping/venv
2025-03-11 12:34:24.594 [info] [Info  - 12:34:24 PM] (1086) Auto-excluding /home/kraoshin/venv
2025-03-11 12:34:24.605 [info] [Info  - 12:34:24 PM] (1086) Found 150 source files
2025-03-11 12:40:01.984 [info] [Info  - 12:40:01 PM] (1086) Starting service instance "<default>"
2025-03-11 12:40:02.003 [info] [Info  - 12:40:02 PM] (1086) Setting environmentName for service "<default>": "3.12.3 (global)"
2025-03-11 12:40:02.003 [info] [Info  - 12:40:02 PM] (1086) Setting pythonPath for service "<default>": "/bin/python3"
2025-03-11 12:40:02.003 [info] [Info  - 12:40:02 PM] (1086) No include entries specified; assuming /<default workspace root>
2025-03-11 12:40:02.004 [info] [Info  - 12:40:02 PM] (1086) Auto-excluding **/node_modules
2025-03-11 12:40:02.004 [info] [Info  - 12:40:02 PM] (1086) Auto-excluding **/__pycache__
2025-03-11 12:40:02.004 [info] [Info  - 12:40:02 PM] (1086) Auto-excluding **/.*
2025-03-11 12:40:02.020 [info] [Info  - 12:40:02 PM] (1086) Assuming Python version 3.12.3.final.0
2025-03-11 12:40:02.059 [info] [Error - 12:40:02 PM] (1086) File or directory "/<default workspace root>" does not exist.
2025-03-11 12:40:02.059 [info] [Info  - 12:40:02 PM] (1086) No source files found.
2025-03-11 12:40:02.356 [info] [Info  - 12:40:02 PM] (1086) Background analysis(3) root directory: file:///home/kraoshin/.vscode-server/extensions/ms-python.vscode-pylance-2025.3.1/dist
2025-03-11 12:40:02.358 [info] [Info  - 12:40:02 PM] (1086) Background analysis(3) started
2025-03-11 12:54:59.090 [info] [Info  - 12:54:59 PM] (1086) Auto-excluding /home/kraoshin/holbertonschool-hbnb
2025-03-11 12:54:59.100 [info] [Info  - 12:54:59 PM] (1086) Auto-excluding /home/kraoshin/holbertonschool-higher_level_programming/python-object_relational_mapping/venv
2025-03-11 12:54:59.122 [info] [Info  - 12:54:59 PM] (1086) Auto-excluding /home/kraoshin/venv
2025-03-11 12:54:59.172 [info] [Info  - 12:54:59 PM] (1086) Found 152 source files
2025-03-11 13:10:31.385 [info] [Info  - 1:10:31 PM] (1086) Auto-excluding /home/kraoshin/holbertonschool-hbnb
2025-03-11 13:10:31.395 [info] [Info  - 1:10:31 PM] (1086) Auto-excluding /home/kraoshin/holbertonschool-higher_level_programming/python-object_relational_mapping/venv
2025-03-11 13:10:31.414 [info] [Info  - 1:10:31 PM] (1086) Auto-excluding /home/kraoshin/venv
2025-03-11 13:10:31.456 [info] [Info  - 1:10:31 PM] (1086) Found 151 source files
2025-03-11 13:10:40.939 [info] [Info  - 1:10:40 PM] (1086) Auto-excluding /home/kraoshin/holbertonschool-hbnb
2025-03-11 13:10:40.942 [info] [Info  - 1:10:40 PM] (1086) Auto-excluding /home/kraoshin/holbertonschool-higher_level_programming/python-object_relational_mapping/venv
2025-03-11 13:10:40.949 [info] [Info  - 1:10:40 PM] (1086) Auto-excluding /home/kraoshin/venv
2025-03-11 13:10:40.962 [info] [Info  - 1:10:40 PM] (1086) Found 151 source files
2025-03-11 13:29:43.524 [info] [Info  - 1:29:43 PM] (1086) Auto-excluding /home/kraoshin/holbertonschool-hbnb
2025-03-11 13:29:43.532 [info] [Info  - 1:29:43 PM] (1086) Auto-excluding /home/kraoshin/holbertonschool-higher_level_programming/python-object_relational_mapping/venv
2025-03-11 13:29:43.549 [info] [Info  - 1:29:43 PM] (1086) Auto-excluding /home/kraoshin/venv
2025-03-11 13:29:43.577 [info] [Info  - 1:29:43 PM] (1086) Found 150 source files
2025-03-11 13:39:42.853 [info] [Info  - 1:39:42 PM] (1086) Setting environmentName for service "kraoshin": "3.12.3 (global)"
2025-03-11 13:39:42.854 [info] [Info  - 1:39:42 PM] (1086) Setting pythonPath for service "kraoshin": "/bin/python3"
2025-03-11 13:39:42.854 [info] [Info  - 1:39:42 PM] (1086) No include entries specified; assuming /home/kraoshin
2025-03-11 13:39:42.854 [info] [Info  - 1:39:42 PM] (1086) Auto-excluding **/node_modules
2025-03-11 13:39:42.854 [info] [Info  - 1:39:42 PM] (1086) Auto-excluding **/__pycache__
2025-03-11 13:39:42.854 [info] [Info  - 1:39:42 PM] (1086) Auto-excluding **/.*
2025-03-11 13:39:42.897 [info] [Info  - 1:39:42 PM] (1086) Assuming Python version 3.12.3.final.0
2025-03-11 13:39:43.004 [info] [Info  - 1:39:43 PM] (1086) Auto-excluding /home/kraoshin/holbertonschool-hbnb
2025-03-11 13:39:43.014 [info] [Info  - 1:39:43 PM] (1086) Auto-excluding /home/kraoshin/holbertonschool-higher_level_programming/python-object_relational_mapping/venv
2025-03-11 13:39:43.034 [info] [Info  - 1:39:43 PM] (1086) Auto-excluding /home/kraoshin/venv
2025-03-11 13:39:43.047 [info] [Info  - 1:39:43 PM] (1086) Found 147 source files
2025-03-11 13:39:43.115 [info] [Info  - 1:39:43 PM] (1086) Setting environmentName for service "<default>": "3.12.3 (global)"
2025-03-11 13:39:43.115 [info] [Info  - 1:39:43 PM] (1086) No include entries specified; assuming vscode-chat-code-block://23978650-1f36-4761-ac2c-1f0fc978c6ab/
2025-03-11 13:39:43.115 [info] [Info  - 1:39:43 PM] (1086) Auto-excluding **/node_modules
2025-03-11 13:39:43.115 [info] [Info  - 1:39:43 PM] (1086) Auto-excluding **/__pycache__
2025-03-11 13:39:43.115 [info] [Info  - 1:39:43 PM] (1086) Auto-excluding **/.*
2025-03-11 13:39:43.136 [info] [Info  - 1:39:43 PM] (1086) Assuming Python version 3.12.3.final.0
2025-03-11 13:39:43.189 [info] [Error - 1:39:43 PM] (1086) File or directory "vscode-chat-code-block://23978650-1f36-4761-ac2c-1f0fc978c6ab/" does not exist.
2025-03-11 13:39:43.189 [info] [Info  - 1:39:43 PM] (1086) No source files found.
2025-03-11 13:39:43.615 [info] [Info  - 1:39:43 PM] (1086) Indexer background runner(4) root directory: file:///home/kraoshin/.vscode-server/extensions/ms-python.vscode-pylance-2025.3.1/dist (index)
2025-03-11 13:39:43.615 [info] [Info  - 1:39:43 PM] (1086) Indexing(4) started
2025-03-11 13:39:43.617 [info] [Info  - 1:39:43 PM] (1086) Setting environmentName for service "<default>": "3.12.3 (global)"
2025-03-11 13:39:43.617 [info] [Info  - 1:39:43 PM] (1086) Setting pythonPath for service "<default>": "/bin/python3"
2025-03-11 13:39:43.617 [info] [Info  - 1:39:43 PM] (1086) No include entries specified; assuming /<default workspace root>
2025-03-11 13:39:43.617 [info] [Info  - 1:39:43 PM] (1086) Auto-excluding **/node_modules
2025-03-11 13:39:43.617 [info] [Info  - 1:39:43 PM] (1086) Auto-excluding **/__pycache__
2025-03-11 13:39:43.617 [info] [Info  - 1:39:43 PM] (1086) Auto-excluding **/.*
2025-03-11 13:39:43.643 [info] [Info  - 1:39:43 PM] (1086) Assuming Python version 3.12.3.final.0
2025-03-11 13:39:43.695 [info] [Error - 1:39:43 PM] (1086) File or directory "/<default workspace root>" does not exist.
2025-03-11 13:39:43.696 [info] [Info  - 1:39:43 PM] (1086) No source files found.
2025-03-11 13:39:43.706 [info] [Info  - 1:39:43 PM] (1086) Setting environmentName for service "kraoshin": "3.12.3 (global)"
2025-03-11 13:39:43.706 [info] [Info  - 1:39:43 PM] (1086) Setting pythonPath for service "kraoshin": "/bin/python3"
2025-03-11 13:39:43.706 [info] [Info  - 1:39:43 PM] (1086) No include entries specified; assuming /home/kraoshin
2025-03-11 13:39:43.706 [info] [Info  - 1:39:43 PM] (1086) Auto-excluding **/node_modules
2025-03-11 13:39:43.706 [info] [Info  - 1:39:43 PM] (1086) Auto-excluding **/__pycache__
2025-03-11 13:39:43.706 [info] [Info  - 1:39:43 PM] (1086) Auto-excluding **/.*
2025-03-11 13:39:43.746 [info] [Info  - 1:39:43 PM] (1086) Assuming Python version 3.12.3.final.0
2025-03-11 13:39:43.814 [info] [Info  - 1:39:43 PM] (1086) Auto-excluding /home/kraoshin/holbertonschool-hbnb
2025-03-11 13:39:43.818 [info] [Info  - 1:39:43 PM] (1086) Auto-excluding /home/kraoshin/holbertonschool-higher_level_programming/python-object_relational_mapping/venv
2025-03-11 13:39:43.824 [info] [Info  - 1:39:43 PM] (1086) Auto-excluding /home/kraoshin/venv
2025-03-11 13:39:43.834 [info] [Info  - 1:39:43 PM] (1086) Found 147 source files
2025-03-11 13:39:43.907 [info] [Info  - 1:39:43 PM] (1086) Setting environmentName for service "<default>": "3.12.3 (global)"
2025-03-11 13:39:43.907 [info] [Info  - 1:39:43 PM] (1086) No include entries specified; assuming vscode-chat-code-block://23978650-1f36-4761-ac2c-1f0fc978c6ab/
2025-03-11 13:39:43.909 [info] [Info  - 1:39:43 PM] (1086) Auto-excluding **/node_modules
2025-03-11 13:39:43.910 [info] [Info  - 1:39:43 PM] (1086) Auto-excluding **/__pycache__
2025-03-11 13:39:43.910 [info] [Info  - 1:39:43 PM] (1086) Auto-excluding **/.*
2025-03-11 13:39:43.951 [info] [Info  - 1:39:43 PM] (1086) Assuming Python version 3.12.3.final.0
2025-03-11 13:39:44.002 [info] [Error - 1:39:44 PM] (1086) File or directory "vscode-chat-code-block://23978650-1f36-4761-ac2c-1f0fc978c6ab/" does not exist.
2025-03-11 13:39:44.002 [info] [Info  - 1:39:44 PM] (1086) No source files found.
2025-03-11 13:39:44.284 [info] [Info  - 1:39:44 PM] (1086) scanned(4) 98 files over 1 exec env
2025-03-11 13:39:44.371 [info] [Info  - 1:39:44 PM] (1086) Setting environmentName for service "<default>": "3.12.3 (global)"
2025-03-11 13:39:44.372 [info] [Info  - 1:39:44 PM] (1086) Setting pythonPath for service "<default>": "/bin/python3"
2025-03-11 13:39:44.372 [info] [Info  - 1:39:44 PM] (1086) No include entries specified; assuming /<default workspace root>
2025-03-11 13:39:44.372 [info] [Info  - 1:39:44 PM] (1086) Auto-excluding **/node_modules
2025-03-11 13:39:44.372 [info] [Info  - 1:39:44 PM] (1086) Auto-excluding **/__pycache__
2025-03-11 13:39:44.372 [info] [Info  - 1:39:44 PM] (1086) Auto-excluding **/.*
2025-03-11 13:39:44.397 [info] [Info  - 1:39:44 PM] (1086) Assuming Python version 3.12.3.final.0
2025-03-11 13:39:44.437 [info] [Error - 1:39:44 PM] (1086) File or directory "/<default workspace root>" does not exist.
2025-03-11 13:39:44.437 [info] [Info  - 1:39:44 PM] (1086) No source files found.
2025-03-11 13:39:44.462 [info] [Info  - 1:39:44 PM] (1086) indexed(4) 98 files over 1 exec env
2025-03-11 13:39:44.479 [info] [Info  - 1:39:44 PM] (1086) Indexing finished(4).
2025-03-11 13:39:55.057 [info] [Info  - 1:39:55 PM] (1086) Setting environmentName for service "kraoshin": "3.12.3 (global)"
2025-03-11 13:39:55.057 [info] [Info  - 1:39:55 PM] (1086) Setting pythonPath for service "kraoshin": "/bin/python3"
2025-03-11 13:39:55.057 [info] [Info  - 1:39:55 PM] (1086) No include entries specified; assuming /home/kraoshin
2025-03-11 13:39:55.057 [info] [Info  - 1:39:55 PM] (1086) Auto-excluding **/node_modules
2025-03-11 13:39:55.058 [info] [Info  - 1:39:55 PM] (1086) Auto-excluding **/__pycache__
2025-03-11 13:39:55.058 [info] [Info  - 1:39:55 PM] (1086) Auto-excluding **/.*
2025-03-11 13:39:55.075 [info] [Info  - 1:39:55 PM] (1086) Assuming Python version 3.12.3.final.0
2025-03-11 13:39:55.108 [info] [Info  - 1:39:55 PM] (1086) Auto-excluding /home/kraoshin/holbertonschool-hbnb
2025-03-11 13:39:55.116 [info] [Info  - 1:39:55 PM] (1086) Auto-excluding /home/kraoshin/holbertonschool-higher_level_programming/python-object_relational_mapping/venv
2025-03-11 13:39:55.121 [info] [Info  - 1:39:55 PM] (1086) Auto-excluding /home/kraoshin/venv
2025-03-11 13:39:55.127 [info] [Info  - 1:39:55 PM] (1086) Found 147 source files
2025-03-11 13:39:55.160 [info] [Info  - 1:39:55 PM] (1086) Setting environmentName for service "<default>": "3.12.3 (global)"
2025-03-11 13:39:55.160 [info] [Info  - 1:39:55 PM] (1086) No include entries specified; assuming vscode-chat-code-block://23978650-1f36-4761-ac2c-1f0fc978c6ab/
2025-03-11 13:39:55.160 [info] [Info  - 1:39:55 PM] (1086) Auto-excluding **/node_modules
2025-03-11 13:39:55.160 [info] [Info  - 1:39:55 PM] (1086) Auto-excluding **/__pycache__
2025-03-11 13:39:55.160 [info] [Info  - 1:39:55 PM] (1086) Auto-excluding **/.*
2025-03-11 13:39:55.181 [info] [Info  - 1:39:55 PM] (1086) Assuming Python version 3.12.3.final.0
2025-03-11 13:39:55.221 [info] [Error - 1:39:55 PM] (1086) File or directory "vscode-chat-code-block://23978650-1f36-4761-ac2c-1f0fc978c6ab/" does not exist.
2025-03-11 13:39:55.222 [info] [Info  - 1:39:55 PM] (1086) No source files found.
2025-03-11 13:39:55.470 [info] [Info  - 1:39:55 PM] (1086) Setting environmentName for service "<default>": "3.12.3 (global)"
2025-03-11 13:39:55.470 [info] [Info  - 1:39:55 PM] (1086) Setting pythonPath for service "<default>": "/bin/python3"
2025-03-11 13:39:55.471 [info] [Info  - 1:39:55 PM] (1086) No include entries specified; assuming /<default workspace root>
2025-03-11 13:39:55.471 [info] [Info  - 1:39:55 PM] (1086) Auto-excluding **/node_modules
2025-03-11 13:39:55.471 [info] [Info  - 1:39:55 PM] (1086) Auto-excluding **/__pycache__
2025-03-11 13:39:55.471 [info] [Info  - 1:39:55 PM] (1086) Auto-excluding **/.*
2025-03-11 13:39:55.491 [info] [Info  - 1:39:55 PM] (1086) Assuming Python version 3.12.3.final.0
2025-03-11 13:39:55.528 [info] [Error - 1:39:55 PM] (1086) File or directory "/<default workspace root>" does not exist.
2025-03-11 13:39:55.528 [info] [Info  - 1:39:55 PM] (1086) No source files found.
2025-03-11 13:39:55.540 [info] [Info  - 1:39:55 PM] (1086) Indexer background runner(5) root directory: file:///home/kraoshin/.vscode-server/extensions/ms-python.vscode-pylance-2025.3.1/dist (index)
2025-03-11 13:39:55.540 [info] [Info  - 1:39:55 PM] (1086) Indexing(5) started
2025-03-11 13:39:55.540 [info] [Info  - 1:39:55 PM] (1086) Setting environmentName for service "kraoshin": "3.12.3 (global)"
2025-03-11 13:39:55.540 [info] [Info  - 1:39:55 PM] (1086) Setting pythonPath for service "kraoshin": "/bin/python3"
2025-03-11 13:39:55.540 [info] [Info  - 1:39:55 PM] (1086) No include entries specified; assuming /home/kraoshin
2025-03-11 13:39:55.540 [info] [Info  - 1:39:55 PM] (1086) Auto-excluding **/node_modules
2025-03-11 13:39:55.541 [info] [Info  - 1:39:55 PM] (1086) Auto-excluding **/__pycache__
2025-03-11 13:39:55.541 [info] [Info  - 1:39:55 PM] (1086) Auto-excluding **/.*
2025-03-11 13:39:55.563 [info] [Info  - 1:39:55 PM] (1086) Assuming Python version 3.12.3.final.0
2025-03-11 13:39:55.609 [info] [Info  - 1:39:55 PM] (1086) Auto-excluding /home/kraoshin/holbertonschool-hbnb
2025-03-11 13:39:55.611 [info] [Info  - 1:39:55 PM] (1086) Auto-excluding /home/kraoshin/holbertonschool-higher_level_programming/python-object_relational_mapping/venv
2025-03-11 13:39:55.616 [info] [Info  - 1:39:55 PM] (1086) Auto-excluding /home/kraoshin/venv
2025-03-11 13:39:55.626 [info] [Info  - 1:39:55 PM] (1086) Found 147 source files
2025-03-11 13:39:55.633 [info] [Info  - 1:39:55 PM] (1086) Setting environmentName for service "<default>": "3.12.3 (global)"
2025-03-11 13:39:55.633 [info] [Info  - 1:39:55 PM] (1086) No include entries specified; assuming vscode-chat-code-block://23978650-1f36-4761-ac2c-1f0fc978c6ab/
2025-03-11 13:39:55.633 [info] [Info  - 1:39:55 PM] (1086) Auto-excluding **/node_modules
2025-03-11 13:39:55.633 [info] [Info  - 1:39:55 PM] (1086) Auto-excluding **/__pycache__
2025-03-11 13:39:55.633 [info] [Info  - 1:39:55 PM] (1086) Auto-excluding **/.*
2025-03-11 13:39:55.657 [info] [Info  - 1:39:55 PM] (1086) Assuming Python version 3.12.3.final.0
2025-03-11 13:39:55.698 [info] [Error - 1:39:55 PM] (1086) File or directory "vscode-chat-code-block://23978650-1f36-4761-ac2c-1f0fc978c6ab/" does not exist.
2025-03-11 13:39:55.698 [info] [Info  - 1:39:55 PM] (1086) No source files found.
2025-03-11 13:39:55.725 [info] [Info  - 1:39:55 PM] (1086) Setting environmentName for service "<default>": "3.12.3 (global)"
2025-03-11 13:39:55.725 [info] [Info  - 1:39:55 PM] (1086) Setting pythonPath for service "<default>": "/bin/python3"
2025-03-11 13:39:55.725 [info] [Info  - 1:39:55 PM] (1086) No include entries specified; assuming /<default workspace root>
2025-03-11 13:39:55.725 [info] [Info  - 1:39:55 PM] (1086) Auto-excluding **/node_modules
2025-03-11 13:39:55.725 [info] [Info  - 1:39:55 PM] (1086) Auto-excluding **/__pycache__
2025-03-11 13:39:55.725 [info] [Info  - 1:39:55 PM] (1086) Auto-excluding **/.*
2025-03-11 13:39:55.747 [info] [Info  - 1:39:55 PM] (1086) Assuming Python version 3.12.3.final.0
2025-03-11 13:39:55.791 [info] [Error - 1:39:55 PM] (1086) File or directory "/<default workspace root>" does not exist.
2025-03-11 13:39:55.791 [info] [Info  - 1:39:55 PM] (1086) No source files found.
2025-03-11 13:39:56.013 [info] [Info  - 1:39:56 PM] (1086) scanned(5) 98 files over 1 exec env
2025-03-11 13:39:56.074 [info] [Info  - 1:39:56 PM] (1086) Setting environmentName for service "kraoshin": "3.12.3 (global)"
2025-03-11 13:39:56.075 [info] [Info  - 1:39:56 PM] (1086) Setting pythonPath for service "kraoshin": "/bin/python3"
2025-03-11 13:39:56.075 [info] [Info  - 1:39:56 PM] (1086) No include entries specified; assuming /home/kraoshin
2025-03-11 13:39:56.075 [info] [Info  - 1:39:56 PM] (1086) Auto-excluding **/node_modules
2025-03-11 13:39:56.075 [info] [Info  - 1:39:56 PM] (1086) Auto-excluding **/__pycache__
2025-03-11 13:39:56.075 [info] [Info  - 1:39:56 PM] (1086) Auto-excluding **/.*
2025-03-11 13:39:56.096 [info] [Info  - 1:39:56 PM] (1086) Assuming Python version 3.12.3.final.0
2025-03-11 13:39:56.136 [info] [Info  - 1:39:56 PM] (1086) Auto-excluding /home/kraoshin/holbertonschool-hbnb
2025-03-11 13:39:56.139 [info] [Info  - 1:39:56 PM] (1086) Auto-excluding /home/kraoshin/holbertonschool-higher_level_programming/python-object_relational_mapping/venv
2025-03-11 13:39:56.156 [info] [Info  - 1:39:56 PM] (1086) Auto-excluding /home/kraoshin/venv
2025-03-11 13:39:56.156 [info] [Info  - 1:39:56 PM] (1086) Found 147 source files
2025-03-11 13:39:56.163 [info] [Info  - 1:39:56 PM] (1086) indexed(5) 98 files over 1 exec env
2025-03-11 13:39:56.197 [info] [Info  - 1:39:56 PM] (1086) Setting environmentName for service "<default>": "3.12.3 (global)"
2025-03-11 13:39:56.197 [info] [Info  - 1:39:56 PM] (1086) No include entries specified; assuming vscode-chat-code-block://23978650-1f36-4761-ac2c-1f0fc978c6ab/
2025-03-11 13:39:56.197 [info] [Info  - 1:39:56 PM] (1086) Auto-excluding **/node_modules
2025-03-11 13:39:56.197 [info] [Info  - 1:39:56 PM] (1086) Auto-excluding **/__pycache__
2025-03-11 13:39:56.197 [info] [Info  - 1:39:56 PM] (1086) Auto-excluding **/.*
2025-03-11 13:39:56.217 [info] [Info  - 1:39:56 PM] (1086) Assuming Python version 3.12.3.final.0
2025-03-11 13:39:56.252 [info] [Error - 1:39:56 PM] (1086) File or directory "vscode-chat-code-block://23978650-1f36-4761-ac2c-1f0fc978c6ab/" does not exist.
2025-03-11 13:39:56.252 [info] [Info  - 1:39:56 PM] (1086) No source files found.
2025-03-11 13:39:56.258 [info] [Info  - 1:39:56 PM] (1086) Setting environmentName for service "<default>": "3.12.3 (global)"
2025-03-11 13:39:56.258 [info] [Info  - 1:39:56 PM] (1086) Setting pythonPath for service "<default>": "/bin/python3"
2025-03-11 13:39:56.258 [info] [Info  - 1:39:56 PM] (1086) No include entries specified; assuming /<default workspace root>
2025-03-11 13:39:56.258 [info] [Info  - 1:39:56 PM] (1086) Auto-excluding **/node_modules
2025-03-11 13:39:56.258 [info] [Info  - 1:39:56 PM] (1086) Auto-excluding **/__pycache__
2025-03-11 13:39:56.258 [info] [Info  - 1:39:56 PM] (1086) Auto-excluding **/.*
2025-03-11 13:39:56.277 [info] [Info  - 1:39:56 PM] (1086) Assuming Python version 3.12.3.final.0
2025-03-11 13:39:56.311 [info] [Error - 1:39:56 PM] (1086) File or directory "/<default workspace root>" does not exist.
2025-03-11 13:39:56.311 [info] [Info  - 1:39:56 PM] (1086) No source files found.
2025-03-11 13:39:56.528 [info] [Info  - 1:39:56 PM] (1086) scanned(5) 98 files over 1 exec env
2025-03-11 13:39:56.591 [info] [Info  - 1:39:56 PM] (1086) Setting environmentName for service "kraoshin": "3.12.3 (global)"
2025-03-11 13:39:56.591 [info] [Info  - 1:39:56 PM] (1086) Setting pythonPath for service "kraoshin": "/bin/python3"
2025-03-11 13:39:56.592 [info] [Info  - 1:39:56 PM] (1086) No include entries specified; assuming /home/kraoshin
2025-03-11 13:39:56.592 [info] [Info  - 1:39:56 PM] (1086) Auto-excluding **/node_modules
2025-03-11 13:39:56.592 [info] [Info  - 1:39:56 PM] (1086) Auto-excluding **/__pycache__
2025-03-11 13:39:56.592 [info] [Info  - 1:39:56 PM] (1086) Auto-excluding **/.*
2025-03-11 13:39:56.611 [info] [Info  - 1:39:56 PM] (1086) Assuming Python version 3.12.3.final.0
2025-03-11 13:39:56.643 [info] [Info  - 1:39:56 PM] (1086) Auto-excluding /home/kraoshin/holbertonschool-hbnb
2025-03-11 13:39:56.646 [info] [Info  - 1:39:56 PM] (1086) Auto-excluding /home/kraoshin/holbertonschool-higher_level_programming/python-object_relational_mapping/venv
2025-03-11 13:39:56.661 [info] [Info  - 1:39:56 PM] (1086) Auto-excluding /home/kraoshin/venv
2025-03-11 13:39:56.663 [info] [Info  - 1:39:56 PM] (1086) Found 147 source files
2025-03-11 13:39:56.671 [info] [Info  - 1:39:56 PM] (1086) indexed(5) 98 files over 1 exec env
2025-03-11 13:39:56.712 [info] [Info  - 1:39:56 PM] (1086) Setting environmentName for service "<default>": "3.12.3 (global)"
2025-03-11 13:39:56.712 [info] [Info  - 1:39:56 PM] (1086) No include entries specified; assuming vscode-chat-code-block://23978650-1f36-4761-ac2c-1f0fc978c6ab/
2025-03-11 13:39:56.712 [info] [Info  - 1:39:56 PM] (1086) Auto-excluding **/node_modules
2025-03-11 13:39:56.712 [info] [Info  - 1:39:56 PM] (1086) Auto-excluding **/__pycache__
2025-03-11 13:39:56.712 [info] [Info  - 1:39:56 PM] (1086) Auto-excluding **/.*
2025-03-11 13:39:56.732 [info] [Info  - 1:39:56 PM] (1086) Assuming Python version 3.12.3.final.0
2025-03-11 13:39:56.764 [info] [Error - 1:39:56 PM] (1086) File or directory "vscode-chat-code-block://23978650-1f36-4761-ac2c-1f0fc978c6ab/" does not exist.
2025-03-11 13:39:56.764 [info] [Info  - 1:39:56 PM] (1086) No source files found.
2025-03-11 13:39:56.770 [info] [Info  - 1:39:56 PM] (1086) Setting environmentName for service "<default>": "3.12.3 (global)"
2025-03-11 13:39:56.770 [info] [Info  - 1:39:56 PM] (1086) Setting pythonPath for service "<default>": "/bin/python3"
2025-03-11 13:39:56.770 [info] [Info  - 1:39:56 PM] (1086) No include entries specified; assuming /<default workspace root>
2025-03-11 13:39:56.770 [info] [Info  - 1:39:56 PM] (1086) Auto-excluding **/node_modules
2025-03-11 13:39:56.770 [info] [Info  - 1:39:56 PM] (1086) Auto-excluding **/__pycache__
2025-03-11 13:39:56.770 [info] [Info  - 1:39:56 PM] (1086) Auto-excluding **/.*
2025-03-11 13:39:56.793 [info] [Info  - 1:39:56 PM] (1086) Assuming Python version 3.12.3.final.0
2025-03-11 13:39:56.835 [info] [Error - 1:39:56 PM] (1086) File or directory "/<default workspace root>" does not exist.
2025-03-11 13:39:56.835 [info] [Info  - 1:39:56 PM] (1086) No source files found.
2025-03-11 13:39:57.080 [info] [Info  - 1:39:57 PM] (1086) scanned(5) 98 files over 1 exec env
2025-03-11 13:39:57.157 [info] [Info  - 1:39:57 PM] (1086) Setting environmentName for service "kraoshin": "3.12.3 (global)"
2025-03-11 13:39:57.157 [info] [Info  - 1:39:57 PM] (1086) Setting pythonPath for service "kraoshin": "/bin/python3"
2025-03-11 13:39:57.158 [info] [Info  - 1:39:57 PM] (1086) No include entries specified; assuming /home/kraoshin
2025-03-11 13:39:57.158 [info] [Info  - 1:39:57 PM] (1086) Auto-excluding **/node_modules
2025-03-11 13:39:57.158 [info] [Info  - 1:39:57 PM] (1086) Auto-excluding **/__pycache__
2025-03-11 13:39:57.158 [info] [Info  - 1:39:57 PM] (1086) Auto-excluding **/.*
2025-03-11 13:39:57.179 [info] [Info  - 1:39:57 PM] (1086) Assuming Python version 3.12.3.final.0
2025-03-11 13:39:57.213 [info] [Info  - 1:39:57 PM] (1086) Auto-excluding /home/kraoshin/holbertonschool-hbnb
2025-03-11 13:39:57.215 [info] [Info  - 1:39:57 PM] (1086) Auto-excluding /home/kraoshin/holbertonschool-higher_level_programming/python-object_relational_mapping/venv
2025-03-11 13:39:57.225 [info] [Info  - 1:39:57 PM] (1086) Auto-excluding /home/kraoshin/venv
2025-03-11 13:39:57.231 [info] [Info  - 1:39:57 PM] (1086) Found 147 source files
2025-03-11 13:39:57.240 [info] [Info  - 1:39:57 PM] (1086) indexed(5) 98 files over 1 exec env
2025-03-11 13:39:57.267 [info] [Info  - 1:39:57 PM] (1086) Setting environmentName for service "<default>": "3.12.3 (global)"
2025-03-11 13:39:57.267 [info] [Info  - 1:39:57 PM] (1086) No include entries specified; assuming vscode-chat-code-block://23978650-1f36-4761-ac2c-1f0fc978c6ab/
2025-03-11 13:39:57.267 [info] [Info  - 1:39:57 PM] (1086) Auto-excluding **/node_modules
2025-03-11 13:39:57.267 [info] [Info  - 1:39:57 PM] (1086) Auto-excluding **/__pycache__
2025-03-11 13:39:57.267 [info] [Info  - 1:39:57 PM] (1086) Auto-excluding **/.*
2025-03-11 13:39:57.292 [info] [Info  - 1:39:57 PM] (1086) Assuming Python version 3.12.3.final.0
2025-03-11 13:39:57.329 [info] [Error - 1:39:57 PM] (1086) File or directory "vscode-chat-code-block://23978650-1f36-4761-ac2c-1f0fc978c6ab/" does not exist.
2025-03-11 13:39:57.329 [info] [Info  - 1:39:57 PM] (1086) No source files found.
2025-03-11 13:39:57.513 [info] [Info  - 1:39:57 PM] (1086) scanned(5) 98 files over 1 exec env
2025-03-11 13:39:57.591 [info] [Info  - 1:39:57 PM] (1086) Setting environmentName for service "<default>": "3.12.3 (global)"
2025-03-11 13:39:57.591 [info] [Info  - 1:39:57 PM] (1086) Setting pythonPath for service "<default>": "/bin/python3"
2025-03-11 13:39:57.591 [info] [Info  - 1:39:57 PM] (1086) No include entries specified; assuming /<default workspace root>
2025-03-11 13:39:57.591 [info] [Info  - 1:39:57 PM] (1086) Auto-excluding **/node_modules
2025-03-11 13:39:57.591 [info] [Info  - 1:39:57 PM] (1086) Auto-excluding **/__pycache__
2025-03-11 13:39:57.591 [info] [Info  - 1:39:57 PM] (1086) Auto-excluding **/.*
2025-03-11 13:39:57.611 [info] [Info  - 1:39:57 PM] (1086) Assuming Python version 3.12.3.final.0
2025-03-11 13:39:57.647 [info] [Error - 1:39:57 PM] (1086) File or directory "/<default workspace root>" does not exist.
2025-03-11 13:39:57.647 [info] [Info  - 1:39:57 PM] (1086) No source files found.
2025-03-11 13:39:57.655 [info] [Info  - 1:39:57 PM] (1086) indexed(5) 98 files over 1 exec env
2025-03-11 13:39:57.665 [info] [Info  - 1:39:57 PM] (1086) Setting environmentName for service "kraoshin": "3.12.3 (global)"
2025-03-11 13:39:57.665 [info] [Info  - 1:39:57 PM] (1086) Setting pythonPath for service "kraoshin": "/bin/python3"
2025-03-11 13:39:57.665 [info] [Info  - 1:39:57 PM] (1086) No include entries specified; assuming /home/kraoshin
2025-03-11 13:39:57.665 [info] [Info  - 1:39:57 PM] (1086) Auto-excluding **/node_modules
2025-03-11 13:39:57.665 [info] [Info  - 1:39:57 PM] (1086) Auto-excluding **/__pycache__
2025-03-11 13:39:57.665 [info] [Info  - 1:39:57 PM] (1086) Auto-excluding **/.*
2025-03-11 13:39:57.683 [info] [Info  - 1:39:57 PM] (1086) Assuming Python version 3.12.3.final.0
2025-03-11 13:39:57.721 [info] [Info  - 1:39:57 PM] (1086) Auto-excluding /home/kraoshin/holbertonschool-hbnb
2025-03-11 13:39:57.723 [info] [Info  - 1:39:57 PM] (1086) Auto-excluding /home/kraoshin/holbertonschool-higher_level_programming/python-object_relational_mapping/venv
2025-03-11 13:39:57.727 [info] [Info  - 1:39:57 PM] (1086) Auto-excluding /home/kraoshin/venv
2025-03-11 13:39:57.732 [info] [Info  - 1:39:57 PM] (1086) Found 147 source files
2025-03-11 13:39:57.737 [info] [Info  - 1:39:57 PM] (1086) Indexing finished(5).
2025-03-11 13:39:57.759 [info] [Info  - 1:39:57 PM] (1086) Setting environmentName for service "<default>": "3.12.3 (global)"
2025-03-11 13:39:57.759 [info] [Info  - 1:39:57 PM] (1086) No include entries specified; assuming vscode-chat-code-block://23978650-1f36-4761-ac2c-1f0fc978c6ab/
2025-03-11 13:39:57.760 [info] [Info  - 1:39:57 PM] (1086) Auto-excluding **/node_modules
2025-03-11 13:39:57.760 [info] [Info  - 1:39:57 PM] (1086) Auto-excluding **/__pycache__
2025-03-11 13:39:57.760 [info] [Info  - 1:39:57 PM] (1086) Auto-excluding **/.*
2025-03-11 13:39:57.781 [info] [Info  - 1:39:57 PM] (1086) Assuming Python version 3.12.3.final.0
2025-03-11 13:39:57.817 [info] [Error - 1:39:57 PM] (1086) File or directory "vscode-chat-code-block://23978650-1f36-4761-ac2c-1f0fc978c6ab/" does not exist.
2025-03-11 13:39:57.818 [info] [Info  - 1:39:57 PM] (1086) No source files found.
2025-03-11 13:39:57.823 [info] [Info  - 1:39:57 PM] (1086) Setting environmentName for service "<default>": "3.12.3 (global)"
2025-03-11 13:39:57.823 [info] [Info  - 1:39:57 PM] (1086) Setting pythonPath for service "<default>": "/bin/python3"
2025-03-11 13:39:57.823 [info] [Info  - 1:39:57 PM] (1086) No include entries specified; assuming /<default workspace root>
2025-03-11 13:39:57.823 [info] [Info  - 1:39:57 PM] (1086) Auto-excluding **/node_modules
2025-03-11 13:39:57.823 [info] [Info  - 1:39:57 PM] (1086) Auto-excluding **/__pycache__
2025-03-11 13:39:57.824 [info] [Info  - 1:39:57 PM] (1086) Auto-excluding **/.*
2025-03-11 13:39:57.841 [info] [Info  - 1:39:57 PM] (1086) Assuming Python version 3.12.3.final.0
2025-03-11 13:39:57.875 [info] [Error - 1:39:57 PM] (1086) File or directory "/<default workspace root>" does not exist.
2025-03-11 13:39:57.875 [info] [Info  - 1:39:57 PM] (1086) No source files found.
2025-03-11 13:39:58.105 [info] [Info  - 1:39:58 PM] (1086) Indexer background runner(6) root directory: file:///home/kraoshin/.vscode-server/extensions/ms-python.vscode-pylance-2025.3.1/dist (index)
2025-03-11 13:39:58.105 [info] [Info  - 1:39:58 PM] (1086) Indexing(6) started
2025-03-11 13:39:58.325 [info] [Info  - 1:39:58 PM] (1086) scanned(6) 98 files over 1 exec env
2025-03-11 13:39:58.475 [info] [Info  - 1:39:58 PM] (1086) indexed(6) 98 files over 1 exec env
2025-03-11 13:39:58.503 [info] [Info  - 1:39:58 PM] (1086) Indexing finished(6).
