2025-03-11 12:19:28.769 [info] Experiment 'pythonaacf' is active
2025-03-11 12:19:28.769 [info] Experiment 'pythonRecommendTensorboardExt' is active
2025-03-11 12:19:28.769 [info] Experiment 'pythonSurveyNotification' is active
2025-03-11 12:19:28.769 [info] Experiment 'pythonTerminalEnvVarActivation' is active
2025-03-11 12:19:28.769 [info] Experiment 'pythonTestAdapter' is active
2025-03-11 12:19:28.769 [info] Native locator: Refresh started
2025-03-11 12:19:28.769 [info] Native locator: Refresh started
2025-03-11 12:19:28.769 [info] > pyenv which python
2025-03-11 12:19:28.769 [info] cwd: .
2025-03-11 12:19:31.405 [info] Python interpreter path: /bin/python3
2025-03-11 12:19:33.220 [info] Native locator: Refresh finished in 5639 ms
2025-03-11 12:19:42.234 [info] Starting Pylance language server.
2025-03-11 12:32:19.521 [info] Running installed packages checker:  {
  id: '/bin/python3',
  sysPrefix: '/usr',
  envType: 'System',
  envName: '',
  envPath: '/bin/python3',
  path: '/bin/python3',
  architecture: 3,
  sysVersion: '',
  version: {
    raw: '3.12.3',
    major: 3,
    minor: 12,
    patch: 3,
    build: [],
    prerelease: []
  },
  displayName: 'Python 3.12.3',
  detailedDisplayName: 'Python 3.12.3',
  type: undefined
} /home/kraoshin/.vscode-server/extensions/ms-python.python-2025.2.0-linux-x64/python_files/installed_check.py /home/kraoshin/holbertonschool-hbnb/part3/requirements.txt
2025-03-11 12:32:19.521 [info] > /bin/python3 ./.vscode-server/extensions/ms-python.python-2025.2.0-linux-x64/python_files/installed_check.py ./holbertonschool-hbnb/part3/requirements.txt
2025-03-11 12:37:00.537 [info] Discover tests for workspace name: kraoshin - uri: /home/kraoshin/holbertonschool-hbnb/part3/app/__init__.py
2025-03-11 12:37:10.322 [info] Discover tests for workspace name: kraoshin - uri: /home/kraoshin/holbertonschool-hbnb/part3/app/__init__.py
2025-03-11 12:37:11.009 [info] Discover tests for workspace name: kraoshin - uri: /home/kraoshin/holbertonschool-hbnb/part3/app/__init__.py
2025-03-11 12:37:51.121 [info] Discover tests for workspace name: kraoshin - uri: /home/kraoshin/holbertonschool-hbnb/part3/app/models/user.py
2025-03-11 12:38:18.346 [info] Discover tests for workspace name: kraoshin - uri: /home/kraoshin/holbertonschool-hbnb/part3/app/services/user_repo.py
2025-03-11 12:41:13.590 [info] Discover tests for workspace name: kraoshin - uri: /home/kraoshin/holbertonschool-hbnb/part3/run.py
2025-03-11 12:42:04.478 [info] Discover tests for workspace name: kraoshin - uri: /home/kraoshin/holbertonschool-hbnb/part3/app/models/basemodel.py
2025-03-11 12:42:06.347 [info] Discover tests for workspace name: kraoshin - uri: /home/kraoshin/holbertonschool-hbnb/part3/app/models/basemodel.py
2025-03-11 12:43:46.618 [info] Discover tests for workspace name: kraoshin - uri: /home/kraoshin/holbertonschool-hbnb/part3/app/services/facade.py
2025-03-11 12:43:57.360 [info] Discover tests for workspace name: kraoshin - uri: /home/kraoshin/holbertonschool-hbnb/part3/app/services/facade.py
2025-03-11 12:51:10.122 [info] Discover tests for workspace name: kraoshin - uri: /home/kraoshin/holbertonschool-hbnb/part3/app/models/amenity.py
2025-03-11 12:51:15.262 [info] Discover tests for workspace name: kraoshin - uri: /home/kraoshin/holbertonschool-hbnb/part3/app/models/amenity.py
2025-03-11 12:51:22.388 [info] Discover tests for workspace name: kraoshin - uri: /home/kraoshin/holbertonschool-hbnb/part3/app/models/amenity.py
2025-03-11 12:53:40.086 [info] Discover tests for workspace name: kraoshin - uri: /home/kraoshin/holbertonschool-hbnb/part3/app/models/place.py
2025-03-11 12:54:12.798 [info] Discover tests for workspace name: kraoshin - uri: /home/kraoshin/holbertonschool-hbnb/part3/app/models/place.py
2025-03-11 12:54:27.200 [info] Discover tests for workspace name: kraoshin - uri: /home/kraoshin/holbertonschool-hbnb/part3/app/models/place.py
2025-03-11 12:54:43.010 [info] Discover tests for workspace name: kraoshin - uri: /home/kraoshin/holbertonschool-hbnb/part3/app/models/place.py
2025-03-11 12:55:06.460 [info] Discover tests for workspace name: kraoshin - uri: /home/kraoshin/holbertonschool-hbnb/part3/app/models/place_amenity.py
2025-03-11 12:55:25.496 [info] Discover tests for workspace name: kraoshin - uri: /home/kraoshin/holbertonschool-hbnb/part3/app/models/review.py
2025-03-11 12:56:05.531 [info] Discover tests for workspace name: kraoshin - uri: /home/kraoshin/holbertonschool-hbnb/part3/app/models/review.py
2025-03-11 12:56:31.004 [info] Discover tests for workspace name: kraoshin - uri: /home/kraoshin/holbertonschool-hbnb/part3/app/models/amenity.py
2025-03-11 12:57:07.949 [info] Discover tests for workspace name: kraoshin - uri: /home/kraoshin/holbertonschool-hbnb/part3/app/models/place.py
2025-03-11 12:57:26.560 [info] Discover tests for workspace name: kraoshin - uri: /home/kraoshin/holbertonschool-hbnb/part3/app/models/review.py
2025-03-11 12:58:00.367 [info] Discover tests for workspace name: kraoshin - uri: /home/kraoshin/holbertonschool-hbnb/part3/app/models/user.py
2025-03-11 12:58:11.714 [info] Discover tests for workspace name: kraoshin - uri: /home/kraoshin/holbertonschool-hbnb/part3/app/models/user.py
2025-03-11 12:59:13.526 [info] Discover tests for workspace name: kraoshin - uri: /home/kraoshin/holbertonschool-hbnb/part3/app/models/user.py
2025-03-11 12:59:28.551 [info] Discover tests for workspace name: kraoshin - uri: /home/kraoshin/holbertonschool-hbnb/part3/app/models/user.py
2025-03-11 13:01:12.166 [info] Discover tests for workspace name: kraoshin - uri: /home/kraoshin/holbertonschool-hbnb/part3/app/models/amenity.py
2025-03-11 13:02:19.373 [info] Discover tests for workspace name: kraoshin - uri: /home/kraoshin/holbertonschool-hbnb/part3/app/models/place.py
2025-03-11 13:02:20.949 [info] Discover tests for workspace name: kraoshin - uri: /home/kraoshin/holbertonschool-hbnb/part3/app/models/place.py
2025-03-11 13:02:28.206 [info] Discover tests for workspace name: kraoshin - uri: /home/kraoshin/holbertonschool-hbnb/part3/app/models/place.py
2025-03-11 13:02:38.638 [info] Discover tests for workspace name: kraoshin - uri: /home/kraoshin/holbertonschool-hbnb/part3/app/models/place.py
2025-03-11 13:03:08.495 [info] Discover tests for workspace name: kraoshin - uri: /home/kraoshin/holbertonschool-hbnb/part3/app/models/place.py
2025-03-11 13:03:20.224 [info] Discover tests for workspace name: kraoshin - uri: /home/kraoshin/holbertonschool-hbnb/part3/app/models/place.py
2025-03-11 13:03:50.725 [info] Discover tests for workspace name: kraoshin - uri: /home/kraoshin/holbertonschool-hbnb/part3/app/models/place.py
2025-03-11 13:04:26.648 [info] Discover tests for workspace name: kraoshin - uri: /home/kraoshin/holbertonschool-hbnb/part3/app/models/place.py
2025-03-11 13:05:04.746 [info] Discover tests for workspace name: kraoshin - uri: /home/kraoshin/holbertonschool-hbnb/part3/app/models/review.py
2025-03-11 13:05:31.862 [info] Discover tests for workspace name: kraoshin - uri: /home/kraoshin/holbertonschool-hbnb/part3/app/models/review.py
2025-03-11 13:05:58.342 [info] Discover tests for workspace name: kraoshin - uri: /home/kraoshin/holbertonschool-hbnb/part3/app/models/user.py
2025-03-11 13:06:24.069 [info] Discover tests for workspace name: kraoshin - uri: /home/kraoshin/holbertonschool-hbnb/part3/app/models/user.py
2025-03-11 13:06:38.258 [info] Discover tests for workspace name: kraoshin - uri: /home/kraoshin/holbertonschool-hbnb/part3/app/models/user.py
2025-03-11 13:06:55.124 [info] Discover tests for workspace name: kraoshin - uri: /home/kraoshin/holbertonschool-hbnb/part3/app/models/user.py
2025-03-11 13:07:14.101 [info] Discover tests for workspace name: kraoshin - uri: /home/kraoshin/holbertonschool-hbnb/part3/app/models/user.py
2025-03-11 13:08:07.645 [info] Discover tests for workspace name: kraoshin - uri: /home/kraoshin/holbertonschool-hbnb/part3/app/models/user.py
2025-03-11 13:08:22.743 [info] Discover tests for workspace name: kraoshin - uri: /home/kraoshin/holbertonschool-hbnb/part3/app/persistence/repository.py
2025-03-11 13:08:57.464 [info] Discover tests for workspace name: kraoshin - uri: /home/kraoshin/holbertonschool-hbnb/part3/app/persistence/repository.py
2025-03-11 13:09:18.554 [info] Discover tests for workspace name: kraoshin - uri: /home/kraoshin/holbertonschool-hbnb/part3/app/persistence/repository.py
2025-03-11 13:10:52.583 [info] Discover tests for workspace name: kraoshin - uri: /home/kraoshin/holbertonschool-hbnb/part3/app/services/facade.py
2025-03-11 13:11:02.657 [info] Discover tests for workspace name: kraoshin - uri: /home/kraoshin/holbertonschool-hbnb/part3/app/services/facade.py
2025-03-11 13:12:54.914 [info] Discover tests for workspace name: kraoshin - uri: /home/kraoshin/holbertonschool-hbnb/part3/app/services/facade.py
2025-03-11 13:13:25.274 [info] Discover tests for workspace name: kraoshin - uri: /home/kraoshin/holbertonschool-hbnb/part3/app/services/facade.py
2025-03-11 13:13:46.252 [info] Discover tests for workspace name: kraoshin - uri: /home/kraoshin/holbertonschool-hbnb/part3/app/services/facade.py
2025-03-11 13:14:15.331 [info] Discover tests for workspace name: kraoshin - uri: /home/kraoshin/holbertonschool-hbnb/part3/app/services/facade.py
2025-03-11 13:14:16.285 [info] Discover tests for workspace name: kraoshin - uri: /home/kraoshin/holbertonschool-hbnb/part3/app/services/facade.py
2025-03-11 13:14:57.941 [info] Discover tests for workspace name: kraoshin - uri: /home/kraoshin/holbertonschool-hbnb/part3/app/services/facade.py
2025-03-11 13:15:09.711 [info] Discover tests for workspace name: kraoshin - uri: /home/kraoshin/holbertonschool-hbnb/part3/app/services/facade.py
2025-03-11 13:15:44.973 [info] Discover tests for workspace name: kraoshin - uri: /home/kraoshin/holbertonschool-hbnb/part3/app/services/facade.py
2025-03-11 13:15:54.216 [info] Discover tests for workspace name: kraoshin - uri: /home/kraoshin/holbertonschool-hbnb/part3/app/services/facade.py
2025-03-11 13:16:46.718 [info] Discover tests for workspace name: kraoshin - uri: /home/kraoshin/holbertonschool-hbnb/part3/app/services/facade.py
2025-03-11 13:16:59.604 [info] Discover tests for workspace name: kraoshin - uri: /home/kraoshin/holbertonschool-hbnb/part3/app/services/facade.py
2025-03-11 13:17:15.933 [info] Discover tests for workspace name: kraoshin - uri: /home/kraoshin/holbertonschool-hbnb/part3/app/services/facade.py
2025-03-11 13:17:28.917 [info] Discover tests for workspace name: kraoshin - uri: /home/kraoshin/holbertonschool-hbnb/part3/app/services/facade.py
2025-03-11 13:17:45.573 [info] Discover tests for workspace name: kraoshin - uri: /home/kraoshin/holbertonschool-hbnb/part3/app/services/facade.py
2025-03-11 13:18:10.089 [info] Discover tests for workspace name: kraoshin - uri: /home/kraoshin/holbertonschool-hbnb/part3/app/services/facade.py
2025-03-11 13:18:20.696 [info] Discover tests for workspace name: kraoshin - uri: /home/kraoshin/holbertonschool-hbnb/part3/app/services/facade.py
2025-03-11 13:19:06.992 [info] Discover tests for workspace name: kraoshin - uri: /home/kraoshin/holbertonschool-hbnb/part3/app/services/facade.py
2025-03-11 13:19:28.107 [info] Discover tests for workspace name: kraoshin - uri: /home/kraoshin/holbertonschool-hbnb/part3/app/services/facade.py
2025-03-11 13:19:51.592 [info] Discover tests for workspace name: kraoshin - uri: /home/kraoshin/holbertonschool-hbnb/part3/app/services/facade.py
2025-03-11 13:20:19.642 [info] Discover tests for workspace name: kraoshin - uri: /home/kraoshin/holbertonschool-hbnb/part3/app/services/facade.py
2025-03-11 13:21:12.516 [info] Discover tests for workspace name: kraoshin - uri: /home/kraoshin/holbertonschool-hbnb/part3/app/services/facade.py
2025-03-11 13:22:12.149 [info] Discover tests for workspace name: kraoshin - uri: /home/kraoshin/holbertonschool-hbnb/part3/app/services/facade.py
2025-03-11 13:23:23.438 [info] Discover tests for workspace name: kraoshin - uri: /home/kraoshin/holbertonschool-hbnb/part3/app/services/facade.py
2025-03-11 13:23:42.978 [info] Discover tests for workspace name: kraoshin - uri: /home/kraoshin/holbertonschool-hbnb/part3/app/services/facade.py
2025-03-11 13:23:53.931 [info] Discover tests for workspace name: kraoshin - uri: /home/kraoshin/holbertonschool-hbnb/part3/app/services/facade.py
2025-03-11 13:24:42.456 [info] Discover tests for workspace name: kraoshin - uri: /home/kraoshin/holbertonschool-hbnb/part3/app/services/facade.py
2025-03-11 13:25:20.324 [info] Discover tests for workspace name: kraoshin - uri: /home/kraoshin/holbertonschool-hbnb/part3/app/services/facade.py
2025-03-11 13:25:30.558 [info] Discover tests for workspace name: kraoshin - uri: /home/kraoshin/holbertonschool-hbnb/part3/app/services/facade.py
2025-03-11 13:25:58.634 [info] Discover tests for workspace name: kraoshin - uri: /home/kraoshin/holbertonschool-hbnb/part3/app/services/facade.py
2025-03-11 13:26:06.337 [info] Discover tests for workspace name: kraoshin - uri: /home/kraoshin/holbertonschool-hbnb/part3/app/services/facade.py
2025-03-11 13:26:19.080 [info] Discover tests for workspace name: kraoshin - uri: /home/kraoshin/holbertonschool-hbnb/part3/app/services/facade.py
2025-03-11 13:26:56.190 [info] Running installed packages checker:  {
  id: '/bin/python3',
  sysPrefix: '/usr',
  envType: 'System',
  envName: '',
  envPath: '/bin/python3',
  path: '/bin/python3',
  architecture: 3,
  sysVersion: '',
  version: {
    raw: '3.12.3',
    major: 3,
    minor: 12,
    patch: 3,
    build: [],
    prerelease: []
  },
  displayName: 'Python 3.12.3',
  detailedDisplayName: 'Python 3.12.3',
  type: undefined
} /home/kraoshin/.vscode-server/extensions/ms-python.python-2025.2.0-linux-x64/python_files/installed_check.py /home/kraoshin/holbertonschool-hbnb/part3/requirements.txt
2025-03-11 13:26:56.190 [info] > /bin/python3 ./.vscode-server/extensions/ms-python.python-2025.2.0-linux-x64/python_files/installed_check.py ./holbertonschool-hbnb/part3/requirements.txt
2025-03-11 13:27:03.040 [info] Running installed packages checker:  {
  id: '/bin/python3',
  sysPrefix: '/usr',
  envType: 'System',
  envName: '',
  envPath: '/bin/python3',
  path: '/bin/python3',
  architecture: 3,
  sysVersion: '',
  version: {
    raw: '3.12.3',
    major: 3,
    minor: 12,
    patch: 3,
    build: [],
    prerelease: []
  },
  displayName: 'Python 3.12.3',
  detailedDisplayName: 'Python 3.12.3',
  type: undefined
} /home/kraoshin/.vscode-server/extensions/ms-python.python-2025.2.0-linux-x64/python_files/installed_check.py /home/kraoshin/holbertonschool-hbnb/part3/requirements.txt
2025-03-11 13:27:03.040 [info] > /bin/python3 ./.vscode-server/extensions/ms-python.python-2025.2.0-linux-x64/python_files/installed_check.py ./holbertonschool-hbnb/part3/requirements.txt
2025-03-11 13:27:13.099 [info] Discover tests for workspace name: kraoshin - uri: /home/kraoshin/holbertonschool-hbnb/part3/run.py
2025-03-11 13:27:20.941 [info] Discover tests for workspace name: kraoshin - uri: /home/kraoshin/holbertonschool-hbnb/part3/run.py
2025-03-11 13:27:59.419 [info] Running installed packages checker:  {
  id: '/bin/python3',
  sysPrefix: '/usr',
  envType: 'System',
  envName: '',
  envPath: '/bin/python3',
  path: '/bin/python3',
  architecture: 3,
  sysVersion: '',
  version: {
    raw: '3.12.3',
    major: 3,
    minor: 12,
    patch: 3,
    build: [],
    prerelease: []
  },
  displayName: 'Python 3.12.3',
  detailedDisplayName: 'Python 3.12.3',
  type: undefined
} /home/kraoshin/.vscode-server/extensions/ms-python.python-2025.2.0-linux-x64/python_files/installed_check.py /response_95527aaa-31e6-42cb-8391-6e226a8e39f0/1
2025-03-11 13:27:59.419 [info] > /bin/python3 ./.vscode-server/extensions/ms-python.python-2025.2.0-linux-x64/python_files/installed_check.py /response_95527aaa-31e6-42cb-8391-6e226a8e39f0/1
2025-03-11 13:29:21.478 [info] Running installed packages checker:  {
  id: '/bin/python3',
  sysPrefix: '/usr',
  envType: 'System',
  envName: '',
  envPath: '/bin/python3',
  path: '/bin/python3',
  architecture: 3,
  sysVersion: '',
  version: {
    raw: '3.12.3',
    major: 3,
    minor: 12,
    patch: 3,
    build: [],
    prerelease: []
  },
  displayName: 'Python 3.12.3',
  detailedDisplayName: 'Python 3.12.3',
  type: undefined
} /home/kraoshin/.vscode-server/extensions/ms-python.python-2025.2.0-linux-x64/python_files/installed_check.py /home/kraoshin/holbertonschool-hbnb/part3/requirements.txt
2025-03-11 13:29:21.479 [info] > /bin/python3 ./.vscode-server/extensions/ms-python.python-2025.2.0-linux-x64/python_files/installed_check.py ./holbertonschool-hbnb/part3/requirements.txt
2025-03-11 13:30:03.318 [info] Discover tests for workspace name: kraoshin - uri: /home/kraoshin/holbertonschool-hbnb/part3/run.py
2025-03-11 13:30:28.216 [info] Discover tests for workspace name: kraoshin - uri: /home/kraoshin/holbertonschool-hbnb/part3/app/services/facade.py
2025-03-11 13:31:29.324 [info] Discover tests for workspace name: kraoshin - uri: /home/kraoshin/holbertonschool-hbnb/part3/app/services/facade.py
2025-03-11 13:31:34.331 [info] Discover tests for workspace name: kraoshin - uri: /home/kraoshin/holbertonschool-hbnb/part3/app/services/facade.py
2025-03-11 13:31:40.975 [info] Discover tests for workspace name: kraoshin - uri: /home/kraoshin/holbertonschool-hbnb/part3/app/services/facade.py
2025-03-11 13:32:00.231 [info] Discover tests for workspace name: kraoshin - uri: /home/kraoshin/holbertonschool-hbnb/part3/app/services/facade.py
2025-03-11 13:32:31.508 [info] Discover tests for workspace name: kraoshin - uri: /home/kraoshin/holbertonschool-hbnb/part3/app/models/review.py
2025-03-11 13:33:03.106 [info] Discover tests for workspace name: kraoshin - uri: /home/kraoshin/holbertonschool-hbnb/part3/app/services/facade.py
2025-03-11 13:33:45.471 [info] Discover tests for workspace name: kraoshin - uri: /home/kraoshin/holbertonschool-hbnb/part3/app/__init__.py
2025-03-11 13:33:52.623 [info] Discover tests for workspace name: kraoshin - uri: /home/kraoshin/holbertonschool-hbnb/part3/app/__init__.py
2025-03-11 13:34:15.314 [info] Discover tests for workspace name: kraoshin - uri: /home/kraoshin/holbertonschool-hbnb/part3/run.py
2025-03-11 13:35:03.825 [info] Discover tests for workspace name: kraoshin - uri: /home/kraoshin/holbertonschool-hbnb/part3/app/__init__.py
2025-03-11 13:35:07.390 [info] Discover tests for workspace name: kraoshin - uri: /home/kraoshin/holbertonschool-hbnb/part3/app/__init__.py
2025-03-11 13:35:33.351 [info] Discover tests for workspace name: kraoshin - uri: /home/kraoshin/holbertonschool-hbnb/part3/app/__init__.py
2025-03-11 13:35:34.920 [info] Discover tests for workspace name: kraoshin - uri: /home/kraoshin/holbertonschool-hbnb/part3/app/__init__.py
2025-03-11 13:35:53.505 [info] Discover tests for workspace name: kraoshin - uri: /home/kraoshin/holbertonschool-hbnb/part3/app/api/v1/users.py
2025-03-11 13:35:55.177 [info] Discover tests for workspace name: kraoshin - uri: /home/kraoshin/holbertonschool-hbnb/part3/app/api/v1/users.py
2025-03-11 13:41:30.937 [info] Running installed packages checker:  {
  id: '/bin/python3',
  sysPrefix: '/usr',
  envType: 'System',
  envName: '',
  envPath: '/bin/python3',
  path: '/bin/python3',
  architecture: 3,
  sysVersion: '',
  version: {
    raw: '3.12.3',
    major: 3,
    minor: 12,
    patch: 3,
    build: [],
    prerelease: []
  },
  displayName: 'Python 3.12.3',
  detailedDisplayName: 'Python 3.12.3',
  type: undefined
} /home/kraoshin/.vscode-server/extensions/ms-python.python-2025.2.0-linux-x64/python_files/installed_check.py /home/kraoshin/holbertonschool-hbnb/part3/requirements.txt
2025-03-11 13:41:30.938 [info] > /bin/python3 ./.vscode-server/extensions/ms-python.python-2025.2.0-linux-x64/python_files/installed_check.py ./holbertonschool-hbnb/part3/requirements.txt
2025-03-11 13:41:44.427 [info] Running installed packages checker:  {
  id: '/bin/python3',
  sysPrefix: '/usr',
  envType: 'System',
  envName: '',
  envPath: '/bin/python3',
  path: '/bin/python3',
  architecture: 3,
  sysVersion: '',
  version: {
    raw: '3.12.3',
    major: 3,
    minor: 12,
    patch: 3,
    build: [],
    prerelease: []
  },
  displayName: 'Python 3.12.3',
  detailedDisplayName: 'Python 3.12.3',
  type: undefined
} /home/kraoshin/.vscode-server/extensions/ms-python.python-2025.2.0-linux-x64/python_files/installed_check.py /home/kraoshin/holbertonschool-hbnb/part3/requirements.txt
2025-03-11 13:41:44.427 [info] > /bin/python3 ./.vscode-server/extensions/ms-python.python-2025.2.0-linux-x64/python_files/installed_check.py ./holbertonschool-hbnb/part3/requirements.txt
