2025-01-22 15:31:59.472 [info] [Info  - 3:31:59 PM] (930) Server root directory: file:///home/kraoshin/.vscode-server/extensions/ms-python.vscode-pylance-2024.12.1/dist
2025-01-22 15:31:59.496 [info] [Info  - 3:31:59 PM] (930) Pylance language server 2024.12.1 (pyright version 1.1.389, commit ce1325fc) starting
2025-01-22 15:31:59.506 [info] [Info  - 3:31:59 PM] (930) Starting service instance "kraoshin"
2025-01-22 15:31:59.911 [info] [Info  - 3:31:59 PM] (930) Setting environmentName for service "kraoshin": "3.12.3 (global)"
2025-01-22 15:31:59.912 [info] [Info  - 3:31:59 PM] (930) Setting pythonPath for service "kraoshin": "/bin/python3"
2025-01-22 15:31:59.912 [info] [Info  - 3:31:59 PM] (930) No include entries specified; assuming /home/kraoshin
2025-01-22 15:31:59.913 [info] [Info  - 3:31:59 PM] (930) Auto-excluding **/node_modules
2025-01-22 15:31:59.913 [info] [Info  - 3:31:59 PM] (930) Auto-excluding **/__pycache__
2025-01-22 15:31:59.913 [info] [Info  - 3:31:59 PM] (930) Auto-excluding **/.*
2025-01-22 15:31:59.939 [info] [Info  - 3:31:59 PM] (930) Assuming Python version 3.12.3.final.0
2025-01-22 15:32:00.081 [info] [Info  - 3:32:00 PM] (930) Found 67 source files
2025-01-22 15:32:00.792 [info] [Info  - 3:32:00 PM] (930) Background analysis(1) root directory: file:///home/kraoshin/.vscode-server/extensions/ms-python.vscode-pylance-2024.12.1/dist
2025-01-22 15:32:00.797 [info] [Info  - 3:32:00 PM] (930) Background analysis(1) started
2025-01-22 15:32:00.797 [info] [Info  - 3:32:00 PM] (930) Indexer background runner(2) root directory: file:///home/kraoshin/.vscode-server/extensions/ms-python.vscode-pylance-2024.12.1/dist (index)
2025-01-22 15:32:00.797 [info] [Info  - 3:32:00 PM] (930) Indexing(2) started
2025-01-22 15:32:00.895 [info] [Info  - 3:32:00 PM] (930) scanned(2) 73 files over 1 exec env
2025-01-22 15:32:00.952 [info] [Info  - 3:32:00 PM] (930) virtual workspace: vscode-chat-code-block://23978650-1f36-4761-ac2c-1f0fc978c6ab/
2025-01-22 15:32:00.952 [info] [Info  - 3:32:00 PM] (930) Starting service instance "<default>"
2025-01-22 15:32:01.068 [info] [Info  - 3:32:01 PM] (930) Setting environmentName for service "<default>": "3.12.3 (global)"
2025-01-22 15:32:01.068 [info] [Info  - 3:32:01 PM] (930) No include entries specified; assuming vscode-chat-code-block://23978650-1f36-4761-ac2c-1f0fc978c6ab/
2025-01-22 15:32:01.068 [info] [Info  - 3:32:01 PM] (930) Auto-excluding **/node_modules
2025-01-22 15:32:01.068 [info] [Info  - 3:32:01 PM] (930) Auto-excluding **/__pycache__
2025-01-22 15:32:01.068 [info] [Info  - 3:32:01 PM] (930) Auto-excluding **/.*
2025-01-22 15:32:01.114 [info] [Error - 3:32:01 PM] (930) File or directory "vscode-chat-code-block://23978650-1f36-4761-ac2c-1f0fc978c6ab/" does not exist.
2025-01-22 15:32:01.114 [info] [Info  - 3:32:01 PM] (930) No source files found.
2025-01-22 15:32:01.307 [info] [Info  - 3:32:01 PM] (930) indexed(2) 73 files over 1 exec env
2025-01-22 15:32:01.322 [info] [Info  - 3:32:01 PM] (930) Indexing finished(2).
2025-01-22 15:32:09.128 [info] (Client) The existing extension didn't exit within 10 seconds. New instance will start, but you might encounter issues.
2025-01-22 15:32:09.128 [info] (Client) Pylance async client (2024.12.1) started with python extension (2024.22.2)
