2025-01-27 10:36:37.084 [info] (Client) Pylance async client (2024.12.1) started with python extension (2024.22.2)
2025-01-27 10:36:37.379 [info] [Info  - 10:36:37 AM] (1164) Server root directory: file:///home/kraoshin/.vscode-server/extensions/ms-python.vscode-pylance-2024.12.1/dist
2025-01-27 10:36:37.380 [info] [Info  - 10:36:37 AM] (1164) Pylance language server 2024.12.1 (pyright version 1.1.389, commit ce1325fc) starting
2025-01-27 10:36:37.380 [info] [Info  - 10:36:37 AM] (1164) Starting service instance "kraoshin"
2025-01-27 10:36:37.409 [info] [Info  - 10:36:37 AM] (1164) Setting environmentName for service "kraoshin": "3.12.3 (global)"
2025-01-27 10:36:37.410 [info] [Info  - 10:36:37 AM] (1164) Setting pythonPath for service "kraoshin": "/bin/python3"
2025-01-27 10:36:37.410 [info] [Info  - 10:36:37 AM] (1164) No include entries specified; assuming /home/kraoshin
2025-01-27 10:36:37.410 [info] [Info  - 10:36:37 AM] (1164) Auto-excluding **/node_modules
2025-01-27 10:36:37.411 [info] [Info  - 10:36:37 AM] (1164) Auto-excluding **/__pycache__
2025-01-27 10:36:37.412 [info] [Info  - 10:36:37 AM] (1164) Auto-excluding **/.*
2025-01-27 10:36:37.428 [info] [Info  - 10:36:37 AM] (1164) Assuming Python version 3.12.3.final.0
2025-01-27 10:36:37.505 [info] [Info  - 10:36:37 AM] (1164) Found 78 source files
2025-01-27 10:36:37.510 [info] [Info  - 10:36:37 AM] (1164) virtual workspace: vscode-chat-code-block://23978650-1f36-4761-ac2c-1f0fc978c6ab/
2025-01-27 10:36:37.510 [info] [Info  - 10:36:37 AM] (1164) Starting service instance "<default>"
2025-01-27 10:36:37.529 [info] [Info  - 10:36:37 AM] (1164) Setting environmentName for service "<default>": "3.12.3 (global)"
2025-01-27 10:36:37.529 [info] [Info  - 10:36:37 AM] (1164) No include entries specified; assuming vscode-chat-code-block://23978650-1f36-4761-ac2c-1f0fc978c6ab/
2025-01-27 10:36:37.530 [info] [Info  - 10:36:37 AM] (1164) Auto-excluding **/node_modules
2025-01-27 10:36:37.530 [info] [Info  - 10:36:37 AM] (1164) Auto-excluding **/__pycache__
2025-01-27 10:36:37.530 [info] [Info  - 10:36:37 AM] (1164) Auto-excluding **/.*
2025-01-27 10:36:37.578 [info] [Error - 10:36:37 AM] (1164) File or directory "vscode-chat-code-block://23978650-1f36-4761-ac2c-1f0fc978c6ab/" does not exist.
2025-01-27 10:36:37.578 [info] [Info  - 10:36:37 AM] (1164) No source files found.
2025-01-27 10:36:37.815 [info] [Info  - 10:36:37 AM] (1164) Background analysis(1) root directory: file:///home/kraoshin/.vscode-server/extensions/ms-python.vscode-pylance-2024.12.1/dist
2025-01-27 10:36:37.815 [info] [Info  - 10:36:37 AM] (1164) Background analysis(1) started
2025-01-27 11:51:12.506 [info] [Info  - 11:51:12 AM] (1164) Indexer background runner(2) root directory: file:///home/kraoshin/.vscode-server/extensions/ms-python.vscode-pylance-2024.12.1/dist (index)
2025-01-27 11:51:12.507 [info] [Info  - 11:51:12 AM] (1164) Indexing(2) started
2025-01-27 11:51:12.714 [info] [Info  - 11:51:12 AM] (1164) Found 79 source files
2025-01-27 11:51:13.121 [info] [Info  - 11:51:13 AM] (1164) scanned(2) 73 files over 1 exec env
2025-01-27 11:51:13.297 [info] [Info  - 11:51:13 AM] (1164) indexed(2) 73 files over 1 exec env
2025-01-27 11:51:13.321 [info] [Info  - 11:51:13 AM] (1164) Indexing finished(2).
2025-01-27 11:52:36.866 [info] [Info  - 11:52:36 AM] (1164) Found 80 source files
2025-01-27 11:59:02.380 [info] [Info  - 11:59:02 AM] (1164) Starting service instance "<default>"
2025-01-27 11:59:02.460 [info] [Info  - 11:59:02 AM] (1164) Setting environmentName for service "<default>": "3.12.3 (global)"
2025-01-27 11:59:02.460 [info] [Info  - 11:59:02 AM] (1164) Setting pythonPath for service "<default>": "/bin/python3"
2025-01-27 11:59:02.461 [info] [Info  - 11:59:02 AM] (1164) No include entries specified; assuming /<default workspace root>
2025-01-27 11:59:02.461 [info] [Info  - 11:59:02 AM] (1164) Auto-excluding **/node_modules
2025-01-27 11:59:02.461 [info] [Info  - 11:59:02 AM] (1164) Auto-excluding **/__pycache__
2025-01-27 11:59:02.461 [info] [Info  - 11:59:02 AM] (1164) Auto-excluding **/.*
2025-01-27 11:59:02.496 [info] [Info  - 11:59:02 AM] (1164) Assuming Python version 3.12.3.final.0
2025-01-27 11:59:02.533 [info] [Error - 11:59:02 AM] (1164) File or directory "/<default workspace root>" does not exist.
2025-01-27 11:59:02.533 [info] [Info  - 11:59:02 AM] (1164) No source files found.
2025-01-27 11:59:02.802 [info] [Info  - 11:59:02 AM] (1164) Background analysis(3) root directory: file:///home/kraoshin/.vscode-server/extensions/ms-python.vscode-pylance-2024.12.1/dist
2025-01-27 11:59:02.804 [info] [Info  - 11:59:02 AM] (1164) Background analysis(3) started
2025-01-27 12:04:06.540 [info] [Info  - 12:04:06 PM] (1164) Found 81 source files
2025-01-27 12:10:47.452 [info] [Info  - 12:10:47 PM] (1164) Found 82 source files
2025-01-27 12:19:04.756 [info] [Info  - 12:19:04 PM] (1164) Found 83 source files
2025-01-27 12:19:28.745 [info] [Info  - 12:19:28 PM] (1164) Found 84 source files
2025-01-27 13:43:38.509 [info] [Info  - 1:43:38 PM] (1164) Found 85 source files
2025-01-27 13:43:53.568 [info] [Info  - 1:43:53 PM] (1164) Found 86 source files
2025-01-27 13:53:10.046 [info] [Info  - 1:53:10 PM] (1164) Found 87 source files
2025-01-27 13:53:25.455 [info] [Info  - 1:53:25 PM] (1164) Found 88 source files
2025-01-27 14:07:32.190 [info] [Info  - 2:07:32 PM] (1164) Found 89 source files
2025-01-27 14:07:52.081 [info] [Info  - 2:07:52 PM] (1164) Found 90 source files
2025-01-27 14:14:48.859 [info] [Info  - 2:14:48 PM] (1164) Found 91 source files
2025-01-27 14:15:05.002 [info] [Info  - 2:15:05 PM] (1164) Found 92 source files
2025-01-27 14:32:34.648 [info] [Info  - 2:32:34 PM] (1164) Found 86 source files
2025-01-27 14:33:33.468 [info] [Info  - 2:33:33 PM] (1164) Found 79 source files
