2025-01-27 10:36:36.402 [info] Experiment 'pythonaacf' is active
2025-01-27 10:36:36.402 [info] Experiment 'pythonRecommendTensorboardExt' is active
2025-01-27 10:36:36.402 [info] Experiment 'pythonSurveyNotification' is active
2025-01-27 10:36:36.402 [info] Experiment 'pythonTerminalEnvVarActivation' is active
2025-01-27 10:36:36.402 [info] Experiment 'pythonTestAdapter' is active
2025-01-27 10:36:36.402 [info] Native locator: Refresh started
2025-01-27 10:36:36.402 [info] Native locator: Refresh started
2025-01-27 10:36:36.409 [info] > pyenv which python
2025-01-27 10:36:36.409 [info] cwd: .
2025-01-27 10:36:36.421 [info] Python interpreter path: /usr/bin/python3
2025-01-27 10:36:37.389 [info] Starting Pylance language server.
2025-01-27 10:36:39.744 [info] Native locator: Refresh finished in 3793 ms
2025-01-27 11:48:22.948 [info] Python interpreter path: /bin/python3
2025-01-27 11:51:17.946 [info] Discover tests for workspace name: kraoshin - uri: /home/kraoshin/holbertonschool-higher_level_programming/python-classes/0-main.py
2025-01-27 11:52:41.802 [info] Discover tests for workspace name: kraoshin - uri: /home/kraoshin/holbertonschool-higher_level_programming/python-classes/0-square.py
2025-01-27 11:59:03.836 [info] Discover tests for workspace name: kraoshin - uri: /home/kraoshin/holbertonschool-higher_level_programming/python-classes/0-square.py
2025-01-27 12:05:31.491 [info] Discover tests for workspace name: kraoshin - uri: /home/kraoshin/holbertonschool-higher_level_programming/python-classes/0-square.py
2025-01-27 12:06:19.017 [info] Discover tests for workspace name: kraoshin - uri: /home/kraoshin/holbertonschool-higher_level_programming/python-classes/1-main.py
2025-01-27 12:13:02.481 [info] Discover tests for workspace name: kraoshin - uri: /home/kraoshin/holbertonschool-higher_level_programming/python-classes/1-square.py
2025-01-27 12:13:40.667 [info] Discover tests for workspace name: kraoshin - uri: /home/kraoshin/holbertonschool-higher_level_programming/python-classes/1-square.py
2025-01-27 12:19:13.655 [info] Discover tests for workspace name: kraoshin - uri: /home/kraoshin/holbertonschool-higher_level_programming/python-classes/2-main.py
2025-01-27 12:37:42.253 [info] Discover tests for workspace name: kraoshin - uri: /home/kraoshin/holbertonschool-higher_level_programming/python-classes/2-square.py
2025-01-27 12:38:25.170 [info] Discover tests for workspace name: kraoshin - uri: /home/kraoshin/holbertonschool-higher_level_programming/python-classes/1-square.py
2025-01-27 12:38:35.423 [info] Discover tests for workspace name: kraoshin - uri: /home/kraoshin/holbertonschool-higher_level_programming/python-classes/0-square.py
2025-01-27 12:38:47.121 [info] Discover tests for workspace name: kraoshin - uri: /home/kraoshin/holbertonschool-higher_level_programming/python-classes/0-square.py
2025-01-27 12:38:48.393 [info] Discover tests for workspace name: kraoshin - uri: /home/kraoshin/holbertonschool-higher_level_programming/python-classes/0-square.py
2025-01-27 12:38:48.712 [info] Discover tests for workspace name: kraoshin - uri: /home/kraoshin/holbertonschool-higher_level_programming/python-classes/0-square.py
2025-01-27 12:39:03.654 [info] Discover tests for workspace name: kraoshin - uri: /home/kraoshin/holbertonschool-higher_level_programming/python-classes/0-square.py
2025-01-27 12:39:14.733 [info] Discover tests for workspace name: kraoshin - uri: /home/kraoshin/holbertonschool-higher_level_programming/python-classes/0-square.py
2025-01-27 12:39:15.645 [info] Discover tests for workspace name: kraoshin - uri: /home/kraoshin/holbertonschool-higher_level_programming/python-classes/0-square.py
2025-01-27 12:39:33.571 [info] Discover tests for workspace name: kraoshin - uri: /home/kraoshin/holbertonschool-higher_level_programming/python-classes/0-square.py
2025-01-27 12:40:28.655 [info] Discover tests for workspace name: kraoshin - uri: /home/kraoshin/holbertonschool-higher_level_programming/python-classes/0-square.py
2025-01-27 12:40:29.835 [info] Discover tests for workspace name: kraoshin - uri: /home/kraoshin/holbertonschool-higher_level_programming/python-classes/0-square.py
2025-01-27 12:40:40.606 [info] Discover tests for workspace name: kraoshin - uri: /home/kraoshin/holbertonschool-higher_level_programming/python-classes/0-square.py
2025-01-27 12:40:46.340 [info] Discover tests for workspace name: kraoshin - uri: /home/kraoshin/holbertonschool-higher_level_programming/python-classes/0-square.py
2025-01-27 12:41:41.816 [info] Discover tests for workspace name: kraoshin - uri: /home/kraoshin/holbertonschool-higher_level_programming/python-classes/1-square.py
2025-01-27 12:42:22.544 [info] Discover tests for workspace name: kraoshin - uri: /home/kraoshin/holbertonschool-higher_level_programming/python-classes/2-square.py
2025-01-27 12:43:14.177 [info] Discover tests for workspace name: kraoshin - uri: /home/kraoshin/holbertonschool-higher_level_programming/python-classes/2-square.py
2025-01-27 12:43:30.676 [info] Discover tests for workspace name: kraoshin - uri: /home/kraoshin/holbertonschool-higher_level_programming/python-classes/2-square.py
2025-01-27 12:43:37.799 [info] Discover tests for workspace name: kraoshin - uri: /home/kraoshin/holbertonschool-higher_level_programming/python-classes/2-square.py
2025-01-27 12:43:45.518 [info] Discover tests for workspace name: kraoshin - uri: /home/kraoshin/holbertonschool-higher_level_programming/python-classes/2-square.py
2025-01-27 12:45:22.773 [info] Discover tests for workspace name: kraoshin - uri: /home/kraoshin/holbertonschool-higher_level_programming/python-classes/2-square.py
2025-01-27 12:46:35.898 [info] Discover tests for workspace name: kraoshin - uri: /home/kraoshin/holbertonschool-higher_level_programming/python-classes/2-main.py
2025-01-27 13:43:44.621 [info] Discover tests for workspace name: kraoshin - uri: /home/kraoshin/holbertonschool-higher_level_programming/python-classes/3-main.py
2025-01-27 13:45:06.059 [info] Discover tests for workspace name: kraoshin - uri: /home/kraoshin/holbertonschool-higher_level_programming/python-classes/3-square.py
2025-01-27 13:48:16.398 [info] Discover tests for workspace name: kraoshin - uri: /home/kraoshin/holbertonschool-higher_level_programming/python-classes/3-square.py
2025-01-27 13:53:16.797 [info] Discover tests for workspace name: kraoshin - uri: /home/kraoshin/holbertonschool-higher_level_programming/python-classes/4-main.py
2025-01-27 13:53:30.190 [info] Discover tests for workspace name: kraoshin - uri: /home/kraoshin/holbertonschool-higher_level_programming/python-classes/4-square.py
2025-01-27 14:07:37.730 [info] Discover tests for workspace name: kraoshin - uri: /home/kraoshin/holbertonschool-higher_level_programming/python-classes/5-main.py
2025-01-27 14:13:26.843 [info] Discover tests for workspace name: kraoshin - uri: /home/kraoshin/holbertonschool-higher_level_programming/python-classes/5-square.py
2025-01-27 14:14:54.556 [info] Discover tests for workspace name: kraoshin - uri: /home/kraoshin/holbertonschool-higher_level_programming/python-classes/6-main.py
2025-01-27 14:15:19.763 [info] Discover tests for workspace name: kraoshin - uri: /home/kraoshin/holbertonschool-higher_level_programming/python-classes/6-square.py
2025-01-27 14:17:29.430 [info] Discover tests for workspace name: kraoshin - uri: /home/kraoshin/holbertonschool-higher_level_programming/python-classes/6-square.py
2025-01-27 14:38:48.452 [info] Discover tests for workspace name: kraoshin - uri: /home/kraoshin/holbertonschool-higher_level_programming/python-classes/6-square.py
2025-01-27 14:38:59.409 [info] Discover tests for workspace name: kraoshin - uri: /home/kraoshin/holbertonschool-higher_level_programming/python-classes/6-square.py
2025-01-27 14:47:40.637 [info] Discover tests for workspace name: kraoshin - uri: /home/kraoshin/holbertonschool-higher_level_programming/python-classes/6-square.py
