2025-01-20 13:14:53.010 [info] Experiment 'pythonaacf' is active
2025-01-20 13:14:53.010 [info] Experiment 'pythonRecommendTensorboardExt' is active
2025-01-20 13:14:53.010 [info] Experiment 'pythonSurveyNotification' is active
2025-01-20 13:14:53.010 [info] Experiment 'pythonTerminalEnvVarActivation' is active
2025-01-20 13:14:53.010 [info] Experiment 'pythonTestAdapter' is active
2025-01-20 13:14:53.010 [info] Native locator: Refresh started
2025-01-20 13:14:53.010 [info] Native locator: Refresh started
2025-01-20 13:14:53.015 [info] Native locator: Refresh started
2025-01-20 13:14:56.226 [info] Native locator: Refresh finished in 3627 ms
2025-01-20 13:14:56.229 [info] > pyenv which python
2025-01-20 13:14:56.230 [info] cwd: .
2025-01-20 13:14:56.313 [info] Python interpreter path: /bin/python3
2025-01-20 13:15:06.503 [info] Starting Pylance language server.
2025-01-20 13:18:44.521 [info] Discover tests for workspace name: kraoshin - uri: /home/kraoshin/holbertonschool-higher_level_programming/python-data_structures/0-main.py
2025-01-20 13:20:10.660 [info] Selected workspace /home/kraoshin for creating virtual environment.
2025-01-20 13:20:10.664 [info] Native locator: Refresh started
2025-01-20 13:20:13.921 [info] Native locator: Refresh finished in 3258 ms
2025-01-20 13:20:16.349 [info] > conda info --json
2025-01-20 13:20:26.693 [info] Discover tests for workspace name: kraoshin - uri: /home/kraoshin/holbertonschool-higher_level_programming/python-data_structures/0-print_list_integer.py
2025-01-20 13:21:02.660 [info] Discover tests for workspace name: kraoshin - uri: /home/kraoshin/holbertonschool-higher_level_programming/python-data_structures/0-print_list_integer.py
2025-01-20 13:21:22.004 [info] Discover tests for workspace name: kraoshin - uri: /home/kraoshin/holbertonschool-higher_level_programming/python-data_structures/0-print_list_integer.py
2025-01-20 13:21:46.745 [info] Discover tests for workspace name: kraoshin - uri: /home/kraoshin/holbertonschool-higher_level_programming/python-data_structures/0-print_list_integer.py
2025-01-20 13:24:01.122 [info] Discover tests for workspace name: kraoshin - uri: /home/kraoshin/holbertonschool-higher_level_programming/python-data_structures/0-print_list_integer.py
2025-01-20 13:26:50.262 [info] Discover tests for workspace name: kraoshin - uri: /home/kraoshin/holbertonschool-higher_level_programming/python-data_structures/1-main.py
2025-01-20 13:28:29.301 [info] Discover tests for workspace name: kraoshin - uri: /home/kraoshin/holbertonschool-higher_level_programming/python-data_structures/1-element_at.py
2025-01-20 13:28:30.519 [info] Discover tests for workspace name: kraoshin - uri: /home/kraoshin/holbertonschool-higher_level_programming/python-data_structures/1-main.py
2025-01-20 13:28:32.275 [info] Discover tests for workspace name: kraoshin - uri: /home/kraoshin/holbertonschool-higher_level_programming/python-data_structures/1-main.py
2025-01-20 13:28:33.453 [info] Discover tests for workspace name: kraoshin - uri: /home/kraoshin/holbertonschool-higher_level_programming/python-data_structures/1-element_at.py
2025-01-20 13:33:48.968 [info] Discover tests for workspace name: kraoshin - uri: /home/kraoshin/holbertonschool-higher_level_programming/python-data_structures/2-replace_in_list.py
2025-01-20 13:34:19.910 [info] Discover tests for workspace name: kraoshin - uri: /home/kraoshin/holbertonschool-higher_level_programming/python-data_structures/2-replace_in_list.py
2025-01-20 13:34:37.602 [info] Discover tests for workspace name: kraoshin - uri: /home/kraoshin/holbertonschool-higher_level_programming/python-data_structures/2-replace_in_list.py
2025-01-20 13:34:41.059 [info] Discover tests for workspace name: kraoshin - uri: /home/kraoshin/holbertonschool-higher_level_programming/python-data_structures/2-replace_in_list.py
2025-01-20 13:34:43.296 [info] Discover tests for workspace name: kraoshin - uri: /home/kraoshin/holbertonschool-higher_level_programming/python-data_structures/2-replace_in_list.py
2025-01-20 13:34:59.148 [info] Discover tests for workspace name: kraoshin - uri: /home/kraoshin/holbertonschool-higher_level_programming/python-data_structures/2-replace_in_list.py
2025-01-20 13:35:20.622 [info] Discover tests for workspace name: kraoshin - uri: /home/kraoshin/holbertonschool-higher_level_programming/python-data_structures/2-replace_in_list.py
2025-01-20 13:35:36.886 [info] Discover tests for workspace name: kraoshin - uri: /home/kraoshin/holbertonschool-higher_level_programming/python-data_structures/2-main.py
2025-01-20 13:38:29.979 [info] Discover tests for workspace name: kraoshin - uri: /home/kraoshin/holbertonschool-higher_level_programming/python-data_structures/3-print_reversed_list_integer.py
2025-01-20 13:38:31.342 [info] Discover tests for workspace name: kraoshin - uri: /home/kraoshin/holbertonschool-higher_level_programming/python-data_structures/3-main.py
2025-01-20 13:39:04.093 [info] Discover tests for workspace name: kraoshin - uri: /home/kraoshin/holbertonschool-higher_level_programming/python-data_structures/3-print_reversed_list_integer.py
2025-01-20 13:40:52.049 [info] Discover tests for workspace name: kraoshin - uri: /home/kraoshin/holbertonschool-higher_level_programming/python-data_structures/4-main.py
2025-01-20 13:43:43.130 [info] Discover tests for workspace name: kraoshin - uri: /home/kraoshin/holbertonschool-higher_level_programming/python-data_structures/4-new_in_list.py
2025-01-20 13:43:44.074 [info] Discover tests for workspace name: kraoshin - uri: /home/kraoshin/holbertonschool-higher_level_programming/python-data_structures/4-main.py
2025-01-20 13:45:53.109 [info] Discover tests for workspace name: kraoshin - uri: /home/kraoshin/holbertonschool-higher_level_programming/python-data_structures/5-no_c.py
2025-01-20 13:46:08.281 [info] Discover tests for workspace name: kraoshin - uri: /home/kraoshin/holbertonschool-higher_level_programming/python-data_structures/5-main.py
2025-01-20 13:49:56.037 [info] Discover tests for workspace name: kraoshin - uri: /home/kraoshin/holbertonschool-higher_level_programming/python-data_structures/5-no_c.py
2025-01-20 13:52:52.586 [info] Discover tests for workspace name: kraoshin - uri: /home/kraoshin/holbertonschool-higher_level_programming/python-data_structures/6-main.py
2025-01-20 14:01:10.919 [info] Discover tests for workspace name: kraoshin - uri: /home/kraoshin/holbertonschool-higher_level_programming/python-data_structures/6-print_matrix_integer.py
2025-01-20 15:57:37.934 [info] Discover tests for workspace name: kraoshin - uri: /home/kraoshin/holbertonschool-higher_level_programming/python-data_structures/7-main.py
2025-01-20 15:57:39.108 [info] Discover tests for workspace name: kraoshin - uri: /home/kraoshin/holbertonschool-higher_level_programming/python-data_structures/7-add_tuple.py
2025-01-20 15:58:06.285 [info] Discover tests for workspace name: kraoshin - uri: /home/kraoshin/holbertonschool-higher_level_programming/python-data_structures/7-add_tuple.py
2025-01-20 15:58:08.186 [info] Discover tests for workspace name: kraoshin - uri: /home/kraoshin/holbertonschool-higher_level_programming/python-data_structures/7-main.py
2025-01-20 15:58:34.294 [info] Discover tests for workspace name: kraoshin - uri: /home/kraoshin/holbertonschool-higher_level_programming/python-data_structures/7-add_tuple.py
2025-01-20 16:00:18.548 [info] Discover tests for workspace name: kraoshin - uri: /home/kraoshin/holbertonschool-higher_level_programming/python-data_structures/7-add_tuple.py
