2025-03-05 09:31:31.374 [info] [Info  - 9:31:31 AM] (3001) Server root directory: file:///home/kraoshin/.vscode-server/extensions/ms-python.vscode-pylance-2025.2.1/dist
2025-03-05 09:31:31.374 [info] [Info  - 9:31:31 AM] (3001) Pylance language server 2025.2.1 (pyright version 1.1.393, commit 3763156f) starting
2025-03-05 09:31:31.381 [info] [Info  - 9:31:31 AM] (3001) Starting service instance "kraoshin"
2025-03-05 09:31:31.416 [info] [Info  - 9:31:31 AM] (3001) Setting environmentName for service "kraoshin": "3.12.3 (venv venv)"
2025-03-05 09:31:31.417 [info] [Info  - 9:31:31 AM] (3001) Setting pythonPath for service "kraoshin": "/home/kraoshin/holbertonschool-hbnb/part2/venv/bin/python"
2025-03-05 09:31:31.417 [info] [Info  - 9:31:31 AM] (3001) No include entries specified; assuming /home/kraoshin
2025-03-05 09:31:31.418 [info] [Info  - 9:31:31 AM] (3001) Auto-excluding **/node_modules
2025-03-05 09:31:31.418 [info] [Info  - 9:31:31 AM] (3001) Auto-excluding **/__pycache__
2025-03-05 09:31:31.420 [info] [Info  - 9:31:31 AM] (3001) Auto-excluding **/.*
2025-03-05 09:31:31.434 [info] [Info  - 9:31:31 AM] (3001) Assuming Python version 3.12.3.final.0
2025-03-05 09:31:31.478 [info] [Info  - 9:31:31 AM] (3001) Auto-excluding /home/kraoshin/holbertonschool-hbnb
2025-03-05 09:31:31.486 [info] [Info  - 9:31:31 AM] (3001) Auto-excluding /home/kraoshin/venv
2025-03-05 09:31:31.497 [info] [Info  - 9:31:31 AM] (3001) Found 128 source files
2025-03-05 09:31:31.776 [info] [Info  - 9:31:31 AM] (3001) Background analysis(1) root directory: file:///home/kraoshin/.vscode-server/extensions/ms-python.vscode-pylance-2025.2.1/dist
2025-03-05 09:31:31.778 [info] [Info  - 9:31:31 AM] (3001) Background analysis(1) started
2025-03-05 09:31:31.859 [info] [Info  - 9:31:31 AM] (3001) Indexer background runner(2) root directory: file:///home/kraoshin/.vscode-server/extensions/ms-python.vscode-pylance-2025.2.1/dist (index)
2025-03-05 09:31:31.859 [info] [Info  - 9:31:31 AM] (3001) Indexing(2) started
2025-03-05 09:31:32.155 [info] [Info  - 9:31:32 AM] (3001) scanned(2) 44 files over 1 exec env
2025-03-05 09:31:32.294 [info] [Info  - 9:31:32 AM] (3001) indexed(2) 44 files over 1 exec env
2025-03-05 09:31:32.313 [info] [Info  - 9:31:32 AM] (3001) Indexing finished(2).
2025-03-05 09:31:42.921 [info] (Client) The existing extension didn't exit within 10 seconds. New instance will start, but you might encounter issues.
2025-03-05 09:31:42.921 [info] (Client) Pylance async client (2025.2.1) started with python extension (2025.0.0)
2025-03-05 09:46:21.560 [info] [Info  - 9:46:21 AM] (3001) Auto-excluding /home/kraoshin/holbertonschool-hbnb
2025-03-05 09:46:21.580 [info] [Info  - 9:46:21 AM] (3001) Auto-excluding /home/kraoshin/venv
2025-03-05 09:46:21.605 [info] [Info  - 9:46:21 AM] (3001) Found 129 source files
2025-03-05 09:48:01.762 [info] [Info  - 9:48:01 AM] (3001) Starting service instance "<default>"
2025-03-05 09:48:01.801 [info] [Info  - 9:48:01 AM] (3001) Setting environmentName for service "<default>": "3.12.3 (venv venv)"
2025-03-05 09:48:01.801 [info] [Info  - 9:48:01 AM] (3001) Setting pythonPath for service "<default>": "/home/kraoshin/holbertonschool-hbnb/part2/venv/bin/python"
2025-03-05 09:48:01.801 [info] [Info  - 9:48:01 AM] (3001) No include entries specified; assuming /<default workspace root>
2025-03-05 09:48:01.801 [info] [Info  - 9:48:01 AM] (3001) Auto-excluding **/node_modules
2025-03-05 09:48:01.801 [info] [Info  - 9:48:01 AM] (3001) Auto-excluding **/__pycache__
2025-03-05 09:48:01.801 [info] [Info  - 9:48:01 AM] (3001) Auto-excluding **/.*
2025-03-05 09:48:01.818 [info] [Info  - 9:48:01 AM] (3001) Assuming Python version 3.12.3.final.0
2025-03-05 09:48:01.845 [info] [Error - 9:48:01 AM] (3001) File or directory "/<default workspace root>" does not exist.
2025-03-05 09:48:01.846 [info] [Info  - 9:48:01 AM] (3001) No source files found.
2025-03-05 09:48:02.161 [info] [Info  - 9:48:02 AM] (3001) Background analysis(3) root directory: file:///home/kraoshin/.vscode-server/extensions/ms-python.vscode-pylance-2025.2.1/dist
2025-03-05 09:48:02.162 [info] [Info  - 9:48:02 AM] (3001) Background analysis(3) started
2025-03-05 09:49:35.006 [info] [Info  - 9:49:35 AM] (3001) virtual workspace: vscode-chat-code-block://23978650-1f36-4761-ac2c-1f0fc978c6ab/
2025-03-05 09:49:35.008 [info] [Info  - 9:49:35 AM] (3001) Starting service instance "<default>"
2025-03-05 09:49:35.048 [info] [Info  - 9:49:35 AM] (3001) Setting environmentName for service "<default>": "3.12.3 (venv venv)"
2025-03-05 09:49:35.048 [info] [Info  - 9:49:35 AM] (3001) No include entries specified; assuming vscode-chat-code-block://23978650-1f36-4761-ac2c-1f0fc978c6ab/
2025-03-05 09:49:35.048 [info] [Info  - 9:49:35 AM] (3001) Auto-excluding **/node_modules
2025-03-05 09:49:35.048 [info] [Info  - 9:49:35 AM] (3001) Auto-excluding **/__pycache__
2025-03-05 09:49:35.048 [info] [Info  - 9:49:35 AM] (3001) Auto-excluding **/.*
2025-03-05 09:49:35.080 [info] [Info  - 9:49:35 AM] (3001) Assuming Python version 3.12.3.final.0
2025-03-05 09:49:35.108 [info] [Error - 9:49:35 AM] (3001) File or directory "vscode-chat-code-block://23978650-1f36-4761-ac2c-1f0fc978c6ab/" does not exist.
2025-03-05 09:49:35.108 [info] [Info  - 9:49:35 AM] (3001) No source files found.
2025-03-05 09:54:16.707 [info] [Info  - 9:54:16 AM] (3001) Auto-excluding /home/kraoshin/holbertonschool-hbnb
2025-03-05 09:54:16.724 [info] [Info  - 9:54:16 AM] (3001) Auto-excluding /home/kraoshin/venv
2025-03-05 09:54:16.736 [info] [Info  - 9:54:16 AM] (3001) Found 129 source files
2025-03-05 09:55:09.449 [info] [Info  - 9:55:09 AM] (3001) Setting environmentName for service "kraoshin": "3.12.3 (venv venv)"
2025-03-05 09:55:09.451 [info] [Info  - 9:55:09 AM] (3001) Setting pythonPath for service "kraoshin": "/home/kraoshin/holbertonschool-hbnb/part2/venv/bin/python"
2025-03-05 09:55:09.451 [info] [Info  - 9:55:09 AM] (3001) No include entries specified; assuming /home/kraoshin
2025-03-05 09:55:09.451 [info] [Info  - 9:55:09 AM] (3001) Auto-excluding **/node_modules
2025-03-05 09:55:09.451 [info] [Info  - 9:55:09 AM] (3001) Auto-excluding **/__pycache__
2025-03-05 09:55:09.452 [info] [Info  - 9:55:09 AM] (3001) Auto-excluding **/.*
2025-03-05 09:55:09.481 [info] [Info  - 9:55:09 AM] (3001) Assuming Python version 3.12.3.final.0
2025-03-05 09:55:09.555 [info] [Info  - 9:55:09 AM] (3001) Auto-excluding /home/kraoshin/holbertonschool-hbnb
2025-03-05 09:55:09.573 [info] [Info  - 9:55:09 AM] (3001) Auto-excluding /home/kraoshin/venv
2025-03-05 09:55:09.583 [info] [Info  - 9:55:09 AM] (3001) Found 129 source files
2025-03-05 09:55:09.618 [info] [Info  - 9:55:09 AM] (3001) Setting environmentName for service "<default>": "3.12.3 (venv venv)"
2025-03-05 09:55:09.618 [info] [Info  - 9:55:09 AM] (3001) Setting pythonPath for service "<default>": "/home/kraoshin/holbertonschool-hbnb/part2/venv/bin/python"
2025-03-05 09:55:09.618 [info] [Info  - 9:55:09 AM] (3001) No include entries specified; assuming /<default workspace root>
2025-03-05 09:55:09.619 [info] [Info  - 9:55:09 AM] (3001) Auto-excluding **/node_modules
2025-03-05 09:55:09.619 [info] [Info  - 9:55:09 AM] (3001) Auto-excluding **/__pycache__
2025-03-05 09:55:09.619 [info] [Info  - 9:55:09 AM] (3001) Auto-excluding **/.*
2025-03-05 09:55:09.634 [info] [Info  - 9:55:09 AM] (3001) Assuming Python version 3.12.3.final.0
2025-03-05 09:55:09.659 [info] [Error - 9:55:09 AM] (3001) File or directory "/<default workspace root>" does not exist.
2025-03-05 09:55:09.659 [info] [Info  - 9:55:09 AM] (3001) No source files found.
2025-03-05 09:55:09.663 [info] [Info  - 9:55:09 AM] (3001) Setting environmentName for service "<default>": "3.12.3 (venv venv)"
2025-03-05 09:55:09.664 [info] [Info  - 9:55:09 AM] (3001) No include entries specified; assuming vscode-chat-code-block://23978650-1f36-4761-ac2c-1f0fc978c6ab/
2025-03-05 09:55:09.664 [info] [Info  - 9:55:09 AM] (3001) Auto-excluding **/node_modules
2025-03-05 09:55:09.664 [info] [Info  - 9:55:09 AM] (3001) Auto-excluding **/__pycache__
2025-03-05 09:55:09.664 [info] [Info  - 9:55:09 AM] (3001) Auto-excluding **/.*
2025-03-05 09:55:09.739 [info] [Info  - 9:55:09 AM] (3001) Assuming Python version 3.12.3.final.0
2025-03-05 09:55:09.766 [info] [Error - 9:55:09 AM] (3001) File or directory "vscode-chat-code-block://23978650-1f36-4761-ac2c-1f0fc978c6ab/" does not exist.
2025-03-05 09:55:09.766 [info] [Info  - 9:55:09 AM] (3001) No source files found.
2025-03-05 09:55:09.772 [info] [Info  - 9:55:09 AM] (3001) Setting environmentName for service "kraoshin": "3.12.3 (venv venv)"
2025-03-05 09:55:09.772 [info] [Info  - 9:55:09 AM] (3001) Setting pythonPath for service "kraoshin": "/home/kraoshin/holbertonschool-hbnb/part2/venv/bin/python"
2025-03-05 09:55:09.772 [info] [Info  - 9:55:09 AM] (3001) No include entries specified; assuming /home/kraoshin
2025-03-05 09:55:09.772 [info] [Info  - 9:55:09 AM] (3001) Auto-excluding **/node_modules
2025-03-05 09:55:09.772 [info] [Info  - 9:55:09 AM] (3001) Auto-excluding **/__pycache__
2025-03-05 09:55:09.772 [info] [Info  - 9:55:09 AM] (3001) Auto-excluding **/.*
2025-03-05 09:55:09.789 [info] [Info  - 9:55:09 AM] (3001) Assuming Python version 3.12.3.final.0
2025-03-05 09:55:09.821 [info] [Info  - 9:55:09 AM] (3001) Auto-excluding /home/kraoshin/holbertonschool-hbnb
2025-03-05 09:55:09.828 [info] [Info  - 9:55:09 AM] (3001) Auto-excluding /home/kraoshin/venv
2025-03-05 09:55:09.833 [info] [Info  - 9:55:09 AM] (3001) Found 129 source files
2025-03-05 09:55:09.996 [info] [Info  - 9:55:09 AM] (3001) Setting environmentName for service "<default>": "3.12.3 (venv venv)"
2025-03-05 09:55:09.996 [info] [Info  - 9:55:09 AM] (3001) Setting pythonPath for service "<default>": "/home/kraoshin/holbertonschool-hbnb/part2/venv/bin/python"
2025-03-05 09:55:09.996 [info] [Info  - 9:55:09 AM] (3001) No include entries specified; assuming /<default workspace root>
2025-03-05 09:55:09.996 [info] [Info  - 9:55:09 AM] (3001) Auto-excluding **/node_modules
2025-03-05 09:55:09.996 [info] [Info  - 9:55:09 AM] (3001) Auto-excluding **/__pycache__
2025-03-05 09:55:09.996 [info] [Info  - 9:55:09 AM] (3001) Auto-excluding **/.*
2025-03-05 09:55:10.016 [info] [Info  - 9:55:10 AM] (3001) Assuming Python version 3.12.3.final.0
2025-03-05 09:55:10.044 [info] [Error - 9:55:10 AM] (3001) File or directory "/<default workspace root>" does not exist.
2025-03-05 09:55:10.044 [info] [Info  - 9:55:10 AM] (3001) No source files found.
2025-03-05 09:55:10.050 [info] [Info  - 9:55:10 AM] (3001) Setting environmentName for service "<default>": "3.12.3 (venv venv)"
2025-03-05 09:55:10.050 [info] [Info  - 9:55:10 AM] (3001) No include entries specified; assuming vscode-chat-code-block://23978650-1f36-4761-ac2c-1f0fc978c6ab/
2025-03-05 09:55:10.050 [info] [Info  - 9:55:10 AM] (3001) Auto-excluding **/node_modules
2025-03-05 09:55:10.050 [info] [Info  - 9:55:10 AM] (3001) Auto-excluding **/__pycache__
2025-03-05 09:55:10.050 [info] [Info  - 9:55:10 AM] (3001) Auto-excluding **/.*
2025-03-05 09:55:10.072 [info] [Info  - 9:55:10 AM] (3001) Assuming Python version 3.12.3.final.0
2025-03-05 09:55:10.099 [info] [Error - 9:55:10 AM] (3001) File or directory "vscode-chat-code-block://23978650-1f36-4761-ac2c-1f0fc978c6ab/" does not exist.
2025-03-05 09:55:10.099 [info] [Info  - 9:55:10 AM] (3001) No source files found.
2025-03-05 09:55:10.211 [info] [Info  - 9:55:10 AM] (3001) Indexer background runner(4) root directory: file:///home/kraoshin/.vscode-server/extensions/ms-python.vscode-pylance-2025.2.1/dist (index)
2025-03-05 09:55:10.211 [info] [Info  - 9:55:10 AM] (3001) Indexing(4) started
2025-03-05 09:55:10.371 [info] [Info  - 9:55:10 AM] (3001) scanned(4) 44 files over 1 exec env
2025-03-05 09:55:10.509 [info] [Info  - 9:55:10 AM] (3001) indexed(4) 44 files over 1 exec env
2025-03-05 09:55:10.518 [info] [Info  - 9:55:10 AM] (3001) Indexing finished(4).
2025-03-05 09:55:36.318 [info] [Info  - 9:55:36 AM] (3001) Setting environmentName for service "kraoshin": "3.12.3 (.venv venv)"
2025-03-05 09:55:36.318 [info] [Info  - 9:55:36 AM] (3001) Setting pythonPath for service "kraoshin": "/home/kraoshin/.venv/bin/python"
2025-03-05 09:55:36.318 [info] [Info  - 9:55:36 AM] (3001) No include entries specified; assuming /home/kraoshin
2025-03-05 09:55:36.318 [info] [Info  - 9:55:36 AM] (3001) Auto-excluding **/node_modules
2025-03-05 09:55:36.318 [info] [Info  - 9:55:36 AM] (3001) Auto-excluding **/__pycache__
2025-03-05 09:55:36.318 [info] [Info  - 9:55:36 AM] (3001) Auto-excluding **/.*
2025-03-05 09:55:36.333 [info] [Info  - 9:55:36 AM] (3001) Assuming Python version 3.12.3.final.0
2025-03-05 09:55:36.362 [info] [Info  - 9:55:36 AM] (3001) Auto-excluding /home/kraoshin/holbertonschool-hbnb
2025-03-05 09:55:36.368 [info] [Info  - 9:55:36 AM] (3001) Auto-excluding /home/kraoshin/venv
2025-03-05 09:55:36.373 [info] [Info  - 9:55:36 AM] (3001) Found 129 source files
2025-03-05 09:55:36.402 [info] [Info  - 9:55:36 AM] (3001) Setting environmentName for service "<default>": "3.12.3 (.venv venv)"
2025-03-05 09:55:36.402 [info] [Info  - 9:55:36 AM] (3001) Setting pythonPath for service "<default>": "/home/kraoshin/.venv/bin/python"
2025-03-05 09:55:36.402 [info] [Info  - 9:55:36 AM] (3001) No include entries specified; assuming /<default workspace root>
2025-03-05 09:55:36.402 [info] [Info  - 9:55:36 AM] (3001) Auto-excluding **/node_modules
2025-03-05 09:55:36.402 [info] [Info  - 9:55:36 AM] (3001) Auto-excluding **/__pycache__
2025-03-05 09:55:36.402 [info] [Info  - 9:55:36 AM] (3001) Auto-excluding **/.*
2025-03-05 09:55:36.419 [info] [Info  - 9:55:36 AM] (3001) Assuming Python version 3.12.3.final.0
2025-03-05 09:55:36.452 [info] [Error - 9:55:36 AM] (3001) File or directory "/<default workspace root>" does not exist.
2025-03-05 09:55:36.452 [info] [Info  - 9:55:36 AM] (3001) No source files found.
2025-03-05 09:55:36.460 [info] [Info  - 9:55:36 AM] (3001) Setting environmentName for service "<default>": "3.12.3 (.venv venv)"
2025-03-05 09:55:36.460 [info] [Info  - 9:55:36 AM] (3001) No include entries specified; assuming vscode-chat-code-block://23978650-1f36-4761-ac2c-1f0fc978c6ab/
2025-03-05 09:55:36.460 [info] [Info  - 9:55:36 AM] (3001) Auto-excluding **/node_modules
2025-03-05 09:55:36.460 [info] [Info  - 9:55:36 AM] (3001) Auto-excluding **/__pycache__
2025-03-05 09:55:36.460 [info] [Info  - 9:55:36 AM] (3001) Auto-excluding **/.*
2025-03-05 09:55:36.479 [info] [Info  - 9:55:36 AM] (3001) Assuming Python version 3.12.3.final.0
2025-03-05 09:55:36.507 [info] [Error - 9:55:36 AM] (3001) File or directory "vscode-chat-code-block://23978650-1f36-4761-ac2c-1f0fc978c6ab/" does not exist.
2025-03-05 09:55:36.507 [info] [Info  - 9:55:36 AM] (3001) No source files found.
2025-03-05 09:55:36.741 [info] [Info  - 9:55:36 AM] (3001) Indexer background runner(5) root directory: file:///home/kraoshin/.vscode-server/extensions/ms-python.vscode-pylance-2025.2.1/dist (index)
2025-03-05 09:55:36.741 [info] [Info  - 9:55:36 AM] (3001) Indexing(5) started
2025-03-05 09:55:36.790 [info] [Info  - 9:55:36 AM] (3001) Indexing finished(5).
2025-03-05 09:55:42.460 [info] [Info  - 9:55:42 AM] (3001) Indexer background runner(6) root directory: file:///home/kraoshin/.vscode-server/extensions/ms-python.vscode-pylance-2025.2.1/dist (refresh)
2025-03-05 09:55:42.460 [info] [Info  - 9:55:42 AM] (3001) Indexing(6) started
2025-03-05 09:55:42.676 [info] [Info  - 9:55:42 AM] (3001) scanned(6) 9 files over 1 exec env
2025-03-05 09:55:42.864 [info] [Info  - 9:55:42 AM] (3001) indexed(6) 9 files over 1 exec env
2025-03-05 09:55:42.879 [info] [Info  - 9:55:42 AM] (3001) Indexing finished(6).
2025-03-05 09:56:17.140 [info] [Info  - 9:56:17 AM] (3001) Indexer background runner(7) root directory: file:///home/kraoshin/.vscode-server/extensions/ms-python.vscode-pylance-2025.2.1/dist (refresh)
2025-03-05 09:56:17.140 [info] [Info  - 9:56:17 AM] (3001) Indexing(7) started
2025-03-05 09:56:17.380 [info] [Info  - 9:56:17 AM] (3001) scanned(7) 9 files over 1 exec env
2025-03-05 09:56:17.514 [info] [Info  - 9:56:17 AM] (3001) indexed(7) 9 files over 1 exec env
2025-03-05 09:56:17.522 [info] [Info  - 9:56:17 AM] (3001) Indexing finished(7).
2025-03-05 09:56:25.136 [info] [Info  - 9:56:25 AM] (3001) Setting environmentName for service "kraoshin": "3.12.3 (global)"
2025-03-05 09:56:25.136 [info] [Info  - 9:56:25 AM] (3001) Setting pythonPath for service "kraoshin": "/bin/python3"
2025-03-05 09:56:25.136 [info] [Info  - 9:56:25 AM] (3001) No include entries specified; assuming /home/kraoshin
2025-03-05 09:56:25.136 [info] [Info  - 9:56:25 AM] (3001) Auto-excluding **/node_modules
2025-03-05 09:56:25.137 [info] [Info  - 9:56:25 AM] (3001) Auto-excluding **/__pycache__
2025-03-05 09:56:25.137 [info] [Info  - 9:56:25 AM] (3001) Auto-excluding **/.*
2025-03-05 09:56:25.153 [info] [Info  - 9:56:25 AM] (3001) Assuming Python version 3.12.3.final.0
2025-03-05 09:56:25.179 [info] [Info  - 9:56:25 AM] (3001) Auto-excluding /home/kraoshin/holbertonschool-hbnb
2025-03-05 09:56:25.185 [info] [Info  - 9:56:25 AM] (3001) Auto-excluding /home/kraoshin/venv
2025-03-05 09:56:25.190 [info] [Info  - 9:56:25 AM] (3001) Found 129 source files
2025-03-05 09:56:25.212 [info] [Info  - 9:56:25 AM] (3001) Setting environmentName for service "<default>": "3.12.3 (global)"
2025-03-05 09:56:25.212 [info] [Info  - 9:56:25 AM] (3001) Setting pythonPath for service "<default>": "/bin/python3"
2025-03-05 09:56:25.212 [info] [Info  - 9:56:25 AM] (3001) No include entries specified; assuming /<default workspace root>
2025-03-05 09:56:25.212 [info] [Info  - 9:56:25 AM] (3001) Auto-excluding **/node_modules
2025-03-05 09:56:25.212 [info] [Info  - 9:56:25 AM] (3001) Auto-excluding **/__pycache__
2025-03-05 09:56:25.212 [info] [Info  - 9:56:25 AM] (3001) Auto-excluding **/.*
2025-03-05 09:56:25.228 [info] [Info  - 9:56:25 AM] (3001) Assuming Python version 3.12.3.final.0
2025-03-05 09:56:25.259 [info] [Error - 9:56:25 AM] (3001) File or directory "/<default workspace root>" does not exist.
2025-03-05 09:56:25.259 [info] [Info  - 9:56:25 AM] (3001) No source files found.
2025-03-05 09:56:25.267 [info] [Info  - 9:56:25 AM] (3001) Setting environmentName for service "<default>": "3.12.3 (global)"
2025-03-05 09:56:25.267 [info] [Info  - 9:56:25 AM] (3001) No include entries specified; assuming vscode-chat-code-block://23978650-1f36-4761-ac2c-1f0fc978c6ab/
2025-03-05 09:56:25.269 [info] [Info  - 9:56:25 AM] (3001) Auto-excluding **/node_modules
2025-03-05 09:56:25.269 [info] [Info  - 9:56:25 AM] (3001) Auto-excluding **/__pycache__
2025-03-05 09:56:25.269 [info] [Info  - 9:56:25 AM] (3001) Auto-excluding **/.*
2025-03-05 09:56:25.292 [info] [Info  - 9:56:25 AM] (3001) Assuming Python version 3.12.3.final.0
2025-03-05 09:56:25.317 [info] [Error - 9:56:25 AM] (3001) File or directory "vscode-chat-code-block://23978650-1f36-4761-ac2c-1f0fc978c6ab/" does not exist.
2025-03-05 09:56:25.317 [info] [Info  - 9:56:25 AM] (3001) No source files found.
2025-03-05 09:56:25.568 [info] [Info  - 9:56:25 AM] (3001) Indexer background runner(8) root directory: file:///home/kraoshin/.vscode-server/extensions/ms-python.vscode-pylance-2025.2.1/dist (index)
2025-03-05 09:56:25.568 [info] [Info  - 9:56:25 AM] (3001) Indexing(8) started
2025-03-05 09:56:25.796 [info] [Info  - 9:56:25 AM] (3001) scanned(8) 98 files over 1 exec env
2025-03-05 09:56:25.935 [info] [Info  - 9:56:25 AM] (3001) indexed(8) 98 files over 1 exec env
2025-03-05 09:56:25.957 [info] [Info  - 9:56:25 AM] (3001) Indexing finished(8).
2025-03-05 10:29:58.840 [info] [Info  - 10:29:58 AM] (3001) Setting environmentName for service "kraoshin": "3.12.3 (.venv venv)"
2025-03-05 10:29:58.842 [info] [Info  - 10:29:58 AM] (3001) Setting pythonPath for service "kraoshin": "/home/kraoshin/.venv/bin/python"
2025-03-05 10:29:58.842 [info] [Info  - 10:29:58 AM] (3001) No include entries specified; assuming /home/kraoshin
2025-03-05 10:29:58.843 [info] [Info  - 10:29:58 AM] (3001) Auto-excluding **/node_modules
2025-03-05 10:29:58.843 [info] [Info  - 10:29:58 AM] (3001) Auto-excluding **/__pycache__
2025-03-05 10:29:58.846 [info] [Info  - 10:29:58 AM] (3001) Auto-excluding **/.*
2025-03-05 10:29:58.855 [info] [Info  - 10:29:58 AM] (3001) Assuming Python version 3.12.3.final.0
2025-03-05 10:29:58.886 [info] [Info  - 10:29:58 AM] (3001) Auto-excluding /home/kraoshin/holbertonschool-hbnb
2025-03-05 10:29:58.891 [info] [Info  - 10:29:58 AM] (3001) Auto-excluding /home/kraoshin/venv
2025-03-05 10:29:58.896 [info] [Info  - 10:29:58 AM] (3001) Found 129 source files
2025-03-05 10:29:58.927 [info] [Info  - 10:29:58 AM] (3001) Setting environmentName for service "<default>": "3.12.3 (.venv venv)"
2025-03-05 10:29:58.928 [info] [Info  - 10:29:58 AM] (3001) Setting pythonPath for service "<default>": "/home/kraoshin/.venv/bin/python"
2025-03-05 10:29:58.928 [info] [Info  - 10:29:58 AM] (3001) No include entries specified; assuming /<default workspace root>
2025-03-05 10:29:58.928 [info] [Info  - 10:29:58 AM] (3001) Auto-excluding **/node_modules
2025-03-05 10:29:58.928 [info] [Info  - 10:29:58 AM] (3001) Auto-excluding **/__pycache__
2025-03-05 10:29:58.928 [info] [Info  - 10:29:58 AM] (3001) Auto-excluding **/.*
2025-03-05 10:29:58.944 [info] [Info  - 10:29:58 AM] (3001) Assuming Python version 3.12.3.final.0
2025-03-05 10:29:58.971 [info] [Error - 10:29:58 AM] (3001) File or directory "/<default workspace root>" does not exist.
2025-03-05 10:29:58.971 [info] [Info  - 10:29:58 AM] (3001) No source files found.
2025-03-05 10:29:58.983 [info] [Info  - 10:29:58 AM] (3001) Setting environmentName for service "<default>": "3.12.3 (.venv venv)"
2025-03-05 10:29:58.983 [info] [Info  - 10:29:58 AM] (3001) No include entries specified; assuming vscode-chat-code-block://23978650-1f36-4761-ac2c-1f0fc978c6ab/
2025-03-05 10:29:58.984 [info] [Info  - 10:29:58 AM] (3001) Auto-excluding **/node_modules
2025-03-05 10:29:58.985 [info] [Info  - 10:29:58 AM] (3001) Auto-excluding **/__pycache__
2025-03-05 10:29:58.985 [info] [Info  - 10:29:58 AM] (3001) Auto-excluding **/.*
2025-03-05 10:29:59.005 [info] [Info  - 10:29:59 AM] (3001) Assuming Python version 3.12.3.final.0
2025-03-05 10:29:59.033 [info] [Error - 10:29:59 AM] (3001) File or directory "vscode-chat-code-block://23978650-1f36-4761-ac2c-1f0fc978c6ab/" does not exist.
2025-03-05 10:29:59.033 [info] [Info  - 10:29:59 AM] (3001) No source files found.
2025-03-05 10:29:59.263 [info] [Info  - 10:29:59 AM] (3001) Indexer background runner(9) root directory: file:///home/kraoshin/.vscode-server/extensions/ms-python.vscode-pylance-2025.2.1/dist (index)
2025-03-05 10:29:59.263 [info] [Info  - 10:29:59 AM] (3001) Indexing(9) started
2025-03-05 10:29:59.428 [info] [Info  - 10:29:59 AM] (3001) scanned(9) 9 files over 1 exec env
2025-03-05 10:29:59.567 [info] [Info  - 10:29:59 AM] (3001) indexed(9) 9 files over 1 exec env
2025-03-05 10:29:59.571 [info] [Info  - 10:29:59 AM] (3001) Indexing finished(9).
2025-03-05 10:30:05.412 [info] [Info  - 10:30:05 AM] (3001) Indexer background runner(10) root directory: file:///home/kraoshin/.vscode-server/extensions/ms-python.vscode-pylance-2025.2.1/dist (refresh)
2025-03-05 10:30:05.412 [info] [Info  - 10:30:05 AM] (3001) Indexing(10) started
2025-03-05 10:30:08.084 [info] [Info  - 10:30:08 AM] (3001) [IDX(10)] Long operation: scan packages file:///home/kraoshin (2635ms)
2025-03-05 10:30:08.085 [info] [Info  - 10:30:08 AM] (3001) scanned(10) 58 files over 1 exec env
2025-03-05 10:30:08.461 [info] [Info  - 10:30:08 AM] (3001) indexed(10) 58 files over 1 exec env
2025-03-05 10:30:08.478 [info] [Info  - 10:30:08 AM] (3001) Indexing finished(10).
2025-03-05 10:30:22.660 [info] [Info  - 10:30:22 AM] (3001) Setting environmentName for service "kraoshin": "3.12.3 (global)"
2025-03-05 10:30:22.660 [info] [Info  - 10:30:22 AM] (3001) Setting pythonPath for service "kraoshin": "/bin/python3"
2025-03-05 10:30:22.660 [info] [Info  - 10:30:22 AM] (3001) No include entries specified; assuming /home/kraoshin
2025-03-05 10:30:22.660 [info] [Info  - 10:30:22 AM] (3001) Auto-excluding **/node_modules
2025-03-05 10:30:22.660 [info] [Info  - 10:30:22 AM] (3001) Auto-excluding **/__pycache__
2025-03-05 10:30:22.660 [info] [Info  - 10:30:22 AM] (3001) Auto-excluding **/.*
2025-03-05 10:30:22.676 [info] [Info  - 10:30:22 AM] (3001) Assuming Python version 3.12.3.final.0
2025-03-05 10:30:22.705 [info] [Info  - 10:30:22 AM] (3001) Auto-excluding /home/kraoshin/holbertonschool-hbnb
2025-03-05 10:30:22.711 [info] [Info  - 10:30:22 AM] (3001) Auto-excluding /home/kraoshin/venv
2025-03-05 10:30:22.718 [info] [Info  - 10:30:22 AM] (3001) Found 129 source files
2025-03-05 10:30:22.742 [info] [Info  - 10:30:22 AM] (3001) Setting environmentName for service "<default>": "3.12.3 (global)"
2025-03-05 10:30:22.742 [info] [Info  - 10:30:22 AM] (3001) Setting pythonPath for service "<default>": "/bin/python3"
2025-03-05 10:30:22.742 [info] [Info  - 10:30:22 AM] (3001) No include entries specified; assuming /<default workspace root>
2025-03-05 10:30:22.742 [info] [Info  - 10:30:22 AM] (3001) Auto-excluding **/node_modules
2025-03-05 10:30:22.742 [info] [Info  - 10:30:22 AM] (3001) Auto-excluding **/__pycache__
2025-03-05 10:30:22.742 [info] [Info  - 10:30:22 AM] (3001) Auto-excluding **/.*
2025-03-05 10:30:22.759 [info] [Info  - 10:30:22 AM] (3001) Assuming Python version 3.12.3.final.0
2025-03-05 10:30:22.791 [info] [Error - 10:30:22 AM] (3001) File or directory "/<default workspace root>" does not exist.
2025-03-05 10:30:22.792 [info] [Info  - 10:30:22 AM] (3001) No source files found.
2025-03-05 10:30:22.802 [info] [Info  - 10:30:22 AM] (3001) Setting environmentName for service "<default>": "3.12.3 (global)"
2025-03-05 10:30:22.802 [info] [Info  - 10:30:22 AM] (3001) No include entries specified; assuming vscode-chat-code-block://23978650-1f36-4761-ac2c-1f0fc978c6ab/
2025-03-05 10:30:22.802 [info] [Info  - 10:30:22 AM] (3001) Auto-excluding **/node_modules
2025-03-05 10:30:22.802 [info] [Info  - 10:30:22 AM] (3001) Auto-excluding **/__pycache__
2025-03-05 10:30:22.802 [info] [Info  - 10:30:22 AM] (3001) Auto-excluding **/.*
2025-03-05 10:30:22.820 [info] [Info  - 10:30:22 AM] (3001) Assuming Python version 3.12.3.final.0
2025-03-05 10:30:22.849 [info] [Error - 10:30:22 AM] (3001) File or directory "vscode-chat-code-block://23978650-1f36-4761-ac2c-1f0fc978c6ab/" does not exist.
2025-03-05 10:30:22.849 [info] [Info  - 10:30:22 AM] (3001) No source files found.
2025-03-05 10:30:23.082 [info] [Info  - 10:30:23 AM] (3001) Indexer background runner(11) root directory: file:///home/kraoshin/.vscode-server/extensions/ms-python.vscode-pylance-2025.2.1/dist (index)
2025-03-05 10:30:23.083 [info] [Info  - 10:30:23 AM] (3001) Indexing(11) started
2025-03-05 10:30:23.285 [info] [Info  - 10:30:23 AM] (3001) scanned(11) 98 files over 1 exec env
2025-03-05 10:30:23.440 [info] [Info  - 10:30:23 AM] (3001) indexed(11) 98 files over 1 exec env
2025-03-05 10:30:23.459 [info] [Info  - 10:30:23 AM] (3001) Indexing finished(11).
2025-03-05 10:32:45.409 [info] [Info  - 10:32:45 AM] (3001) Auto-excluding /home/kraoshin/holbertonschool-hbnb
2025-03-05 10:32:45.412 [info] [Info  - 10:32:45 AM] (3001) Auto-excluding /home/kraoshin/holbertonschool-higher_level_programming/python-object_relational_mapping/mon_env
2025-03-05 10:32:45.439 [info] [Info  - 10:32:45 AM] (3001) Auto-excluding /home/kraoshin/venv
2025-03-05 10:32:45.449 [info] [Info  - 10:32:45 AM] (3001) Found 129 source files
2025-03-05 10:35:27.221 [info] [Info  - 10:35:27 AM] (3001) Auto-excluding /home/kraoshin/holbertonschool-hbnb
2025-03-05 10:35:27.227 [info] [Info  - 10:35:27 AM] (3001) Auto-excluding /home/kraoshin/holbertonschool-higher_level_programming/python-object_relational_mapping/mon_env
2025-03-05 10:35:27.243 [info] [Info  - 10:35:27 AM] (3001) Auto-excluding /home/kraoshin/venv
2025-03-05 10:35:27.268 [info] [Info  - 10:35:27 AM] (3001) Found 129 source files
2025-03-05 10:39:58.921 [info] [Info  - 10:39:58 AM] (3001) Auto-excluding /home/kraoshin/holbertonschool-hbnb
2025-03-05 10:39:58.938 [info] [Info  - 10:39:58 AM] (3001) Auto-excluding /home/kraoshin/venv
2025-03-05 10:39:58.964 [info] [Info  - 10:39:58 AM] (3001) Found 130 source files
2025-03-05 11:08:24.541 [info] [Info  - 11:08:24 AM] (3001) Auto-excluding /home/kraoshin/holbertonschool-hbnb
2025-03-05 11:08:24.543 [info] [Info  - 11:08:24 AM] (3001) Auto-excluding /home/kraoshin/holbertonschool-higher_level_programming/python-object_relational_mapping/venv
2025-03-05 11:08:24.558 [info] [Info  - 11:08:24 AM] (3001) Auto-excluding /home/kraoshin/venv
2025-03-05 11:08:24.574 [info] [Info  - 11:08:24 AM] (3001) Found 130 source files
2025-03-05 11:14:51.373 [info] [Info  - 11:14:51 AM] (3001) Auto-excluding /home/kraoshin/holbertonschool-hbnb
2025-03-05 11:14:51.376 [info] [Info  - 11:14:51 AM] (3001) Auto-excluding /home/kraoshin/holbertonschool-higher_level_programming/python-object_relational_mapping/venv
2025-03-05 11:14:51.391 [info] [Info  - 11:14:51 AM] (3001) Auto-excluding /home/kraoshin/venv
2025-03-05 11:14:51.419 [info] [Info  - 11:14:51 AM] (3001) Found 131 source files
2025-03-05 11:26:56.442 [info] [Info  - 11:26:56 AM] (3001) Auto-excluding /home/kraoshin/holbertonschool-hbnb
2025-03-05 11:26:56.445 [info] [Info  - 11:26:56 AM] (3001) Auto-excluding /home/kraoshin/holbertonschool-higher_level_programming/python-object_relational_mapping/venv
2025-03-05 11:26:56.461 [info] [Info  - 11:26:56 AM] (3001) Auto-excluding /home/kraoshin/venv
2025-03-05 11:26:56.492 [info] [Info  - 11:26:56 AM] (3001) Found 132 source files
2025-03-05 11:30:47.287 [info] [Info  - 11:30:47 AM] (3001) Auto-excluding /home/kraoshin/holbertonschool-hbnb
2025-03-05 11:30:47.290 [info] [Info  - 11:30:47 AM] (3001) Auto-excluding /home/kraoshin/holbertonschool-higher_level_programming/python-object_relational_mapping/venv
2025-03-05 11:30:47.306 [info] [Info  - 11:30:47 AM] (3001) Auto-excluding /home/kraoshin/venv
2025-03-05 11:30:47.336 [info] [Info  - 11:30:47 AM] (3001) Found 133 source files
2025-03-05 11:40:32.538 [info] [Info  - 11:40:32 AM] (3001) Auto-excluding /home/kraoshin/holbertonschool-hbnb
2025-03-05 11:40:32.541 [info] [Info  - 11:40:32 AM] (3001) Auto-excluding /home/kraoshin/holbertonschool-higher_level_programming/python-object_relational_mapping/venv
2025-03-05 11:40:32.546 [info] [Info  - 11:40:32 AM] (3001) Auto-excluding /home/kraoshin/venv
2025-03-05 11:40:32.563 [info] [Info  - 11:40:32 AM] (3001) Found 134 source files
2025-03-05 12:52:26.092 [info] [Info  - 12:52:26 PM] (3001) Auto-excluding /home/kraoshin/holbertonschool-hbnb
2025-03-05 12:52:26.100 [info] [Info  - 12:52:26 PM] (3001) Auto-excluding /home/kraoshin/holbertonschool-higher_level_programming/python-object_relational_mapping/venv
2025-03-05 12:52:26.119 [info] [Info  - 12:52:26 PM] (3001) Auto-excluding /home/kraoshin/venv
2025-03-05 12:52:26.143 [info] [Info  - 12:52:26 PM] (3001) Found 135 source files
2025-03-05 12:59:16.417 [info] [Info  - 12:59:16 PM] (3001) Auto-excluding /home/kraoshin/holbertonschool-hbnb
2025-03-05 12:59:16.420 [info] [Info  - 12:59:16 PM] (3001) Auto-excluding /home/kraoshin/holbertonschool-higher_level_programming/python-object_relational_mapping/venv
2025-03-05 12:59:16.435 [info] [Info  - 12:59:16 PM] (3001) Auto-excluding /home/kraoshin/venv
2025-03-05 12:59:16.468 [info] [Info  - 12:59:16 PM] (3001) Found 136 source files
2025-03-05 13:29:17.556 [info] [Info  - 1:29:17 PM] (3001) Auto-excluding /home/kraoshin/holbertonschool-hbnb
2025-03-05 13:29:17.560 [info] [Info  - 1:29:17 PM] (3001) Auto-excluding /home/kraoshin/holbertonschool-higher_level_programming/python-object_relational_mapping/venv
2025-03-05 13:29:17.576 [info] [Info  - 1:29:17 PM] (3001) Auto-excluding /home/kraoshin/venv
2025-03-05 13:29:17.598 [info] [Info  - 1:29:17 PM] (3001) Found 137 source files
