2025-03-05 09:31:30.958 [info] Experiment 'pythonaacf' is active
2025-03-05 09:31:30.958 [info] Experiment 'pythonRecommendTensorboardExt' is active
2025-03-05 09:31:30.958 [info] Experiment 'pythonSurveyNotification' is active
2025-03-05 09:31:30.958 [info] Experiment 'pythonTerminalEnvVarActivation' is active
2025-03-05 09:31:30.958 [info] Experiment 'pythonTestAdapter' is active
2025-03-05 09:31:30.958 [info] Native locator: Refresh started
2025-03-05 09:31:30.958 [info] Native locator: Refresh started
2025-03-05 09:31:30.963 [info] > pyenv which python
2025-03-05 09:31:30.963 [info] cwd: .
2025-03-05 09:31:30.976 [info] Python interpreter path: ./holbertonschool-hbnb/part2/venv/bin/python
2025-03-05 09:31:33.834 [info] Native locator: Refresh finished in 3312 ms
2025-03-05 09:31:42.922 [info] Starting Pylance language server.
2025-03-05 09:55:06.556 [info] Native locator: Refresh started
2025-03-05 09:55:09.382 [info] Native locator: Refresh finished in 2826 ms
2025-03-05 09:55:09.382 [info] Discover tests for workspace name: kraoshin - uri: /home/kraoshin
2025-03-05 09:55:09.383 [info] Discover tests for workspace name: kraoshin - uri: /home/kraoshin
2025-03-05 09:55:15.186 [info] Native locator: Refresh started
2025-03-05 09:55:15.802 [info] Native locator: Refresh started
2025-03-05 09:55:17.831 [info] Native locator: Refresh finished in 2645 ms
2025-03-05 09:55:18.090 [info] Selected workspace /home/kraoshin for creating virtual environment.
2025-03-05 09:55:18.092 [info] Native locator: Refresh started
2025-03-05 09:55:20.630 [info] Native locator: Refresh finished in 2539 ms
2025-03-05 09:55:24.100 [info] Selected interpreter /bin/python3 for creating virtual environment.
2025-03-05 09:55:32.736 [info] Running Env creation script:  [
  '/bin/python3',
  '/home/kraoshin/.vscode-server/extensions/ms-python.python-2025.0.0-linux-x64/python_files/create_venv.py',
  '--git-ignore'
]
2025-03-05 09:55:32.736 [info] > /bin/python3 ./.vscode-server/extensions/ms-python.python-2025.0.0-linux-x64/python_files/create_venv.py --git-ignore
2025-03-05 09:55:32.736 [info] cwd: .
2025-03-05 09:55:32.841 [info] Running: /bin/python3 -m venv .venv
2025-03-05 09:55:34.874 [info] CREATED_VENV:/home/kraoshin/.venv/bin/python
2025-03-05 09:55:34.874 [info] Creating: /home/kraoshin/.venv/.gitignore
CREATE_VENV.UPGRADING_PIP
Running: /home/kraoshin/.venv/bin/python -m pip install --upgrade pip
2025-03-05 09:55:35.087 [info] Requirement already satisfied: pip in ./.venv/lib/python3.12/site-packages (24.0)
2025-03-05 09:55:35.212 [info] Collecting pip
2025-03-05 09:55:35.307 [info]   Downloading pip-25.0.1-py3-none-any.whl.metadata (3.7 kB)
2025-03-05 09:55:35.336 [info] Downloading pip-25.0.1-py3-none-any.whl (1.8 MB)
2025-03-05 09:55:35.462 [info]    ━━━━━━━━━━━━━━━━━━━━━━━━━━━━━━━━━━━━━━━━ 1.8/1.8 MB 17.5 MB/s eta 0:00:00
2025-03-05 09:55:35.462 [info] 
2025-03-05 09:55:35.469 [info] Installing collected packages: pip
2025-03-05 09:55:35.469 [info]   Attempting uninstall: pip
2025-03-05 09:55:35.471 [info]     Found existing installation: pip 24.0
2025-03-05 09:55:35.490 [info]     Uninstalling pip-24.0:
2025-03-05 09:55:35.494 [info]       Successfully uninstalled pip-24.0
2025-03-05 09:55:36.108 [info] Successfully installed pip-25.0.1
2025-03-05 09:55:36.191 [info] CREATE_VENV.UPGRADED_PIP
2025-03-05 09:55:36.299 [info] Discover tests for workspace name: kraoshin - uri: /home/kraoshin
2025-03-05 09:55:36.299 [info] Python interpreter path: ./.venv/bin/python
2025-03-05 09:55:42.701 [info] Native locator: Refresh started
2025-03-05 09:55:45.234 [info] Native locator: Refresh finished in 2532 ms
2025-03-05 09:55:46.770 [info] Selected workspace /home/kraoshin for creating virtual environment.
2025-03-05 09:55:50.263 [info] Selected interpreter /home/kraoshin/.venv/bin/python for creating virtual environment.
2025-03-05 09:55:53.312 [info] Native locator: Refresh started
2025-03-05 09:55:55.813 [info] Native locator: Refresh finished in 2501 ms
2025-03-05 09:56:00.248 [info] Selected workspace /home/kraoshin for creating virtual environment.
2025-03-05 09:56:00.793 [info] Native locator: Refresh started
2025-03-05 09:56:03.045 [info] Native locator: Refresh finished in 2253 ms
2025-03-05 09:56:04.518 [info] Selected interpreter /usr/bin/python3 for creating virtual environment.
2025-03-05 09:56:08.282 [info] Deleted venv dir: /home/kraoshin/.venv
2025-03-05 09:56:08.287 [info] Running Env creation script:  [
  '/usr/bin/python3',
  '/home/kraoshin/.vscode-server/extensions/ms-python.python-2025.0.0-linux-x64/python_files/create_venv.py',
  '--git-ignore'
]
2025-03-05 09:56:08.287 [info] > /usr/bin/python3 ./.vscode-server/extensions/ms-python.python-2025.0.0-linux-x64/python_files/create_venv.py --git-ignore
2025-03-05 09:56:08.287 [info] cwd: .
2025-03-05 09:56:08.354 [info] Running: /usr/bin/python3 -m venv .venv
2025-03-05 09:56:10.210 [info] CREATED_VENV:/home/kraoshin/.venv/bin/python
2025-03-05 09:56:10.211 [info] Creating: /home/kraoshin/.venv/.gitignore
CREATE_VENV.UPGRADING_PIP
Running: /home/kraoshin/.venv/bin/python -m pip install --upgrade pip
2025-03-05 09:56:10.414 [info] Requirement already satisfied: pip in ./.venv/lib/python3.12/site-packages (24.0)
2025-03-05 09:56:10.522 [info] Collecting pip
2025-03-05 09:56:10.523 [info]   Using cached pip-25.0.1-py3-none-any.whl.metadata (3.7 kB)
2025-03-05 09:56:10.526 [info] Using cached pip-25.0.1-py3-none-any.whl (1.8 MB)
2025-03-05 09:56:10.552 [info] Installing collected packages: pip
2025-03-05 09:56:10.553 [info]   Attempting uninstall: pip
2025-03-05 09:56:10.554 [info]     Found existing installation: pip 24.0
2025-03-05 09:56:10.573 [info]     Uninstalling pip-24.0:
2025-03-05 09:56:10.578 [info]       Successfully uninstalled pip-24.0
2025-03-05 09:56:11.191 [info] Successfully installed pip-25.0.1
2025-03-05 09:56:11.272 [info] CREATE_VENV.UPGRADED_PIP
2025-03-05 09:56:17.031 [info] Native locator: Refresh started
2025-03-05 09:56:19.577 [info] Native locator: Refresh finished in 2545 ms
2025-03-05 09:56:25.109 [info] Discover tests for workspace name: kraoshin - uri: /home/kraoshin
2025-03-05 09:56:25.109 [info] Python interpreter path: /bin/python3
2025-03-05 09:56:30.741 [info] Native locator: Refresh started
2025-03-05 09:56:31.508 [info] Native locator: Refresh started
2025-03-05 09:56:33.286 [info] Native locator: Refresh finished in 2545 ms
2025-03-05 09:56:47.902 [info] Native locator: Refresh started
2025-03-05 09:56:50.385 [info] Native locator: Refresh finished in 2483 ms
2025-03-05 09:56:51.481 [info] Native locator: Refresh started
2025-03-05 09:56:51.620 [info] Native locator: Refresh started
2025-03-05 09:56:52.049 [info] Native locator: Refresh started
2025-03-05 09:56:53.981 [info] Native locator: Refresh finished in 2501 ms
2025-03-05 10:28:11.041 [info] Discover tests for workspace name: kraoshin - uri: /home/kraoshin/holbertonschool-higher_level_programming/python-object_relational_mapping/0-select_states.py
2025-03-05 10:28:31.791 [info] Discover tests for workspace name: kraoshin - uri: /home/kraoshin/holbertonschool-higher_level_programming/python-object_relational_mapping/0-select_states.py
2025-03-05 10:29:38.173 [info] Native locator: Refresh started
2025-03-05 10:29:40.335 [info] Selected workspace /home/kraoshin for creating virtual environment.
2025-03-05 10:29:40.764 [info] Native locator: Refresh finished in 2591 ms
2025-03-05 10:29:41.854 [info] Native locator: Refresh started
2025-03-05 10:29:44.300 [info] Selected interpreter /usr/bin/python3 for creating virtual environment.
2025-03-05 10:29:44.361 [info] Native locator: Refresh finished in 2507 ms
2025-03-05 10:29:51.338 [info] Deleted venv dir: /home/kraoshin/.venv
2025-03-05 10:29:51.343 [info] Running Env creation script:  [
  '/usr/bin/python3',
  '/home/kraoshin/.vscode-server/extensions/ms-python.python-2025.0.0-linux-x64/python_files/create_venv.py',
  '--git-ignore',
  '--requirements',
  '/home/kraoshin/holbertonschool-hbnb/part2/requirements.txt',
  '--requirements',
  '/home/kraoshin/.vscode-server/extensions/ms-python.python-2025.0.0-linux-x64/requirements.txt',
  '--requirements',
  '/home/kraoshin/.vscode-server/extensions/ms-python.python-2025.0.0-linux-x64/python_files/jedilsp_requirements/requirements.txt'
]
2025-03-05 10:29:51.343 [info] > /usr/bin/python3 ./.vscode-server/extensions/ms-python.python-2025.0.0-linux-x64/python_files/create_venv.py --git-ignore --requirements ./holbertonschool-hbnb/part2/requirements.txt --requirements ./.vscode-server/extensions/ms-python.python-2025.0.0-linux-x64/requirements.txt --requirements ./.vscode-server/extensions/ms-python.python-2025.0.0-linux-x64/python_files/jedilsp_requirements/requirements.txt
2025-03-05 10:29:51.343 [info] cwd: .
2025-03-05 10:29:51.445 [info] Running: /usr/bin/python3 -m venv .venv
2025-03-05 10:29:53.326 [info] CREATED_VENV:/home/kraoshin/.venv/bin/python
2025-03-05 10:29:53.326 [info] Creating: /home/kraoshin/.venv/.gitignore
CREATE_VENV.UPGRADING_PIP
Running: /home/kraoshin/.venv/bin/python -m pip install --upgrade pip
2025-03-05 10:29:53.523 [info] Requirement already satisfied: pip in ./.venv/lib/python3.12/site-packages (24.0)
2025-03-05 10:29:53.648 [info] Collecting pip
2025-03-05 10:29:53.650 [info]   Using cached pip-25.0.1-py3-none-any.whl.metadata (3.7 kB)
2025-03-05 10:29:53.653 [info] Using cached pip-25.0.1-py3-none-any.whl (1.8 MB)
2025-03-05 10:29:53.678 [info] Installing collected packages: pip
2025-03-05 10:29:53.678 [info]   Attempting uninstall: pip
2025-03-05 10:29:53.679 [info]     Found existing installation: pip 24.0
2025-03-05 10:29:53.698 [info]     Uninstalling pip-24.0:
2025-03-05 10:29:53.702 [info]       Successfully uninstalled pip-24.0
2025-03-05 10:29:54.279 [info] Successfully installed pip-25.0.1
2025-03-05 10:29:54.337 [info] CREATE_VENV.UPGRADED_PIP
VENV_INSTALLING_REQUIREMENTS: ['/home/kraoshin/holbertonschool-hbnb/part2/requirements.txt', '/home/kraoshin/.vscode-server/extensions/ms-python.python-2025.0.0-linux-x64/requirements.txt', '/home/kraoshin/.vscode-server/extensions/ms-python.python-2025.0.0-linux-x64/python_files/jedilsp_requirements/requirements.txt']
VENV_INSTALLING_REQUIREMENTS: /home/kraoshin/holbertonschool-hbnb/part2/requirements.txt
Running: /home/kraoshin/.venv/bin/python -m pip install -r /home/kraoshin/holbertonschool-hbnb/part2/requirements.txt
2025-03-05 10:29:54.662 [info] Collecting flask (from -r /home/kraoshin/holbertonschool-hbnb/part2/requirements.txt (line 1))
2025-03-05 10:29:54.663 [info]   Using cached flask-3.1.0-py3-none-any.whl.metadata (2.7 kB)
2025-03-05 10:29:54.690 [info] Collecting flask-restx (from -r /home/kraoshin/holbertonschool-hbnb/part2/requirements.txt (line 2))
2025-03-05 10:29:54.692 [info]   Using cached flask_restx-1.3.0-py2.py3-none-any.whl.metadata (9.3 kB)
2025-03-05 10:29:54.724 [info] Collecting Werkzeug>=3.1 (from flask->-r /home/kraoshin/holbertonschool-hbnb/part2/requirements.txt (line 1))
2025-03-05 10:29:54.725 [info]   Using cached werkzeug-3.1.3-py3-none-any.whl.metadata (3.7 kB)
2025-03-05 10:29:54.750 [info] Collecting Jinja2>=3.1.2 (from flask->-r /home/kraoshin/holbertonschool-hbnb/part2/requirements.txt (line 1))
2025-03-05 10:29:54.752 [info]   Using cached jinja2-3.1.5-py3-none-any.whl.metadata (2.6 kB)
2025-03-05 10:29:54.778 [info] Collecting itsdangerous>=2.2 (from flask->-r /home/kraoshin/holbertonschool-hbnb/part2/requirements.txt (line 1))
2025-03-05 10:29:54.780 [info]   Using cached itsdangerous-2.2.0-py3-none-any.whl.metadata (1.9 kB)
2025-03-05 10:29:54.805 [info] Collecting click>=8.1.3 (from flask->-r /home/kraoshin/holbertonschool-hbnb/part2/requirements.txt (line 1))
2025-03-05 10:29:54.806 [info]   Using cached click-8.1.8-py3-none-any.whl.metadata (2.3 kB)
2025-03-05 10:29:54.830 [info] Collecting blinker>=1.9 (from flask->-r /home/kraoshin/holbertonschool-hbnb/part2/requirements.txt (line 1))
2025-03-05 10:29:54.832 [info]   Using cached blinker-1.9.0-py3-none-any.whl.metadata (1.6 kB)
2025-03-05 10:29:54.860 [info] Collecting aniso8601>=0.82 (from flask-restx->-r /home/kraoshin/holbertonschool-hbnb/part2/requirements.txt (line 2))
2025-03-05 10:29:54.861 [info]   Using cached aniso8601-10.0.0-py2.py3-none-any.whl.metadata (23 kB)
2025-03-05 10:29:54.891 [info] Collecting jsonschema (from flask-restx->-r /home/kraoshin/holbertonschool-hbnb/part2/requirements.txt (line 2))
2025-03-05 10:29:54.893 [info]   Using cached jsonschema-4.23.0-py3-none-any.whl.metadata (7.9 kB)
2025-03-05 10:29:54.934 [info] Collecting pytz (from flask-restx->-r /home/kraoshin/holbertonschool-hbnb/part2/requirements.txt (line 2))
2025-03-05 10:29:54.935 [info]   Using cached pytz-2025.1-py2.py3-none-any.whl.metadata (22 kB)
2025-03-05 10:29:55.044 [info] Collecting importlib-resources (from flask-restx->-r /home/kraoshin/holbertonschool-hbnb/part2/requirements.txt (line 2))
2025-03-05 10:29:55.046 [info]   Using cached importlib_resources-6.5.2-py3-none-any.whl.metadata (3.9 kB)
2025-03-05 10:29:55.084 [info] Collecting MarkupSafe>=2.0 (from Jinja2>=3.1.2->flask->-r /home/kraoshin/holbertonschool-hbnb/part2/requirements.txt (line 1))
2025-03-05 10:29:55.085 [info]   Using cached MarkupSafe-3.0.2-cp312-cp312-manylinux_2_17_x86_64.manylinux2014_x86_64.whl.metadata (4.0 kB)
2025-03-05 10:29:55.113 [info] Collecting attrs>=22.2.0 (from jsonschema->flask-restx->-r /home/kraoshin/holbertonschool-hbnb/part2/requirements.txt (line 2))
2025-03-05 10:29:55.114 [info]   Using cached attrs-25.1.0-py3-none-any.whl.metadata (10 kB)
2025-03-05 10:29:55.143 [info] Collecting jsonschema-specifications>=2023.03.6 (from jsonschema->flask-restx->-r /home/kraoshin/holbertonschool-hbnb/part2/requirements.txt (line 2))
2025-03-05 10:29:55.144 [info]   Using cached jsonschema_specifications-2024.10.1-py3-none-any.whl.metadata (3.0 kB)
2025-03-05 10:29:55.175 [info] Collecting referencing>=0.28.4 (from jsonschema->flask-restx->-r /home/kraoshin/holbertonschool-hbnb/part2/requirements.txt (line 2))
2025-03-05 10:29:55.177 [info]   Using cached referencing-0.36.2-py3-none-any.whl.metadata (2.8 kB)
2025-03-05 10:29:55.278 [info] Collecting rpds-py>=0.7.1 (from jsonschema->flask-restx->-r /home/kraoshin/holbertonschool-hbnb/part2/requirements.txt (line 2))
2025-03-05 10:29:55.280 [info]   Using cached rpds_py-0.23.1-cp312-cp312-manylinux_2_17_x86_64.manylinux2014_x86_64.whl.metadata (4.1 kB)
2025-03-05 10:29:55.383 [info] Collecting typing-extensions>=4.4.0 (from referencing>=0.28.4->jsonschema->flask-restx->-r /home/kraoshin/holbertonschool-hbnb/part2/requirements.txt (line 2))
2025-03-05 10:29:55.384 [info]   Using cached typing_extensions-4.12.2-py3-none-any.whl.metadata (3.0 kB)
2025-03-05 10:29:55.387 [info] Using cached flask-3.1.0-py3-none-any.whl (102 kB)
2025-03-05 10:29:55.388 [info] Using cached flask_restx-1.3.0-py2.py3-none-any.whl (2.8 MB)
2025-03-05 10:29:55.394 [info] Using cached aniso8601-10.0.0-py2.py3-none-any.whl (52 kB)
2025-03-05 10:29:55.396 [info] Using cached blinker-1.9.0-py3-none-any.whl (8.5 kB)
2025-03-05 10:29:55.397 [info] Using cached click-8.1.8-py3-none-any.whl (98 kB)
2025-03-05 10:29:55.398 [info] Using cached itsdangerous-2.2.0-py3-none-any.whl (16 kB)
2025-03-05 10:29:55.399 [info] Using cached jinja2-3.1.5-py3-none-any.whl (134 kB)
2025-03-05 10:29:55.401 [info] Using cached werkzeug-3.1.3-py3-none-any.whl (224 kB)
2025-03-05 10:29:55.402 [info] Using cached importlib_resources-6.5.2-py3-none-any.whl (37 kB)
2025-03-05 10:29:55.403 [info] Using cached jsonschema-4.23.0-py3-none-any.whl (88 kB)
2025-03-05 10:29:55.405 [info] Using cached pytz-2025.1-py2.py3-none-any.whl (507 kB)
2025-03-05 10:29:55.407 [info] Using cached attrs-25.1.0-py3-none-any.whl (63 kB)
2025-03-05 10:29:55.408 [info] Using cached jsonschema_specifications-2024.10.1-py3-none-any.whl (18 kB)
2025-03-05 10:29:55.409 [info] Using cached MarkupSafe-3.0.2-cp312-cp312-manylinux_2_17_x86_64.manylinux2014_x86_64.whl (23 kB)
2025-03-05 10:29:55.410 [info] Using cached referencing-0.36.2-py3-none-any.whl (26 kB)
2025-03-05 10:29:55.411 [info] Using cached rpds_py-0.23.1-cp312-cp312-manylinux_2_17_x86_64.manylinux2014_x86_64.whl (391 kB)
2025-03-05 10:29:55.413 [info] Using cached typing_extensions-4.12.2-py3-none-any.whl (37 kB)
2025-03-05 10:29:55.437 [info] Installing collected packages: pytz, aniso8601, typing-extensions, rpds-py, MarkupSafe, itsdangerous, importlib-resources, click, blinker, attrs, Werkzeug, referencing, Jinja2, jsonschema-specifications, flask, jsonschema, flask-restx
2025-03-05 10:29:55.973 [info] Successfully installed Jinja2-3.1.5 MarkupSafe-3.0.2 Werkzeug-3.1.3 aniso8601-10.0.0 attrs-25.1.0 blinker-1.9.0 click-8.1.8 flask-3.1.0 flask-restx-1.3.0 importlib-resources-6.5.2 itsdangerous-2.2.0 jsonschema-4.23.0 jsonschema-specifications-2024.10.1 pytz-2025.1 referencing-0.36.2 rpds-py-0.23.1 typing-extensions-4.12.2
2025-03-05 10:29:56.161 [info] VENV_INSTALLING_REQUIREMENTS: /home/kraoshin/.vscode-server/extensions/ms-python.python-2025.0.0-linux-x64/requirements.txt
Running: /home/kraoshin/.venv/bin/python -m pip install -r /home/kraoshin/.vscode-server/extensions/ms-python.python-2025.0.0-linux-x64/requirements.txt
2025-03-05 10:29:56.485 [info] Collecting importlib-metadata==8.5.0 (from -r /home/kraoshin/.vscode-server/extensions/ms-python.python-2025.0.0-linux-x64/requirements.txt (line 3))
2025-03-05 10:29:56.577 [info]   Downloading importlib_metadata-8.5.0-py3-none-any.whl (26 kB)
2025-03-05 10:29:56.682 [info] Collecting microvenv==2023.5.post1 (from -r /home/kraoshin/.vscode-server/extensions/ms-python.python-2025.0.0-linux-x64/requirements.txt (line 7))
2025-03-05 10:29:56.702 [info]   Downloading microvenv-2023.5.post1-py3-none-any.whl (8.2 kB)
2025-03-05 10:29:56.733 [info] Collecting packaging==24.2 (from -r /home/kraoshin/.vscode-server/extensions/ms-python.python-2025.0.0-linux-x64/requirements.txt (line 11))
2025-03-05 10:29:56.753 [info]   Downloading packaging-24.2-py3-none-any.whl (65 kB)
2025-03-05 10:29:56.799 [info] Collecting tomli==2.2.1 (from -r /home/kraoshin/.vscode-server/extensions/ms-python.python-2025.0.0-linux-x64/requirements.txt (line 15))
2025-03-05 10:29:56.823 [info]   Downloading tomli-2.2.1-cp312-cp312-manylinux_2_17_x86_64.manylinux2014_x86_64.whl (242 kB)
2025-03-05 10:29:56.850 [info] Requirement already satisfied: typing-extensions==4.12.2 in ./.venv/lib/python3.12/site-packages (from -r /home/kraoshin/.vscode-server/extensions/ms-python.python-2025.0.0-linux-x64/requirements.txt (line 49)) (4.12.2)
2025-03-05 10:29:56.875 [info] Collecting zipp==3.20.2 (from -r /home/kraoshin/.vscode-server/extensions/ms-python.python-2025.0.0-linux-x64/requirements.txt (line 53))
2025-03-05 10:29:56.894 [info]   Downloading zipp-3.20.2-py3-none-any.whl (9.2 kB)
2025-03-05 10:29:56.917 [info] Installing collected packages: zipp, tomli, packaging, microvenv, importlib-metadata
2025-03-05 10:29:56.988 [info] Successfully installed importlib-metadata-8.5.0 microvenv-2023.5.post1 packaging-24.2 tomli-2.2.1 zipp-3.20.2
2025-03-05 10:29:57.051 [info] VENV_INSTALLING_REQUIREMENTS: /home/kraoshin/.vscode-server/extensions/ms-python.python-2025.0.0-linux-x64/python_files/jedilsp_requirements/requirements.txt
Running: /home/kraoshin/.venv/bin/python -m pip install -r /home/kraoshin/.vscode-server/extensions/ms-python.python-2025.0.0-linux-x64/python_files/jedilsp_requirements/requirements.txt
2025-03-05 10:29:57.360 [info] Collecting attrs==24.2.0 (from -r /home/kraoshin/.vscode-server/extensions/ms-python.python-2025.0.0-linux-x64/python_files/jedilsp_requirements/requirements.txt (line 3))
2025-03-05 10:29:57.429 [info]   Downloading attrs-24.2.0-py3-none-any.whl (63 kB)
2025-03-05 10:29:57.551 [info] Collecting cattrs==24.1.2 (from -r /home/kraoshin/.vscode-server/extensions/ms-python.python-2025.0.0-linux-x64/python_files/jedilsp_requirements/requirements.txt (line 9))
2025-03-05 10:29:57.568 [info]   Downloading cattrs-24.1.2-py3-none-any.whl (66 kB)
2025-03-05 10:29:57.602 [info] Collecting docstring-to-markdown==0.15 (from -r /home/kraoshin/.vscode-server/extensions/ms-python.python-2025.0.0-linux-x64/python_files/jedilsp_requirements/requirements.txt (line 16))
2025-03-05 10:29:57.619 [info]   Downloading docstring_to_markdown-0.15-py3-none-any.whl (21 kB)
2025-03-05 10:29:57.652 [info] Collecting exceptiongroup==1.2.2 (from -r /home/kraoshin/.vscode-server/extensions/ms-python.python-2025.0.0-linux-x64/python_files/jedilsp_requirements/requirements.txt (line 20))
2025-03-05 10:29:57.670 [info]   Downloading exceptiongroup-1.2.2-py3-none-any.whl (16 kB)
2025-03-05 10:29:57.702 [info] Collecting jedi==0.19.2 (from -r /home/kraoshin/.vscode-server/extensions/ms-python.python-2025.0.0-linux-x64/python_files/jedilsp_requirements/requirements.txt (line 24))
2025-03-05 10:29:57.720 [info]   Downloading jedi-0.19.2-py2.py3-none-any.whl (1.6 MB)
2025-03-05 10:29:57.777 [info]      ━━━━━━━━━━━━━━━━━━━━━━━━━━━━━━━━━━━━━━━━ 1.6/1.6 MB 34.9 MB/s eta 0:00:00
2025-03-05 10:29:57.777 [info] 
2025-03-05 10:29:57.890 [info] Collecting jedi-language-server==0.42.0 (from -r /home/kraoshin/.vscode-server/extensions/ms-python.python-2025.0.0-linux-x64/python_files/jedilsp_requirements/requirements.txt (line 28))
2025-03-05 10:29:57.911 [info]   Downloading jedi_language_server-0.42.0-py3-none-any.whl (27 kB)
2025-03-05 10:29:57.937 [info] Collecting lsprotocol==2023.0.1 (from -r /home/kraoshin/.vscode-server/extensions/ms-python.python-2025.0.0-linux-x64/python_files/jedilsp_requirements/requirements.txt (line 32))
2025-03-05 10:29:57.955 [info]   Downloading lsprotocol-2023.0.1-py3-none-any.whl (70 kB)
2025-03-05 10:29:57.986 [info] Collecting parso==0.8.4 (from -r /home/kraoshin/.vscode-server/extensions/ms-python.python-2025.0.0-linux-x64/python_files/jedilsp_requirements/requirements.txt (line 38))
2025-03-05 10:29:58.000 [info]   Downloading parso-0.8.4-py2.py3-none-any.whl (103 kB)
2025-03-05 10:29:58.032 [info] Collecting pygls==1.3.1 (from -r /home/kraoshin/.vscode-server/extensions/ms-python.python-2025.0.0-linux-x64/python_files/jedilsp_requirements/requirements.txt (line 42))
2025-03-05 10:29:58.049 [info]   Downloading pygls-1.3.1-py3-none-any.whl (56 kB)
2025-03-05 10:29:58.055 [info] Requirement already satisfied: typing-extensions==4.12.2 in ./.venv/lib/python3.12/site-packages (from -r /home/kraoshin/.vscode-server/extensions/ms-python.python-2025.0.0-linux-x64/python_files/jedilsp_requirements/requirements.txt (line 48)) (4.12.2)
2025-03-05 10:29:58.111 [info] Installing collected packages: parso, exceptiongroup, docstring-to-markdown, attrs, jedi, cattrs, lsprotocol, pygls, jedi-language-server
2025-03-05 10:29:58.175 [info]   Attempting uninstall: attrs
2025-03-05 10:29:58.177 [info]     Found existing installation: attrs 25.1.0
2025-03-05 10:29:58.179 [info]     Uninstalling attrs-25.1.0:
2025-03-05 10:29:58.180 [info]       Successfully uninstalled attrs-25.1.0
2025-03-05 10:29:58.618 [info] Successfully installed attrs-24.2.0 cattrs-24.1.2 docstring-to-markdown-0.15 exceptiongroup-1.2.2 jedi-0.19.2 jedi-language-server-0.42.0 lsprotocol-2023.0.1 parso-0.8.4 pygls-1.3.1
2025-03-05 10:29:58.685 [info] CREATE_VENV.PIP_INSTALLED_REQUIREMENTS
2025-03-05 10:29:58.820 [info] Discover tests for workspace name: kraoshin - uri: /home/kraoshin
2025-03-05 10:29:58.820 [info] Python interpreter path: ./.venv/bin/python
2025-03-05 10:30:15.036 [info] Native locator: Refresh started
2025-03-05 10:30:17.382 [info] Native locator: Refresh finished in 2346 ms
2025-03-05 10:30:22.639 [info] Discover tests for workspace name: kraoshin - uri: /home/kraoshin
2025-03-05 10:30:22.639 [info] Python interpreter path: /bin/python3
2025-03-05 10:38:08.907 [info] Discover tests for workspace name: kraoshin - uri: /home/kraoshin/holbertonschool-higher_level_programming/python-object_relational_mapping/0-select_states.py
2025-03-05 10:45:30.823 [info] Discover tests for workspace name: kraoshin - uri: /home/kraoshin/holbertonschool-higher_level_programming/python-object_relational_mapping/1-filter_states.py
2025-03-05 10:45:33.485 [info] Discover tests for workspace name: kraoshin - uri: /home/kraoshin/holbertonschool-higher_level_programming/python-object_relational_mapping/1-filter_states.py
2025-03-05 10:46:49.564 [info] Discover tests for workspace name: kraoshin - uri: /home/kraoshin/holbertonschool-higher_level_programming/python-object_relational_mapping/1-filter_states.py
2025-03-05 10:51:56.728 [info] Discover tests for workspace name: kraoshin - uri: /home/kraoshin/holbertonschool-higher_level_programming/python-object_relational_mapping/1-filter_states.py
2025-03-05 10:56:10.664 [info] Discover tests for workspace name: kraoshin - uri: /home/kraoshin/holbertonschool-higher_level_programming/python-object_relational_mapping/1-filter_states.py
2025-03-05 11:10:40.917 [info] Discover tests for workspace name: kraoshin - uri: /home/kraoshin/holbertonschool-higher_level_programming/python-object_relational_mapping/1-filter_states.py
2025-03-05 11:10:43.632 [info] Discover tests for workspace name: kraoshin - uri: /home/kraoshin/holbertonschool-higher_level_programming/python-object_relational_mapping/1-filter_states.py
2025-03-05 11:11:03.957 [info] Discover tests for workspace name: kraoshin - uri: /home/kraoshin/holbertonschool-higher_level_programming/python-object_relational_mapping/1-filter_states.py
2025-03-05 11:15:55.283 [info] Discover tests for workspace name: kraoshin - uri: /home/kraoshin/holbertonschool-higher_level_programming/python-object_relational_mapping/2-my_filter_states.py
2025-03-05 11:15:55.893 [info] Discover tests for workspace name: kraoshin - uri: /home/kraoshin/holbertonschool-higher_level_programming/python-object_relational_mapping/2-my_filter_states.py
2025-03-05 11:16:28.302 [info] Discover tests for workspace name: kraoshin - uri: /home/kraoshin/holbertonschool-higher_level_programming/python-object_relational_mapping/2-my_filter_states.py
2025-03-05 11:17:58.825 [info] Discover tests for workspace name: kraoshin - uri: /home/kraoshin/holbertonschool-higher_level_programming/python-object_relational_mapping/2-my_filter_states.py
2025-03-05 11:22:36.907 [info] Discover tests for workspace name: kraoshin - uri: /home/kraoshin/holbertonschool-higher_level_programming/python-object_relational_mapping/2-my_filter_states.py
2025-03-05 11:23:48.373 [info] Discover tests for workspace name: kraoshin - uri: /home/kraoshin/holbertonschool-higher_level_programming/python-object_relational_mapping/2-my_filter_states.py
2025-03-05 11:24:34.799 [info] Discover tests for workspace name: kraoshin - uri: /home/kraoshin/holbertonschool-higher_level_programming/python-object_relational_mapping/2-my_filter_states.py
2025-03-05 11:27:58.724 [info] Discover tests for workspace name: kraoshin - uri: /home/kraoshin/holbertonschool-higher_level_programming/python-object_relational_mapping/3-my_safe_filter_states.py
2025-03-05 11:28:08.932 [info] Discover tests for workspace name: kraoshin - uri: /home/kraoshin/holbertonschool-higher_level_programming/python-object_relational_mapping/3-my_safe_filter_states.py
2025-03-05 11:33:11.960 [info] Discover tests for workspace name: kraoshin - uri: /home/kraoshin/holbertonschool-higher_level_programming/python-object_relational_mapping/4-cities_by_state.py
2025-03-05 11:33:50.479 [info] Discover tests for workspace name: kraoshin - uri: /home/kraoshin/holbertonschool-higher_level_programming/python-object_relational_mapping/4-cities_by_state.py
2025-03-05 11:34:00.019 [info] Discover tests for workspace name: kraoshin - uri: /home/kraoshin/holbertonschool-higher_level_programming/python-object_relational_mapping/4-cities_by_state.py
2025-03-05 11:39:44.772 [info] Discover tests for workspace name: kraoshin - uri: /home/kraoshin/holbertonschool-higher_level_programming/python-object_relational_mapping/4-cities_by_state.py
2025-03-05 11:44:12.513 [info] Discover tests for workspace name: kraoshin - uri: /home/kraoshin/holbertonschool-higher_level_programming/python-object_relational_mapping/5-filter_cities.py
2025-03-05 11:44:51.913 [info] Discover tests for workspace name: kraoshin - uri: /home/kraoshin/holbertonschool-higher_level_programming/python-object_relational_mapping/5-filter_cities.py
2025-03-05 12:52:51.618 [info] Discover tests for workspace name: kraoshin - uri: /home/kraoshin/holbertonschool-higher_level_programming/python-object_relational_mapping/model_state.py
2025-03-05 12:55:02.966 [info] Discover tests for workspace name: kraoshin - uri: /home/kraoshin/holbertonschool-higher_level_programming/python-object_relational_mapping/model_state.py
2025-03-05 12:55:15.197 [info] Discover tests for workspace name: kraoshin - uri: /home/kraoshin/holbertonschool-higher_level_programming/python-object_relational_mapping/model_state.py
2025-03-05 12:55:31.102 [info] Discover tests for workspace name: kraoshin - uri: /home/kraoshin/holbertonschool-higher_level_programming/python-object_relational_mapping/model_state.py
2025-03-05 12:55:37.364 [info] Discover tests for workspace name: kraoshin - uri: /home/kraoshin/holbertonschool-higher_level_programming/python-object_relational_mapping/model_state.py
2025-03-05 12:56:42.061 [info] Discover tests for workspace name: kraoshin - uri: /home/kraoshin/holbertonschool-higher_level_programming/python-object_relational_mapping/model_state.py
2025-03-05 12:57:08.891 [info] Discover tests for workspace name: kraoshin - uri: /home/kraoshin/holbertonschool-higher_level_programming/python-object_relational_mapping/model_state.py
2025-03-05 12:57:13.920 [info] Discover tests for workspace name: kraoshin - uri: /home/kraoshin/holbertonschool-higher_level_programming/python-object_relational_mapping/model_state.py
2025-03-05 12:57:21.608 [info] Discover tests for workspace name: kraoshin - uri: /home/kraoshin/holbertonschool-higher_level_programming/python-object_relational_mapping/model_state.py
2025-03-05 12:57:48.208 [info] Discover tests for workspace name: kraoshin - uri: /home/kraoshin/holbertonschool-higher_level_programming/python-object_relational_mapping/model_state.py
2025-03-05 12:57:54.700 [info] Discover tests for workspace name: kraoshin - uri: /home/kraoshin/holbertonschool-higher_level_programming/python-object_relational_mapping/model_state.py
2025-03-05 13:03:49.851 [info] Discover tests for workspace name: kraoshin - uri: /home/kraoshin/holbertonschool-higher_level_programming/python-object_relational_mapping/7-model_state_fetch_all.py
2025-03-05 13:13:34.965 [info] Discover tests for workspace name: kraoshin - uri: /home/kraoshin/holbertonschool-higher_level_programming/python-object_relational_mapping/7-model_state_fetch_all.py
2025-03-05 13:47:52.113 [info] Discover tests for workspace name: kraoshin - uri: /home/kraoshin/holbertonschool-higher_level_programming/python-object_relational_mapping/8-model_state_fetch_first.py
2025-03-05 13:50:15.694 [info] Discover tests for workspace name: kraoshin - uri: /home/kraoshin/holbertonschool-higher_level_programming/python-object_relational_mapping/8-model_state_fetch_first.py
2025-03-05 13:56:08.173 [info] Discover tests for workspace name: kraoshin - uri: /home/kraoshin/holbertonschool-higher_level_programming/python-object_relational_mapping/8-model_state_fetch_first.py
2025-03-05 13:56:19.970 [info] Discover tests for workspace name: kraoshin - uri: /home/kraoshin/holbertonschool-higher_level_programming/python-object_relational_mapping/8-model_state_fetch_first.py
