2025-03-05 09:31:30.958 [info] Starting Python Locator /home/kraoshin/.vscode-server/extensions/ms-python.python-2025.0.0-linux-x64/python-env-tools/bin/pet server
2025-03-05 09:31:30.965 [info] Discovered env: /bin/python3
2025-03-05 09:31:30.967 [info] Discovered env: /usr/bin/python3
2025-03-05 09:31:30.967 [info] Discovered env: /home/kraoshin/venv/bin/python
2025-03-05 09:31:30.967 [info] Discovered env: /home/kraoshin/holbertonschool-hbnb/bin/python
2025-03-05 09:31:30.975 [info] Resolved Python Environment /home/kraoshin/holbertonschool-hbnb/part2/venv/bin/python
2025-03-05 09:31:33.833 [info] Locator Conda took 3.266383243s
2025-03-05 09:31:33.833 [info] Locator Homebrew took 499.573µs
2025-03-05 09:31:33.833 [info] Locator LinuxGlobal took 45.435276ms
2025-03-05 09:31:33.833 [info] Locator PipEnv took 18.845µs
2025-03-05 09:31:33.833 [info] Locator Poetry took 18.214594ms
2025-03-05 09:31:33.833 [info] Locator PyEnv took 18.365782ms
2025-03-05 09:31:33.833 [info] Locator Venv took 19.24µs
2025-03-05 09:31:33.833 [info] Locator VirtualEnv took 11.525µs
2025-03-05 09:31:33.833 [info] Locator VirtualEnvWrapper took 346.215µs
2025-03-05 09:31:33.833 [info] Locator GlobalVirtualEnvs took 1.026451ms
2025-03-05 09:31:33.833 [info] Locator Locators took 3.26699225s
2025-03-05 09:31:33.833 [info] Locator Path took 233.484154ms
2025-03-05 09:31:33.833 [info] Locator Workspaces took 116.639388ms
2025-03-05 09:31:33.834 [info] Refresh completed in 3267ms
2025-03-05 09:35:59.335 [info] Resolved Python Environment /home/kraoshin/holbertonschool-hbnb/part2/venv/bin/python
2025-03-05 09:37:54.844 [info] Resolved Python Environment /home/kraoshin/holbertonschool-hbnb/part2/venv/bin/python
2025-03-05 09:44:27.081 [info] Resolved Python Environment /home/kraoshin/holbertonschool-hbnb/part2/venv/bin/python
2025-03-05 09:46:01.278 [info] Resolved Python Environment /home/kraoshin/holbertonschool-hbnb/part2/venv/bin/python
2025-03-05 09:48:01.788 [info] Resolved Python Environment /home/kraoshin/holbertonschool-hbnb/part2/venv/bin/python
2025-03-05 09:49:35.035 [info] Resolved Python Environment /home/kraoshin/holbertonschool-hbnb/part2/venv/bin/python
2025-03-05 09:55:06.572 [info] Discovered env: /bin/python3
2025-03-05 09:55:06.572 [info] Discovered env: /usr/bin/python3
2025-03-05 09:55:06.601 [info] Resolved Python Environment /home/kraoshin/holbertonschool-hbnb/part2/venv/bin/python
2025-03-05 09:55:06.625 [info] Discovered env: /home/kraoshin/venv/bin/python
2025-03-05 09:55:06.688 [info] Discovered env: /home/kraoshin/holbertonschool-hbnb/bin/python
2025-03-05 09:55:09.378 [info] Locator Conda took 2.817013004s
2025-03-05 09:55:09.378 [info] Locator Homebrew took 521.476µs
2025-03-05 09:55:09.378 [info] Locator LinuxGlobal took 9.557957ms
2025-03-05 09:55:09.378 [info] Locator PipEnv took 17.783µs
2025-03-05 09:55:09.378 [info] Locator Poetry took 17.116924ms
2025-03-05 09:55:09.378 [info] Locator PyEnv took 17.495212ms
2025-03-05 09:55:09.378 [info] Locator Venv took 29.293µs
2025-03-05 09:55:09.378 [info] Locator VirtualEnv took 25.669µs
2025-03-05 09:55:09.378 [info] Locator VirtualEnvWrapper took 14.836µs
2025-03-05 09:55:09.378 [info] Locator GlobalVirtualEnvs took 718.11µs
2025-03-05 09:55:09.378 [info] Locator Locators took 2.817222074s
2025-03-05 09:55:09.378 [info] Locator Path took 249.036879ms
2025-03-05 09:55:09.378 [info] Locator Workspaces took 128.511873ms
2025-03-05 09:55:09.378 [info] Refresh completed in 2817ms
2025-03-05 09:55:15.196 [info] Discovered env: /bin/python3
2025-03-05 09:55:15.196 [info] Discovered env: /usr/bin/python3
2025-03-05 09:55:15.223 [info] Discovered env: /home/kraoshin/venv/bin/python
2025-03-05 09:55:15.296 [info] Discovered env: /home/kraoshin/holbertonschool-hbnb/bin/python
2025-03-05 09:55:17.830 [info] Locator Conda took 2.642989466s
2025-03-05 09:55:17.830 [info] Locator Homebrew took 94.324µs
2025-03-05 09:55:17.830 [info] Locator LinuxGlobal took 6.481735ms
2025-03-05 09:55:17.830 [info] Locator PipEnv took 45.563µs
2025-03-05 09:55:17.830 [info] Locator Poetry took 20.028476ms
2025-03-05 09:55:17.831 [info] Locator PyEnv took 17.539357ms
2025-03-05 09:55:17.831 [info] Locator Venv took 41.693µs
2025-03-05 09:55:17.831 [info] Locator VirtualEnv took 49.878µs
2025-03-05 09:55:17.831 [info] Locator VirtualEnvWrapper took 13.571µs
2025-03-05 09:55:17.831 [info] Locator GlobalVirtualEnvs took 390.056µs
2025-03-05 09:55:17.831 [info] Locator Locators took 2.643277503s
2025-03-05 09:55:17.831 [info] Locator Path took 232.18344ms
2025-03-05 09:55:17.831 [info] Locator Workspaces took 109.943284ms
2025-03-05 09:55:17.831 [info] Refresh completed in 2643ms
2025-03-05 09:55:18.101 [info] Discovered env: /usr/bin/python3
2025-03-05 09:55:18.101 [info] Discovered env: /bin/python3
2025-03-05 09:55:18.130 [info] Discovered env: /home/kraoshin/venv/bin/python
2025-03-05 09:55:18.197 [info] Discovered env: /home/kraoshin/holbertonschool-hbnb/bin/python
2025-03-05 09:55:20.629 [info] Locator Conda took 2.536029726s
2025-03-05 09:55:20.630 [info] Locator Homebrew took 83.071µs
2025-03-05 09:55:20.630 [info] Locator LinuxGlobal took 5.819725ms
2025-03-05 09:55:20.630 [info] Locator PipEnv took 12.194µs
2025-03-05 09:55:20.630 [info] Locator Poetry took 19.388001ms
2025-03-05 09:55:20.630 [info] Locator PyEnv took 17.601217ms
2025-03-05 09:55:20.630 [info] Locator Venv took 12.268µs
2025-03-05 09:55:20.630 [info] Locator VirtualEnv took 30.495µs
2025-03-05 09:55:20.630 [info] Locator VirtualEnvWrapper took 39.521µs
2025-03-05 09:55:20.630 [info] Locator GlobalVirtualEnvs took 535.333µs
2025-03-05 09:55:20.630 [info] Locator Locators took 2.536494224s
2025-03-05 09:55:20.630 [info] Locator Path took 232.937908ms
2025-03-05 09:55:20.630 [info] Locator Workspaces took 105.157826ms
2025-03-05 09:55:20.630 [info] Refresh completed in 2536ms
2025-03-05 09:55:33.066 [info] Resolved Python Environment /home/kraoshin/.venv/bin/python
2025-03-05 09:55:36.298 [info] Resolved Python Environment /home/kraoshin/.venv/bin/python
2025-03-05 09:55:42.713 [info] Discovered env: /bin/python3
2025-03-05 09:55:42.717 [info] Discovered env: /usr/bin/python3
2025-03-05 09:55:42.743 [info] Discovered env: /home/kraoshin/.venv/bin/python
2025-03-05 09:55:42.808 [info] Discovered env: /home/kraoshin/venv/bin/python
2025-03-05 09:55:42.878 [info] Discovered env: /home/kraoshin/holbertonschool-hbnb/bin/python
2025-03-05 09:55:45.233 [info] Locator Conda took 2.529188438s
2025-03-05 09:55:45.233 [info] Locator Homebrew took 447.852µs
2025-03-05 09:55:45.233 [info] Locator LinuxGlobal took 11.458478ms
2025-03-05 09:55:45.233 [info] Locator PipEnv took 15.506µs
2025-03-05 09:55:45.233 [info] Locator Poetry took 23.503684ms
2025-03-05 09:55:45.233 [info] Locator PyEnv took 20.31372ms
2025-03-05 09:55:45.233 [info] Locator Venv took 12.858µs
2025-03-05 09:55:45.233 [info] Locator VirtualEnv took 51.004µs
2025-03-05 09:55:45.233 [info] Locator VirtualEnvWrapper took 30.754µs
2025-03-05 09:55:45.233 [info] Locator GlobalVirtualEnvs took 526.636µs
2025-03-05 09:55:45.233 [info] Locator Locators took 2.530057297s
2025-03-05 09:55:45.233 [info] Locator Path took 247.885082ms
2025-03-05 09:55:45.233 [info] Locator Workspaces took 176.72868ms
2025-03-05 09:55:45.233 [info] Refresh completed in 2530ms
2025-03-05 09:55:53.321 [info] Discovered env: /usr/bin/python3
2025-03-05 09:55:53.321 [info] Discovered env: /bin/python3
2025-03-05 09:55:53.351 [info] Discovered env: /home/kraoshin/.venv/bin/python
2025-03-05 09:55:53.420 [info] Discovered env: /home/kraoshin/venv/bin/python
2025-03-05 09:55:53.490 [info] Discovered env: /home/kraoshin/holbertonschool-hbnb/bin/python
2025-03-05 09:55:55.812 [info] Locator Conda took 2.498675259s
2025-03-05 09:55:55.812 [info] Locator Homebrew took 52.131µs
2025-03-05 09:55:55.812 [info] Locator LinuxGlobal took 6.622077ms
2025-03-05 09:55:55.812 [info] Locator PipEnv took 19.482µs
2025-03-05 09:55:55.812 [info] Locator Poetry took 20.706113ms
2025-03-05 09:55:55.812 [info] Locator PyEnv took 18.177675ms
2025-03-05 09:55:55.812 [info] Locator Venv took 38.798µs
2025-03-05 09:55:55.812 [info] Locator VirtualEnv took 49.49µs
2025-03-05 09:55:55.812 [info] Locator VirtualEnvWrapper took 11.514µs
2025-03-05 09:55:55.812 [info] Locator GlobalVirtualEnvs took 582.627µs
2025-03-05 09:55:55.812 [info] Locator Locators took 2.499136232s
2025-03-05 09:55:55.812 [info] Locator Path took 262.739223ms
2025-03-05 09:55:55.812 [info] Locator Workspaces took 178.082966ms
2025-03-05 09:55:55.812 [info] Refresh completed in 2499ms
2025-03-05 09:56:00.806 [info] Discovered env: /bin/python3
2025-03-05 09:56:00.806 [info] Discovered env: /usr/bin/python3
2025-03-05 09:56:00.834 [info] Discovered env: /home/kraoshin/.venv/bin/python
2025-03-05 09:56:00.895 [info] Discovered env: /home/kraoshin/venv/bin/python
2025-03-05 09:56:00.958 [info] Discovered env: /home/kraoshin/holbertonschool-hbnb/bin/python
2025-03-05 09:56:03.045 [info] Locator Conda took 2.250704535s
2025-03-05 09:56:03.045 [info] Locator Homebrew took 69.126µs
2025-03-05 09:56:03.045 [info] Locator LinuxGlobal took 6.34701ms
2025-03-05 09:56:03.045 [info] Locator PipEnv took 15.956µs
2025-03-05 09:56:03.045 [info] Locator Poetry took 17.601256ms
2025-03-05 09:56:03.045 [info] Locator PyEnv took 17.767304ms
2025-03-05 09:56:03.045 [info] Locator Venv took 36.853µs
2025-03-05 09:56:03.045 [info] Locator VirtualEnv took 35.395µs
2025-03-05 09:56:03.045 [info] Locator VirtualEnvWrapper took 34.037µs
2025-03-05 09:56:03.045 [info] Locator GlobalVirtualEnvs took 756.877µs
2025-03-05 09:56:03.045 [info] Locator Locators took 2.251192844s
2025-03-05 09:56:03.045 [info] Locator Path took 240.531055ms
2025-03-05 09:56:03.045 [info] Locator Workspaces took 165.266813ms
2025-03-05 09:56:03.045 [info] Refresh completed in 2251ms
2025-03-05 09:56:08.544 [info] Resolved Python Environment /home/kraoshin/.venv/bin/python
2025-03-05 09:56:08.566 [info] Resolved Python Environment /home/kraoshin/.venv/bin/python
2025-03-05 09:56:17.042 [info] Discovered env: /bin/python3
2025-03-05 09:56:17.043 [info] Discovered env: /usr/bin/python3
2025-03-05 09:56:17.069 [info] Discovered env: /home/kraoshin/.venv/bin/python
2025-03-05 09:56:17.139 [info] Discovered env: /home/kraoshin/venv/bin/python
2025-03-05 09:56:17.206 [info] Discovered env: /home/kraoshin/holbertonschool-hbnb/bin/python
2025-03-05 09:56:19.576 [info] Locator Conda took 2.540485682s
2025-03-05 09:56:19.576 [info] Locator Homebrew took 66.504µs
2025-03-05 09:56:19.576 [info] Locator LinuxGlobal took 6.721249ms
2025-03-05 09:56:19.576 [info] Locator PipEnv took 13.908µs
2025-03-05 09:56:19.576 [info] Locator Poetry took 17.626086ms
2025-03-05 09:56:19.576 [info] Locator PyEnv took 18.059991ms
2025-03-05 09:56:19.576 [info] Locator Venv took 29.418µs
2025-03-05 09:56:19.576 [info] Locator VirtualEnv took 42.262µs
2025-03-05 09:56:19.576 [info] Locator VirtualEnvWrapper took 10.26µs
2025-03-05 09:56:19.576 [info] Locator GlobalVirtualEnvs took 465.536µs
2025-03-05 09:56:19.576 [info] Locator Locators took 2.540934519s
2025-03-05 09:56:19.576 [info] Locator Path took 246.453522ms
2025-03-05 09:56:19.576 [info] Locator Workspaces took 173.238751ms
2025-03-05 09:56:19.576 [info] Refresh completed in 2541ms
2025-03-05 09:56:25.109 [info] Resolved Python Environment /bin/python3
2025-03-05 09:56:30.751 [info] Discovered env: /bin/python3
2025-03-05 09:56:30.751 [info] Discovered env: /usr/bin/python3
2025-03-05 09:56:30.783 [info] Discovered env: /home/kraoshin/.venv/bin/python
2025-03-05 09:56:30.860 [info] Discovered env: /home/kraoshin/venv/bin/python
2025-03-05 09:56:30.930 [info] Discovered env: /home/kraoshin/holbertonschool-hbnb/bin/python
2025-03-05 09:56:33.286 [info] Locator Conda took 2.543037033s
2025-03-05 09:56:33.286 [info] Locator Homebrew took 49.949µs
2025-03-05 09:56:33.286 [info] Locator LinuxGlobal took 6.471571ms
2025-03-05 09:56:33.286 [info] Locator PipEnv took 34.693µs
2025-03-05 09:56:33.286 [info] Locator Poetry took 20.981309ms
2025-03-05 09:56:33.286 [info] Locator PyEnv took 19.229696ms
2025-03-05 09:56:33.286 [info] Locator Venv took 12.865µs
2025-03-05 09:56:33.286 [info] Locator VirtualEnv took 31.666µs
2025-03-05 09:56:33.286 [info] Locator VirtualEnvWrapper took 28.814µs
2025-03-05 09:56:33.286 [info] Locator GlobalVirtualEnvs took 541.981µs
2025-03-05 09:56:33.286 [info] Locator Locators took 2.543345618s
2025-03-05 09:56:33.286 [info] Locator Path took 264.46435ms
2025-03-05 09:56:33.286 [info] Locator Workspaces took 188.757142ms
2025-03-05 09:56:33.286 [info] Refresh completed in 2543ms
2025-03-05 09:56:47.912 [info] Discovered env: /usr/bin/python3
2025-03-05 09:56:47.912 [info] Discovered env: /bin/python3
2025-03-05 09:56:47.940 [info] Discovered env: /home/kraoshin/.venv/bin/python
2025-03-05 09:56:48.016 [info] Discovered env: /home/kraoshin/venv/bin/python
2025-03-05 09:56:48.088 [info] Discovered env: /home/kraoshin/holbertonschool-hbnb/bin/python
2025-03-05 09:56:50.384 [info] Locator Conda took 2.480332584s
2025-03-05 09:56:50.384 [info] Locator Homebrew took 53.91µs
2025-03-05 09:56:50.384 [info] Locator LinuxGlobal took 6.59461ms
2025-03-05 09:56:50.384 [info] Locator PipEnv took 12.737µs
2025-03-05 09:56:50.384 [info] Locator Poetry took 17.897241ms
2025-03-05 09:56:50.384 [info] Locator PyEnv took 17.09653ms
2025-03-05 09:56:50.384 [info] Locator Venv took 35.036µs
2025-03-05 09:56:50.384 [info] Locator VirtualEnv took 10.488µs
2025-03-05 09:56:50.384 [info] Locator VirtualEnvWrapper took 43.839µs
2025-03-05 09:56:50.384 [info] Locator GlobalVirtualEnvs took 489.498µs
2025-03-05 09:56:50.384 [info] Locator Locators took 2.480762378s
2025-03-05 09:56:50.384 [info] Locator Path took 263.081554ms
2025-03-05 09:56:50.385 [info] Locator Workspaces took 185.733045ms
2025-03-05 09:56:50.385 [info] Refresh completed in 2480ms
2025-03-05 09:56:51.490 [info] Discovered env: /usr/bin/python3
2025-03-05 09:56:51.490 [info] Discovered env: /bin/python3
2025-03-05 09:56:51.519 [info] Discovered env: /home/kraoshin/.venv/bin/python
2025-03-05 09:56:51.595 [info] Discovered env: /home/kraoshin/venv/bin/python
2025-03-05 09:56:51.667 [info] Discovered env: /home/kraoshin/holbertonschool-hbnb/bin/python
2025-03-05 09:56:53.981 [info] Locator Conda took 2.493452952s
2025-03-05 09:56:53.981 [info] Locator Homebrew took 65.851µs
2025-03-05 09:56:53.981 [info] Locator LinuxGlobal took 7.326347ms
2025-03-05 09:56:53.981 [info] Locator PipEnv took 10.941µs
2025-03-05 09:56:53.981 [info] Locator Poetry took 19.291535ms
2025-03-05 09:56:53.981 [info] Locator PyEnv took 19.523314ms
2025-03-05 09:56:53.981 [info] Locator Venv took 9.321µs
2025-03-05 09:56:53.981 [info] Locator VirtualEnv took 17.773µs
2025-03-05 09:56:53.981 [info] Locator VirtualEnvWrapper took 9.099µs
2025-03-05 09:56:53.981 [info] Locator GlobalVirtualEnvs took 424.521µs
2025-03-05 09:56:53.981 [info] Locator Locators took 2.493796498s
2025-03-05 09:56:53.981 [info] Locator Path took 263.442589ms
2025-03-05 09:56:53.981 [info] Locator Workspaces took 184.748357ms
2025-03-05 09:56:53.981 [info] Refresh completed in 2493ms
2025-03-05 09:57:13.001 [info] Resolved Python Environment /bin/python3
2025-03-05 10:18:56.377 [info] Resolved Python Environment /bin/python3
2025-03-05 10:27:07.209 [info] Resolved Python Environment /bin/python3
2025-03-05 10:29:38.186 [info] Discovered env: /usr/bin/python3
2025-03-05 10:29:38.187 [info] Discovered env: /bin/python3
2025-03-05 10:29:38.305 [info] Discovered env: /home/kraoshin/.venv/bin/python
2025-03-05 10:29:38.333 [info] Resolved Python Environment /bin/python3
2025-03-05 10:29:38.396 [info] Discovered env: /home/kraoshin/venv/bin/python
2025-03-05 10:29:38.453 [info] Discovered env: /home/kraoshin/holbertonschool-hbnb/bin/python
2025-03-05 10:29:40.763 [info] Locator Conda took 2.587802946s
2025-03-05 10:29:40.763 [info] Locator Homebrew took 51.109µs
2025-03-05 10:29:40.763 [info] Locator LinuxGlobal took 8.4797ms
2025-03-05 10:29:40.763 [info] Locator PipEnv took 45.593µs
2025-03-05 10:29:40.763 [info] Locator Poetry took 25.239988ms
2025-03-05 10:29:40.763 [info] Locator PyEnv took 46.411993ms
2025-03-05 10:29:40.763 [info] Locator Venv took 13.556µs
2025-03-05 10:29:40.763 [info] Locator VirtualEnv took 11.418µs
2025-03-05 10:29:40.763 [info] Locator VirtualEnvWrapper took 12.168µs
2025-03-05 10:29:40.763 [info] Locator GlobalVirtualEnvs took 496.09µs
2025-03-05 10:29:40.763 [info] Locator Locators took 2.588116565s
2025-03-05 10:29:40.763 [info] Locator Path took 320.486267ms
2025-03-05 10:29:40.763 [info] Locator Workspaces took 278.095769ms
2025-03-05 10:29:40.764 [info] Refresh completed in 2588ms
2025-03-05 10:29:41.867 [info] Discovered env: /bin/python3
2025-03-05 10:29:41.869 [info] Discovered env: /usr/bin/python3
2025-03-05 10:29:41.896 [info] Discovered env: /home/kraoshin/.venv/bin/python
2025-03-05 10:29:41.967 [info] Discovered env: /home/kraoshin/venv/bin/python
2025-03-05 10:29:42.038 [info] Discovered env: /home/kraoshin/holbertonschool-hbnb/bin/python
2025-03-05 10:29:44.360 [info] Locator Conda took 2.502306116s
2025-03-05 10:29:44.360 [info] Locator Homebrew took 79.41µs
2025-03-05 10:29:44.360 [info] Locator LinuxGlobal took 8.336974ms
2025-03-05 10:29:44.360 [info] Locator PipEnv took 30.639µs
2025-03-05 10:29:44.360 [info] Locator Poetry took 17.648211ms
2025-03-05 10:29:44.360 [info] Locator PyEnv took 17.991769ms
2025-03-05 10:29:44.360 [info] Locator Venv took 13.776µs
2025-03-05 10:29:44.360 [info] Locator VirtualEnv took 54.495µs
2025-03-05 10:29:44.360 [info] Locator VirtualEnvWrapper took 42.547µs
2025-03-05 10:29:44.360 [info] Locator GlobalVirtualEnvs took 427.409µs
2025-03-05 10:29:44.360 [info] Locator Locators took 2.502713823s
2025-03-05 10:29:44.360 [info] Locator Path took 255.429844ms
2025-03-05 10:29:44.361 [info] Locator Workspaces took 181.884687ms
2025-03-05 10:29:44.361 [info] Refresh completed in 2502ms
2025-03-05 10:29:51.622 [info] Resolved Python Environment /home/kraoshin/.venv/bin/python
2025-03-05 10:29:58.819 [info] Resolved Python Environment /home/kraoshin/.venv/bin/python
2025-03-05 10:29:59.515 [warning] Could not find Python executable in "/home/kraoshin/.venv/lib/python3.12/site-packages/parso/python"
2025-03-05 10:29:59.532 [error] Failed to execute Python to resolve info "/home/kraoshin/.venv/lib/python3.12/site-packages/parso/python": Permission denied (os error 13)
2025-03-05 10:29:59.533 [warning] Unknown Python Env "/home/kraoshin/.venv/lib/python3.12/site-packages/parso/python"
2025-03-05 10:29:59.533 [error] Failed to resolve env "/home/kraoshin/.venv/lib/python3.12/site-packages/parso/python"
2025-03-05 10:30:15.045 [info] Discovered env: /usr/bin/python3
2025-03-05 10:30:15.045 [info] Discovered env: /bin/python3
2025-03-05 10:30:15.073 [info] Discovered env: /home/kraoshin/.venv/bin/python
2025-03-05 10:30:15.146 [info] Discovered env: /home/kraoshin/venv/bin/python
2025-03-05 10:30:15.206 [info] Discovered env: /home/kraoshin/holbertonschool-hbnb/bin/python
2025-03-05 10:30:17.381 [info] Locator Conda took 2.342585625s
2025-03-05 10:30:17.381 [info] Locator Homebrew took 77.698µs
2025-03-05 10:30:17.381 [info] Locator LinuxGlobal took 5.500817ms
2025-03-05 10:30:17.381 [info] Locator PipEnv took 37.185µs
2025-03-05 10:30:17.381 [info] Locator Poetry took 17.07144ms
2025-03-05 10:30:17.381 [info] Locator PyEnv took 17.447087ms
2025-03-05 10:30:17.381 [info] Locator Venv took 26.167µs
2025-03-05 10:30:17.381 [info] Locator VirtualEnv took 39.223µs
2025-03-05 10:30:17.381 [info] Locator VirtualEnvWrapper took 32.307µs
2025-03-05 10:30:17.381 [info] Locator GlobalVirtualEnvs took 383.438µs
2025-03-05 10:30:17.381 [info] Locator Locators took 2.343158254s
2025-03-05 10:30:17.381 [info] Locator Path took 236.768967ms
2025-03-05 10:30:17.381 [info] Locator Workspaces took 169.979816ms
2025-03-05 10:30:17.381 [info] Refresh completed in 2343ms
2025-03-05 10:30:22.638 [info] Resolved Python Environment /bin/python3
2025-03-05 10:32:43.542 [info] Resolved Python Environment /home/kraoshin/holbertonschool-higher_level_programming/python-object_relational_mapping/mon_env/bin/python
2025-03-05 10:32:43.586 [info] Resolved Python Environment /bin/python3
2025-03-05 10:39:58.103 [info] Resolved Python Environment /bin/python3
2025-03-05 10:53:22.544 [info] Resolved Python Environment /bin/python3
2025-03-05 10:54:29.148 [info] Resolved Python Environment /bin/python3
2025-03-05 10:55:44.447 [info] Resolved Python Environment /bin/python3
2025-03-05 11:08:22.311 [info] Resolved Python Environment /home/kraoshin/holbertonschool-higher_level_programming/python-object_relational_mapping/venv/bin/python
2025-03-05 11:08:22.352 [info] Resolved Python Environment /bin/python3
2025-03-05 11:14:50.606 [info] Resolved Python Environment /bin/python3
2025-03-05 11:26:55.626 [info] Resolved Python Environment /bin/python3
2025-03-05 11:28:53.613 [info] Resolved Python Environment /bin/python3
2025-03-05 11:30:46.724 [info] Resolved Python Environment /bin/python3
2025-03-05 11:40:32.029 [info] Resolved Python Environment /bin/python3
2025-03-05 11:44:40.974 [info] Resolved Python Environment /bin/python3
2025-03-05 12:14:37.231 [info] Resolved Python Environment /bin/python3
2025-03-05 12:52:25.545 [info] Resolved Python Environment /bin/python3
2025-03-05 12:59:15.895 [info] Resolved Python Environment /bin/python3
2025-03-05 13:29:16.999 [info] Resolved Python Environment /bin/python3
