2025-03-13 15:26:55.712 [info] (Client) Pylance async client (2025.3.1) started with python extension (2025.2.0)
2025-03-13 15:26:56.266 [info] [Info  - 3:26:56 PM] (1422) Server root directory: file:///home/kraoshin/.vscode-server/extensions/ms-python.vscode-pylance-2025.3.1/dist
2025-03-13 15:26:56.267 [info] [Info  - 3:26:56 PM] (1422) Pylance language server 2025.3.1 (pyright version 1.1.396, commit 3e2236a7) starting
2025-03-13 15:26:56.269 [info] [Info  - 3:26:56 PM] (1422) Starting service instance "kraoshin"
2025-03-13 15:26:56.348 [info] [Info  - 3:26:56 PM] (1422) Setting environmentName for service "kraoshin": "3.12.3 (global)"
2025-03-13 15:26:56.348 [info] [Info  - 3:26:56 PM] (1422) Setting pythonPath for service "kraoshin": "/bin/python3"
2025-03-13 15:26:56.348 [info] [Info  - 3:26:56 PM] (1422) No include entries specified; assuming /home/kraoshin
2025-03-13 15:26:56.349 [info] [Info  - 3:26:56 PM] (1422) Auto-excluding **/node_modules
2025-03-13 15:26:56.349 [info] [Info  - 3:26:56 PM] (1422) Auto-excluding **/__pycache__
2025-03-13 15:26:56.349 [info] [Info  - 3:26:56 PM] (1422) Auto-excluding **/.*
2025-03-13 15:26:56.372 [info] [Info  - 3:26:56 PM] (1422) Assuming Python version 3.12.3.final.0
2025-03-13 15:26:56.461 [info] [Info  - 3:26:56 PM] (1422) Auto-excluding /home/kraoshin/holbertonschool-hbnb
2025-03-13 15:26:56.476 [info] [Info  - 3:26:56 PM] (1422) Auto-excluding /home/kraoshin/holbertonschool-higher_level_programming/python-object_relational_mapping/venv
2025-03-13 15:26:56.492 [info] [Info  - 3:26:56 PM] (1422) Auto-excluding /home/kraoshin/venv
2025-03-13 15:26:56.514 [info] [Info  - 3:26:56 PM] (1422) Found 144 source files
2025-03-13 15:26:57.786 [info] [Info  - 3:26:57 PM] (1422) Background analysis(1) root directory: file:///home/kraoshin/.vscode-server/extensions/ms-python.vscode-pylance-2025.3.1/dist
2025-03-13 15:26:57.824 [info] [Info  - 3:26:57 PM] (1422) Background analysis(1) started
2025-03-13 15:27:28.323 [info] [Info  - 3:27:28 PM] (1422) Auto-excluding /home/kraoshin/holbertonschool-hbnb
2025-03-13 15:27:28.328 [info] [Info  - 3:27:28 PM] (1422) Auto-excluding /home/kraoshin/holbertonschool-higher_level_programming/python-object_relational_mapping/venv
2025-03-13 15:27:28.338 [info] [Info  - 3:27:28 PM] (1422) Auto-excluding /home/kraoshin/venv
2025-03-13 15:27:28.350 [info] [Info  - 3:27:28 PM] (1422) Found 144 source files
2025-03-13 15:27:46.738 [info] [Info  - 3:27:46 PM] (1422) Auto-excluding /home/kraoshin/holbertonschool-hbnb
2025-03-13 15:27:46.742 [info] [Info  - 3:27:46 PM] (1422) Auto-excluding /home/kraoshin/holbertonschool-higher_level_programming/python-object_relational_mapping/venv
2025-03-13 15:27:46.751 [info] [Info  - 3:27:46 PM] (1422) Auto-excluding /home/kraoshin/venv
2025-03-13 15:27:46.762 [info] [Info  - 3:27:46 PM] (1422) Found 144 source files
2025-03-13 15:27:48.526 [info] [Info  - 3:27:48 PM] (1422) Auto-excluding /home/kraoshin/holbertonschool-hbnb
2025-03-13 15:27:48.529 [info] [Info  - 3:27:48 PM] (1422) Auto-excluding /home/kraoshin/holbertonschool-higher_level_programming/python-object_relational_mapping/venv
2025-03-13 15:27:48.538 [info] [Info  - 3:27:48 PM] (1422) Auto-excluding /home/kraoshin/venv
2025-03-13 15:27:48.548 [info] [Info  - 3:27:48 PM] (1422) Found 144 source files
2025-03-13 15:28:47.513 [info] [Info  - 3:28:47 PM] (1422) Indexer background runner(2) root directory: file:///home/kraoshin/.vscode-server/extensions/ms-python.vscode-pylance-2025.3.1/dist (index)
2025-03-13 15:28:47.513 [info] [Info  - 3:28:47 PM] (1422) Indexing(2) started
2025-03-13 15:28:48.163 [info] [Info  - 3:28:48 PM] (1422) scanned(2) 98 files over 1 exec env
2025-03-13 15:28:48.419 [info] [Info  - 3:28:48 PM] (1422) indexed(2) 98 files over 1 exec env
2025-03-13 15:28:48.447 [info] [Info  - 3:28:48 PM] (1422) Indexing finished(2).
2025-03-13 15:30:00.086 [info] [Info  - 3:30:00 PM] (1422) Auto-excluding /home/kraoshin/holbertonschool-hbnb
2025-03-13 15:30:00.091 [info] [Info  - 3:30:00 PM] (1422) Auto-excluding /home/kraoshin/holbertonschool-higher_level_programming/python-object_relational_mapping/venv
2025-03-13 15:30:00.100 [info] [Info  - 3:30:00 PM] (1422) Auto-excluding /home/kraoshin/venv
2025-03-13 15:30:00.115 [info] [Info  - 3:30:00 PM] (1422) Found 153 source files
2025-03-13 15:31:59.496 [info] [Info  - 3:31:59 PM] (1422) Auto-excluding /home/kraoshin/holbertonschool-hbnb
2025-03-13 15:31:59.500 [info] [Info  - 3:31:59 PM] (1422) Auto-excluding /home/kraoshin/holbertonschool-higher_level_programming/python-object_relational_mapping/venv
2025-03-13 15:31:59.510 [info] [Info  - 3:31:59 PM] (1422) Auto-excluding /home/kraoshin/venv
2025-03-13 15:31:59.526 [info] [Info  - 3:31:59 PM] (1422) Found 153 source files
2025-03-13 15:32:56.485 [info] [Info  - 3:32:56 PM] (1422) Auto-excluding /home/kraoshin/holbertonschool-hbnb
2025-03-13 15:32:56.489 [info] [Info  - 3:32:56 PM] (1422) Auto-excluding /home/kraoshin/holbertonschool-higher_level_programming/python-object_relational_mapping/venv
2025-03-13 15:32:56.499 [info] [Info  - 3:32:56 PM] (1422) Auto-excluding /home/kraoshin/venv
2025-03-13 15:32:56.515 [info] [Info  - 3:32:56 PM] (1422) Found 153 source files
2025-03-13 15:33:49.019 [info] [Info  - 3:33:49 PM] (1422) Auto-excluding /home/kraoshin/holbertonschool-hbnb
2025-03-13 15:33:49.023 [info] [Info  - 3:33:49 PM] (1422) Auto-excluding /home/kraoshin/holbertonschool-higher_level_programming/python-object_relational_mapping/venv
2025-03-13 15:33:49.035 [info] [Info  - 3:33:49 PM] (1422) Auto-excluding /home/kraoshin/venv
2025-03-13 15:33:49.047 [info] [Info  - 3:33:49 PM] (1422) Found 144 source files
2025-03-13 15:34:15.035 [info] [Info  - 3:34:15 PM] (1422) Auto-excluding /home/kraoshin/holbertonschool-hbnb
2025-03-13 15:34:15.038 [info] [Info  - 3:34:15 PM] (1422) Auto-excluding /home/kraoshin/holbertonschool-higher_level_programming/python-object_relational_mapping/venv
2025-03-13 15:34:15.046 [info] [Info  - 3:34:15 PM] (1422) Auto-excluding /home/kraoshin/venv
2025-03-13 15:34:15.058 [info] [Info  - 3:34:15 PM] (1422) Found 144 source files
2025-03-13 15:34:49.735 [info] [Info  - 3:34:49 PM] (1422) Auto-excluding /home/kraoshin/holbertonschool-hbnb
2025-03-13 15:34:49.740 [info] [Info  - 3:34:49 PM] (1422) Auto-excluding /home/kraoshin/holbertonschool-higher_level_programming/python-object_relational_mapping/venv
2025-03-13 15:34:49.749 [info] [Info  - 3:34:49 PM] (1422) Auto-excluding /home/kraoshin/venv
2025-03-13 15:34:49.763 [info] [Info  - 3:34:49 PM] (1422) Found 144 source files
2025-03-13 15:35:18.331 [info] [Info  - 3:35:18 PM] (1422) Auto-excluding /home/kraoshin/holbertonschool-hbnb
2025-03-13 15:35:18.335 [info] [Info  - 3:35:18 PM] (1422) Auto-excluding /home/kraoshin/holbertonschool-higher_level_programming/python-object_relational_mapping/venv
2025-03-13 15:35:18.342 [info] [Info  - 3:35:18 PM] (1422) Auto-excluding /home/kraoshin/venv
2025-03-13 15:35:18.349 [info] [Info  - 3:35:18 PM] (1422) Found 144 source files
2025-03-13 15:36:25.747 [info] [Info  - 3:36:25 PM] (1422) Auto-excluding /home/kraoshin/holbertonschool-hbnb
2025-03-13 15:36:25.750 [info] [Info  - 3:36:25 PM] (1422) Auto-excluding /home/kraoshin/holbertonschool-higher_level_programming/python-object_relational_mapping/venv
2025-03-13 15:36:25.760 [info] [Info  - 3:36:25 PM] (1422) Auto-excluding /home/kraoshin/venv
2025-03-13 15:36:25.773 [info] [Info  - 3:36:25 PM] (1422) Found 144 source files
2025-03-13 15:39:06.570 [info] [Info  - 3:39:06 PM] (1422) Setting environmentName for service "kraoshin": "3.12.3 (global)"
2025-03-13 15:39:06.570 [info] [Info  - 3:39:06 PM] (1422) Setting pythonPath for service "kraoshin": "/bin/python3"
2025-03-13 15:39:06.570 [info] [Info  - 3:39:06 PM] (1422) No include entries specified; assuming /home/kraoshin
2025-03-13 15:39:06.571 [info] [Info  - 3:39:06 PM] (1422) Auto-excluding **/node_modules
2025-03-13 15:39:06.571 [info] [Info  - 3:39:06 PM] (1422) Auto-excluding **/__pycache__
2025-03-13 15:39:06.571 [info] [Info  - 3:39:06 PM] (1422) Auto-excluding **/.*
2025-03-13 15:39:06.595 [info] [Info  - 3:39:06 PM] (1422) Assuming Python version 3.12.3.final.0
2025-03-13 15:39:06.660 [info] [Info  - 3:39:06 PM] (1422) Auto-excluding /home/kraoshin/holbertonschool-higher_level_programming/python-object_relational_mapping/venv
2025-03-13 15:39:06.668 [info] [Info  - 3:39:06 PM] (1422) Auto-excluding /home/kraoshin/venv
2025-03-13 15:39:06.675 [info] [Info  - 3:39:06 PM] (1422) Found 144 source files
2025-03-13 15:39:06.684 [info] [Info  - 3:39:06 PM] (1422) Setting environmentName for service "kraoshin": "3.12.3 (global)"
2025-03-13 15:39:06.684 [info] [Info  - 3:39:06 PM] (1422) Setting pythonPath for service "kraoshin": "/bin/python3"
2025-03-13 15:39:06.684 [info] [Info  - 3:39:06 PM] (1422) No include entries specified; assuming /home/kraoshin
2025-03-13 15:39:06.684 [info] [Info  - 3:39:06 PM] (1422) Auto-excluding **/node_modules
2025-03-13 15:39:06.684 [info] [Info  - 3:39:06 PM] (1422) Auto-excluding **/__pycache__
2025-03-13 15:39:06.684 [info] [Info  - 3:39:06 PM] (1422) Auto-excluding **/.*
2025-03-13 15:39:06.707 [info] [Info  - 3:39:06 PM] (1422) Assuming Python version 3.12.3.final.0
2025-03-13 15:39:06.762 [info] [Info  - 3:39:06 PM] (1422) Auto-excluding /home/kraoshin/holbertonschool-higher_level_programming/python-object_relational_mapping/venv
2025-03-13 15:39:06.783 [info] [Info  - 3:39:06 PM] (1422) Auto-excluding /home/kraoshin/venv
2025-03-13 15:39:06.805 [info] [Info  - 3:39:06 PM] (1422) Found 144 source files
2025-03-13 15:39:06.821 [info] [Info  - 3:39:06 PM] (1422) Setting environmentName for service "kraoshin": "3.12.3 (global)"
2025-03-13 15:39:06.821 [info] [Info  - 3:39:06 PM] (1422) Setting pythonPath for service "kraoshin": "/bin/python3"
2025-03-13 15:39:06.821 [info] [Info  - 3:39:06 PM] (1422) No include entries specified; assuming /home/kraoshin
2025-03-13 15:39:06.821 [info] [Info  - 3:39:06 PM] (1422) Auto-excluding **/node_modules
2025-03-13 15:39:06.821 [info] [Info  - 3:39:06 PM] (1422) Auto-excluding **/__pycache__
2025-03-13 15:39:06.821 [info] [Info  - 3:39:06 PM] (1422) Auto-excluding **/.*
2025-03-13 15:39:06.848 [info] [Info  - 3:39:06 PM] (1422) Assuming Python version 3.12.3.final.0
2025-03-13 15:39:06.899 [info] [Info  - 3:39:06 PM] (1422) Auto-excluding /home/kraoshin/holbertonschool-higher_level_programming/python-object_relational_mapping/venv
2025-03-13 15:39:06.910 [info] [Info  - 3:39:06 PM] (1422) Auto-excluding /home/kraoshin/venv
2025-03-13 15:39:06.916 [info] [Info  - 3:39:06 PM] (1422) Found 144 source files
2025-03-13 15:39:06.924 [info] [Info  - 3:39:06 PM] (1422) Setting environmentName for service "kraoshin": "3.12.3 (global)"
2025-03-13 15:39:06.924 [info] [Info  - 3:39:06 PM] (1422) Setting pythonPath for service "kraoshin": "/bin/python3"
2025-03-13 15:39:06.924 [info] [Info  - 3:39:06 PM] (1422) No include entries specified; assuming /home/kraoshin
2025-03-13 15:39:06.924 [info] [Info  - 3:39:06 PM] (1422) Auto-excluding **/node_modules
2025-03-13 15:39:06.925 [info] [Info  - 3:39:06 PM] (1422) Auto-excluding **/__pycache__
2025-03-13 15:39:06.925 [info] [Info  - 3:39:06 PM] (1422) Auto-excluding **/.*
2025-03-13 15:39:06.951 [info] [Info  - 3:39:06 PM] (1422) Assuming Python version 3.12.3.final.0
2025-03-13 15:39:06.999 [info] [Info  - 3:39:06 PM] (1422) Auto-excluding /home/kraoshin/holbertonschool-higher_level_programming/python-object_relational_mapping/venv
2025-03-13 15:39:07.008 [info] [Info  - 3:39:07 PM] (1422) Auto-excluding /home/kraoshin/venv
2025-03-13 15:39:07.018 [info] [Info  - 3:39:07 PM] (1422) Found 144 source files
2025-03-13 15:39:14.195 [info] [Info  - 3:39:14 PM] (1422) Setting environmentName for service "kraoshin": "3.12.3 (global)"
2025-03-13 15:39:14.196 [info] [Info  - 3:39:14 PM] (1422) Setting pythonPath for service "kraoshin": "/bin/python3"
2025-03-13 15:39:14.196 [info] [Info  - 3:39:14 PM] (1422) No include entries specified; assuming /home/kraoshin
2025-03-13 15:39:14.196 [info] [Info  - 3:39:14 PM] (1422) Auto-excluding **/node_modules
2025-03-13 15:39:14.202 [info] [Info  - 3:39:14 PM] (1422) Auto-excluding **/__pycache__
2025-03-13 15:39:14.202 [info] [Info  - 3:39:14 PM] (1422) Auto-excluding **/.*
2025-03-13 15:39:14.215 [info] [Info  - 3:39:14 PM] (1422) Assuming Python version 3.12.3.final.0
2025-03-13 15:39:14.258 [info] [Info  - 3:39:14 PM] (1422) Auto-excluding /home/kraoshin/holbertonschool-higher_level_programming/python-object_relational_mapping/venv
2025-03-13 15:39:14.262 [info] [Info  - 3:39:14 PM] (1422) Auto-excluding /home/kraoshin/venv
2025-03-13 15:39:14.269 [info] [Info  - 3:39:14 PM] (1422) Found 144 source files
2025-03-13 15:39:14.501 [info] [Info  - 3:39:14 PM] (1422) Setting environmentName for service "kraoshin": "3.12.3 (global)"
2025-03-13 15:39:14.501 [info] [Info  - 3:39:14 PM] (1422) Setting pythonPath for service "kraoshin": "/bin/python3"
2025-03-13 15:39:14.501 [info] [Info  - 3:39:14 PM] (1422) No include entries specified; assuming /home/kraoshin
2025-03-13 15:39:14.501 [info] [Info  - 3:39:14 PM] (1422) Auto-excluding **/node_modules
2025-03-13 15:39:14.501 [info] [Info  - 3:39:14 PM] (1422) Auto-excluding **/__pycache__
2025-03-13 15:39:14.501 [info] [Info  - 3:39:14 PM] (1422) Auto-excluding **/.*
2025-03-13 15:39:14.519 [info] [Info  - 3:39:14 PM] (1422) Assuming Python version 3.12.3.final.0
2025-03-13 15:39:14.557 [info] [Info  - 3:39:14 PM] (1422) Auto-excluding /home/kraoshin/holbertonschool-higher_level_programming/python-object_relational_mapping/venv
2025-03-13 15:39:14.563 [info] [Info  - 3:39:14 PM] (1422) Auto-excluding /home/kraoshin/venv
2025-03-13 15:39:14.569 [info] [Info  - 3:39:14 PM] (1422) Found 144 source files
2025-03-13 15:39:14.849 [info] [Info  - 3:39:14 PM] (1422) Setting environmentName for service "kraoshin": "3.12.3 (global)"
2025-03-13 15:39:14.849 [info] [Info  - 3:39:14 PM] (1422) Setting pythonPath for service "kraoshin": "/bin/python3"
2025-03-13 15:39:14.850 [info] [Info  - 3:39:14 PM] (1422) No include entries specified; assuming /home/kraoshin
2025-03-13 15:39:14.852 [info] [Info  - 3:39:14 PM] (1422) Auto-excluding **/node_modules
2025-03-13 15:39:14.853 [info] [Info  - 3:39:14 PM] (1422) Auto-excluding **/__pycache__
2025-03-13 15:39:14.853 [info] [Info  - 3:39:14 PM] (1422) Auto-excluding **/.*
2025-03-13 15:39:14.871 [info] [Info  - 3:39:14 PM] (1422) Assuming Python version 3.12.3.final.0
2025-03-13 15:39:14.912 [info] [Info  - 3:39:14 PM] (1422) Auto-excluding /home/kraoshin/holbertonschool-higher_level_programming/python-object_relational_mapping/venv
2025-03-13 15:39:14.917 [info] [Info  - 3:39:14 PM] (1422) Auto-excluding /home/kraoshin/venv
2025-03-13 15:39:14.929 [info] [Info  - 3:39:14 PM] (1422) Found 144 source files
2025-03-13 15:40:45.243 [info] [Info  - 3:40:45 PM] (1422) Auto-excluding /home/kraoshin/holbertonschool-higher_level_programming/python-object_relational_mapping/venv
2025-03-13 15:40:45.251 [info] [Info  - 3:40:45 PM] (1422) Auto-excluding /home/kraoshin/venv
2025-03-13 15:40:45.264 [info] [Info  - 3:40:45 PM] (1422) Found 186 source files
2025-03-13 15:41:13.333 [info] [Info  - 3:41:13 PM] (1422) Indexer background runner(3) root directory: file:///home/kraoshin/.vscode-server/extensions/ms-python.vscode-pylance-2025.3.1/dist (index)
2025-03-13 15:41:13.333 [info] [Info  - 3:41:13 PM] (1422) Indexing(3) started
2025-03-13 15:41:13.584 [info] [Info  - 3:41:13 PM] (1422) scanned(3) 98 files over 1 exec env
2025-03-13 15:41:13.742 [info] [Info  - 3:41:13 PM] (1422) indexed(3) 98 files over 1 exec env
2025-03-13 15:41:13.765 [info] [Info  - 3:41:13 PM] (1422) Indexing finished(3).
2025-03-13 15:47:58.454 [info] [Info  - 3:47:58 PM] (1422) Auto-excluding /home/kraoshin
2025-03-13 15:47:58.463 [info] [Info  - 3:47:58 PM] (1422) Found 47 source files
