2025-03-13 15:26:51.595 [info] Experiment 'pythonaacf' is active
2025-03-13 15:26:51.595 [info] Experiment 'pythonRecommendTensorboardExt' is active
2025-03-13 15:26:51.595 [info] Experiment 'pythonSurveyNotification' is active
2025-03-13 15:26:51.595 [info] Experiment 'pythonTerminalEnvVarActivation' is active
2025-03-13 15:26:51.595 [info] Experiment 'pythonTestAdapter' is active
2025-03-13 15:26:51.595 [info] Native locator: Refresh started
2025-03-13 15:26:51.595 [info] Native locator: Refresh started
2025-03-13 15:26:51.602 [info] > pyenv which python
2025-03-13 15:26:51.602 [info] cwd: .
2025-03-13 15:26:53.930 [info] Python interpreter path: /bin/python3
2025-03-13 15:26:55.882 [info] Native locator: Refresh finished in 5688 ms
2025-03-13 15:26:56.323 [info] Starting Pylance language server.
2025-03-13 15:28:50.984 [info] Running installed packages checker:  {
  id: '/bin/python3',
  sysPrefix: '/usr',
  envType: 'System',
  envName: '',
  envPath: '/bin/python3',
  path: '/bin/python3',
  architecture: 3,
  sysVersion: '',
  version: {
    raw: '3.12.3',
    major: 3,
    minor: 12,
    patch: 3,
    build: [],
    prerelease: []
  },
  displayName: 'Python 3.12.3',
  detailedDisplayName: 'Python 3.12.3',
  type: undefined
} /home/kraoshin/.vscode-server/extensions/ms-python.python-2025.2.0-linux-x64/python_files/installed_check.py /home/kraoshin/holbertonschool-hbnb/part3/requirements.txt
2025-03-13 15:28:50.984 [info] > /bin/python3 ./.vscode-server/extensions/ms-python.python-2025.2.0-linux-x64/python_files/installed_check.py ./holbertonschool-hbnb/part3/requirements.txt
2025-03-13 15:29:00.098 [info] Running installed packages checker:  {
  id: '/bin/python3',
  sysPrefix: '/usr',
  envType: 'System',
  envName: '',
  envPath: '/bin/python3',
  path: '/bin/python3',
  architecture: 3,
  sysVersion: '',
  version: {
    raw: '3.12.3',
    major: 3,
    minor: 12,
    patch: 3,
    build: [],
    prerelease: []
  },
  displayName: 'Python 3.12.3',
  detailedDisplayName: 'Python 3.12.3',
  type: undefined
} /home/kraoshin/.vscode-server/extensions/ms-python.python-2025.2.0-linux-x64/python_files/installed_check.py /home/kraoshin/holbertonschool-hbnb/part3/requirements.txt
2025-03-13 15:29:00.098 [info] > /bin/python3 ./.vscode-server/extensions/ms-python.python-2025.2.0-linux-x64/python_files/installed_check.py ./holbertonschool-hbnb/part3/requirements.txt
2025-03-13 15:30:36.911 [info] Running installed packages checker:  {
  id: '/bin/python3',
  sysPrefix: '/usr',
  envType: 'System',
  envName: '',
  envPath: '/bin/python3',
  path: '/bin/python3',
  architecture: 3,
  sysVersion: '',
  version: {
    raw: '3.12.3',
    major: 3,
    minor: 12,
    patch: 3,
    build: [],
    prerelease: []
  },
  displayName: 'Python 3.12.3',
  detailedDisplayName: 'Python 3.12.3',
  type: undefined
} /home/kraoshin/.vscode-server/extensions/ms-python.python-2025.2.0-linux-x64/python_files/installed_check.py /home/kraoshin/holbertonschool-hbnb/part3/requirements.txt
2025-03-13 15:30:36.911 [info] > /bin/python3 ./.vscode-server/extensions/ms-python.python-2025.2.0-linux-x64/python_files/installed_check.py ./holbertonschool-hbnb/part3/requirements.txt
2025-03-13 15:30:46.108 [info] Running installed packages checker:  {
  id: '/bin/python3',
  sysPrefix: '/usr',
  envType: 'System',
  envName: '',
  envPath: '/bin/python3',
  path: '/bin/python3',
  architecture: 3,
  sysVersion: '',
  version: {
    raw: '3.12.3',
    major: 3,
    minor: 12,
    patch: 3,
    build: [],
    prerelease: []
  },
  displayName: 'Python 3.12.3',
  detailedDisplayName: 'Python 3.12.3',
  type: undefined
} /home/kraoshin/.vscode-server/extensions/ms-python.python-2025.2.0-linux-x64/python_files/installed_check.py /home/kraoshin/holbertonschool-hbnb/part3/requirements.txt
2025-03-13 15:30:46.108 [info] > /bin/python3 ./.vscode-server/extensions/ms-python.python-2025.2.0-linux-x64/python_files/installed_check.py ./holbertonschool-hbnb/part3/requirements.txt
2025-03-13 15:41:16.456 [info] Running installed packages checker:  {
  id: '/bin/python3',
  sysPrefix: '/usr',
  envType: 'System',
  envName: '',
  envPath: '/bin/python3',
  path: '/bin/python3',
  architecture: 3,
  sysVersion: '',
  version: {
    raw: '3.12.3',
    major: 3,
    minor: 12,
    patch: 3,
    build: [],
    prerelease: []
  },
  displayName: 'Python 3.12.3',
  detailedDisplayName: 'Python 3.12.3',
  type: undefined
} /home/kraoshin/.vscode-server/extensions/ms-python.python-2025.2.0-linux-x64/python_files/installed_check.py /home/kraoshin/holbertonschool-hbnb/part3/requirements.txt
2025-03-13 15:41:16.456 [info] > /bin/python3 ./.vscode-server/extensions/ms-python.python-2025.2.0-linux-x64/python_files/installed_check.py ./holbertonschool-hbnb/part3/requirements.txt
2025-03-13 15:41:26.454 [info] Running installed packages checker:  {
  id: '/bin/python3',
  sysPrefix: '/usr',
  envType: 'System',
  envName: '',
  envPath: '/bin/python3',
  path: '/bin/python3',
  architecture: 3,
  sysVersion: '',
  version: {
    raw: '3.12.3',
    major: 3,
    minor: 12,
    patch: 3,
    build: [],
    prerelease: []
  },
  displayName: 'Python 3.12.3',
  detailedDisplayName: 'Python 3.12.3',
  type: undefined
} /home/kraoshin/.vscode-server/extensions/ms-python.python-2025.2.0-linux-x64/python_files/installed_check.py /home/kraoshin/holbertonschool-hbnb/part3/requirements.txt
2025-03-13 15:41:26.454 [info] > /bin/python3 ./.vscode-server/extensions/ms-python.python-2025.2.0-linux-x64/python_files/installed_check.py ./holbertonschool-hbnb/part3/requirements.txt
2025-03-13 15:41:35.894 [info] Discover tests for workspace name: undefined - uri: c:/Users/killi/AppData/Roaming/Code/User/settings.json
2025-03-13 15:43:21.426 [info] Running installed packages checker:  {
  id: '/bin/python3',
  sysPrefix: '/usr',
  envType: 'System',
  envName: '',
  envPath: '/bin/python3',
  path: '/bin/python3',
  architecture: 3,
  sysVersion: '',
  version: {
    raw: '3.12.3',
    major: 3,
    minor: 12,
    patch: 3,
    build: [],
    prerelease: []
  },
  displayName: 'Python 3.12.3',
  detailedDisplayName: 'Python 3.12.3',
  type: undefined
} /home/kraoshin/.vscode-server/extensions/ms-python.python-2025.2.0-linux-x64/python_files/installed_check.py /home/kraoshin/holbertonschool-hbnb/part3/requirements.txt
2025-03-13 15:43:21.426 [info] > /bin/python3 ./.vscode-server/extensions/ms-python.python-2025.2.0-linux-x64/python_files/installed_check.py ./holbertonschool-hbnb/part3/requirements.txt
2025-03-13 15:43:30.991 [info] Running installed packages checker:  {
  id: '/bin/python3',
  sysPrefix: '/usr',
  envType: 'System',
  envName: '',
  envPath: '/bin/python3',
  path: '/bin/python3',
  architecture: 3,
  sysVersion: '',
  version: {
    raw: '3.12.3',
    major: 3,
    minor: 12,
    patch: 3,
    build: [],
    prerelease: []
  },
  displayName: 'Python 3.12.3',
  detailedDisplayName: 'Python 3.12.3',
  type: undefined
} /home/kraoshin/.vscode-server/extensions/ms-python.python-2025.2.0-linux-x64/python_files/installed_check.py /home/kraoshin/holbertonschool-hbnb/part3/requirements.txt
2025-03-13 15:43:30.991 [info] > /bin/python3 ./.vscode-server/extensions/ms-python.python-2025.2.0-linux-x64/python_files/installed_check.py ./holbertonschool-hbnb/part3/requirements.txt
2025-03-13 15:45:13.920 [info] Running installed packages checker:  {
  id: '/bin/python3',
  sysPrefix: '/usr',
  envType: 'System',
  envName: '',
  envPath: '/bin/python3',
  path: '/bin/python3',
  architecture: 3,
  sysVersion: '',
  version: {
    raw: '3.12.3',
    major: 3,
    minor: 12,
    patch: 3,
    build: [],
    prerelease: []
  },
  displayName: 'Python 3.12.3',
  detailedDisplayName: 'Python 3.12.3',
  type: undefined
} /home/kraoshin/.vscode-server/extensions/ms-python.python-2025.2.0-linux-x64/python_files/installed_check.py /home/kraoshin/holbertonschool-hbnb/part3/requirements.txt
2025-03-13 15:45:13.920 [info] > /bin/python3 ./.vscode-server/extensions/ms-python.python-2025.2.0-linux-x64/python_files/installed_check.py ./holbertonschool-hbnb/part3/requirements.txt
2025-03-13 15:45:22.975 [info] Running installed packages checker:  {
  id: '/bin/python3',
  sysPrefix: '/usr',
  envType: 'System',
  envName: '',
  envPath: '/bin/python3',
  path: '/bin/python3',
  architecture: 3,
  sysVersion: '',
  version: {
    raw: '3.12.3',
    major: 3,
    minor: 12,
    patch: 3,
    build: [],
    prerelease: []
  },
  displayName: 'Python 3.12.3',
  detailedDisplayName: 'Python 3.12.3',
  type: undefined
} /home/kraoshin/.vscode-server/extensions/ms-python.python-2025.2.0-linux-x64/python_files/installed_check.py /home/kraoshin/holbertonschool-hbnb/part3/requirements.txt
2025-03-13 15:45:22.975 [info] > /bin/python3 ./.vscode-server/extensions/ms-python.python-2025.2.0-linux-x64/python_files/installed_check.py ./holbertonschool-hbnb/part3/requirements.txt
2025-03-13 15:46:52.112 [info] Running installed packages checker:  {
  id: '/bin/python3',
  sysPrefix: '/usr',
  envType: 'System',
  envName: '',
  envPath: '/bin/python3',
  path: '/bin/python3',
  architecture: 3,
  sysVersion: '',
  version: {
    raw: '3.12.3',
    major: 3,
    minor: 12,
    patch: 3,
    build: [],
    prerelease: []
  },
  displayName: 'Python 3.12.3',
  detailedDisplayName: 'Python 3.12.3',
  type: undefined
} /home/kraoshin/.vscode-server/extensions/ms-python.python-2025.2.0-linux-x64/python_files/installed_check.py /home/kraoshin/holbertonschool-hbnb/part3/requirements.txt
2025-03-13 15:46:52.112 [info] > /bin/python3 ./.vscode-server/extensions/ms-python.python-2025.2.0-linux-x64/python_files/installed_check.py ./holbertonschool-hbnb/part3/requirements.txt
2025-03-13 15:47:01.383 [info] Running installed packages checker:  {
  id: '/bin/python3',
  sysPrefix: '/usr',
  envType: 'System',
  envName: '',
  envPath: '/bin/python3',
  path: '/bin/python3',
  architecture: 3,
  sysVersion: '',
  version: {
    raw: '3.12.3',
    major: 3,
    minor: 12,
    patch: 3,
    build: [],
    prerelease: []
  },
  displayName: 'Python 3.12.3',
  detailedDisplayName: 'Python 3.12.3',
  type: undefined
} /home/kraoshin/.vscode-server/extensions/ms-python.python-2025.2.0-linux-x64/python_files/installed_check.py /home/kraoshin/holbertonschool-hbnb/part3/requirements.txt
2025-03-13 15:47:01.383 [info] > /bin/python3 ./.vscode-server/extensions/ms-python.python-2025.2.0-linux-x64/python_files/installed_check.py ./holbertonschool-hbnb/part3/requirements.txt
2025-03-13 15:48:51.078 [info] Running installed packages checker:  {
  id: '/bin/python3',
  sysPrefix: '/usr',
  envType: 'System',
  envName: '',
  envPath: '/bin/python3',
  path: '/bin/python3',
  architecture: 3,
  sysVersion: '',
  version: {
    raw: '3.12.3',
    major: 3,
    minor: 12,
    patch: 3,
    build: [],
    prerelease: []
  },
  displayName: 'Python 3.12.3',
  detailedDisplayName: 'Python 3.12.3',
  type: undefined
} /home/kraoshin/.vscode-server/extensions/ms-python.python-2025.2.0-linux-x64/python_files/installed_check.py /home/kraoshin/holbertonschool-hbnb/part3/requirements.txt
2025-03-13 15:48:51.078 [info] > /bin/python3 ./.vscode-server/extensions/ms-python.python-2025.2.0-linux-x64/python_files/installed_check.py ./holbertonschool-hbnb/part3/requirements.txt
2025-03-13 15:49:01.020 [info] Running installed packages checker:  {
  id: '/bin/python3',
  sysPrefix: '/usr',
  envType: 'System',
  envName: '',
  envPath: '/bin/python3',
  path: '/bin/python3',
  architecture: 3,
  sysVersion: '',
  version: {
    raw: '3.12.3',
    major: 3,
    minor: 12,
    patch: 3,
    build: [],
    prerelease: []
  },
  displayName: 'Python 3.12.3',
  detailedDisplayName: 'Python 3.12.3',
  type: undefined
} /home/kraoshin/.vscode-server/extensions/ms-python.python-2025.2.0-linux-x64/python_files/installed_check.py /home/kraoshin/holbertonschool-hbnb/part3/requirements.txt
2025-03-13 15:49:01.020 [info] > /bin/python3 ./.vscode-server/extensions/ms-python.python-2025.2.0-linux-x64/python_files/installed_check.py ./holbertonschool-hbnb/part3/requirements.txt
2025-03-13 15:52:28.290 [info] Discover tests for workspace name: kraoshin - uri: /home/kraoshin/part3/app/models/amenity.py
2025-03-13 15:53:20.061 [info] Discover tests for workspace name: kraoshin - uri: /home/kraoshin/part3/app/models/place.py
