2025-01-21 11:14:38.163 [info] Experiment 'pythonaacf' is active
2025-01-21 11:14:38.163 [info] Experiment 'pythonRecommendTensorboardExt' is active
2025-01-21 11:14:38.163 [info] Experiment 'pythonSurveyNotification' is active
2025-01-21 11:14:38.163 [info] Experiment 'pythonTerminalEnvVarActivation' is active
2025-01-21 11:14:38.163 [info] Experiment 'pythonTestAdapter' is active
2025-01-21 11:14:38.163 [info] Native locator: Refresh started
2025-01-21 11:14:38.163 [info] Native locator: Refresh started
2025-01-21 11:14:38.547 [info] > pyenv which python
2025-01-21 11:14:38.547 [info] cwd: .
2025-01-21 11:14:38.568 [info] Python interpreter path: /bin/python3
2025-01-21 11:14:39.854 [info] Starting Pylance language server.
2025-01-21 11:14:43.134 [info] Native locator: Refresh finished in 5491 ms
2025-01-21 11:16:43.667 [info] Python interpreter path: /usr/bin/python3
2025-01-21 11:21:57.836 [info] Discover tests for workspace name: kraoshin - uri: /home/kraoshin/holbertonschool-higher_level_programming/python-data_structures/8-main.py
2025-01-21 11:22:00.778 [info] Discover tests for workspace name: kraoshin - uri: /home/kraoshin/holbertonschool-higher_level_programming/python-data_structures/8-multiple_returns.py
2025-01-21 11:30:17.471 [info] Discover tests for workspace name: kraoshin - uri: /home/kraoshin/holbertonschool-higher_level_programming/python-data_structures/9-max_integer.py
2025-01-21 11:31:06.680 [info] Discover tests for workspace name: kraoshin - uri: /home/kraoshin/holbertonschool-higher_level_programming/python-data_structures/9-main.py
2025-01-21 11:37:10.108 [info] Discover tests for workspace name: kraoshin - uri: /home/kraoshin/holbertonschool-higher_level_programming/python-data_structures/9-max_integer.py
2025-01-21 11:38:42.154 [info] Discover tests for workspace name: kraoshin - uri: /home/kraoshin/holbertonschool-higher_level_programming/python-data_structures/10-main.py
2025-01-21 11:44:19.690 [info] Discover tests for workspace name: kraoshin - uri: /home/kraoshin/holbertonschool-higher_level_programming/python-data_structures/10-divisible_by_2.py
2025-01-21 11:46:27.751 [info] Discover tests for workspace name: kraoshin - uri: /home/kraoshin/holbertonschool-higher_level_programming/python-data_structures/11-main.py
2025-01-21 11:48:08.491 [info] Discover tests for workspace name: kraoshin - uri: /home/kraoshin/holbertonschool-higher_level_programming/python-data_structures/11-delete_at.py
2025-01-21 11:53:32.812 [info] Discover tests for workspace name: kraoshin - uri: /home/kraoshin/holbertonschool-higher_level_programming/python-data_structures/12-switch.py
2025-01-21 13:08:03.797 [info] Discover tests for workspace name: kraoshin - uri: /home/kraoshin/holbertonschool-higher_level_programming/python-data_structures/0-main.py
2025-01-21 13:15:11.914 [info] Discover tests for workspace name: kraoshin - uri: /home/kraoshin/holbertonschool-higher_level_programming/python-data_structures/0-square_matrix_simple.py
2025-01-21 13:19:14.105 [info] Discover tests for workspace name: kraoshin - uri: /home/kraoshin/holbertonschool-higher_level_programming/python-more_data_structures/0-main.py
2025-01-21 13:19:40.774 [info] Discover tests for workspace name: kraoshin - uri: /home/kraoshin/holbertonschool-higher_level_programming/python-more_data_structures/0-square_matrix_simple.py
2025-01-21 13:22:48.659 [info] Discover tests for workspace name: kraoshin - uri: /home/kraoshin/holbertonschool-higher_level_programming/python-more_data_structures/1-main.py
2025-01-21 13:24:44.978 [info] Discover tests for workspace name: kraoshin - uri: /home/kraoshin/holbertonschool-higher_level_programming/python-more_data_structures/1-search_replace.py
2025-01-21 13:30:11.881 [info] Discover tests for workspace name: kraoshin - uri: /home/kraoshin/holbertonschool-higher_level_programming/python-more_data_structures/2-main.py
2025-01-21 13:31:32.818 [info] Discover tests for workspace name: kraoshin - uri: /home/kraoshin/holbertonschool-higher_level_programming/python-more_data_structures/2-uniq_add.py
2025-01-21 13:34:13.628 [info] Discover tests for workspace name: kraoshin - uri: /home/kraoshin/holbertonschool-higher_level_programming/python-more_data_structures/3-main.py
2025-01-21 13:37:51.365 [info] Discover tests for workspace name: kraoshin - uri: /home/kraoshin/holbertonschool-higher_level_programming/python-more_data_structures/3-common_elements.py
2025-01-21 13:47:57.095 [info] Discover tests for workspace name: kraoshin - uri: /home/kraoshin/holbertonschool-higher_level_programming/python-more_data_structures/4-main.py
2025-01-21 13:51:16.802 [info] Discover tests for workspace name: kraoshin - uri: /home/kraoshin/holbertonschool-higher_level_programming/python-more_data_structures/4-only_diff_elements.py
2025-01-21 13:56:09.217 [info] Discover tests for workspace name: kraoshin - uri: /home/kraoshin/holbertonschool-higher_level_programming/python-more_data_structures/5-main.py
2025-01-21 13:59:00.475 [info] Discover tests for workspace name: kraoshin - uri: /home/kraoshin/holbertonschool-higher_level_programming/python-more_data_structures/5-number_keys.py
2025-01-21 14:00:49.380 [info] Discover tests for workspace name: kraoshin - uri: /home/kraoshin/holbertonschool-higher_level_programming/python-more_data_structures/6-main.py
2025-01-21 14:02:27.524 [info] Discover tests for workspace name: kraoshin - uri: /home/kraoshin/holbertonschool-higher_level_programming/python-more_data_structures/6-print_sorted_dictionary.py
2025-01-21 14:07:12.122 [info] Discover tests for workspace name: kraoshin - uri: /home/kraoshin/holbertonschool-higher_level_programming/python-more_data_structures/6-print_sorted_dictionary.py
2025-01-21 14:09:58.849 [info] Discover tests for workspace name: kraoshin - uri: /home/kraoshin/holbertonschool-higher_level_programming/python-more_data_structures/7-main.py
2025-01-21 14:11:41.289 [info] Discover tests for workspace name: kraoshin - uri: /home/kraoshin/holbertonschool-higher_level_programming/python-more_data_structures/7-update_dictionary.py
2025-01-21 14:15:36.820 [info] Discover tests for workspace name: kraoshin - uri: /home/kraoshin/holbertonschool-higher_level_programming/python-more_data_structures/8-main.py
2025-01-21 14:19:28.296 [info] Discover tests for workspace name: kraoshin - uri: /home/kraoshin/holbertonschool-higher_level_programming/python-more_data_structures/8-simple_delete.py
2025-01-21 14:21:40.075 [info] Discover tests for workspace name: kraoshin - uri: /home/kraoshin/holbertonschool-higher_level_programming/python-more_data_structures/9-main.py
2025-01-21 14:26:15.769 [info] Discover tests for workspace name: kraoshin - uri: /home/kraoshin/holbertonschool-higher_level_programming/python-more_data_structures/9-multiply_by_2.py
2025-01-21 14:28:10.971 [info] Discover tests for workspace name: kraoshin - uri: /home/kraoshin/holbertonschool-higher_level_programming/python-more_data_structures/10-main.py
2025-01-21 14:29:12.685 [info] Discover tests for workspace name: kraoshin - uri: /home/kraoshin/holbertonschool-higher_level_programming/python-more_data_structures/10-best_score.py
2025-01-21 14:34:12.590 [info] Discover tests for workspace name: kraoshin - uri: /home/kraoshin/holbertonschool-higher_level_programming/python-more_data_structures/11-main.py
2025-01-21 14:35:21.734 [info] Discover tests for workspace name: kraoshin - uri: /home/kraoshin/holbertonschool-higher_level_programming/python-more_data_structures/11-multiply_list_map.py
2025-01-21 14:37:08.266 [info] Discover tests for workspace name: kraoshin - uri: /home/kraoshin/holbertonschool-higher_level_programming/python-more_data_structures/11-multiply_list_map.py
2025-01-21 14:44:49.872 [info] Discover tests for workspace name: kraoshin - uri: /home/kraoshin/holbertonschool-higher_level_programming/python-more_data_structures/12-main.py
2025-01-21 14:46:06.034 [info] Discover tests for workspace name: kraoshin - uri: /home/kraoshin/holbertonschool-higher_level_programming/python-more_data_structures/12-roman_to_int.py
2025-01-21 14:53:17.348 [info] Discover tests for workspace name: kraoshin - uri: /home/kraoshin/holbertonschool-higher_level_programming/python-more_data_structures/12-roman_to_int.py
2025-01-21 14:55:46.335 [info] Discover tests for workspace name: kraoshin - uri: /home/kraoshin/holbertonschool-higher_level_programming/python-more_data_structures/5-number_keys.py
2025-01-21 14:56:13.514 [info] Discover tests for workspace name: kraoshin - uri: /home/kraoshin/holbertonschool-higher_level_programming/python-more_data_structures/5-number_keys.py
