2025-03-13 16:10:26.320 [info] [main] Log level: Info
2025-03-13 16:10:26.320 [info] [main] Validating found git in: "git"
2025-03-13 16:10:26.320 [info] [main] Using git "2.43.0" from "git"
2025-03-13 16:10:26.320 [info] [Model][doInitialScan] Initial repository scan started
2025-03-13 16:10:26.320 [info] > git rev-parse --show-toplevel [44ms]
2025-03-13 16:10:26.321 [info] > git rev-parse --git-dir --git-common-dir [3ms]
2025-03-13 16:10:26.329 [info] [Model][openRepository] Opened repository: /home/kraoshin
2025-03-13 16:10:26.347 [info] > git rev-parse --show-toplevel [6ms]
2025-03-13 16:10:26.348 [info] > git config --get commit.template [11ms]
2025-03-13 16:10:26.364 [info] > git rev-parse --git-dir --git-common-dir [10ms]
2025-03-13 16:10:26.368 [info] [Model][openRepository] Opened repository: /home/kraoshin/holbertonschool-hbnb
2025-03-13 16:10:26.376 [info] > git for-each-ref --format=%(refname)%00%(upstream:short)%00%(objectname)%00%(upstream:track)%00%(upstream:remotename)%00%(upstream:remoteref) refs/heads/kraoshin refs/remotes/kraoshin [17ms]
2025-03-13 16:10:26.569 [info] > git config --get commit.template [194ms]
2025-03-13 16:10:26.571 [info] > git for-each-ref --sort -committerdate --format %(refname) %(objectname) %(*objectname) [183ms]
2025-03-13 16:10:26.577 [info] > git for-each-ref --format=%(refname)%00%(upstream:short)%00%(objectname)%00%(upstream:track)%00%(upstream:remotename)%00%(upstream:remoteref) refs/heads/main refs/remotes/main [1ms]
2025-03-13 16:10:26.581 [warning] [Git][revParse] Unable to read file: ENOENT: no such file or directory, open '/home/kraoshin/holbertonschool-hbnb/.git/refs/remotes/origin/main'
2025-03-13 16:10:26.583 [info] > git rev-parse refs/remotes/origin/main [1ms]
2025-03-13 16:10:26.592 [info] > git status -z -uall [6ms]
2025-03-13 16:10:26.593 [info] > git for-each-ref --sort -committerdate --format %(refname) %(objectname) %(*objectname) [3ms]
2025-03-13 16:10:26.619 [info] > git for-each-ref --format=%(refname)%00%(upstream:short)%00%(objectname)%00%(upstream:track)%00%(upstream:remotename)%00%(upstream:remoteref) refs/heads/main refs/remotes/main [14ms]
2025-03-13 16:10:26.629 [info] > git config --get commit.template [18ms]
2025-03-13 16:10:26.630 [info] > git rev-parse --show-toplevel [2ms]
2025-03-13 16:10:26.630 [info] > git config --get --local branch.main.vscode-merge-base [6ms]
2025-03-13 16:10:26.630 [warning] [Git][config] git config failed: Failed to execute git
2025-03-13 16:10:26.675 [info] > git rev-parse --show-toplevel [22ms]
2025-03-13 16:10:26.675 [info] > git for-each-ref --format=%(refname)%00%(upstream:short)%00%(objectname)%00%(upstream:track)%00%(upstream:remotename)%00%(upstream:remoteref) refs/heads/main refs/remotes/main [28ms]
2025-03-13 16:10:26.675 [info] > git reflog main --grep-reflog=branch: Created from *. [32ms]
2025-03-13 16:10:26.689 [warning] [Git][revParse] Unable to read file: ENOENT: no such file or directory, open '/home/kraoshin/holbertonschool-hbnb/.git/refs/remotes/origin/main'
2025-03-13 16:10:26.757 [info] > git rev-parse refs/remotes/origin/main [68ms]
2025-03-13 16:10:26.769 [info] > git rev-parse --show-toplevel [84ms]
2025-03-13 16:10:26.770 [info] > git symbolic-ref --short refs/remotes/origin/HEAD [91ms]
2025-03-13 16:10:26.800 [info] > git status -z -uall [37ms]
2025-03-13 16:10:26.800 [info] > git for-each-ref --format=%(refname)%00%(upstream:short)%00%(objectname)%00%(upstream:track)%00%(upstream:remotename)%00%(upstream:remoteref) refs/heads/origin/main refs/remotes/origin/main [25ms]
2025-03-13 16:10:26.806 [info] > git for-each-ref --sort -committerdate --format %(refname) %(objectname) %(*objectname) [37ms]
2025-03-13 16:10:26.846 [info] > git for-each-ref --format=%(refname)%00%(upstream:short)%00%(objectname)%00%(upstream:track)%00%(upstream:remotename)%00%(upstream:remoteref) refs/heads/main refs/remotes/main [31ms]
2025-03-13 16:10:26.851 [info] > git config --add --local branch.main.vscode-merge-base origin/main [46ms]
2025-03-13 16:10:26.852 [info] > git rev-parse --show-toplevel [71ms]
2025-03-13 16:10:26.872 [info] > git config --get --local branch.main.vscode-merge-base [21ms]
2025-03-13 16:10:26.879 [info] > git for-each-ref --format=%(refname)%00%(upstream:short)%00%(objectname)%00%(upstream:track)%00%(upstream:remotename)%00%(upstream:remoteref) refs/heads/origin/main refs/remotes/origin/main [3ms]
2025-03-13 16:10:26.884 [info] > git rev-parse --show-toplevel [21ms]
2025-03-13 16:10:26.884 [info] > git config --get commit.template [26ms]
2025-03-13 16:10:26.890 [info] > git merge-base refs/heads/main refs/remotes/origin/main [7ms]
2025-03-13 16:10:26.901 [info] > git rev-parse --show-toplevel [11ms]
2025-03-13 16:10:26.906 [info] > git diff --name-status -z --diff-filter=ADMR b9a90239b3547b6edf1c1ca94fa0204f0a3843ea...refs/remotes/origin/main [10ms]
2025-03-13 16:10:26.911 [info] > git rev-parse --show-toplevel [6ms]
2025-03-13 16:10:26.911 [info] > git for-each-ref --format=%(refname)%00%(upstream:short)%00%(objectname)%00%(upstream:track)%00%(upstream:remotename)%00%(upstream:remoteref) refs/heads/main refs/remotes/main [11ms]
2025-03-13 16:10:26.919 [warning] [Git][revParse] Unable to read file: ENOENT: no such file or directory, open '/home/kraoshin/holbertonschool-hbnb/.git/refs/remotes/origin/main'
2025-03-13 16:10:26.921 [info] > git rev-parse --show-toplevel [5ms]
2025-03-13 16:10:26.922 [info] > git rev-parse refs/remotes/origin/main [3ms]
2025-03-13 16:10:26.998 [info] > git status -z -uall [71ms]
2025-03-13 16:10:27.014 [info] > git rev-parse --show-toplevel [77ms]
2025-03-13 16:10:27.014 [info] > git for-each-ref --sort -committerdate --format %(refname) %(objectname) %(*objectname) [82ms]
2025-03-13 16:10:27.023 [info] > git rev-parse --show-toplevel [2ms]
2025-03-13 16:10:27.138 [info] > git check-ignore -v -z --stdin [13ms]
2025-03-13 16:10:27.139 [info] > git check-ignore -v -z --stdin [10ms]
2025-03-13 16:10:27.140 [info] > git rev-parse --show-toplevel [6ms]
2025-03-13 16:10:27.146 [info] > git rev-parse --git-dir --git-common-dir [1ms]
2025-03-13 16:10:27.150 [info] [Model][openRepository] Opened repository: /home/kraoshin/Betty
2025-03-13 16:10:27.162 [info] > git rev-parse --show-toplevel [1ms]
2025-03-13 16:10:27.163 [info] > git config --get commit.template [5ms]
2025-03-13 16:10:27.174 [info] > git rev-parse --show-toplevel [7ms]
2025-03-13 16:10:27.179 [info] > git for-each-ref --format=%(refname)%00%(upstream:short)%00%(objectname)%00%(upstream:track)%00%(upstream:remotename)%00%(upstream:remoteref) refs/heads/main refs/remotes/main [7ms]
2025-03-13 16:10:27.184 [warning] [Git][revParse] Unable to read file: ENOENT: no such file or directory, open '/home/kraoshin/Betty/.git/refs/remotes/origin/main'
2025-03-13 16:10:27.185 [info] > git rev-parse --git-dir --git-common-dir [7ms]
2025-03-13 16:10:27.188 [info] [Model][openRepository] Opened repository: /home/kraoshin/holbertonschool-binary_trees
2025-03-13 16:10:27.205 [info] > git rev-parse refs/remotes/origin/main [21ms]
2025-03-13 16:10:27.303 [info] > git status -z -uall [93ms]
2025-03-13 16:10:27.303 [info] > git for-each-ref --sort -committerdate --format %(refname) %(objectname) %(*objectname) [8ms]
2025-03-13 16:10:27.310 [info] > git rev-parse --show-toplevel [107ms]
2025-03-13 16:10:27.310 [info] > git config --get commit.template [111ms]
2025-03-13 16:10:27.320 [info] > git for-each-ref --format=%(refname)%00%(upstream:short)%00%(objectname)%00%(upstream:track)%00%(upstream:remotename)%00%(upstream:remoteref) refs/heads/main refs/remotes/main [12ms]
2025-03-13 16:10:27.331 [info] > git config --get --local branch.main.vscode-merge-base [7ms]
2025-03-13 16:10:27.335 [info] > git rev-parse --git-dir --git-common-dir [16ms]
2025-03-13 16:10:27.338 [info] [Model][openRepository] Opened repository: /home/kraoshin/holbertonschool-higher_level_programming
2025-03-13 16:10:27.339 [info] > git config --get commit.template [24ms]
2025-03-13 16:10:27.433 [info] > git for-each-ref --format=%(refname)%00%(upstream:short)%00%(objectname)%00%(upstream:track)%00%(upstream:remotename)%00%(upstream:remoteref) refs/heads/origin/main refs/remotes/origin/main [98ms]
2025-03-13 16:10:27.437 [info] > git for-each-ref --format=%(refname)%00%(upstream:short)%00%(objectname)%00%(upstream:track)%00%(upstream:remotename)%00%(upstream:remoteref) refs/heads/main refs/remotes/main [108ms]
2025-03-13 16:10:27.447 [info] > git merge-base refs/heads/main refs/remotes/origin/main [10ms]
2025-03-13 16:10:27.451 [info] > git rev-parse --show-toplevel [64ms]
2025-03-13 16:10:27.452 [info] > git config --get commit.template [69ms]
2025-03-13 16:10:27.797 [info] > git status -z -uall [1416ms] (cancelled)
2025-03-13 16:10:27.797 [info] > git diff --name-status -z --diff-filter=ADMR cfe1aa5728190e880b089be65c6a1dc31f5fe503...refs/remotes/origin/main [346ms]
2025-03-13 16:10:27.797 [info] > git for-each-ref --format=%(refname)%00%(upstream:short)%00%(objectname)%00%(upstream:track)%00%(upstream:remotename)%00%(upstream:remoteref) refs/heads/main refs/remotes/main [355ms]
2025-03-13 16:10:28.433 [warning] [Git][revParse] Unable to read file: ENOENT: no such file or directory, open '/home/kraoshin/Betty/.git/refs/remotes/origin/main'
2025-03-13 16:10:28.571 [info] > git for-each-ref --format=%(refname)%00%(upstream:short)%00%(objectname)%00%(upstream:track)%00%(upstream:remotename)%00%(upstream:remoteref) refs/heads/kraoshin refs/remotes/kraoshin [782ms]
2025-03-13 16:10:28.575 [info] > git rev-parse --git-dir --git-common-dir [1118ms]
2025-03-13 16:10:28.578 [info] [Model][openRepository] Opened repository: /home/kraoshin/holbertonschool-low_level_programming
2025-03-13 16:10:28.653 [info] > git check-ignore -v -z --stdin [70ms]
2025-03-13 16:10:28.655 [info] > git check-ignore -v -z --stdin [69ms]
2025-03-13 16:10:28.655 [info] > git check-ignore -v -z --stdin [65ms]
2025-03-13 16:10:28.656 [info] > git check-ignore -v -z --stdin [61ms]
2025-03-13 16:10:28.656 [info] > git status -z -uall [37ms]
2025-03-13 16:10:28.657 [info] > git config --get --local branch.kraoshin.vscode-merge-base [81ms]
2025-03-13 16:10:28.657 [warning] [Git][config] git config failed: Failed to execute git
2025-03-13 16:10:28.663 [info] > git rev-parse refs/remotes/origin/main [230ms]
2025-03-13 16:10:28.676 [info] > git config --get commit.template [247ms]
2025-03-13 16:10:28.676 [info] > git for-each-ref --format=%(refname)%00%(upstream:short)%00%(objectname)%00%(upstream:track)%00%(upstream:remotename)%00%(upstream:remoteref) refs/heads/main refs/remotes/main [251ms]
2025-03-13 16:10:28.683 [info] > git status -z -uall [13ms]
2025-03-13 16:10:28.683 [info] > git for-each-ref --sort -committerdate --format %(refname) %(objectname) %(*objectname) [8ms]
2025-03-13 16:10:28.686 [info] > git reflog kraoshin --grep-reflog=branch: Created from *. [23ms]
2025-03-13 16:10:28.690 [info] > git config --get commit.template [46ms]
2025-03-13 16:10:28.690 [info] > git rev-parse --show-toplevel [52ms]
2025-03-13 16:10:28.690 [info] > git config --get commit.template [59ms]
2025-03-13 16:10:28.690 [info] > git for-each-ref --sort -committerdate --format %(refname) %(objectname) %(*objectname) [65ms]
2025-03-13 16:10:28.758 [info] > git for-each-ref --format=%(refname)%00%(upstream:short)%00%(objectname)%00%(upstream:track)%00%(upstream:remotename)%00%(upstream:remoteref) refs/heads/main refs/remotes/main [61ms]
2025-03-13 16:10:28.763 [info] > git for-each-ref --format=%(refname)%00%(upstream:short)%00%(objectname)%00%(upstream:track)%00%(upstream:remotename)%00%(upstream:remoteref) refs/heads/master refs/remotes/master [73ms]
2025-03-13 16:10:28.779 [info] > git config --get --local branch.main.vscode-merge-base [17ms]
2025-03-13 16:10:28.779 [warning] [Git][config] git config failed: Failed to execute git
2025-03-13 16:10:28.784 [info] > git config --get commit.template [36ms]
2025-03-13 16:10:28.784 [info] > git rev-parse --git-dir --git-common-dir [43ms]
2025-03-13 16:10:28.787 [info] [Model][openRepository] Opened repository: /home/kraoshin/holbertonschool-printf
2025-03-13 16:10:28.788 [info] > git for-each-ref --format=%(refname)%00%(upstream:short)%00%(objectname)%00%(upstream:track)%00%(upstream:remotename)%00%(upstream:remoteref) refs/heads/kraoshin refs/remotes/kraoshin [81ms]
2025-03-13 16:10:28.822 [info] > git status -z -uall [16ms]
2025-03-13 16:10:28.822 [info] > git for-each-ref --sort -committerdate --format %(refname) %(objectname) %(*objectname) [25ms]
2025-03-13 16:10:28.823 [info] > git for-each-ref --format=%(refname)%00%(upstream:short)%00%(objectname)%00%(upstream:track)%00%(upstream:remotename)%00%(upstream:remoteref) refs/heads/main refs/remotes/main [45ms]
2025-03-13 16:10:28.823 [info] > git for-each-ref --format=%(refname)%00%(upstream:short)%00%(objectname)%00%(upstream:track)%00%(upstream:remotename)%00%(upstream:remoteref) refs/heads/main refs/remotes/main [50ms]
2025-03-13 16:10:28.823 [info] > git symbolic-ref --short refs/remotes/origin/HEAD [55ms]
2025-03-13 16:10:28.823 [info] fatal: ref refs/remotes/origin/HEAD is not a symbolic ref
2025-03-13 16:10:28.823 [warning] [Repository][getDefaultBranch] Failed to get default branch details: Failed to execute git.
2025-03-13 16:10:28.834 [warning] [Git][revParse] Unable to read file: ENOENT: no such file or directory, open '/home/kraoshin/holbertonschool-hbnb/.git/refs/remotes/origin/main'
2025-03-13 16:10:28.837 [info] > git rev-parse --show-toplevel [16ms]
2025-03-13 16:10:28.838 [info] > git config --get commit.template [22ms]
2025-03-13 16:10:28.838 [info] > git for-each-ref --sort -committerdate --format %(refname) %(objectname) %(*objectname) [27ms]
2025-03-13 16:10:28.848 [info] > git reflog main --grep-reflog=branch: Created from *. [65ms]
2025-03-13 16:10:28.906 [info] > git for-each-ref --format=%(refname)%00%(upstream:short)%00%(objectname)%00%(upstream:track)%00%(upstream:remotename)%00%(upstream:remoteref) refs/heads/main refs/remotes/main [60ms]
2025-03-13 16:10:28.911 [info] > git rev-parse refs/remotes/origin/main [76ms]
2025-03-13 16:10:28.919 [info] > git for-each-ref --format=%(refname)%00%(upstream:short)%00%(objectname)%00%(upstream:track)%00%(upstream:remotename)%00%(upstream:remoteref) refs/heads/main refs/remotes/main [90ms]
2025-03-13 16:10:28.946 [info] > git status -z -uall [32ms]
2025-03-13 16:10:28.946 [info] > git for-each-ref --sort -committerdate --format %(refname) %(objectname) %(*objectname) [27ms]
2025-03-13 16:10:28.947 [info] > git config --get --local branch.main.vscode-merge-base [37ms]
2025-03-13 16:10:28.951 [info] > git config --get commit.template [89ms]
2025-03-13 16:10:28.951 [info] > git rev-parse --git-dir --git-common-dir [95ms]
2025-03-13 16:10:28.954 [info] [Model][openRepository] Opened repository: /home/kraoshin/holbertonschool-shell
2025-03-13 16:10:28.955 [info] > git symbolic-ref --short refs/remotes/origin/HEAD [103ms]
2025-03-13 16:10:28.955 [info] fatal: ref refs/remotes/origin/HEAD is not a symbolic ref
2025-03-13 16:10:28.955 [warning] [Repository][getDefaultBranch] Failed to get default branch details: Failed to execute git.
2025-03-13 16:10:28.978 [info] > git status -z -uall [14ms]
2025-03-13 16:10:28.979 [info] > git for-each-ref --format=%(refname)%00%(upstream:short)%00%(objectname)%00%(upstream:track)%00%(upstream:remotename)%00%(upstream:remoteref) refs/heads/origin/main refs/remotes/origin/main [27ms]
2025-03-13 16:10:28.984 [info] > git for-each-ref --format=%(refname)%00%(upstream:short)%00%(objectname)%00%(upstream:track)%00%(upstream:remotename)%00%(upstream:remoteref) refs/heads/main refs/remotes/main [60ms]
2025-03-13 16:10:29.002 [info] > git merge-base refs/heads/main refs/remotes/origin/main [18ms]
2025-03-13 16:10:29.006 [info] > git rev-parse --show-toplevel [28ms]
2025-03-13 16:10:29.006 [info] > git config --get commit.template [32ms]
2025-03-13 16:10:29.006 [info] > git for-each-ref --sort -committerdate --format %(refname) %(objectname) %(*objectname) [38ms]
2025-03-13 16:10:29.014 [info] > git merge-base refs/heads/main refs/remotes/origin/main [55ms]
2025-03-13 16:10:29.038 [info] > git status -z -uall [16ms]
2025-03-13 16:10:29.039 [info] > git for-each-ref --format=%(refname)%00%(upstream:short)%00%(objectname)%00%(upstream:track)%00%(upstream:remotename)%00%(upstream:remoteref) refs/heads/main refs/remotes/main [27ms]
2025-03-13 16:10:29.042 [info] > git diff --name-status -z --diff-filter=ADMR 2c3e7b4452eb8082bc0dc130c6951151355db78e...refs/remotes/origin/main [36ms]
2025-03-13 16:10:29.043 [info] > git for-each-ref --format=%(refname)%00%(upstream:short)%00%(objectname)%00%(upstream:track)%00%(upstream:remotename)%00%(upstream:remoteref) refs/heads/main refs/remotes/main [54ms]
2025-03-13 16:10:29.050 [info] > git config --get --local branch.main.vscode-merge-base [8ms]
2025-03-13 16:10:29.054 [info] > git config --get commit.template [18ms]
2025-03-13 16:10:29.054 [info] > git rev-parse --git-dir --git-common-dir [23ms]
2025-03-13 16:10:29.056 [info] [Model][openRepository] Opened repository: /home/kraoshin/holbertonschool-simple_shell
2025-03-13 16:10:29.057 [info] > git for-each-ref --sort -committerdate --format %(refname) %(objectname) %(*objectname) [30ms]
2025-03-13 16:10:29.061 [info] > git diff --name-status -z --diff-filter=ADMR 18b20de781b5f8d048db54a123efa39cf528d217...refs/remotes/origin/main [43ms]
2025-03-13 16:10:29.085 [info] > git status -z -uall [18ms]
2025-03-13 16:10:29.085 [info] > git merge-base refs/heads/main refs/remotes/origin/main [24ms]
2025-03-13 16:10:29.089 [info] > git for-each-ref --format=%(refname)%00%(upstream:short)%00%(objectname)%00%(upstream:track)%00%(upstream:remotename)%00%(upstream:remoteref) refs/heads/origin/main refs/remotes/origin/main [36ms]
2025-03-13 16:10:29.094 [info] > git for-each-ref --format=%(refname)%00%(upstream:short)%00%(objectname)%00%(upstream:track)%00%(upstream:remotename)%00%(upstream:remoteref) refs/heads/main refs/remotes/main [45ms]
2025-03-13 16:10:29.129 [info] > git merge-base refs/heads/main refs/remotes/origin/main [36ms]
2025-03-13 16:10:29.133 [info] > git diff --name-status -z --diff-filter=ADMR 18b20de781b5f8d048db54a123efa39cf528d217...refs/remotes/origin/main [44ms]
2025-03-13 16:10:29.133 [info] > git rev-parse --show-toplevel [50ms]
2025-03-13 16:10:29.134 [info] > git config --get commit.template [55ms]
2025-03-13 16:10:29.134 [info] > git for-each-ref --sort -committerdate --format %(refname) %(objectname) %(*objectname) [63ms]
2025-03-13 16:10:29.157 [info] > git status -z -uall [13ms]
2025-03-13 16:10:29.157 [info] > git for-each-ref --format=%(refname)%00%(upstream:short)%00%(objectname)%00%(upstream:track)%00%(upstream:remotename)%00%(upstream:remoteref) refs/heads/main refs/remotes/main [19ms]
2025-03-13 16:10:29.162 [info] > git diff --name-status -z --diff-filter=ADMR d89761df935f034d8aa06afa3106fd67cfbdf32c...refs/remotes/origin/main [28ms]
2025-03-13 16:10:29.162 [info] > git for-each-ref --format=%(refname)%00%(upstream:short)%00%(objectname)%00%(upstream:track)%00%(upstream:remotename)%00%(upstream:remoteref) refs/heads/main refs/remotes/main [63ms]
2025-03-13 16:10:29.168 [info] > git config --get --local branch.main.vscode-merge-base [7ms]
2025-03-13 16:10:29.168 [warning] [Git][config] git config failed: Failed to execute git
2025-03-13 16:10:29.173 [info] > git config --get commit.template [17ms]
2025-03-13 16:10:29.173 [info] > git rev-parse --git-dir --git-common-dir [21ms]
2025-03-13 16:10:29.176 [info] [Model][openRepository] Opened repository: /home/kraoshin/holbertonschool-sorting_algorithms
2025-03-13 16:10:29.176 [info] > git for-each-ref --sort -committerdate --format %(refname) %(objectname) %(*objectname) [28ms]
2025-03-13 16:10:29.204 [info] > git status -z -uall [23ms]
2025-03-13 16:10:29.204 [info] > git rev-parse --show-toplevel [7ms]
2025-03-13 16:10:29.204 [info] > git config --get commit.template [13ms]
2025-03-13 16:10:29.205 [info] > git for-each-ref --sort -committerdate --format %(refname) %(objectname) %(*objectname) [19ms]
2025-03-13 16:10:29.211 [info] > git reflog main --grep-reflog=branch: Created from *. [38ms]
2025-03-13 16:10:29.215 [info] > git for-each-ref --format=%(refname)%00%(upstream:short)%00%(objectname)%00%(upstream:track)%00%(upstream:remotename)%00%(upstream:remoteref) refs/heads/main refs/remotes/main [49ms]
2025-03-13 16:10:29.233 [info] > git status -z -uall [13ms]
2025-03-13 16:10:29.233 [info] > git symbolic-ref --short refs/remotes/origin/HEAD [18ms]
2025-03-13 16:10:29.233 [info] fatal: ref refs/remotes/origin/HEAD is not a symbolic ref
2025-03-13 16:10:29.233 [warning] [Repository][getDefaultBranch] Failed to get default branch details: Failed to execute git.
2025-03-13 16:10:29.237 [info] > git for-each-ref --format=%(refname)%00%(upstream:short)%00%(objectname)%00%(upstream:track)%00%(upstream:remotename)%00%(upstream:remoteref) refs/heads/main refs/remotes/main [28ms]
2025-03-13 16:10:29.241 [info] > git for-each-ref --format=%(refname)%00%(upstream:short)%00%(objectname)%00%(upstream:track)%00%(upstream:remotename)%00%(upstream:remoteref) refs/heads/main refs/remotes/main [40ms]
2025-03-13 16:10:29.283 [info] > git config --get --local branch.main.vscode-merge-base [42ms]
2025-03-13 16:10:29.288 [info] > git merge-base refs/heads/main refs/remotes/origin/main [52ms]
2025-03-13 16:10:29.293 [info] > git config --get commit.template [60ms]
2025-03-13 16:10:29.293 [info] > git rev-parse --git-dir --git-common-dir [65ms]
2025-03-13 16:10:29.295 [info] [Model][openRepository] Opened repository: /home/kraoshin/holbertonschool-zero_day
2025-03-13 16:10:29.295 [info] [Model][doInitialScan] Initial repository scan completed - repositories (11), closed repositories (0), parent repositories (0), unsafe repositories (0)
2025-03-13 16:10:29.304 [info] > git for-each-ref --sort -committerdate --format %(refname) %(objectname) %(*objectname) [80ms]
2025-03-13 16:10:29.314 [info] > git show --textconv :part3/app/models/place.py [14ms]
2025-03-13 16:10:29.314 [info] > git ls-files --stage -- part3/app/models/place.py [11ms]
2025-03-13 16:10:29.319 [info] > git diff --name-status -z --diff-filter=ADMR fe20e4ad925217d070338508038c1408464af6a5...refs/remotes/origin/main [27ms]
2025-03-13 16:10:29.320 [info] > git for-each-ref --format=%(refname)%00%(upstream:short)%00%(objectname)%00%(upstream:track)%00%(upstream:remotename)%00%(upstream:remoteref) refs/heads/origin/main refs/remotes/origin/main [33ms]
2025-03-13 16:10:29.326 [info] > git for-each-ref --format=%(refname)%00%(upstream:short)%00%(objectname)%00%(upstream:track)%00%(upstream:remotename)%00%(upstream:remoteref) refs/heads/main refs/remotes/main [81ms]
2025-03-13 16:10:29.340 [info] > git status -z -uall [6ms]
2025-03-13 16:10:29.340 [info] > git cat-file -s f74c5eed17f5b0c4d24613018d60a35bbe004ce2 [21ms]
2025-03-13 16:10:29.341 [info] > git config --get commit.template [32ms]
2025-03-13 16:10:29.352 [info] > git for-each-ref --format=%(refname)%00%(upstream:short)%00%(objectname)%00%(upstream:track)%00%(upstream:remotename)%00%(upstream:remoteref) refs/heads/main refs/remotes/main [22ms]
2025-03-13 16:10:29.353 [info] > git merge-base refs/heads/main refs/remotes/origin/main [27ms]
2025-03-13 16:10:29.363 [info] > git status -z -uall [17ms]
2025-03-13 16:10:29.363 [info] > git for-each-ref --sort -committerdate --format %(refname) %(objectname) %(*objectname) [12ms]
2025-03-13 16:10:29.364 [info] > git for-each-ref --sort -committerdate --format %(refname) %(objectname) %(*objectname) [26ms]
2025-03-13 16:10:29.404 [info] > git check-ignore -v -z --stdin [30ms]
2025-03-13 16:10:29.405 [info] > git check-ignore -v -z --stdin [26ms]
2025-03-13 16:10:29.405 [info] > git check-ignore -v -z --stdin [20ms]
2025-03-13 16:10:29.405 [info] > git check-ignore -v -z --stdin [16ms]
2025-03-13 16:10:29.405 [info] > git status -z -uall [12ms]
2025-03-13 16:10:29.406 [info] > git for-each-ref --format=%(refname)%00%(upstream:short)%00%(objectname)%00%(upstream:track)%00%(upstream:remotename)%00%(upstream:remoteref) refs/heads/main refs/remotes/main [37ms]
2025-03-13 16:10:29.410 [info] > git for-each-ref --format=%(refname)%00%(upstream:short)%00%(objectname)%00%(upstream:track)%00%(upstream:remotename)%00%(upstream:remoteref) refs/heads/main refs/remotes/main [49ms]
2025-03-13 16:10:29.411 [info] > git diff --name-status -z --diff-filter=ADMR 716a129416b3a04990b23e5393c449025e86eb03...refs/remotes/origin/main [54ms]
2025-03-13 16:10:29.417 [warning] [Git][revParse] Unable to read file: ENOENT: no such file or directory, open '/home/kraoshin/holbertonschool-zero_day/.git/refs/remotes/origin/main'
2025-03-13 16:10:29.527 [info] > git config --get --local branch.main.vscode-merge-base [117ms]
2025-03-13 16:10:29.527 [warning] [Git][config] git config failed: Failed to execute git
2025-03-13 16:10:29.531 [info] > git config --get commit.template [129ms]
2025-03-13 16:10:29.532 [info] > git for-each-ref --sort -committerdate --format %(refname) %(objectname) %(*objectname) [134ms]
2025-03-13 16:10:29.568 [info] > git status -z -uall [15ms]
2025-03-13 16:10:29.568 [info] > git for-each-ref --format=%(refname)%00%(upstream:short)%00%(objectname)%00%(upstream:track)%00%(upstream:remotename)%00%(upstream:remoteref) refs/heads/main refs/remotes/main [26ms]
2025-03-13 16:10:29.573 [info] > git reflog main --grep-reflog=branch: Created from *. [41ms]
2025-03-13 16:10:29.576 [info] > git rev-parse refs/remotes/origin/main [159ms]
2025-03-13 16:10:29.598 [info] > git status -z -uall [18ms]
2025-03-13 16:10:29.598 [info] > git symbolic-ref --short refs/remotes/origin/HEAD [22ms]
2025-03-13 16:10:29.598 [info] fatal: ref refs/remotes/origin/HEAD is not a symbolic ref
2025-03-13 16:10:29.598 [warning] [Repository][getDefaultBranch] Failed to get default branch details: Failed to execute git.
2025-03-13 16:10:29.604 [info] > git config --get --local branch.main.vscode-merge-base [31ms]
2025-03-13 16:10:29.604 [warning] [Git][config] git config failed: Failed to execute git
2025-03-13 16:10:29.609 [info] > git config --get commit.template [46ms]
2025-03-13 16:10:29.609 [info] > git for-each-ref --sort -committerdate --format %(refname) %(objectname) %(*objectname) [51ms]
2025-03-13 16:10:29.696 [info] > git merge-base refs/heads/main refs/remotes/origin/main [93ms]
2025-03-13 16:10:29.700 [info] > git for-each-ref --format=%(refname)%00%(upstream:short)%00%(objectname)%00%(upstream:track)%00%(upstream:remotename)%00%(upstream:remoteref) refs/heads/main refs/remotes/main [111ms]
2025-03-13 16:10:29.700 [info] > git for-each-ref --sort -committerdate --format %(refname) %(objectname) %(*objectname) [115ms]
2025-03-13 16:10:29.788 [info] > git for-each-ref --format=%(refname)%00%(upstream:short)%00%(objectname)%00%(upstream:track)%00%(upstream:remotename)%00%(upstream:remoteref) refs/heads/main refs/remotes/main [79ms]
2025-03-13 16:10:29.792 [info] > git diff --name-status -z --diff-filter=ADMR 18944758cad55c42071ae592146cbc05fd4f9131...refs/remotes/origin/main [92ms]
2025-03-13 16:10:29.793 [info] > git reflog main --grep-reflog=branch: Created from *. [185ms]
2025-03-13 16:10:29.843 [info] > git config --get --local branch.main.vscode-merge-base [51ms]
2025-03-13 16:10:29.849 [info] > git config --get commit.template [87ms]
2025-03-13 16:10:29.849 [info] > git config --get commit.template [91ms]
2025-03-13 16:10:29.849 [info] > git config --get commit.template [94ms]
2025-03-13 16:10:29.849 [info] > git config --get commit.template [97ms]
2025-03-13 16:10:29.849 [info] > git config --get commit.template [101ms]
2025-03-13 16:10:29.849 [info] > git config --get commit.template [105ms]
2025-03-13 16:10:29.850 [info] > git config --get commit.template [111ms]
2025-03-13 16:10:29.850 [info] > git config --get commit.template [115ms]
2025-03-13 16:10:29.850 [info] > git for-each-ref --format=%(refname)%00%(upstream:short)%00%(objectname)%00%(upstream:track)%00%(upstream:remotename)%00%(upstream:remoteref) refs/heads/main refs/remotes/main [120ms]
2025-03-13 16:10:29.850 [info] > git blame --root --incremental b9a90239b3547b6edf1c1ca94fa0204f0a3843ea -- part3/app/models/place.py [124ms]
2025-03-13 16:10:29.854 [info] > git for-each-ref --format=%(refname)%00%(upstream:short)%00%(objectname)%00%(upstream:track)%00%(upstream:remotename)%00%(upstream:remoteref) refs/heads/origin/main refs/remotes/origin/main [5ms]
2025-03-13 16:10:29.860 [info] > git symbolic-ref --short refs/remotes/origin/HEAD [64ms]
2025-03-13 16:10:29.860 [info] fatal: ref refs/remotes/origin/HEAD is not a symbolic ref
2025-03-13 16:10:29.860 [warning] [Repository][getDefaultBranch] Failed to get default branch details: Failed to execute git.
2025-03-13 16:10:30.186 [info] > git status -z -uall [1393ms] (cancelled)
2025-03-13 16:10:30.186 [info] > git status -z -uall [317ms]
2025-03-13 16:10:30.186 [info] > git merge-base refs/heads/main refs/remotes/origin/main [327ms]
2025-03-13 16:10:31.298 [info] > git diff --name-status -z --diff-filter=ADMR 194e3103ad0d077e7ee49b1e61a477d6e91eb52a...refs/remotes/origin/main [1108ms]
2025-03-13 16:10:31.299 [info] > git for-each-ref --format=%(refname)%00%(upstream:short)%00%(objectname)%00%(upstream:track)%00%(upstream:remotename)%00%(upstream:remoteref) refs/heads/main refs/remotes/main [1395ms]
2025-03-13 16:10:31.299 [info] > git for-each-ref --format=%(refname)%00%(upstream:short)%00%(objectname)%00%(upstream:track)%00%(upstream:remotename)%00%(upstream:remoteref) refs/heads/main refs/remotes/main [1399ms]
2025-03-13 16:10:31.299 [info] > git for-each-ref --format=%(refname)%00%(upstream:short)%00%(objectname)%00%(upstream:track)%00%(upstream:remotename)%00%(upstream:remoteref) refs/heads/main refs/remotes/main [1403ms]
2025-03-13 16:10:31.299 [info] > git for-each-ref --format=%(refname)%00%(upstream:short)%00%(objectname)%00%(upstream:track)%00%(upstream:remotename)%00%(upstream:remoteref) refs/heads/main refs/remotes/main [1406ms]
2025-03-13 16:10:31.299 [info] > git for-each-ref --format=%(refname)%00%(upstream:short)%00%(objectname)%00%(upstream:track)%00%(upstream:remotename)%00%(upstream:remoteref) refs/heads/main refs/remotes/main [1411ms]
2025-03-13 16:10:31.300 [info] > git for-each-ref --format=%(refname)%00%(upstream:short)%00%(objectname)%00%(upstream:track)%00%(upstream:remotename)%00%(upstream:remoteref) refs/heads/main refs/remotes/main [1416ms]
2025-03-13 16:10:31.300 [info] > git for-each-ref --format=%(refname)%00%(upstream:short)%00%(objectname)%00%(upstream:track)%00%(upstream:remotename)%00%(upstream:remoteref) refs/heads/main refs/remotes/main [1420ms]
2025-03-13 16:10:31.300 [info] > git for-each-ref --format=%(refname)%00%(upstream:short)%00%(objectname)%00%(upstream:track)%00%(upstream:remotename)%00%(upstream:remoteref) refs/heads/main refs/remotes/main [1423ms]
2025-03-13 16:10:31.300 [info] > git for-each-ref --sort -committerdate --format %(refname) %(objectname) %(*objectname) [1426ms]
2025-03-13 16:10:31.307 [info] > git merge-base refs/heads/main refs/remotes/origin/main [1443ms]
2025-03-13 16:10:31.390 [warning] [Git][revParse] Unable to read file: ENOENT: no such file or directory, open '/home/kraoshin/holbertonschool-zero_day/.git/refs/remotes/origin/main'
2025-03-13 16:10:31.401 [warning] [Git][revParse] Unable to read file: ENOENT: no such file or directory, open '/home/kraoshin/Betty/.git/refs/remotes/origin/main'
2025-03-13 16:10:31.407 [warning] [Git][revParse] Unable to read file: ENOENT: no such file or directory, open '/home/kraoshin/holbertonschool-hbnb/.git/refs/remotes/origin/main'
2025-03-13 16:10:31.432 [info] > git status -z -uall [57ms]
2025-03-13 16:10:31.433 [info] > git diff --name-status -z --diff-filter=ADMR 80980b8f976a56ee8fb72f30e9bb2d36a8e32868...refs/remotes/origin/main [120ms]
2025-03-13 16:10:31.433 [info] > git config --get commit.template [573ms]
2025-03-13 16:10:32.422 [info] > git config --get commit.template [1008ms]
2025-03-13 16:10:32.423 [info] > git rev-parse refs/remotes/origin/main [1016ms]
2025-03-13 16:10:32.432 [info] > git rev-parse refs/remotes/origin/main [1032ms]
2025-03-13 16:10:32.440 [info] > git rev-parse refs/remotes/origin/main [1050ms]
2025-03-13 16:10:32.448 [info] > git for-each-ref --sort -committerdate --format %(refname) %(objectname) %(*objectname) [1066ms]
2025-03-13 16:10:32.471 [info] > git status -z -uall [44ms]
2025-03-13 16:10:32.471 [info] > git status -z -uall [36ms]
2025-03-13 16:10:32.471 [info] > git status -z -uall [27ms]
2025-03-13 16:10:32.472 [info] > git for-each-ref --sort -committerdate --format %(refname) %(objectname) %(*objectname) [24ms]
2025-03-13 16:10:32.477 [info] > git for-each-ref --sort -committerdate --format %(refname) %(objectname) %(*objectname) [37ms]
2025-03-13 16:10:32.483 [info] > git for-each-ref --sort -committerdate --format %(refname) %(objectname) %(*objectname) [52ms]
2025-03-13 16:10:32.543 [info] > git config --get commit.template [76ms]
2025-03-13 16:10:32.543 [info] > git for-each-ref --format=%(refname)%00%(upstream:short)%00%(objectname)%00%(upstream:track)%00%(upstream:remotename)%00%(upstream:remoteref) refs/heads/kraoshin refs/remotes/kraoshin [82ms]
2025-03-13 16:10:32.608 [info] > git status -z -uall [108ms]
2025-03-13 16:10:32.608 [info] > git status -z -uall [100ms]
2025-03-13 16:10:32.609 [info] > git status -z -uall [93ms]
2025-03-13 16:10:32.609 [info] > git status -z -uall [86ms]
2025-03-13 16:10:32.609 [info] > git status -z -uall [78ms]
2025-03-13 16:10:32.609 [info] > git for-each-ref --format=%(refname)%00%(upstream:short)%00%(objectname)%00%(upstream:track)%00%(upstream:remotename)%00%(upstream:remoteref) refs/heads/main refs/remotes/main [69ms]
2025-03-13 16:10:32.609 [info] > git for-each-ref --sort -committerdate --format %(refname) %(objectname) %(*objectname) [73ms]
2025-03-13 16:10:32.615 [info] > git for-each-ref --sort -committerdate --format %(refname) %(objectname) %(*objectname) [88ms]
2025-03-13 16:10:32.619 [info] > git for-each-ref --sort -committerdate --format %(refname) %(objectname) %(*objectname) [100ms]
2025-03-13 16:10:32.624 [info] > git for-each-ref --sort -committerdate --format %(refname) %(objectname) %(*objectname) [112ms]
2025-03-13 16:10:32.646 [info] > git for-each-ref --sort -committerdate --format %(refname) %(objectname) %(*objectname) [142ms]
2025-03-13 16:10:32.665 [info] > git for-each-ref --sort -committerdate --format %(refname) %(objectname) %(*objectname) [112ms]
2025-03-13 16:10:32.705 [info] > git for-each-ref --format=%(refname)%00%(upstream:short)%00%(objectname)%00%(upstream:track)%00%(upstream:remotename)%00%(upstream:remoteref) refs/heads/main refs/remotes/main [48ms]
2025-03-13 16:10:32.716 [info] > git status -z -uall [6ms]
2025-03-13 16:10:32.716 [info] > git for-each-ref --sort -committerdate --format %(refname) %(objectname) %(*objectname) [2ms]
2025-03-13 16:10:32.736 [info] > git status -z -uall [7ms]
2025-03-13 16:10:32.737 [info] > git for-each-ref --sort -committerdate --format %(refname) %(objectname) %(*objectname) [2ms]
2025-03-13 16:10:34.407 [info] > git status -z -uall [1860ms] (cancelled)
2025-03-13 16:10:36.906 [info] > git check-ignore -v -z --stdin [10ms]
2025-03-13 16:10:36.907 [info] > git check-ignore -v -z --stdin [8ms]
2025-03-13 16:10:36.907 [info] > git check-ignore -v -z --stdin [2ms]
2025-03-13 16:10:44.964 [info] > git log --format=%H%n%aN%n%aE%n%at%n%ct%n%P%n%D%n%B -z --shortstat --diff-merges=first-parent -n50 --skip=0 --topo-order --decorate=full --stdin [521ms]
2025-03-13 16:11:00.320 [info] > git config --get commit.template [1ms]
2025-03-13 16:11:00.325 [info] > git for-each-ref --format=%(refname)%00%(upstream:short)%00%(objectname)%00%(upstream:track)%00%(upstream:remotename)%00%(upstream:remoteref) refs/heads/kraoshin refs/remotes/kraoshin [1ms]
2025-03-13 16:11:00.337 [info] > git for-each-ref --sort -committerdate --format %(refname) %(objectname) %(*objectname) [1ms]
2025-03-13 16:11:00.811 [info] > git status -z -uall [481ms]
2025-03-13 16:11:04.268 [info] > git config --get commit.template [5ms]
2025-03-13 16:11:04.268 [info] > git for-each-ref --format=%(refname)%00%(upstream:short)%00%(objectname)%00%(upstream:track)%00%(upstream:remotename)%00%(upstream:remoteref) refs/heads/kraoshin refs/remotes/kraoshin [1ms]
2025-03-13 16:11:04.277 [info] > git for-each-ref --sort -committerdate --format %(refname) %(objectname) %(*objectname) [1ms]
2025-03-13 16:11:04.500 [info] > git status -z -uall [229ms]
2025-03-13 16:11:09.522 [info] > git config --get commit.template [5ms]
2025-03-13 16:11:09.522 [info] > git for-each-ref --format=%(refname)%00%(upstream:short)%00%(objectname)%00%(upstream:track)%00%(upstream:remotename)%00%(upstream:remoteref) refs/heads/kraoshin refs/remotes/kraoshin [1ms]
2025-03-13 16:11:09.533 [info] > git for-each-ref --sort -committerdate --format %(refname) %(objectname) %(*objectname) [1ms]
2025-03-13 16:11:09.768 [info] > git status -z -uall [242ms]
2025-03-13 16:11:14.793 [info] > git config --get commit.template [6ms]
2025-03-13 16:11:14.794 [info] > git for-each-ref --format=%(refname)%00%(upstream:short)%00%(objectname)%00%(upstream:track)%00%(upstream:remotename)%00%(upstream:remoteref) refs/heads/kraoshin refs/remotes/kraoshin [2ms]
2025-03-13 16:11:14.805 [info] > git for-each-ref --sort -committerdate --format %(refname) %(objectname) %(*objectname) [2ms]
2025-03-13 16:11:15.049 [info] > git status -z -uall [251ms]
2025-03-13 16:11:20.069 [info] > git config --get commit.template [1ms]
2025-03-13 16:11:20.074 [info] > git for-each-ref --format=%(refname)%00%(upstream:short)%00%(objectname)%00%(upstream:track)%00%(upstream:remotename)%00%(upstream:remoteref) refs/heads/kraoshin refs/remotes/kraoshin [0ms]
2025-03-13 16:11:20.086 [info] > git for-each-ref --sort -committerdate --format %(refname) %(objectname) %(*objectname) [3ms]
2025-03-13 16:11:20.319 [info] > git status -z -uall [240ms]
2025-03-13 16:11:23.364 [info] > git config --get commit.template [5ms]
2025-03-13 16:11:23.364 [info] > git for-each-ref --format=%(refname)%00%(upstream:short)%00%(objectname)%00%(upstream:track)%00%(upstream:remotename)%00%(upstream:remoteref) refs/heads/kraoshin refs/remotes/kraoshin [1ms]
2025-03-13 16:11:23.374 [info] > git for-each-ref --sort -committerdate --format %(refname) %(objectname) %(*objectname) [2ms]
2025-03-13 16:11:23.601 [info] > git status -z -uall [233ms]
2025-03-13 16:11:24.675 [info] > git config --get commit.template [5ms]
2025-03-13 16:11:24.676 [info] > git for-each-ref --format=%(refname)%00%(upstream:short)%00%(objectname)%00%(upstream:track)%00%(upstream:remotename)%00%(upstream:remoteref) refs/heads/kraoshin refs/remotes/kraoshin [1ms]
2025-03-13 16:11:24.687 [info] > git for-each-ref --sort -committerdate --format %(refname) %(objectname) %(*objectname) [1ms]
2025-03-13 16:11:24.908 [info] > git status -z -uall [226ms]
2025-03-13 16:11:29.929 [info] > git config --get commit.template [5ms]
2025-03-13 16:11:29.929 [info] > git for-each-ref --format=%(refname)%00%(upstream:short)%00%(objectname)%00%(upstream:track)%00%(upstream:remotename)%00%(upstream:remoteref) refs/heads/kraoshin refs/remotes/kraoshin [1ms]
2025-03-13 16:11:29.939 [info] > git for-each-ref --sort -committerdate --format %(refname) %(objectname) %(*objectname) [2ms]
2025-03-13 16:11:30.158 [info] > git status -z -uall [225ms]
2025-03-13 16:11:35.189 [info] > git config --get commit.template [5ms]
2025-03-13 16:11:35.189 [info] > git for-each-ref --format=%(refname)%00%(upstream:short)%00%(objectname)%00%(upstream:track)%00%(upstream:remotename)%00%(upstream:remoteref) refs/heads/kraoshin refs/remotes/kraoshin [0ms]
2025-03-13 16:11:35.199 [info] > git for-each-ref --sort -committerdate --format %(refname) %(objectname) %(*objectname) [2ms]
2025-03-13 16:11:35.413 [info] > git status -z -uall [220ms]
2025-03-13 16:11:39.803 [info] > git show --textconv :part3/app/models/place.py [7ms]
2025-03-13 16:11:39.804 [info] > git ls-files --stage -- part3/app/models/place.py [1ms]
2025-03-13 16:11:39.812 [info] > git cat-file -s f74c5eed17f5b0c4d24613018d60a35bbe004ce2 [2ms]
2025-03-13 16:11:40.439 [info] > git config --get commit.template [6ms]
2025-03-13 16:11:40.440 [info] > git for-each-ref --format=%(refname)%00%(upstream:short)%00%(objectname)%00%(upstream:track)%00%(upstream:remotename)%00%(upstream:remoteref) refs/heads/kraoshin refs/remotes/kraoshin [0ms]
2025-03-13 16:11:40.453 [info] > git for-each-ref --sort -committerdate --format %(refname) %(objectname) %(*objectname) [1ms]
2025-03-13 16:11:40.707 [info] > git status -z -uall [261ms]
2025-03-13 16:11:44.727 [info] > git config --get commit.template [6ms]
2025-03-13 16:11:44.727 [info] > git for-each-ref --format=%(refname)%00%(upstream:short)%00%(objectname)%00%(upstream:track)%00%(upstream:remotename)%00%(upstream:remoteref) refs/heads/main refs/remotes/main [1ms]
2025-03-13 16:11:44.732 [warning] [Git][revParse] Unable to read file: ENOENT: no such file or directory, open '/home/kraoshin/holbertonschool-hbnb/.git/refs/remotes/origin/main'
2025-03-13 16:11:44.733 [info] > git rev-parse refs/remotes/origin/main [1ms]
2025-03-13 16:11:44.744 [info] > git status -z -uall [5ms]
2025-03-13 16:11:44.744 [info] > git for-each-ref --sort -committerdate --format %(refname) %(objectname) %(*objectname) [1ms]
2025-03-13 16:11:45.725 [info] > git config --get commit.template [5ms]
2025-03-13 16:11:45.726 [info] > git for-each-ref --format=%(refname)%00%(upstream:short)%00%(objectname)%00%(upstream:track)%00%(upstream:remotename)%00%(upstream:remoteref) refs/heads/kraoshin refs/remotes/kraoshin [1ms]
2025-03-13 16:11:45.739 [info] > git for-each-ref --sort -committerdate --format %(refname) %(objectname) %(*objectname) [1ms]
2025-03-13 16:11:45.979 [info] > git status -z -uall [248ms]
2025-03-13 16:11:48.027 [info] > git check-ignore -v -z --stdin [25ms]
2025-03-13 16:11:48.027 [info] > git check-ignore -v -z --stdin [19ms]
2025-03-13 16:11:48.027 [info] > git check-ignore -v -z --stdin [14ms]
2025-03-13 16:11:48.027 [info] > git check-ignore -v -z --stdin [10ms]
2025-03-13 16:11:48.028 [info] > git check-ignore -v -z --stdin [7ms]
2025-03-13 16:11:48.028 [info] > git check-ignore -v -z --stdin [2ms]
2025-03-13 16:11:51.000 [info] > git config --get commit.template [6ms]
2025-03-13 16:11:51.001 [info] > git for-each-ref --format=%(refname)%00%(upstream:short)%00%(objectname)%00%(upstream:track)%00%(upstream:remotename)%00%(upstream:remoteref) refs/heads/kraoshin refs/remotes/kraoshin [1ms]
2025-03-13 16:11:51.013 [info] > git for-each-ref --sort -committerdate --format %(refname) %(objectname) %(*objectname) [1ms]
2025-03-13 16:11:51.259 [info] > git status -z -uall [253ms]
2025-03-13 16:11:52.434 [info] > git ls-files --stage -- part3/app/models/place.py [1ms]
2025-03-13 16:11:52.440 [info] > git cat-file -s f74c5eed17f5b0c4d24613018d60a35bbe004ce2 [1ms]
2025-03-13 16:11:52.448 [info] > git show --textconv :part3/app/models/place.py [1ms]
2025-03-13 16:11:53.548 [info] > git config --get commit.template [2ms]
2025-03-13 16:11:53.554 [info] > git for-each-ref --format=%(refname)%00%(upstream:short)%00%(objectname)%00%(upstream:track)%00%(upstream:remotename)%00%(upstream:remoteref) refs/heads/kraoshin refs/remotes/kraoshin [1ms]
2025-03-13 16:11:53.567 [info] > git for-each-ref --sort -committerdate --format %(refname) %(objectname) %(*objectname) [1ms]
2025-03-13 16:11:53.221 [info] > git status -z -uall [-337ms]
2025-03-13 16:11:54.231 [info] > git ls-files --stage -- part3/app/models/place.py [1ms]
2025-03-13 16:11:54.237 [info] > git cat-file -s f74c5eed17f5b0c4d24613018d60a35bbe004ce2 [1ms]
2025-03-13 16:11:54.246 [info] > git show --textconv :part3/app/models/place.py [1ms]
2025-03-13 16:11:55.704 [info] > git config --get commit.template [6ms]
2025-03-13 16:11:55.705 [info] > git for-each-ref --format=%(refname)%00%(upstream:short)%00%(objectname)%00%(upstream:track)%00%(upstream:remotename)%00%(upstream:remoteref) refs/heads/kraoshin refs/remotes/kraoshin [1ms]
2025-03-13 16:11:55.720 [info] > git for-each-ref --sort -committerdate --format %(refname) %(objectname) %(*objectname) [1ms]
2025-03-13 16:11:55.958 [info] > git status -z -uall [246ms]
2025-03-13 16:12:00.981 [info] > git config --get commit.template [6ms]
2025-03-13 16:12:00.981 [info] > git for-each-ref --format=%(refname)%00%(upstream:short)%00%(objectname)%00%(upstream:track)%00%(upstream:remotename)%00%(upstream:remoteref) refs/heads/kraoshin refs/remotes/kraoshin [1ms]
2025-03-13 16:12:00.994 [info] > git for-each-ref --sort -committerdate --format %(refname) %(objectname) %(*objectname) [1ms]
2025-03-13 16:12:01.235 [info] > git status -z -uall [249ms]
2025-03-13 16:12:27.777 [info] > git config --get commit.template [11ms]
2025-03-13 16:12:27.778 [info] > git for-each-ref --format=%(refname)%00%(upstream:short)%00%(objectname)%00%(upstream:track)%00%(upstream:remotename)%00%(upstream:remoteref) refs/heads/kraoshin refs/remotes/kraoshin [2ms]
2025-03-13 16:12:27.793 [info] > git for-each-ref --sort -committerdate --format %(refname) %(objectname) %(*objectname) [1ms]
2025-03-13 16:12:28.048 [info] > git status -z -uall [264ms]
2025-03-13 16:12:33.076 [info] > git config --get commit.template [6ms]
2025-03-13 16:12:33.076 [info] > git for-each-ref --format=%(refname)%00%(upstream:short)%00%(objectname)%00%(upstream:track)%00%(upstream:remotename)%00%(upstream:remoteref) refs/heads/kraoshin refs/remotes/kraoshin [1ms]
2025-03-13 16:12:33.092 [info] > git for-each-ref --sort -committerdate --format %(refname) %(objectname) %(*objectname) [4ms]
2025-03-13 16:12:33.316 [info] > git status -z -uall [235ms]
2025-03-13 16:12:56.034 [info] > git config --get commit.template [9ms]
2025-03-13 16:12:56.034 [info] > git for-each-ref --format=%(refname)%00%(upstream:short)%00%(objectname)%00%(upstream:track)%00%(upstream:remotename)%00%(upstream:remoteref) refs/heads/kraoshin refs/remotes/kraoshin [1ms]
2025-03-13 16:12:56.051 [info] > git for-each-ref --sort -committerdate --format %(refname) %(objectname) %(*objectname) [2ms]
2025-03-13 16:12:56.280 [info] > git status -z -uall [238ms]
2025-03-13 16:12:59.483 [info] > git config --get commit.template [1ms]
2025-03-13 16:12:59.489 [info] > git for-each-ref --format=%(refname)%00%(upstream:short)%00%(objectname)%00%(upstream:track)%00%(upstream:remotename)%00%(upstream:remoteref) refs/heads/kraoshin refs/remotes/kraoshin [1ms]
2025-03-13 16:12:59.501 [info] > git for-each-ref --sort -committerdate --format %(refname) %(objectname) %(*objectname) [2ms]
2025-03-13 16:12:59.727 [info] > git status -z -uall [233ms]
2025-03-13 16:13:00.710 [info] > git config --get commit.template [6ms]
2025-03-13 16:13:00.710 [info] > git for-each-ref --format=%(refname)%00%(upstream:short)%00%(objectname)%00%(upstream:track)%00%(upstream:remotename)%00%(upstream:remoteref) refs/heads/kraoshin refs/remotes/kraoshin [1ms]
2025-03-13 16:13:00.723 [info] > git for-each-ref --sort -committerdate --format %(refname) %(objectname) %(*objectname) [1ms]
2025-03-13 16:13:00.743 [info] > git ls-files --stage -- part3/app/models/place.py [0ms]
2025-03-13 16:13:00.749 [info] > git cat-file -s f74c5eed17f5b0c4d24613018d60a35bbe004ce2 [1ms]
2025-03-13 16:13:00.760 [info] > git show --textconv :part3/app/models/place.py [1ms]
2025-03-13 16:13:00.958 [info] > git status -z -uall [244ms]
2025-03-13 16:13:06.301 [info] > git config --get commit.template [5ms]
2025-03-13 16:13:06.301 [info] > git for-each-ref --format=%(refname)%00%(upstream:short)%00%(objectname)%00%(upstream:track)%00%(upstream:remotename)%00%(upstream:remoteref) refs/heads/kraoshin refs/remotes/kraoshin [1ms]
2025-03-13 16:13:06.312 [info] > git for-each-ref --sort -committerdate --format %(refname) %(objectname) %(*objectname) [2ms]
2025-03-13 16:13:06.539 [info] > git status -z -uall [234ms]
2025-03-13 16:13:08.167 [info] > git ls-files --stage -- part3/app/models/place.py [1ms]
2025-03-13 16:13:08.173 [info] > git cat-file -s f74c5eed17f5b0c4d24613018d60a35bbe004ce2 [1ms]
2025-03-13 16:13:08.182 [info] > git show --textconv :part3/app/models/place.py [1ms]
