2025-03-10 09:54:00.844 [info] Experiment 'pythonaacf' is active
2025-03-10 09:54:00.844 [info] Experiment 'pythonRecommendTensorboardExt' is active
2025-03-10 09:54:00.844 [info] Experiment 'pythonSurveyNotification' is active
2025-03-10 09:54:00.844 [info] Experiment 'pythonTerminalEnvVarActivation' is active
2025-03-10 09:54:00.844 [info] Experiment 'pythonTestAdapter' is active
2025-03-10 09:54:00.844 [info] Native locator: Refresh started
2025-03-10 09:54:00.844 [info] Native locator: Refresh started
2025-03-10 09:54:00.867 [info] > pyenv which python
2025-03-10 09:54:00.867 [info] cwd: .
2025-03-10 09:54:03.168 [info] Python interpreter path: /bin/python3
2025-03-10 09:54:07.330 [info] Native locator: Refresh finished in 7529 ms
2025-03-10 09:54:09.418 [info] Starting Pylance language server.
2025-03-10 10:44:57.988 [info] Discover tests for workspace name: kraoshin - uri: /home/kraoshin/holbertonschool-hbnb/part3/app/api/v1/places.py
2025-03-10 10:47:52.938 [info] Discover tests for workspace name: kraoshin - uri: /home/kraoshin/holbertonschool-hbnb/part3/app/api/v1/places.py
2025-03-10 10:49:29.380 [info] Discover tests for workspace name: kraoshin - uri: /home/kraoshin/holbertonschool-hbnb/part3/app/api/v1/places.py
2025-03-10 10:49:32.823 [info] Discover tests for workspace name: kraoshin - uri: /home/kraoshin/holbertonschool-hbnb/part3/app/api/v1/places.py
2025-03-10 10:49:40.002 [info] Discover tests for workspace name: kraoshin - uri: /home/kraoshin/holbertonschool-hbnb/part3/app/api/v1/places.py
2025-03-10 10:49:43.044 [info] Discover tests for workspace name: kraoshin - uri: /home/kraoshin/holbertonschool-hbnb/part3/app/api/v1/places.py
2025-03-10 10:50:35.643 [info] Discover tests for workspace name: kraoshin - uri: /home/kraoshin/holbertonschool-hbnb/part3/app/api/v1/places.py
2025-03-10 10:51:05.308 [info] Discover tests for workspace name: kraoshin - uri: /home/kraoshin/holbertonschool-hbnb/part3/app/api/v1/places.py
2025-03-10 10:51:12.963 [info] Discover tests for workspace name: kraoshin - uri: /home/kraoshin/holbertonschool-hbnb/part3/app/api/v1/places.py
2025-03-10 10:52:19.995 [info] Discover tests for workspace name: kraoshin - uri: /home/kraoshin/holbertonschool-hbnb/part3/app/api/v1/places.py
2025-03-10 10:52:22.431 [info] Discover tests for workspace name: kraoshin - uri: /home/kraoshin/holbertonschool-hbnb/part3/app/api/v1/places.py
2025-03-10 10:53:44.632 [info] Discover tests for workspace name: kraoshin - uri: /home/kraoshin/holbertonschool-hbnb/part3/app/api/v1/places.py
2025-03-10 10:54:28.734 [info] Discover tests for workspace name: kraoshin - uri: /home/kraoshin/holbertonschool-hbnb/part3/app/api/v1/places.py
2025-03-10 10:55:27.805 [info] Discover tests for workspace name: kraoshin - uri: /home/kraoshin/holbertonschool-hbnb/part3/app/api/v1/places.py
2025-03-10 10:56:36.297 [info] Discover tests for workspace name: kraoshin - uri: /home/kraoshin/holbertonschool-hbnb/part3/app/api/v1/reviews.py
2025-03-10 10:56:58.541 [info] Discover tests for workspace name: kraoshin - uri: /home/kraoshin/holbertonschool-hbnb/part3/app/api/v1/reviews.py
2025-03-10 10:57:03.067 [info] Discover tests for workspace name: kraoshin - uri: /home/kraoshin/holbertonschool-hbnb/part3/app/api/v1/places.py
2025-03-10 10:57:13.707 [info] Discover tests for workspace name: kraoshin - uri: /home/kraoshin/holbertonschool-hbnb/part3/app/api/v1/reviews.py
2025-03-10 11:00:19.681 [info] Discover tests for workspace name: kraoshin - uri: /home/kraoshin/holbertonschool-hbnb/part3/app/api/v1/reviews.py
2025-03-10 11:01:08.783 [info] Discover tests for workspace name: kraoshin - uri: /home/kraoshin/holbertonschool-hbnb/part3/app/api/v1/reviews.py
2025-03-10 11:01:57.011 [info] Discover tests for workspace name: kraoshin - uri: /home/kraoshin/holbertonschool-hbnb/part3/app/api/v1/reviews.py
2025-03-10 11:02:23.692 [info] Discover tests for workspace name: kraoshin - uri: /home/kraoshin/holbertonschool-hbnb/part3/app/api/v1/reviews.py
2025-03-10 11:02:44.628 [info] Discover tests for workspace name: kraoshin - uri: /home/kraoshin/holbertonschool-hbnb/part3/app/api/v1/reviews.py
2025-03-10 11:02:58.497 [info] Discover tests for workspace name: kraoshin - uri: /home/kraoshin/holbertonschool-hbnb/part3/app/api/v1/reviews.py
2025-03-10 11:04:04.904 [info] Discover tests for workspace name: kraoshin - uri: /home/kraoshin/holbertonschool-hbnb/part3/app/api/v1/reviews.py
2025-03-10 11:05:03.316 [info] Discover tests for workspace name: kraoshin - uri: /home/kraoshin/holbertonschool-hbnb/part3/app/api/v1/reviews.py
2025-03-10 11:05:18.548 [info] Discover tests for workspace name: kraoshin - uri: /home/kraoshin/holbertonschool-hbnb/part3/app/api/v1/reviews.py
2025-03-10 11:05:36.106 [info] Discover tests for workspace name: kraoshin - uri: /home/kraoshin/holbertonschool-hbnb/part3/app/api/v1/reviews.py
2025-03-10 11:05:48.854 [info] Discover tests for workspace name: kraoshin - uri: /home/kraoshin/holbertonschool-hbnb/part3/app/api/v1/reviews.py
2025-03-10 11:06:07.909 [info] Discover tests for workspace name: kraoshin - uri: /home/kraoshin/holbertonschool-hbnb/part3/app/api/v1/reviews.py
2025-03-10 11:07:13.117 [info] Discover tests for workspace name: kraoshin - uri: /home/kraoshin/holbertonschool-hbnb/part3/app/api/v1/reviews.py
2025-03-10 11:07:20.480 [info] Discover tests for workspace name: kraoshin - uri: /home/kraoshin/holbertonschool-hbnb/part3/app/api/v1/reviews.py
2025-03-10 11:09:13.769 [info] Discover tests for workspace name: kraoshin - uri: /home/kraoshin/holbertonschool-hbnb/part3/app/api/v1/users.py
2025-03-10 11:09:21.200 [info] Discover tests for workspace name: kraoshin - uri: /home/kraoshin/holbertonschool-hbnb/part3/app/api/v1/users.py
2025-03-10 11:10:19.340 [info] Discover tests for workspace name: kraoshin - uri: /home/kraoshin/holbertonschool-hbnb/part3/app/api/v1/users.py
2025-03-10 11:22:14.534 [info] Discover tests for workspace name: kraoshin - uri: /home/kraoshin/holbertonschool-hbnb/part3/app/api/v1/places.py
2025-03-10 11:22:15.604 [info] Discover tests for workspace name: kraoshin - uri: /home/kraoshin/holbertonschool-hbnb/part3/app/api/v1/places.py
2025-03-10 11:22:25.958 [info] Discover tests for workspace name: kraoshin - uri: /home/kraoshin/holbertonschool-hbnb/part3/app/api/v1/places.py
2025-03-10 11:22:50.147 [info] Discover tests for workspace name: kraoshin - uri: /home/kraoshin/holbertonschool-hbnb/part3/app/api/v1/places.py
