2025-03-10 09:54:08.239 [info] (Client) Pylance async client (2025.3.1) started with python extension (2025.2.0)
2025-03-10 09:54:09.291 [info] [Info  - 9:54:09 AM] (1332) Server root directory: file:///home/kraoshin/.vscode-server/extensions/ms-python.vscode-pylance-2025.3.1/dist
2025-03-10 09:54:09.344 [info] [Info  - 9:54:09 AM] (1332) Pylance language server 2025.3.1 (pyright version 1.1.396, commit 3e2236a7) starting
2025-03-10 09:54:09.355 [info] [Info  - 9:54:09 AM] (1332) Starting service instance "kraoshin"
2025-03-10 09:54:09.521 [info] [Info  - 9:54:09 AM] (1332) Setting environmentName for service "kraoshin": "3.12.3 (global)"
2025-03-10 09:54:09.521 [info] [Info  - 9:54:09 AM] (1332) Setting pythonPath for service "kraoshin": "/bin/python3"
2025-03-10 09:54:09.521 [info] [Info  - 9:54:09 AM] (1332) No include entries specified; assuming /home/kraoshin
2025-03-10 09:54:09.522 [info] [Info  - 9:54:09 AM] (1332) Auto-excluding **/node_modules
2025-03-10 09:54:09.522 [info] [Info  - 9:54:09 AM] (1332) Auto-excluding **/__pycache__
2025-03-10 09:54:09.522 [info] [Info  - 9:54:09 AM] (1332) Auto-excluding **/.*
2025-03-10 09:54:09.544 [info] [Info  - 9:54:09 AM] (1332) Assuming Python version 3.12.3.final.0
2025-03-10 09:54:09.663 [info] [Info  - 9:54:09 AM] (1332) Auto-excluding /home/kraoshin/holbertonschool-hbnb
2025-03-10 09:54:09.668 [info] [Info  - 9:54:09 AM] (1332) Auto-excluding /home/kraoshin/holbertonschool-higher_level_programming/python-object_relational_mapping/venv
2025-03-10 09:54:09.673 [info] [Info  - 9:54:09 AM] (1332) Auto-excluding /home/kraoshin/venv
2025-03-10 09:54:09.885 [info] [Info  - 9:54:09 AM] (1332) Found 144 source files
2025-03-10 09:54:09.931 [info] [Info  - 9:54:09 AM] (1332) Background analysis(1) root directory: file:///home/kraoshin/.vscode-server/extensions/ms-python.vscode-pylance-2025.3.1/dist
2025-03-10 09:54:09.932 [info] [Info  - 9:54:09 AM] (1332) Background analysis(1) started
2025-03-10 09:54:10.495 [info] [Info  - 9:54:10 AM] (1332) virtual workspace: vscode-chat-code-block://23978650-1f36-4761-ac2c-1f0fc978c6ab/
2025-03-10 09:54:10.496 [info] [Info  - 9:54:10 AM] (1332) Starting service instance "<default>"
2025-03-10 09:54:10.511 [info] [Info  - 9:54:10 AM] (1332) Setting environmentName for service "<default>": "3.12.3 (global)"
2025-03-10 09:54:10.511 [info] [Info  - 9:54:10 AM] (1332) No include entries specified; assuming vscode-chat-code-block://23978650-1f36-4761-ac2c-1f0fc978c6ab/
2025-03-10 09:54:10.511 [info] [Info  - 9:54:10 AM] (1332) Auto-excluding **/node_modules
2025-03-10 09:54:10.512 [info] [Info  - 9:54:10 AM] (1332) Auto-excluding **/__pycache__
2025-03-10 09:54:10.512 [info] [Info  - 9:54:10 AM] (1332) Auto-excluding **/.*
2025-03-10 09:54:10.530 [info] [Info  - 9:54:10 AM] (1332) Assuming Python version 3.12.3.final.0
2025-03-10 09:54:10.566 [info] [Error - 9:54:10 AM] (1332) File or directory "vscode-chat-code-block://23978650-1f36-4761-ac2c-1f0fc978c6ab/" does not exist.
2025-03-10 09:54:10.566 [info] [Info  - 9:54:10 AM] (1332) No source files found.
2025-03-10 10:07:13.379 [info] [Info  - 10:07:13 AM] (1332) Auto-excluding /home/kraoshin/holbertonschool-hbnb
2025-03-10 10:07:13.387 [info] [Info  - 10:07:13 AM] (1332) Auto-excluding /home/kraoshin/holbertonschool-higher_level_programming/python-object_relational_mapping/venv
2025-03-10 10:07:13.406 [info] [Info  - 10:07:13 AM] (1332) Auto-excluding /home/kraoshin/venv
2025-03-10 10:07:13.419 [info] [Info  - 10:07:13 AM] (1332) Found 144 source files
2025-03-10 10:20:21.105 [info] [Info  - 10:20:21 AM] (1332) Indexer background runner(2) root directory: file:///home/kraoshin/.vscode-server/extensions/ms-python.vscode-pylance-2025.3.1/dist (index)
2025-03-10 10:20:21.105 [info] [Info  - 10:20:21 AM] (1332) Indexing(2) started
2025-03-10 10:20:21.833 [info] [Info  - 10:20:21 AM] (1332) scanned(2) 98 files over 1 exec env
2025-03-10 10:20:23.054 [info] [Info  - 10:20:23 AM] (1332) indexed(2) 98 files over 1 exec env
2025-03-10 10:20:23.077 [info] [Info  - 10:20:23 AM] (1332) Indexing finished(2).
2025-03-10 10:41:54.157 [info] [Info  - 10:41:54 AM] (1332) Auto-excluding /home/kraoshin/holbertonschool-hbnb
2025-03-10 10:41:54.170 [info] [Info  - 10:41:54 AM] (1332) Auto-excluding /home/kraoshin/holbertonschool-higher_level_programming/python-object_relational_mapping/venv
2025-03-10 10:41:54.198 [info] [Info  - 10:41:54 AM] (1332) Auto-excluding /home/kraoshin/venv
2025-03-10 10:41:54.222 [info] [Info  - 10:41:54 AM] (1332) Found 145 source files
2025-03-10 10:48:12.398 [info] [Info  - 10:48:12 AM] (1332) Starting service instance "<default>"
2025-03-10 10:48:12.486 [info] [Info  - 10:48:12 AM] (1332) Setting environmentName for service "<default>": "3.12.3 (global)"
2025-03-10 10:48:12.486 [info] [Info  - 10:48:12 AM] (1332) Setting pythonPath for service "<default>": "/bin/python3"
2025-03-10 10:48:12.486 [info] [Info  - 10:48:12 AM] (1332) No include entries specified; assuming /<default workspace root>
2025-03-10 10:48:12.487 [info] [Info  - 10:48:12 AM] (1332) Auto-excluding **/node_modules
2025-03-10 10:48:12.487 [info] [Info  - 10:48:12 AM] (1332) Auto-excluding **/__pycache__
2025-03-10 10:48:12.487 [info] [Info  - 10:48:12 AM] (1332) Auto-excluding **/.*
2025-03-10 10:48:12.510 [info] [Info  - 10:48:12 AM] (1332) Assuming Python version 3.12.3.final.0
2025-03-10 10:48:12.551 [info] [Error - 10:48:12 AM] (1332) File or directory "/<default workspace root>" does not exist.
2025-03-10 10:48:12.551 [info] [Info  - 10:48:12 AM] (1332) No source files found.
2025-03-10 10:48:12.869 [info] [Info  - 10:48:12 AM] (1332) Background analysis(3) root directory: file:///home/kraoshin/.vscode-server/extensions/ms-python.vscode-pylance-2025.3.1/dist
2025-03-10 10:48:12.871 [info] [Info  - 10:48:12 AM] (1332) Background analysis(3) started
