2025-01-24 10:53:35.583 [info] (Client) Pylance async client (2024.12.1) started with python extension (2024.22.2)
2025-01-24 10:53:35.886 [info] [Info  - 10:53:35 AM] (1107) Server root directory: file:///home/kraoshin/.vscode-server/extensions/ms-python.vscode-pylance-2024.12.1/dist
2025-01-24 10:53:35.895 [info] [Info  - 10:53:35 AM] (1107) Pylance language server 2024.12.1 (pyright version 1.1.389, commit ce1325fc) starting
2025-01-24 10:53:35.895 [info] [Info  - 10:53:35 AM] (1107) Starting service instance "kraoshin"
2025-01-24 10:53:35.929 [info] [Info  - 10:53:35 AM] (1107) Setting environmentName for service "kraoshin": "3.12.3 (global)"
2025-01-24 10:53:35.930 [info] [Info  - 10:53:35 AM] (1107) Setting pythonPath for service "kraoshin": "/usr/bin/python3"
2025-01-24 10:53:35.930 [info] [Info  - 10:53:35 AM] (1107) No include entries specified; assuming /home/kraoshin
2025-01-24 10:53:35.930 [info] [Info  - 10:53:35 AM] (1107) Auto-excluding **/node_modules
2025-01-24 10:53:35.930 [info] [Info  - 10:53:35 AM] (1107) Auto-excluding **/__pycache__
2025-01-24 10:53:35.930 [info] [Info  - 10:53:35 AM] (1107) Auto-excluding **/.*
2025-01-24 10:53:35.951 [info] [Info  - 10:53:35 AM] (1107) Assuming Python version 3.12.3.final.0
2025-01-24 10:53:36.027 [info] [Info  - 10:53:36 AM] (1107) Found 67 source files
2025-01-24 10:53:36.032 [info] [Info  - 10:53:36 AM] (1107) virtual workspace: vscode-chat-code-block://23978650-1f36-4761-ac2c-1f0fc978c6ab/
2025-01-24 10:53:36.032 [info] [Info  - 10:53:36 AM] (1107) Starting service instance "<default>"
2025-01-24 10:53:36.048 [info] [Info  - 10:53:36 AM] (1107) Setting environmentName for service "<default>": "3.12.3 (global)"
2025-01-24 10:53:36.048 [info] [Info  - 10:53:36 AM] (1107) No include entries specified; assuming vscode-chat-code-block://23978650-1f36-4761-ac2c-1f0fc978c6ab/
2025-01-24 10:53:36.048 [info] [Info  - 10:53:36 AM] (1107) Auto-excluding **/node_modules
2025-01-24 10:53:36.048 [info] [Info  - 10:53:36 AM] (1107) Auto-excluding **/__pycache__
2025-01-24 10:53:36.048 [info] [Info  - 10:53:36 AM] (1107) Auto-excluding **/.*
2025-01-24 10:53:36.081 [info] [Error - 10:53:36 AM] (1107) File or directory "vscode-chat-code-block://23978650-1f36-4761-ac2c-1f0fc978c6ab/" does not exist.
2025-01-24 10:53:36.081 [info] [Info  - 10:53:36 AM] (1107) No source files found.
2025-01-24 10:53:36.351 [info] [Info  - 10:53:36 AM] (1107) Background analysis(1) root directory: file:///home/kraoshin/.vscode-server/extensions/ms-python.vscode-pylance-2024.12.1/dist
2025-01-24 10:53:36.351 [info] [Info  - 10:53:36 AM] (1107) Background analysis(1) started
2025-01-24 10:55:34.402 [info] [Info  - 10:55:34 AM] (1107) Indexer background runner(2) root directory: file:///home/kraoshin/.vscode-server/extensions/ms-python.vscode-pylance-2024.12.1/dist (index)
2025-01-24 10:55:34.402 [info] [Info  - 10:55:34 AM] (1107) Indexing(2) started
2025-01-24 10:55:34.668 [info] [Info  - 10:55:34 AM] (1107) scanned(2) 73 files over 1 exec env
2025-01-24 10:55:34.813 [info] [Info  - 10:55:34 AM] (1107) Found 68 source files
2025-01-24 10:55:34.824 [info] [Info  - 10:55:34 AM] (1107) indexed(2) 73 files over 1 exec env
2025-01-24 10:55:34.846 [info] [Info  - 10:55:34 AM] (1107) Indexing finished(2).
2025-01-24 10:57:11.123 [info] [Info  - 10:57:11 AM] (1107) Found 69 source files
2025-01-24 11:05:43.727 [info] [Info  - 11:05:43 AM] (1107) Found 70 source files
2025-01-24 11:05:50.290 [info] [Info  - 11:05:50 AM] (1107) Found 71 source files
2025-01-24 11:40:42.164 [info] [Info  - 11:40:42 AM] (1107) Found 70 source files
2025-01-24 11:41:24.538 [info] [Info  - 11:41:24 AM] (1107) Found 71 source files
2025-01-24 11:50:16.463 [info] [Info  - 11:50:16 AM] (1107) Found 72 source files
2025-01-24 11:50:39.873 [info] [Info  - 11:50:39 AM] (1107) Found 73 source files
2025-01-24 11:56:09.157 [info] [Info  - 11:56:09 AM] (1107) Found 74 source files
2025-01-24 11:56:18.358 [info] [Info  - 11:56:18 AM] (1107) Found 75 source files
2025-01-24 11:58:49.051 [info] [Info  - 11:58:49 AM] (1107) Found 74 source files
2025-01-24 11:59:05.759 [info] [Info  - 11:59:05 AM] (1107) Found 75 source files
2025-01-24 11:59:26.348 [info] [Info  - 11:59:26 AM] (1107) Found 75 source files
2025-01-24 12:14:22.954 [info] [Info  - 12:14:22 PM] (1107) Found 76 source files
2025-01-24 12:14:43.458 [info] [Info  - 12:14:43 PM] (1107) Found 77 source files
2025-01-24 12:16:07.136 [info] [Info  - 12:16:07 PM] (1107) Found 78 source files
2025-01-24 12:19:49.832 [info] [Info  - 12:19:49 PM] (1107) Starting service instance "<default>"
2025-01-24 12:19:49.912 [info] [Info  - 12:19:49 PM] (1107) Setting environmentName for service "<default>": "3.12.3 (global)"
2025-01-24 12:19:49.912 [info] [Info  - 12:19:49 PM] (1107) Setting pythonPath for service "<default>": "/usr/bin/python3"
2025-01-24 12:19:49.913 [info] [Info  - 12:19:49 PM] (1107) No include entries specified; assuming /<default workspace root>
2025-01-24 12:19:49.913 [info] [Info  - 12:19:49 PM] (1107) Auto-excluding **/node_modules
2025-01-24 12:19:49.913 [info] [Info  - 12:19:49 PM] (1107) Auto-excluding **/__pycache__
2025-01-24 12:19:49.913 [info] [Info  - 12:19:49 PM] (1107) Auto-excluding **/.*
2025-01-24 12:19:49.933 [info] [Info  - 12:19:49 PM] (1107) Assuming Python version 3.12.3.final.0
2025-01-24 12:19:49.965 [info] [Error - 12:19:49 PM] (1107) File or directory "/<default workspace root>" does not exist.
2025-01-24 12:19:49.965 [info] [Info  - 12:19:49 PM] (1107) No source files found.
2025-01-24 12:19:50.284 [info] [Info  - 12:19:50 PM] (1107) Background analysis(3) root directory: file:///home/kraoshin/.vscode-server/extensions/ms-python.vscode-pylance-2024.12.1/dist
2025-01-24 12:19:50.286 [info] [Info  - 12:19:50 PM] (1107) Background analysis(3) started
2025-01-24 13:37:20.503 [info] [Info  - 1:37:20 PM] (1107) Found 79 source files
2025-01-24 13:37:29.610 [info] [Info  - 1:37:29 PM] (1107) Found 80 source files
