2025-03-07 10:02:58.157 [info] Starting Python Locator /home/kraoshin/.vscode-server/extensions/ms-python.python-2025.0.0-linux-x64/python-env-tools/bin/pet server
2025-03-07 10:03:00.958 [info] Discovered env: /bin/python3
2025-03-07 10:03:01.131 [info] Discovered env: /usr/bin/python3
2025-03-07 10:03:02.690 [info] Discovered env: /home/kraoshin/.venv/bin/python
2025-03-07 10:03:02.769 [info] Discovered env: /home/kraoshin/venv/bin/python
2025-03-07 10:03:03.320 [info] Discovered env: /home/kraoshin/holbertonschool-hbnb/bin/python
2025-03-07 10:03:07.091 [info] Resolved Python Environment /bin/python3
2025-03-07 10:03:07.289 [info] Locator Conda took 4.751323577s
2025-03-07 10:03:07.299 [info] Locator Homebrew took 54.01µs
2025-03-07 10:03:07.389 [info] Locator LinuxGlobal took 50.515058ms
2025-03-07 10:03:07.478 [info] Locator PipEnv took 35.777µs
2025-03-07 10:03:07.535 [info] Locator Poetry took 22.62041ms
2025-03-07 10:03:07.590 [info] Locator PyEnv took 24.867853ms
2025-03-07 10:03:07.621 [info] Locator Venv took 11.561µs
2025-03-07 10:03:07.702 [info] Locator VirtualEnv took 86.89µs
2025-03-07 10:03:07.747 [info] Locator VirtualEnvWrapper took 11.081µs
2025-03-07 10:03:07.778 [info] Locator GlobalVirtualEnvs took 899.215µs
2025-03-07 10:03:07.868 [info] Locator Locators took 4.751726643s
2025-03-07 10:03:08.051 [info] Locator Path took 372.733826ms
2025-03-07 10:03:08.556 [info] Locator Workspaces took 264.725188ms
2025-03-07 10:03:08.703 [info] Refresh completed in 4751ms
2025-03-07 10:03:10.082 [warning] Could not find Python executable in "/home/kraoshin/.vscode-server/extensions/.d7663290-2f98-43ac-b731-b3cd07b6c7dd/python_files/lib/python"
2025-03-07 10:03:10.087 [warning] Could not find Python executable in "/home/kraoshin/.vscode-server/extensions/.d7663290-2f98-43ac-b731-b3cd07b6c7dd/python_files/lib/jedilsp/parso/python"
2025-03-07 10:03:10.096 [error] Failed to execute Python to resolve info "/home/kraoshin/.vscode-server/extensions/.d7663290-2f98-43ac-b731-b3cd07b6c7dd/python_files/lib/python": Permission denied (os error 13)
2025-03-07 10:03:10.096 [warning] Unknown Python Env "/home/kraoshin/.vscode-server/extensions/.d7663290-2f98-43ac-b731-b3cd07b6c7dd/python_files/lib/python"
2025-03-07 10:03:10.097 [error] Failed to resolve env "/home/kraoshin/.vscode-server/extensions/.d7663290-2f98-43ac-b731-b3cd07b6c7dd/python_files/lib/python"
2025-03-07 10:03:10.097 [error] Failed to execute Python to resolve info "/home/kraoshin/.vscode-server/extensions/.d7663290-2f98-43ac-b731-b3cd07b6c7dd/python_files/lib/jedilsp/parso/python": Permission denied (os error 13)
2025-03-07 10:03:10.098 [warning] Unknown Python Env "/home/kraoshin/.vscode-server/extensions/.d7663290-2f98-43ac-b731-b3cd07b6c7dd/python_files/lib/jedilsp/parso/python"
2025-03-07 10:03:10.098 [error] Failed to resolve env "/home/kraoshin/.vscode-server/extensions/.d7663290-2f98-43ac-b731-b3cd07b6c7dd/python_files/lib/jedilsp/parso/python"
2025-03-07 10:06:31.026 [info] Resolved Python Environment /bin/python3
2025-03-07 10:07:01.688 [info] Resolved Python Environment /bin/python3
2025-03-07 10:08:12.837 [info] Resolved Python Environment /bin/python3
2025-03-07 10:08:48.209 [info] Resolved Python Environment /bin/python3
2025-03-07 10:09:49.931 [info] Resolved Python Environment /bin/python3
2025-03-07 10:14:10.959 [info] Resolved Python Environment /bin/python3
2025-03-07 10:18:46.231 [info] Resolved Python Environment /bin/python3
2025-03-07 10:20:33.753 [info] Resolved Python Environment /bin/python3
2025-03-07 10:21:04.099 [info] Resolved Python Environment /bin/python3
2025-03-07 10:23:26.443 [info] Resolved Python Environment /bin/python3
2025-03-07 10:30:17.867 [info] Resolved Python Environment /bin/python3
2025-03-07 10:38:19.496 [info] Resolved Python Environment /bin/python3
2025-03-07 10:43:02.538 [info] Resolved Python Environment /bin/python3
2025-03-07 10:43:50.705 [info] Resolved Python Environment /bin/python3
2025-03-07 10:46:05.840 [info] Resolved Python Environment /bin/python3
2025-03-07 10:56:10.336 [info] Resolved Python Environment /bin/python3
2025-03-07 10:58:43.122 [info] Resolved Python Environment /bin/python3
2025-03-07 11:01:08.852 [info] Resolved Python Environment /bin/python3
2025-03-07 11:01:45.797 [info] Resolved Python Environment /bin/python3
2025-03-07 11:03:23.873 [info] Resolved Python Environment /bin/python3
2025-03-07 11:05:01.701 [info] Resolved Python Environment /bin/python3
2025-03-07 11:08:30.029 [info] Resolved Python Environment /bin/python3
2025-03-07 11:09:17.517 [info] Resolved Python Environment /bin/python3
