2025-03-13 16:10:47.627 [info] (Client) Pylance async client (2025.3.1) started with python extension (2025.2.0)
2025-03-13 16:10:48.063 [info] [Info  - 4:10:48 PM] (2383) Server root directory: file:///home/kraoshin/.vscode-server/extensions/ms-python.vscode-pylance-2025.3.1/dist
2025-03-13 16:10:48.063 [info] [Info  - 4:10:48 PM] (2383) Pylance language server 2025.3.1 (pyright version 1.1.396, commit 3e2236a7) starting
2025-03-13 16:10:48.069 [info] [Info  - 4:10:48 PM] (2383) Starting service instance "kraoshin"
2025-03-13 16:10:48.113 [info] [Info  - 4:10:48 PM] (2383) Setting environmentName for service "kraoshin": "3.12.3 (global)"
2025-03-13 16:10:48.113 [info] [Info  - 4:10:48 PM] (2383) Setting pythonPath for service "kraoshin": "/bin/python3"
2025-03-13 16:10:48.114 [info] [Info  - 4:10:48 PM] (2383) No include entries specified; assuming /home/kraoshin
2025-03-13 16:10:48.114 [info] [Info  - 4:10:48 PM] (2383) Auto-excluding **/node_modules
2025-03-13 16:10:48.114 [info] [Info  - 4:10:48 PM] (2383) Auto-excluding **/__pycache__
2025-03-13 16:10:48.116 [info] [Info  - 4:10:48 PM] (2383) Auto-excluding **/.*
2025-03-13 16:10:48.138 [info] [Info  - 4:10:48 PM] (2383) Assuming Python version 3.12.3.final.0
2025-03-13 16:10:48.218 [info] [Info  - 4:10:48 PM] (2383) Auto-excluding /home/kraoshin
2025-03-13 16:10:48.219 [info] [Info  - 4:10:48 PM] (2383) No source files found.
2025-03-13 16:10:48.612 [info] [Info  - 4:10:48 PM] (2383) Background analysis(1) root directory: file:///home/kraoshin/.vscode-server/extensions/ms-python.vscode-pylance-2025.3.1/dist
2025-03-13 16:10:48.615 [info] [Info  - 4:10:48 PM] (2383) Background analysis(1) started
2025-03-13 16:10:48.718 [info] [Info  - 4:10:48 PM] (2383) Indexer background runner(2) root directory: file:///home/kraoshin/.vscode-server/extensions/ms-python.vscode-pylance-2025.3.1/dist (index)
2025-03-13 16:10:48.718 [info] [Info  - 4:10:48 PM] (2383) Indexing(2) started
2025-03-13 16:10:49.225 [info] [Info  - 4:10:49 PM] (2383) scanned(2) 98 files over 1 exec env
2025-03-13 16:10:49.962 [info] [Info  - 4:10:49 PM] (2383) indexed(2) 98 files over 1 exec env
2025-03-13 16:10:49.986 [info] [Info  - 4:10:49 PM] (2383) Indexing finished(2).
