2025-03-04 10:01:16.952 [info] [Info  - 10:01:16 AM] (1823) Server root directory: file:///home/kraoshin/.vscode-server/extensions/ms-python.vscode-pylance-2025.2.1/dist
2025-03-04 10:01:16.952 [info] [Info  - 10:01:16 AM] (1823) Pylance language server 2025.2.1 (pyright version 1.1.393, commit 3763156f) starting
2025-03-04 10:01:16.952 [info] [Info  - 10:01:16 AM] (1823) Starting service instance "kraoshin"
2025-03-04 10:01:16.996 [info] [Info  - 10:01:16 AM] (1823) Setting environmentName for service "kraoshin": "3.12.3 (venv venv)"
2025-03-04 10:01:16.996 [info] [Info  - 10:01:16 AM] (1823) Setting pythonPath for service "kraoshin": "/home/kraoshin/holbertonschool-hbnb/part2/venv/bin/python"
2025-03-04 10:01:16.996 [info] [Info  - 10:01:16 AM] (1823) No include entries specified; assuming /home/kraoshin
2025-03-04 10:01:16.997 [info] [Info  - 10:01:16 AM] (1823) Auto-excluding **/node_modules
2025-03-04 10:01:16.997 [info] [Info  - 10:01:16 AM] (1823) Auto-excluding **/__pycache__
2025-03-04 10:01:16.997 [info] [Info  - 10:01:16 AM] (1823) Auto-excluding **/.*
2025-03-04 10:01:17.012 [info] [Info  - 10:01:17 AM] (1823) Assuming Python version 3.12.3.final.0
2025-03-04 10:01:17.055 [info] [Info  - 10:01:17 AM] (1823) Auto-excluding /home/kraoshin/holbertonschool-hbnb
2025-03-04 10:01:17.064 [info] [Info  - 10:01:17 AM] (1823) Auto-excluding /home/kraoshin/venv
2025-03-04 10:01:17.074 [info] [Info  - 10:01:17 AM] (1823) Found 128 source files
2025-03-04 10:01:17.357 [info] [Info  - 10:01:17 AM] (1823) Background analysis(1) root directory: file:///home/kraoshin/.vscode-server/extensions/ms-python.vscode-pylance-2025.2.1/dist
2025-03-04 10:01:17.358 [info] [Info  - 10:01:17 AM] (1823) Background analysis(1) started
2025-03-04 10:01:17.437 [info] [Info  - 10:01:17 AM] (1823) Indexer background runner(2) root directory: file:///home/kraoshin/.vscode-server/extensions/ms-python.vscode-pylance-2025.2.1/dist (index)
2025-03-04 10:01:17.438 [info] [Info  - 10:01:17 AM] (1823) Indexing(2) started
2025-03-04 10:01:17.699 [info] [Info  - 10:01:17 AM] (1823) scanned(2) 44 files over 1 exec env
2025-03-04 10:01:17.830 [info] [Info  - 10:01:17 AM] (1823) indexed(2) 44 files over 1 exec env
2025-03-04 10:01:17.846 [info] [Info  - 10:01:17 AM] (1823) Indexing finished(2).
2025-03-04 10:01:26.942 [info] (Client) The existing extension didn't exit within 10 seconds. New instance will start, but you might encounter issues.
2025-03-04 10:01:26.942 [info] (Client) Pylance async client (2025.2.1) started with python extension (2025.0.0)
