2025-03-12 09:50:21.366 [info] (Client) Pylance async client (2025.3.1) started with python extension (2025.2.0)
2025-03-12 09:50:21.730 [info] [Info  - 9:50:21 AM] (1338) Server root directory: file:///home/kraoshin/.vscode-server/extensions/ms-python.vscode-pylance-2025.3.1/dist
2025-03-12 09:50:21.730 [info] [Info  - 9:50:21 AM] (1338) Pylance language server 2025.3.1 (pyright version 1.1.396, commit 3e2236a7) starting
2025-03-12 09:50:21.731 [info] [Info  - 9:50:21 AM] (1338) Starting service instance "kraoshin"
2025-03-12 09:50:21.758 [info] [Info  - 9:50:21 AM] (1338) Setting environmentName for service "kraoshin": "3.12.3 (global)"
2025-03-12 09:50:21.759 [info] [Info  - 9:50:21 AM] (1338) Setting pythonPath for service "kraoshin": "/bin/python3"
2025-03-12 09:50:21.759 [info] [Info  - 9:50:21 AM] (1338) No include entries specified; assuming /home/kraoshin
2025-03-12 09:50:21.760 [info] [Info  - 9:50:21 AM] (1338) Auto-excluding **/node_modules
2025-03-12 09:50:21.760 [info] [Info  - 9:50:21 AM] (1338) Auto-excluding **/__pycache__
2025-03-12 09:50:21.761 [info] [Info  - 9:50:21 AM] (1338) Auto-excluding **/.*
2025-03-12 09:50:21.778 [info] [Info  - 9:50:21 AM] (1338) Assuming Python version 3.12.3.final.0
2025-03-12 09:50:21.839 [info] [Info  - 9:50:21 AM] (1338) Auto-excluding /home/kraoshin/holbertonschool-hbnb
2025-03-12 09:50:21.848 [info] [Info  - 9:50:21 AM] (1338) Auto-excluding /home/kraoshin/holbertonschool-higher_level_programming/python-object_relational_mapping/venv
2025-03-12 09:50:21.859 [info] [Info  - 9:50:21 AM] (1338) Auto-excluding /home/kraoshin/venv
2025-03-12 09:50:21.874 [info] [Info  - 9:50:21 AM] (1338) Found 144 source files
2025-03-12 09:50:21.915 [info] [Info  - 9:50:21 AM] (1338) virtual workspace: vscode-chat-code-block://23978650-1f36-4761-ac2c-1f0fc978c6ab/
2025-03-12 09:50:21.915 [info] [Info  - 9:50:21 AM] (1338) Starting service instance "<default>"
2025-03-12 09:50:21.936 [info] [Info  - 9:50:21 AM] (1338) Setting environmentName for service "<default>": "3.12.3 (global)"
2025-03-12 09:50:21.936 [info] [Info  - 9:50:21 AM] (1338) No include entries specified; assuming vscode-chat-code-block://23978650-1f36-4761-ac2c-1f0fc978c6ab/
2025-03-12 09:50:21.936 [info] [Info  - 9:50:21 AM] (1338) Auto-excluding **/node_modules
2025-03-12 09:50:21.937 [info] [Info  - 9:50:21 AM] (1338) Auto-excluding **/__pycache__
2025-03-12 09:50:21.937 [info] [Info  - 9:50:21 AM] (1338) Auto-excluding **/.*
2025-03-12 09:50:21.965 [info] [Info  - 9:50:21 AM] (1338) Assuming Python version 3.12.3.final.0
2025-03-12 09:50:22.008 [info] [Error - 9:50:22 AM] (1338) File or directory "vscode-chat-code-block://23978650-1f36-4761-ac2c-1f0fc978c6ab/" does not exist.
2025-03-12 09:50:22.008 [info] [Info  - 9:50:22 AM] (1338) No source files found.
2025-03-12 09:50:22.911 [info] [Info  - 9:50:22 AM] (1338) Background analysis(1) root directory: file:///home/kraoshin/.vscode-server/extensions/ms-python.vscode-pylance-2025.3.1/dist
2025-03-12 09:50:22.911 [info] [Info  - 9:50:22 AM] (1338) Background analysis(1) started
2025-03-12 09:55:28.742 [info] [Info  - 9:55:28 AM] (1338) Indexer background runner(2) root directory: file:///home/kraoshin/.vscode-server/extensions/ms-python.vscode-pylance-2025.3.1/dist (index)
2025-03-12 09:55:28.742 [info] [Info  - 9:55:28 AM] (1338) Indexing(2) started
2025-03-12 09:55:29.145 [info] [Info  - 9:55:29 AM] (1338) scanned(2) 98 files over 1 exec env
2025-03-12 09:55:29.322 [info] [Info  - 9:55:29 AM] (1338) indexed(2) 98 files over 1 exec env
2025-03-12 09:55:29.353 [info] [Info  - 9:55:29 AM] (1338) Indexing finished(2).
2025-03-12 09:55:51.644 [info] [Info  - 9:55:51 AM] (1338) Auto-excluding /home/kraoshin/holbertonschool-hbnb
2025-03-12 09:55:51.650 [info] [Info  - 9:55:51 AM] (1338) Auto-excluding /home/kraoshin/holbertonschool-higher_level_programming/python-object_relational_mapping/venv
2025-03-12 09:55:51.659 [info] [Info  - 9:55:51 AM] (1338) Auto-excluding /home/kraoshin/venv
2025-03-12 09:55:51.673 [info] [Info  - 9:55:51 AM] (1338) Found 145 source files
2025-03-12 09:58:38.459 [info] [Info  - 9:58:38 AM] (1338) Auto-excluding /home/kraoshin/holbertonschool-higher_level_programming/python-object_relational_mapping/venv
2025-03-12 09:58:38.468 [info] [Info  - 9:58:38 AM] (1338) Auto-excluding /home/kraoshin/venv
2025-03-12 09:58:38.476 [info] [Info  - 9:58:38 AM] (1338) Found 145 source files
2025-03-12 10:00:46.872 [info] [Info  - 10:00:46 AM] (1338) Auto-excluding /home/kraoshin/holbertonschool-higher_level_programming/python-object_relational_mapping/venv
2025-03-12 10:00:46.880 [info] [Info  - 10:00:46 AM] (1338) Auto-excluding /home/kraoshin/venv
2025-03-12 10:00:46.895 [info] [Info  - 10:00:46 AM] (1338) Found 145 source files
2025-03-12 10:00:48.027 [info] [Info  - 10:00:48 AM] (1338) Auto-excluding /home/kraoshin/holbertonschool-higher_level_programming/python-object_relational_mapping/venv
2025-03-12 10:00:48.034 [info] [Info  - 10:00:48 AM] (1338) Auto-excluding /home/kraoshin/venv
2025-03-12 10:00:48.046 [info] [Info  - 10:00:48 AM] (1338) Found 187 source files
2025-03-12 10:01:06.297 [info] [Info  - 10:01:06 AM] (1338) Auto-excluding /home/kraoshin/holbertonschool-hbnb
2025-03-12 10:01:06.300 [info] [Info  - 10:01:06 AM] (1338) Auto-excluding /home/kraoshin/holbertonschool-higher_level_programming/python-object_relational_mapping/venv
2025-03-12 10:01:06.306 [info] [Info  - 10:01:06 AM] (1338) Auto-excluding /home/kraoshin/venv
2025-03-12 10:01:06.315 [info] [Info  - 10:01:06 AM] (1338) Found 145 source files
2025-03-12 10:01:49.535 [info] [Info  - 10:01:49 AM] (1338) Auto-excluding /home/kraoshin/holbertonschool-hbnb
2025-03-12 10:01:49.539 [info] [Info  - 10:01:49 AM] (1338) Auto-excluding /home/kraoshin/holbertonschool-higher_level_programming/python-object_relational_mapping/venv
2025-03-12 10:01:49.547 [info] [Info  - 10:01:49 AM] (1338) Auto-excluding /home/kraoshin/venv
2025-03-12 10:01:49.559 [info] [Info  - 10:01:49 AM] (1338) Found 145 source files
2025-03-12 10:03:16.194 [info] [Info  - 10:03:16 AM] (1338) Auto-excluding /home/kraoshin/holbertonschool-hbnb
2025-03-12 10:03:16.201 [info] [Info  - 10:03:16 AM] (1338) Auto-excluding /home/kraoshin/holbertonschool-higher_level_programming/python-object_relational_mapping/venv
2025-03-12 10:03:16.216 [info] [Info  - 10:03:16 AM] (1338) Auto-excluding /home/kraoshin/venv
2025-03-12 10:03:16.236 [info] [Info  - 10:03:16 AM] (1338) Found 145 source files
2025-03-12 10:03:16.369 [info] [Info  - 10:03:16 AM] (1338) Auto-excluding /home/kraoshin/holbertonschool-hbnb
2025-03-12 10:03:16.372 [info] [Info  - 10:03:16 AM] (1338) Auto-excluding /home/kraoshin/holbertonschool-higher_level_programming/python-object_relational_mapping/venv
2025-03-12 10:03:16.379 [info] [Info  - 10:03:16 AM] (1338) Auto-excluding /home/kraoshin/venv
2025-03-12 10:03:16.385 [info] [Info  - 10:03:16 AM] (1338) Found 145 source files
2025-03-12 10:03:17.013 [info] [Info  - 10:03:17 AM] (1338) Auto-excluding /home/kraoshin/holbertonschool-hbnb
2025-03-12 10:03:17.016 [info] [Info  - 10:03:17 AM] (1338) Auto-excluding /home/kraoshin/holbertonschool-higher_level_programming/python-object_relational_mapping/venv
2025-03-12 10:03:17.022 [info] [Info  - 10:03:17 AM] (1338) Auto-excluding /home/kraoshin/venv
2025-03-12 10:03:17.030 [info] [Info  - 10:03:17 AM] (1338) Found 145 source files
2025-03-12 10:08:35.138 [info] [Info  - 10:08:35 AM] (1338) Auto-excluding /home/kraoshin/holbertonschool-hbnb
2025-03-12 10:08:35.142 [info] [Info  - 10:08:35 AM] (1338) Auto-excluding /home/kraoshin/holbertonschool-higher_level_programming/python-object_relational_mapping/venv
2025-03-12 10:08:35.149 [info] [Info  - 10:08:35 AM] (1338) Auto-excluding /home/kraoshin/venv
2025-03-12 10:08:35.159 [info] [Info  - 10:08:35 AM] (1338) Found 145 source files
2025-03-12 10:13:59.924 [info] [Info  - 10:13:59 AM] (1338) Starting service instance "<default>"
2025-03-12 10:13:59.998 [info] [Info  - 10:13:59 AM] (1338) Setting environmentName for service "<default>": "3.12.3 (global)"
2025-03-12 10:13:59.998 [info] [Info  - 10:13:59 AM] (1338) Setting pythonPath for service "<default>": "/bin/python3"
2025-03-12 10:13:59.998 [info] [Info  - 10:13:59 AM] (1338) No include entries specified; assuming /<default workspace root>
2025-03-12 10:13:59.998 [info] [Info  - 10:13:59 AM] (1338) Auto-excluding **/node_modules
2025-03-12 10:13:59.998 [info] [Info  - 10:13:59 AM] (1338) Auto-excluding **/__pycache__
2025-03-12 10:13:59.998 [info] [Info  - 10:13:59 AM] (1338) Auto-excluding **/.*
2025-03-12 10:14:00.020 [info] [Info  - 10:14:00 AM] (1338) Assuming Python version 3.12.3.final.0
2025-03-12 10:14:00.054 [info] [Error - 10:14:00 AM] (1338) File or directory "/<default workspace root>" does not exist.
2025-03-12 10:14:00.054 [info] [Info  - 10:14:00 AM] (1338) No source files found.
2025-03-12 10:14:00.349 [info] [Info  - 10:14:00 AM] (1338) Background analysis(3) root directory: file:///home/kraoshin/.vscode-server/extensions/ms-python.vscode-pylance-2025.3.1/dist
2025-03-12 10:14:00.351 [info] [Info  - 10:14:00 AM] (1338) Background analysis(3) started
2025-03-12 10:30:56.196 [info] [Info  - 10:30:56 AM] (1338) Auto-excluding /home/kraoshin/holbertonschool-hbnb
2025-03-12 10:30:56.200 [info] [Info  - 10:30:56 AM] (1338) Auto-excluding /home/kraoshin/holbertonschool-higher_level_programming/python-object_relational_mapping/venv
2025-03-12 10:30:56.210 [info] [Info  - 10:30:56 AM] (1338) Auto-excluding /home/kraoshin/venv
2025-03-12 10:30:56.227 [info] [Info  - 10:30:56 AM] (1338) Found 148 source files
2025-03-12 10:32:58.413 [info] [Info  - 10:32:58 AM] (1338) Auto-excluding /home/kraoshin/holbertonschool-hbnb
2025-03-12 10:32:58.417 [info] [Info  - 10:32:58 AM] (1338) Auto-excluding /home/kraoshin/holbertonschool-higher_level_programming/python-object_relational_mapping/venv
2025-03-12 10:32:58.428 [info] [Info  - 10:32:58 AM] (1338) Auto-excluding /home/kraoshin/venv
2025-03-12 10:32:58.447 [info] [Info  - 10:32:58 AM] (1338) Found 149 source files
2025-03-12 10:33:18.374 [info] [Info  - 10:33:18 AM] (1338) Auto-excluding /home/kraoshin/holbertonschool-hbnb
2025-03-12 10:33:18.379 [info] [Info  - 10:33:18 AM] (1338) Auto-excluding /home/kraoshin/holbertonschool-higher_level_programming/python-object_relational_mapping/venv
2025-03-12 10:33:18.390 [info] [Info  - 10:33:18 AM] (1338) Auto-excluding /home/kraoshin/venv
2025-03-12 10:33:18.403 [info] [Info  - 10:33:18 AM] (1338) Found 149 source files
2025-03-12 10:34:31.821 [info] [Info  - 10:34:31 AM] (1338) Auto-excluding /home/kraoshin/holbertonschool-hbnb
2025-03-12 10:34:31.824 [info] [Info  - 10:34:31 AM] (1338) Auto-excluding /home/kraoshin/holbertonschool-higher_level_programming/python-object_relational_mapping/venv
2025-03-12 10:34:31.836 [info] [Info  - 10:34:31 AM] (1338) Auto-excluding /home/kraoshin/venv
2025-03-12 10:34:31.849 [info] [Info  - 10:34:31 AM] (1338) Found 151 source files
2025-03-12 10:36:00.256 [info] [Info  - 10:36:00 AM] Server process exited successfully
2025-03-12 10:36:00.851 [info] (Client) Pylance async client (2025.3.1) started with python extension (2025.2.0)
2025-03-12 10:36:01.171 [info] [Info  - 10:36:01 AM] (26281) Server root directory: file:///home/kraoshin/.vscode-server/extensions/ms-python.vscode-pylance-2025.3.1/dist
2025-03-12 10:36:01.172 [info] [Info  - 10:36:01 AM] (26281) Pylance language server 2025.3.1 (pyright version 1.1.396, commit 3e2236a7) starting
2025-03-12 10:36:01.179 [info] [Info  - 10:36:01 AM] (26281) Starting service instance "kraoshin"
2025-03-12 10:36:01.272 [info] [Info  - 10:36:01 AM] (26281) Setting environmentName for service "kraoshin": "3.12.3 (global)"
2025-03-12 10:36:01.272 [info] [Info  - 10:36:01 AM] (26281) Setting pythonPath for service "kraoshin": "/bin/python3"
2025-03-12 10:36:01.273 [info] [Info  - 10:36:01 AM] (26281) No include entries specified; assuming /home/kraoshin
2025-03-12 10:36:01.273 [info] [Info  - 10:36:01 AM] (26281) Auto-excluding **/node_modules
2025-03-12 10:36:01.273 [info] [Info  - 10:36:01 AM] (26281) Auto-excluding **/__pycache__
2025-03-12 10:36:01.273 [info] [Info  - 10:36:01 AM] (26281) Auto-excluding **/.*
2025-03-12 10:36:01.301 [info] [Info  - 10:36:01 AM] (26281) Assuming Python version 3.12.3.final.0
2025-03-12 10:36:01.361 [info] [Info  - 10:36:01 AM] (26281) Auto-excluding /home/kraoshin/holbertonschool-hbnb
2025-03-12 10:36:01.371 [info] [Info  - 10:36:01 AM] (26281) Auto-excluding /home/kraoshin/holbertonschool-higher_level_programming/python-object_relational_mapping/venv
2025-03-12 10:36:01.380 [info] [Info  - 10:36:01 AM] (26281) Auto-excluding /home/kraoshin/venv
2025-03-12 10:36:01.399 [info] [Info  - 10:36:01 AM] (26281) Found 144 source files
2025-03-12 10:36:01.418 [info] [Info  - 10:36:01 AM] (26281) virtual workspace: vscode-chat-code-block://23978650-1f36-4761-ac2c-1f0fc978c6ab/
2025-03-12 10:36:01.419 [info] [Info  - 10:36:01 AM] (26281) Starting service instance "<default>"
2025-03-12 10:36:01.448 [info] [Info  - 10:36:01 AM] (26281) Setting environmentName for service "<default>": "3.12.3 (global)"
2025-03-12 10:36:01.448 [info] [Info  - 10:36:01 AM] (26281) No include entries specified; assuming vscode-chat-code-block://23978650-1f36-4761-ac2c-1f0fc978c6ab/
2025-03-12 10:36:01.449 [info] [Info  - 10:36:01 AM] (26281) Auto-excluding **/node_modules
2025-03-12 10:36:01.449 [info] [Info  - 10:36:01 AM] (26281) Auto-excluding **/__pycache__
2025-03-12 10:36:01.449 [info] [Info  - 10:36:01 AM] (26281) Auto-excluding **/.*
2025-03-12 10:36:01.470 [info] [Info  - 10:36:01 AM] (26281) Assuming Python version 3.12.3.final.0
2025-03-12 10:36:01.519 [info] [Error - 10:36:01 AM] (26281) File or directory "vscode-chat-code-block://23978650-1f36-4761-ac2c-1f0fc978c6ab/" does not exist.
2025-03-12 10:36:01.519 [info] [Info  - 10:36:01 AM] (26281) No source files found.
2025-03-12 10:36:02.022 [info] [Info  - 10:36:02 AM] (26281) Background analysis(1) root directory: file:///home/kraoshin/.vscode-server/extensions/ms-python.vscode-pylance-2025.3.1/dist
2025-03-12 10:36:02.022 [info] [Info  - 10:36:02 AM] (26281) Background analysis(1) started
2025-03-12 10:36:02.022 [info] [Info  - 10:36:02 AM] (26281) Indexer background runner(2) root directory: file:///home/kraoshin/.vscode-server/extensions/ms-python.vscode-pylance-2025.3.1/dist (index)
2025-03-12 10:36:02.022 [info] [Info  - 10:36:02 AM] (26281) Indexing(2) started
2025-03-12 10:36:02.277 [info] [Info  - 10:36:02 AM] (26281) scanned(2) 98 files over 1 exec env
2025-03-12 10:36:02.435 [info] [Info  - 10:36:02 AM] (26281) indexed(2) 98 files over 1 exec env
2025-03-12 10:36:02.500 [info] [Info  - 10:36:02 AM] (26281) Indexing finished(2).
2025-03-12 10:36:35.306 [info] [Info  - 10:36:35 AM] Server process exited successfully
2025-03-12 10:36:36.263 [info] (Client) Pylance async client (2025.3.1) started with python extension (2025.2.0)
2025-03-12 10:36:36.570 [info] [Info  - 10:36:36 AM] (26759) Server root directory: file:///home/kraoshin/.vscode-server/extensions/ms-python.vscode-pylance-2025.3.1/dist
2025-03-12 10:36:36.570 [info] [Info  - 10:36:36 AM] (26759) Pylance language server 2025.3.1 (pyright version 1.1.396, commit 3e2236a7) starting
2025-03-12 10:36:36.577 [info] [Info  - 10:36:36 AM] (26759) Starting service instance "kraoshin"
2025-03-12 10:36:36.646 [info] [Info  - 10:36:36 AM] (26759) Setting environmentName for service "kraoshin": "3.12.3 (global)"
2025-03-12 10:36:36.646 [info] [Info  - 10:36:36 AM] (26759) Setting pythonPath for service "kraoshin": "/bin/python3"
2025-03-12 10:36:36.646 [info] [Info  - 10:36:36 AM] (26759) No include entries specified; assuming /home/kraoshin
2025-03-12 10:36:36.646 [info] [Info  - 10:36:36 AM] (26759) Auto-excluding **/node_modules
2025-03-12 10:36:36.646 [info] [Info  - 10:36:36 AM] (26759) Auto-excluding **/__pycache__
2025-03-12 10:36:36.647 [info] [Info  - 10:36:36 AM] (26759) Auto-excluding **/.*
2025-03-12 10:36:36.664 [info] [Info  - 10:36:36 AM] (26759) Assuming Python version 3.12.3.final.0
2025-03-12 10:36:36.720 [info] [Info  - 10:36:36 AM] (26759) Auto-excluding /home/kraoshin/holbertonschool-hbnb
2025-03-12 10:36:36.729 [info] [Info  - 10:36:36 AM] (26759) Auto-excluding /home/kraoshin/holbertonschool-higher_level_programming/python-object_relational_mapping/venv
2025-03-12 10:36:36.737 [info] [Info  - 10:36:36 AM] (26759) Auto-excluding /home/kraoshin/venv
2025-03-12 10:36:36.750 [info] [Info  - 10:36:36 AM] (26759) Found 144 source files
2025-03-12 10:36:36.768 [info] [Info  - 10:36:36 AM] (26759) virtual workspace: vscode-chat-code-block://23978650-1f36-4761-ac2c-1f0fc978c6ab/
2025-03-12 10:36:36.768 [info] [Info  - 10:36:36 AM] (26759) Starting service instance "<default>"
2025-03-12 10:36:36.819 [info] [Info  - 10:36:36 AM] (26759) Setting environmentName for service "<default>": "3.12.3 (global)"
2025-03-12 10:36:36.819 [info] [Info  - 10:36:36 AM] (26759) No include entries specified; assuming vscode-chat-code-block://23978650-1f36-4761-ac2c-1f0fc978c6ab/
2025-03-12 10:36:36.820 [info] [Info  - 10:36:36 AM] (26759) Auto-excluding **/node_modules
2025-03-12 10:36:36.820 [info] [Info  - 10:36:36 AM] (26759) Auto-excluding **/__pycache__
2025-03-12 10:36:36.820 [info] [Info  - 10:36:36 AM] (26759) Auto-excluding **/.*
2025-03-12 10:36:36.842 [info] [Info  - 10:36:36 AM] (26759) Assuming Python version 3.12.3.final.0
2025-03-12 10:36:36.890 [info] [Error - 10:36:36 AM] (26759) File or directory "vscode-chat-code-block://23978650-1f36-4761-ac2c-1f0fc978c6ab/" does not exist.
2025-03-12 10:36:36.890 [info] [Info  - 10:36:36 AM] (26759) No source files found.
2025-03-12 10:36:37.369 [info] [Info  - 10:36:37 AM] (26759) Background analysis(1) root directory: file:///home/kraoshin/.vscode-server/extensions/ms-python.vscode-pylance-2025.3.1/dist
2025-03-12 10:36:37.369 [info] [Info  - 10:36:37 AM] (26759) Background analysis(1) started
2025-03-12 10:36:37.370 [info] [Info  - 10:36:37 AM] (26759) Indexer background runner(2) root directory: file:///home/kraoshin/.vscode-server/extensions/ms-python.vscode-pylance-2025.3.1/dist (index)
2025-03-12 10:36:37.370 [info] [Info  - 10:36:37 AM] (26759) Indexing(2) started
2025-03-12 10:36:37.591 [info] [Info  - 10:36:37 AM] (26759) scanned(2) 98 files over 1 exec env
2025-03-12 10:36:37.783 [info] [Info  - 10:36:37 AM] (26759) indexed(2) 98 files over 1 exec env
2025-03-12 10:36:37.818 [info] [Info  - 10:36:37 AM] (26759) Indexing finished(2).
2025-03-12 10:46:31.209 [info] [Info  - 10:46:31 AM] (26759) Starting service instance "<default>"
2025-03-12 10:46:31.227 [info] [Info  - 10:46:31 AM] (26759) Setting environmentName for service "<default>": "3.12.3 (global)"
2025-03-12 10:46:31.227 [info] [Info  - 10:46:31 AM] (26759) Setting pythonPath for service "<default>": "/bin/python3"
2025-03-12 10:46:31.227 [info] [Info  - 10:46:31 AM] (26759) No include entries specified; assuming /<default workspace root>
2025-03-12 10:46:31.228 [info] [Info  - 10:46:31 AM] (26759) Auto-excluding **/node_modules
2025-03-12 10:46:31.229 [info] [Info  - 10:46:31 AM] (26759) Auto-excluding **/__pycache__
2025-03-12 10:46:31.229 [info] [Info  - 10:46:31 AM] (26759) Auto-excluding **/.*
2025-03-12 10:46:31.258 [info] [Info  - 10:46:31 AM] (26759) Assuming Python version 3.12.3.final.0
2025-03-12 10:46:31.318 [info] [Error - 10:46:31 AM] (26759) File or directory "/<default workspace root>" does not exist.
2025-03-12 10:46:31.319 [info] [Info  - 10:46:31 AM] (26759) No source files found.
2025-03-12 10:46:31.639 [info] [Info  - 10:46:31 AM] (26759) Background analysis(3) root directory: file:///home/kraoshin/.vscode-server/extensions/ms-python.vscode-pylance-2025.3.1/dist
2025-03-12 10:46:31.641 [info] [Info  - 10:46:31 AM] (26759) Background analysis(3) started
2025-03-12 14:34:15.234 [info] [Info  - 2:34:15 PM] (26759) Auto-excluding /home/kraoshin/holbertonschool-hbnb
2025-03-12 14:34:15.239 [info] [Info  - 2:34:15 PM] (26759) Auto-excluding /home/kraoshin/holbertonschool-higher_level_programming/python-object_relational_mapping/venv
2025-03-12 14:34:15.252 [info] [Info  - 2:34:15 PM] (26759) Auto-excluding /home/kraoshin/venv
2025-03-12 14:34:15.308 [info] [Info  - 2:34:15 PM] (26759) Found 147 source files
2025-03-12 14:56:51.814 [info] [Info  - 2:56:51 PM] (26759) Auto-excluding /home/kraoshin/holbertonschool-higher_level_programming/python-object_relational_mapping/venv
2025-03-12 14:56:51.826 [info] [Info  - 2:56:51 PM] (26759) Auto-excluding /home/kraoshin/venv
2025-03-12 14:56:51.868 [info] [Info  - 2:56:51 PM] (26759) Found 144 source files
2025-03-12 14:59:15.790 [info] [Info  - 2:59:15 PM] (26759) Auto-excluding /home/kraoshin/holbertonschool-higher_level_programming/python-object_relational_mapping/venv
2025-03-12 14:59:15.801 [info] [Info  - 2:59:15 PM] (26759) Auto-excluding /home/kraoshin/venv
2025-03-12 14:59:15.814 [info] [Info  - 2:59:15 PM] (26759) Found 186 source files
2025-03-12 14:59:43.085 [info] [Info  - 2:59:43 PM] (26759) Auto-excluding /home/kraoshin/holbertonschool-hbnb
2025-03-12 14:59:43.089 [info] [Info  - 2:59:43 PM] (26759) Auto-excluding /home/kraoshin/holbertonschool-higher_level_programming/python-object_relational_mapping/venv
2025-03-12 14:59:43.099 [info] [Info  - 2:59:43 PM] (26759) Auto-excluding /home/kraoshin/venv
2025-03-12 14:59:43.116 [info] [Info  - 2:59:43 PM] (26759) Found 144 source files
2025-03-12 15:01:09.885 [info] [Info  - 3:01:09 PM] (26759) Auto-excluding /home/kraoshin/holbertonschool-hbnb
2025-03-12 15:01:09.888 [info] [Info  - 3:01:09 PM] (26759) Auto-excluding /home/kraoshin/holbertonschool-higher_level_programming/python-object_relational_mapping/venv
2025-03-12 15:01:09.912 [info] [Info  - 3:01:09 PM] (26759) Auto-excluding /home/kraoshin/venv
2025-03-12 15:01:09.912 [info] [Info  - 3:01:09 PM] (26759) Found 145 source files
2025-03-12 15:35:56.359 [info] [Info  - 3:35:56 PM] (26759) Setting environmentName for service "kraoshin": "3.12.3 (global)"
2025-03-12 15:35:56.363 [info] [Info  - 3:35:56 PM] (26759) Setting pythonPath for service "kraoshin": "/bin/python3"
2025-03-12 15:35:56.363 [info] [Info  - 3:35:56 PM] (26759) No include entries specified; assuming /home/kraoshin
2025-03-12 15:35:56.363 [info] [Info  - 3:35:56 PM] (26759) Auto-excluding **/node_modules
2025-03-12 15:35:56.363 [info] [Info  - 3:35:56 PM] (26759) Auto-excluding **/__pycache__
2025-03-12 15:35:56.363 [info] [Info  - 3:35:56 PM] (26759) Auto-excluding **/.*
2025-03-12 15:35:56.412 [info] [Info  - 3:35:56 PM] (26759) Assuming Python version 3.12.3.final.0
2025-03-12 15:35:56.476 [info] [Info  - 3:35:56 PM] (26759) Auto-excluding /home/kraoshin/holbertonschool-hbnb
2025-03-12 15:35:56.483 [info] [Info  - 3:35:56 PM] (26759) Auto-excluding /home/kraoshin/holbertonschool-higher_level_programming/python-object_relational_mapping/venv
2025-03-12 15:35:56.493 [info] [Info  - 3:35:56 PM] (26759) Auto-excluding /home/kraoshin/venv
2025-03-12 15:35:56.510 [info] [Info  - 3:35:56 PM] (26759) Found 150 source files
2025-03-12 15:35:56.622 [info] [Info  - 3:35:56 PM] (26759) Setting environmentName for service "<default>": "3.12.3 (global)"
2025-03-12 15:35:56.622 [info] [Info  - 3:35:56 PM] (26759) No include entries specified; assuming vscode-chat-code-block://23978650-1f36-4761-ac2c-1f0fc978c6ab/
2025-03-12 15:35:56.622 [info] [Info  - 3:35:56 PM] (26759) Auto-excluding **/node_modules
2025-03-12 15:35:56.622 [info] [Info  - 3:35:56 PM] (26759) Auto-excluding **/__pycache__
2025-03-12 15:35:56.622 [info] [Info  - 3:35:56 PM] (26759) Auto-excluding **/.*
2025-03-12 15:35:56.649 [info] [Info  - 3:35:56 PM] (26759) Assuming Python version 3.12.3.final.0
2025-03-12 15:35:56.697 [info] [Error - 3:35:56 PM] (26759) File or directory "vscode-chat-code-block://23978650-1f36-4761-ac2c-1f0fc978c6ab/" does not exist.
2025-03-12 15:35:56.698 [info] [Info  - 3:35:56 PM] (26759) No source files found.
2025-03-12 15:35:57.199 [info] [Info  - 3:35:57 PM] (26759) Indexer background runner(4) root directory: file:///home/kraoshin/.vscode-server/extensions/ms-python.vscode-pylance-2025.3.1/dist (index)
2025-03-12 15:35:57.199 [info] [Info  - 3:35:57 PM] (26759) Indexing(4) started
2025-03-12 15:35:57.201 [info] [Info  - 3:35:57 PM] (26759) Setting environmentName for service "<default>": "3.12.3 (global)"
2025-03-12 15:35:57.202 [info] [Info  - 3:35:57 PM] (26759) Setting pythonPath for service "<default>": "/bin/python3"
2025-03-12 15:35:57.202 [info] [Info  - 3:35:57 PM] (26759) No include entries specified; assuming /<default workspace root>
2025-03-12 15:35:57.202 [info] [Info  - 3:35:57 PM] (26759) Auto-excluding **/node_modules
2025-03-12 15:35:57.202 [info] [Info  - 3:35:57 PM] (26759) Auto-excluding **/__pycache__
2025-03-12 15:35:57.202 [info] [Info  - 3:35:57 PM] (26759) Auto-excluding **/.*
2025-03-12 15:35:57.228 [info] [Info  - 3:35:57 PM] (26759) Assuming Python version 3.12.3.final.0
2025-03-12 15:35:57.295 [info] [Error - 3:35:57 PM] (26759) File or directory "/<default workspace root>" does not exist.
2025-03-12 15:35:57.295 [info] [Info  - 3:35:57 PM] (26759) No source files found.
2025-03-12 15:35:57.346 [info] [Info  - 3:35:57 PM] (26759) scanned(4) 98 files over 1 exec env
2025-03-12 15:35:57.584 [info] [Info  - 3:35:57 PM] (26759) indexed(4) 98 files over 1 exec env
2025-03-12 15:35:57.615 [info] [Info  - 3:35:57 PM] (26759) Indexing finished(4).
2025-03-12 15:42:00.596 [info] [Info  - 3:42:00 PM] (26759) Auto-excluding /home/kraoshin/holbertonschool-hbnb
2025-03-12 15:42:00.604 [info] [Info  - 3:42:00 PM] (26759) Auto-excluding /home/kraoshin/holbertonschool-higher_level_programming/python-object_relational_mapping/venv
2025-03-12 15:42:00.618 [info] [Info  - 3:42:00 PM] (26759) Auto-excluding /home/kraoshin/venv
2025-03-12 15:42:00.658 [info] [Info  - 3:42:00 PM] (26759) Found 152 source files
2025-03-12 15:54:08.072 [info] [Info  - 3:54:08 PM] (26759) Auto-excluding /home/kraoshin/holbertonschool-hbnb
2025-03-12 15:54:08.077 [info] [Info  - 3:54:08 PM] (26759) Auto-excluding /home/kraoshin/holbertonschool-higher_level_programming/python-object_relational_mapping/venv
2025-03-12 15:54:08.086 [info] [Info  - 3:54:08 PM] (26759) Auto-excluding /home/kraoshin/venv
2025-03-12 15:54:08.124 [info] [Info  - 3:54:08 PM] (26759) Found 152 source files
2025-03-12 15:54:17.480 [info] [Info  - 3:54:17 PM] (26759) Auto-excluding /home/kraoshin/holbertonschool-higher_level_programming/python-object_relational_mapping/venv
2025-03-12 15:54:17.488 [info] [Info  - 3:54:17 PM] (26759) Auto-excluding /home/kraoshin/venv
2025-03-12 15:54:17.504 [info] [Info  - 3:54:17 PM] (26759) Found 152 source files
2025-03-12 15:55:52.001 [info] [Info  - 3:55:52 PM] (26759) Auto-excluding /home/kraoshin/holbertonschool-higher_level_programming/python-object_relational_mapping/venv
2025-03-12 15:55:52.017 [info] [Info  - 3:55:52 PM] (26759) Auto-excluding /home/kraoshin/venv
2025-03-12 15:55:52.057 [info] [Info  - 3:55:52 PM] (26759) Found 144 source files
2025-03-12 15:55:53.739 [info] [Info  - 3:55:53 PM] (26759) Auto-excluding /home/kraoshin/holbertonschool-higher_level_programming/python-object_relational_mapping/venv
2025-03-12 15:55:53.746 [info] [Info  - 3:55:53 PM] (26759) Auto-excluding /home/kraoshin/venv
2025-03-12 15:55:53.763 [info] [Info  - 3:55:53 PM] (26759) Found 186 source files
2025-03-12 15:56:16.334 [info] [Info  - 3:56:16 PM] (26759) Setting environmentName for service "kraoshin": "3.12.3 (global)"
2025-03-12 15:56:16.334 [info] [Info  - 3:56:16 PM] (26759) Setting pythonPath for service "kraoshin": "/bin/python3"
2025-03-12 15:56:16.334 [info] [Info  - 3:56:16 PM] (26759) No include entries specified; assuming /home/kraoshin
2025-03-12 15:56:16.334 [info] [Info  - 3:56:16 PM] (26759) Auto-excluding **/node_modules
2025-03-12 15:56:16.334 [info] [Info  - 3:56:16 PM] (26759) Auto-excluding **/__pycache__
2025-03-12 15:56:16.334 [info] [Info  - 3:56:16 PM] (26759) Auto-excluding **/.*
2025-03-12 15:56:16.378 [info] [Info  - 3:56:16 PM] (26759) Assuming Python version 3.12.3.final.0
2025-03-12 15:56:16.444 [info] [Info  - 3:56:16 PM] (26759) Auto-excluding /home/kraoshin/holbertonschool-higher_level_programming/python-object_relational_mapping/venv
2025-03-12 15:56:16.455 [info] [Info  - 3:56:16 PM] (26759) Auto-excluding /home/kraoshin/venv
2025-03-12 15:56:16.469 [info] [Info  - 3:56:16 PM] (26759) Found 186 source files
2025-03-12 15:56:16.482 [info] [Info  - 3:56:16 PM] (26759) Setting environmentName for service "<default>": "3.12.3 (global)"
2025-03-12 15:56:16.482 [info] [Info  - 3:56:16 PM] (26759) No include entries specified; assuming vscode-chat-code-block://23978650-1f36-4761-ac2c-1f0fc978c6ab/
2025-03-12 15:56:16.482 [info] [Info  - 3:56:16 PM] (26759) Auto-excluding **/node_modules
2025-03-12 15:56:16.482 [info] [Info  - 3:56:16 PM] (26759) Auto-excluding **/__pycache__
2025-03-12 15:56:16.482 [info] [Info  - 3:56:16 PM] (26759) Auto-excluding **/.*
2025-03-12 15:56:16.519 [info] [Info  - 3:56:16 PM] (26759) Assuming Python version 3.12.3.final.0
2025-03-12 15:56:16.573 [info] [Error - 3:56:16 PM] (26759) File or directory "vscode-chat-code-block://23978650-1f36-4761-ac2c-1f0fc978c6ab/" does not exist.
2025-03-12 15:56:16.574 [info] [Info  - 3:56:16 PM] (26759) No source files found.
2025-03-12 15:56:16.579 [info] [Info  - 3:56:16 PM] (26759) Setting environmentName for service "<default>": "3.12.3 (global)"
2025-03-12 15:56:16.579 [info] [Info  - 3:56:16 PM] (26759) Setting pythonPath for service "<default>": "/bin/python3"
2025-03-12 15:56:16.579 [info] [Info  - 3:56:16 PM] (26759) No include entries specified; assuming /<default workspace root>
2025-03-12 15:56:16.579 [info] [Info  - 3:56:16 PM] (26759) Auto-excluding **/node_modules
2025-03-12 15:56:16.579 [info] [Info  - 3:56:16 PM] (26759) Auto-excluding **/__pycache__
2025-03-12 15:56:16.579 [info] [Info  - 3:56:16 PM] (26759) Auto-excluding **/.*
2025-03-12 15:56:16.602 [info] [Info  - 3:56:16 PM] (26759) Assuming Python version 3.12.3.final.0
2025-03-12 15:56:16.645 [info] [Error - 3:56:16 PM] (26759) File or directory "/<default workspace root>" does not exist.
2025-03-12 15:56:16.649 [info] [Info  - 3:56:16 PM] (26759) No source files found.
2025-03-12 15:56:17.045 [info] [Info  - 3:56:17 PM] (26759) Setting environmentName for service "kraoshin": "3.12.3 (global)"
2025-03-12 15:56:17.046 [info] [Info  - 3:56:17 PM] (26759) Setting pythonPath for service "kraoshin": "/bin/python3"
2025-03-12 15:56:17.046 [info] [Info  - 3:56:17 PM] (26759) No include entries specified; assuming /home/kraoshin
2025-03-12 15:56:17.046 [info] [Info  - 3:56:17 PM] (26759) Auto-excluding **/node_modules
2025-03-12 15:56:17.046 [info] [Info  - 3:56:17 PM] (26759) Auto-excluding **/__pycache__
2025-03-12 15:56:17.046 [info] [Info  - 3:56:17 PM] (26759) Auto-excluding **/.*
2025-03-12 15:56:17.069 [info] [Info  - 3:56:17 PM] (26759) Assuming Python version 3.12.3.final.0
2025-03-12 15:56:17.115 [info] [Info  - 3:56:17 PM] (26759) Auto-excluding /home/kraoshin/holbertonschool-higher_level_programming/python-object_relational_mapping/venv
2025-03-12 15:56:17.121 [info] [Info  - 3:56:17 PM] (26759) Auto-excluding /home/kraoshin/venv
2025-03-12 15:56:17.136 [info] [Info  - 3:56:17 PM] (26759) Found 186 source files
2025-03-12 15:56:17.142 [info] [Info  - 3:56:17 PM] (26759) Setting environmentName for service "<default>": "3.12.3 (global)"
2025-03-12 15:56:17.143 [info] [Info  - 3:56:17 PM] (26759) No include entries specified; assuming vscode-chat-code-block://23978650-1f36-4761-ac2c-1f0fc978c6ab/
2025-03-12 15:56:17.143 [info] [Info  - 3:56:17 PM] (26759) Auto-excluding **/node_modules
2025-03-12 15:56:17.143 [info] [Info  - 3:56:17 PM] (26759) Auto-excluding **/__pycache__
2025-03-12 15:56:17.143 [info] [Info  - 3:56:17 PM] (26759) Auto-excluding **/.*
2025-03-12 15:56:17.165 [info] [Info  - 3:56:17 PM] (26759) Assuming Python version 3.12.3.final.0
2025-03-12 15:56:17.202 [info] [Error - 3:56:17 PM] (26759) File or directory "vscode-chat-code-block://23978650-1f36-4761-ac2c-1f0fc978c6ab/" does not exist.
2025-03-12 15:56:17.203 [info] [Info  - 3:56:17 PM] (26759) No source files found.
2025-03-12 15:56:17.208 [info] [Info  - 3:56:17 PM] (26759) Setting environmentName for service "<default>": "3.12.3 (global)"
2025-03-12 15:56:17.209 [info] [Info  - 3:56:17 PM] (26759) Setting pythonPath for service "<default>": "/bin/python3"
2025-03-12 15:56:17.209 [info] [Info  - 3:56:17 PM] (26759) No include entries specified; assuming /<default workspace root>
2025-03-12 15:56:17.209 [info] [Info  - 3:56:17 PM] (26759) Auto-excluding **/node_modules
2025-03-12 15:56:17.209 [info] [Info  - 3:56:17 PM] (26759) Auto-excluding **/__pycache__
2025-03-12 15:56:17.209 [info] [Info  - 3:56:17 PM] (26759) Auto-excluding **/.*
2025-03-12 15:56:17.229 [info] [Info  - 3:56:17 PM] (26759) Assuming Python version 3.12.3.final.0
2025-03-12 15:56:17.269 [info] [Error - 3:56:17 PM] (26759) File or directory "/<default workspace root>" does not exist.
2025-03-12 15:56:17.269 [info] [Info  - 3:56:17 PM] (26759) No source files found.
2025-03-12 15:56:29.897 [info] [Info  - 3:56:29 PM] (26759) Setting environmentName for service "kraoshin": "3.12.3 (global)"
2025-03-12 15:56:29.897 [info] [Info  - 3:56:29 PM] (26759) Setting pythonPath for service "kraoshin": "/bin/python3"
2025-03-12 15:56:29.897 [info] [Info  - 3:56:29 PM] (26759) No include entries specified; assuming /home/kraoshin
2025-03-12 15:56:29.898 [info] [Info  - 3:56:29 PM] (26759) Auto-excluding **/node_modules
2025-03-12 15:56:29.898 [info] [Info  - 3:56:29 PM] (26759) Auto-excluding **/__pycache__
2025-03-12 15:56:29.899 [info] [Info  - 3:56:29 PM] (26759) Auto-excluding **/.*
2025-03-12 15:56:29.916 [info] [Info  - 3:56:29 PM] (26759) Assuming Python version 3.12.3.final.0
2025-03-12 15:56:29.962 [info] [Info  - 3:56:29 PM] (26759) Auto-excluding /home/kraoshin/holbertonschool-higher_level_programming/python-object_relational_mapping/venv
2025-03-12 15:56:29.967 [info] [Info  - 3:56:29 PM] (26759) Auto-excluding /home/kraoshin/venv
2025-03-12 15:56:29.976 [info] [Info  - 3:56:29 PM] (26759) Found 186 source files
2025-03-12 15:56:29.980 [info] [Info  - 3:56:29 PM] (26759) Setting environmentName for service "<default>": "3.12.3 (global)"
2025-03-12 15:56:29.980 [info] [Info  - 3:56:29 PM] (26759) No include entries specified; assuming vscode-chat-code-block://23978650-1f36-4761-ac2c-1f0fc978c6ab/
2025-03-12 15:56:29.980 [info] [Info  - 3:56:29 PM] (26759) Auto-excluding **/node_modules
2025-03-12 15:56:29.980 [info] [Info  - 3:56:29 PM] (26759) Auto-excluding **/__pycache__
2025-03-12 15:56:29.980 [info] [Info  - 3:56:29 PM] (26759) Auto-excluding **/.*
2025-03-12 15:56:30.000 [info] [Info  - 3:56:30 PM] (26759) Assuming Python version 3.12.3.final.0
2025-03-12 15:56:30.032 [info] [Error - 3:56:30 PM] (26759) File or directory "vscode-chat-code-block://23978650-1f36-4761-ac2c-1f0fc978c6ab/" does not exist.
2025-03-12 15:56:30.032 [info] [Info  - 3:56:30 PM] (26759) No source files found.
2025-03-12 15:56:30.038 [info] [Info  - 3:56:30 PM] (26759) Setting environmentName for service "<default>": "3.12.3 (global)"
2025-03-12 15:56:30.038 [info] [Info  - 3:56:30 PM] (26759) Setting pythonPath for service "<default>": "/bin/python3"
2025-03-12 15:56:30.038 [info] [Info  - 3:56:30 PM] (26759) No include entries specified; assuming /<default workspace root>
2025-03-12 15:56:30.038 [info] [Info  - 3:56:30 PM] (26759) Auto-excluding **/node_modules
2025-03-12 15:56:30.038 [info] [Info  - 3:56:30 PM] (26759) Auto-excluding **/__pycache__
2025-03-12 15:56:30.038 [info] [Info  - 3:56:30 PM] (26759) Auto-excluding **/.*
2025-03-12 15:56:30.057 [info] [Info  - 3:56:30 PM] (26759) Assuming Python version 3.12.3.final.0
2025-03-12 15:56:30.092 [info] [Error - 3:56:30 PM] (26759) File or directory "/<default workspace root>" does not exist.
2025-03-12 15:56:30.092 [info] [Info  - 3:56:30 PM] (26759) No source files found.
2025-03-12 15:56:30.650 [info] [Info  - 3:56:30 PM] (26759) Setting environmentName for service "kraoshin": "3.12.3 (global)"
2025-03-12 15:56:30.651 [info] [Info  - 3:56:30 PM] (26759) Setting pythonPath for service "kraoshin": "/bin/python3"
2025-03-12 15:56:30.651 [info] [Info  - 3:56:30 PM] (26759) No include entries specified; assuming /home/kraoshin
2025-03-12 15:56:30.651 [info] [Info  - 3:56:30 PM] (26759) Auto-excluding **/node_modules
2025-03-12 15:56:30.651 [info] [Info  - 3:56:30 PM] (26759) Auto-excluding **/__pycache__
2025-03-12 15:56:30.651 [info] [Info  - 3:56:30 PM] (26759) Auto-excluding **/.*
2025-03-12 15:56:30.669 [info] [Info  - 3:56:30 PM] (26759) Assuming Python version 3.12.3.final.0
2025-03-12 15:56:30.710 [info] [Info  - 3:56:30 PM] (26759) Auto-excluding /home/kraoshin/holbertonschool-higher_level_programming/python-object_relational_mapping/venv
2025-03-12 15:56:30.719 [info] [Info  - 3:56:30 PM] (26759) Auto-excluding /home/kraoshin/venv
2025-03-12 15:56:30.726 [info] [Info  - 3:56:30 PM] (26759) Found 186 source files
2025-03-12 15:56:30.730 [info] [Info  - 3:56:30 PM] (26759) Setting environmentName for service "<default>": "3.12.3 (global)"
2025-03-12 15:56:30.730 [info] [Info  - 3:56:30 PM] (26759) No include entries specified; assuming vscode-chat-code-block://23978650-1f36-4761-ac2c-1f0fc978c6ab/
2025-03-12 15:56:30.730 [info] [Info  - 3:56:30 PM] (26759) Auto-excluding **/node_modules
2025-03-12 15:56:30.730 [info] [Info  - 3:56:30 PM] (26759) Auto-excluding **/__pycache__
2025-03-12 15:56:30.730 [info] [Info  - 3:56:30 PM] (26759) Auto-excluding **/.*
2025-03-12 15:56:30.753 [info] [Info  - 3:56:30 PM] (26759) Assuming Python version 3.12.3.final.0
2025-03-12 15:56:30.792 [info] [Error - 3:56:30 PM] (26759) File or directory "vscode-chat-code-block://23978650-1f36-4761-ac2c-1f0fc978c6ab/" does not exist.
2025-03-12 15:56:30.792 [info] [Info  - 3:56:30 PM] (26759) No source files found.
2025-03-12 15:56:31.020 [info] [Info  - 3:56:31 PM] (26759) Setting environmentName for service "<default>": "3.12.3 (global)"
2025-03-12 15:56:31.020 [info] [Info  - 3:56:31 PM] (26759) Setting pythonPath for service "<default>": "/bin/python3"
2025-03-12 15:56:31.020 [info] [Info  - 3:56:31 PM] (26759) No include entries specified; assuming /<default workspace root>
2025-03-12 15:56:31.020 [info] [Info  - 3:56:31 PM] (26759) Auto-excluding **/node_modules
2025-03-12 15:56:31.020 [info] [Info  - 3:56:31 PM] (26759) Auto-excluding **/__pycache__
2025-03-12 15:56:31.020 [info] [Info  - 3:56:31 PM] (26759) Auto-excluding **/.*
2025-03-12 15:56:31.038 [info] [Info  - 3:56:31 PM] (26759) Assuming Python version 3.12.3.final.0
2025-03-12 15:56:31.073 [info] [Error - 3:56:31 PM] (26759) File or directory "/<default workspace root>" does not exist.
2025-03-12 15:56:31.074 [info] [Info  - 3:56:31 PM] (26759) No source files found.
2025-03-12 15:56:47.737 [info] [Info  - 3:56:47 PM] (26759) Setting environmentName for service "kraoshin": "3.12.3 (global)"
2025-03-12 15:56:47.737 [info] [Info  - 3:56:47 PM] (26759) Setting pythonPath for service "kraoshin": "/bin/python3"
2025-03-12 15:56:47.737 [info] [Info  - 3:56:47 PM] (26759) No include entries specified; assuming /home/kraoshin
2025-03-12 15:56:47.737 [info] [Info  - 3:56:47 PM] (26759) Auto-excluding **/node_modules
2025-03-12 15:56:47.737 [info] [Info  - 3:56:47 PM] (26759) Auto-excluding **/__pycache__
2025-03-12 15:56:47.737 [info] [Info  - 3:56:47 PM] (26759) Auto-excluding **/.*
2025-03-12 15:56:47.757 [info] [Info  - 3:56:47 PM] (26759) Assuming Python version 3.12.3.final.0
2025-03-12 15:56:47.807 [info] [Info  - 3:56:47 PM] (26759) Auto-excluding /home/kraoshin/holbertonschool-higher_level_programming/python-object_relational_mapping/venv
2025-03-12 15:56:47.808 [info] [Info  - 3:56:47 PM] (26759) Auto-excluding /home/kraoshin/venv
2025-03-12 15:56:47.815 [info] [Info  - 3:56:47 PM] (26759) Found 186 source files
2025-03-12 15:56:47.826 [info] [Info  - 3:56:47 PM] (26759) Setting environmentName for service "<default>": "3.12.3 (global)"
2025-03-12 15:56:47.826 [info] [Info  - 3:56:47 PM] (26759) No include entries specified; assuming vscode-chat-code-block://23978650-1f36-4761-ac2c-1f0fc978c6ab/
2025-03-12 15:56:47.827 [info] [Info  - 3:56:47 PM] (26759) Auto-excluding **/node_modules
2025-03-12 15:56:47.827 [info] [Info  - 3:56:47 PM] (26759) Auto-excluding **/__pycache__
2025-03-12 15:56:47.827 [info] [Info  - 3:56:47 PM] (26759) Auto-excluding **/.*
2025-03-12 15:56:47.848 [info] [Info  - 3:56:47 PM] (26759) Assuming Python version 3.12.3.final.0
2025-03-12 15:56:47.880 [info] [Error - 3:56:47 PM] (26759) File or directory "vscode-chat-code-block://23978650-1f36-4761-ac2c-1f0fc978c6ab/" does not exist.
2025-03-12 15:56:47.880 [info] [Info  - 3:56:47 PM] (26759) No source files found.
2025-03-12 15:56:48.098 [info] [Info  - 3:56:48 PM] (26759) Setting environmentName for service "<default>": "3.12.3 (global)"
2025-03-12 15:56:48.098 [info] [Info  - 3:56:48 PM] (26759) Setting pythonPath for service "<default>": "/bin/python3"
2025-03-12 15:56:48.098 [info] [Info  - 3:56:48 PM] (26759) No include entries specified; assuming /<default workspace root>
2025-03-12 15:56:48.098 [info] [Info  - 3:56:48 PM] (26759) Auto-excluding **/node_modules
2025-03-12 15:56:48.098 [info] [Info  - 3:56:48 PM] (26759) Auto-excluding **/__pycache__
2025-03-12 15:56:48.098 [info] [Info  - 3:56:48 PM] (26759) Auto-excluding **/.*
2025-03-12 15:56:48.136 [info] [Info  - 3:56:48 PM] (26759) Assuming Python version 3.12.3.final.0
2025-03-12 15:56:48.177 [info] [Error - 3:56:48 PM] (26759) File or directory "/<default workspace root>" does not exist.
2025-03-12 15:56:48.177 [info] [Info  - 3:56:48 PM] (26759) No source files found.
2025-03-12 15:56:48.186 [info] [Info  - 3:56:48 PM] (26759) Setting environmentName for service "kraoshin": "3.12.3 (global)"
2025-03-12 15:56:48.186 [info] [Info  - 3:56:48 PM] (26759) Setting pythonPath for service "kraoshin": "/bin/python3"
2025-03-12 15:56:48.186 [info] [Info  - 3:56:48 PM] (26759) No include entries specified; assuming /home/kraoshin
2025-03-12 15:56:48.186 [info] [Info  - 3:56:48 PM] (26759) Auto-excluding **/node_modules
2025-03-12 15:56:48.186 [info] [Info  - 3:56:48 PM] (26759) Auto-excluding **/__pycache__
2025-03-12 15:56:48.186 [info] [Info  - 3:56:48 PM] (26759) Auto-excluding **/.*
2025-03-12 15:56:48.205 [info] [Info  - 3:56:48 PM] (26759) Assuming Python version 3.12.3.final.0
2025-03-12 15:56:48.245 [info] [Info  - 3:56:48 PM] (26759) Auto-excluding /home/kraoshin/holbertonschool-higher_level_programming/python-object_relational_mapping/venv
2025-03-12 15:56:48.250 [info] [Info  - 3:56:48 PM] (26759) Auto-excluding /home/kraoshin/venv
2025-03-12 15:56:48.260 [info] [Info  - 3:56:48 PM] (26759) Found 186 source files
2025-03-12 15:56:48.265 [info] [Info  - 3:56:48 PM] (26759) Setting environmentName for service "<default>": "3.12.3 (global)"
2025-03-12 15:56:48.265 [info] [Info  - 3:56:48 PM] (26759) No include entries specified; assuming vscode-chat-code-block://23978650-1f36-4761-ac2c-1f0fc978c6ab/
2025-03-12 15:56:48.265 [info] [Info  - 3:56:48 PM] (26759) Auto-excluding **/node_modules
2025-03-12 15:56:48.265 [info] [Info  - 3:56:48 PM] (26759) Auto-excluding **/__pycache__
2025-03-12 15:56:48.265 [info] [Info  - 3:56:48 PM] (26759) Auto-excluding **/.*
2025-03-12 15:56:48.284 [info] [Info  - 3:56:48 PM] (26759) Assuming Python version 3.12.3.final.0
2025-03-12 15:56:48.314 [info] [Error - 3:56:48 PM] (26759) File or directory "vscode-chat-code-block://23978650-1f36-4761-ac2c-1f0fc978c6ab/" does not exist.
2025-03-12 15:56:48.315 [info] [Info  - 3:56:48 PM] (26759) No source files found.
2025-03-12 15:56:48.560 [info] [Info  - 3:56:48 PM] (26759) Setting environmentName for service "<default>": "3.12.3 (global)"
2025-03-12 15:56:48.560 [info] [Info  - 3:56:48 PM] (26759) Setting pythonPath for service "<default>": "/bin/python3"
2025-03-12 15:56:48.560 [info] [Info  - 3:56:48 PM] (26759) No include entries specified; assuming /<default workspace root>
2025-03-12 15:56:48.560 [info] [Info  - 3:56:48 PM] (26759) Auto-excluding **/node_modules
2025-03-12 15:56:48.560 [info] [Info  - 3:56:48 PM] (26759) Auto-excluding **/__pycache__
2025-03-12 15:56:48.560 [info] [Info  - 3:56:48 PM] (26759) Auto-excluding **/.*
2025-03-12 15:56:48.581 [info] [Info  - 3:56:48 PM] (26759) Assuming Python version 3.12.3.final.0
2025-03-12 15:56:48.617 [info] [Error - 3:56:48 PM] (26759) File or directory "/<default workspace root>" does not exist.
2025-03-12 15:56:48.617 [info] [Info  - 3:56:48 PM] (26759) No source files found.
2025-03-12 15:56:48.646 [info] [Info  - 3:56:48 PM] (26759) Setting environmentName for service "kraoshin": "3.12.3 (global)"
2025-03-12 15:56:48.646 [info] [Info  - 3:56:48 PM] (26759) Setting pythonPath for service "kraoshin": "/bin/python3"
2025-03-12 15:56:48.646 [info] [Info  - 3:56:48 PM] (26759) No include entries specified; assuming /home/kraoshin
2025-03-12 15:56:48.646 [info] [Info  - 3:56:48 PM] (26759) Auto-excluding **/node_modules
2025-03-12 15:56:48.646 [info] [Info  - 3:56:48 PM] (26759) Auto-excluding **/__pycache__
2025-03-12 15:56:48.646 [info] [Info  - 3:56:48 PM] (26759) Auto-excluding **/.*
2025-03-12 15:56:48.666 [info] [Info  - 3:56:48 PM] (26759) Assuming Python version 3.12.3.final.0
2025-03-12 15:56:48.708 [info] [Info  - 3:56:48 PM] (26759) Auto-excluding /home/kraoshin/holbertonschool-higher_level_programming/python-object_relational_mapping/venv
2025-03-12 15:56:48.713 [info] [Info  - 3:56:48 PM] (26759) Auto-excluding /home/kraoshin/venv
2025-03-12 15:56:48.720 [info] [Info  - 3:56:48 PM] (26759) Found 186 source files
2025-03-12 15:56:48.729 [info] [Info  - 3:56:48 PM] (26759) Setting environmentName for service "<default>": "3.12.3 (global)"
2025-03-12 15:56:48.729 [info] [Info  - 3:56:48 PM] (26759) No include entries specified; assuming vscode-chat-code-block://23978650-1f36-4761-ac2c-1f0fc978c6ab/
2025-03-12 15:56:48.729 [info] [Info  - 3:56:48 PM] (26759) Auto-excluding **/node_modules
2025-03-12 15:56:48.729 [info] [Info  - 3:56:48 PM] (26759) Auto-excluding **/__pycache__
2025-03-12 15:56:48.729 [info] [Info  - 3:56:48 PM] (26759) Auto-excluding **/.*
2025-03-12 15:56:48.750 [info] [Info  - 3:56:48 PM] (26759) Assuming Python version 3.12.3.final.0
2025-03-12 15:56:48.784 [info] [Error - 3:56:48 PM] (26759) File or directory "vscode-chat-code-block://23978650-1f36-4761-ac2c-1f0fc978c6ab/" does not exist.
2025-03-12 15:56:48.785 [info] [Info  - 3:56:48 PM] (26759) No source files found.
2025-03-12 15:56:49.011 [info] [Info  - 3:56:49 PM] (26759) Setting environmentName for service "<default>": "3.12.3 (global)"
2025-03-12 15:56:49.011 [info] [Info  - 3:56:49 PM] (26759) Setting pythonPath for service "<default>": "/bin/python3"
2025-03-12 15:56:49.011 [info] [Info  - 3:56:49 PM] (26759) No include entries specified; assuming /<default workspace root>
2025-03-12 15:56:49.011 [info] [Info  - 3:56:49 PM] (26759) Auto-excluding **/node_modules
2025-03-12 15:56:49.011 [info] [Info  - 3:56:49 PM] (26759) Auto-excluding **/__pycache__
2025-03-12 15:56:49.011 [info] [Info  - 3:56:49 PM] (26759) Auto-excluding **/.*
2025-03-12 15:56:49.029 [info] [Info  - 3:56:49 PM] (26759) Assuming Python version 3.12.3.final.0
2025-03-12 15:56:49.067 [info] [Error - 3:56:49 PM] (26759) File or directory "/<default workspace root>" does not exist.
2025-03-12 15:56:49.067 [info] [Info  - 3:56:49 PM] (26759) No source files found.
2025-03-12 15:56:49.095 [info] [Info  - 3:56:49 PM] (26759) Setting environmentName for service "kraoshin": "3.12.3 (global)"
2025-03-12 15:56:49.095 [info] [Info  - 3:56:49 PM] (26759) Setting pythonPath for service "kraoshin": "/bin/python3"
2025-03-12 15:56:49.095 [info] [Info  - 3:56:49 PM] (26759) No include entries specified; assuming /home/kraoshin
2025-03-12 15:56:49.095 [info] [Info  - 3:56:49 PM] (26759) Auto-excluding **/node_modules
2025-03-12 15:56:49.095 [info] [Info  - 3:56:49 PM] (26759) Auto-excluding **/__pycache__
2025-03-12 15:56:49.095 [info] [Info  - 3:56:49 PM] (26759) Auto-excluding **/.*
2025-03-12 15:56:49.113 [info] [Info  - 3:56:49 PM] (26759) Assuming Python version 3.12.3.final.0
2025-03-12 15:56:49.158 [info] [Info  - 3:56:49 PM] (26759) Auto-excluding /home/kraoshin/holbertonschool-higher_level_programming/python-object_relational_mapping/venv
2025-03-12 15:56:49.164 [info] [Info  - 3:56:49 PM] (26759) Auto-excluding /home/kraoshin/venv
2025-03-12 15:56:49.186 [info] [Info  - 3:56:49 PM] (26759) Found 186 source files
2025-03-12 15:56:49.194 [info] [Info  - 3:56:49 PM] (26759) Setting environmentName for service "<default>": "3.12.3 (global)"
2025-03-12 15:56:49.194 [info] [Info  - 3:56:49 PM] (26759) No include entries specified; assuming vscode-chat-code-block://23978650-1f36-4761-ac2c-1f0fc978c6ab/
2025-03-12 15:56:49.194 [info] [Info  - 3:56:49 PM] (26759) Auto-excluding **/node_modules
2025-03-12 15:56:49.194 [info] [Info  - 3:56:49 PM] (26759) Auto-excluding **/__pycache__
2025-03-12 15:56:49.194 [info] [Info  - 3:56:49 PM] (26759) Auto-excluding **/.*
2025-03-12 15:56:49.217 [info] [Info  - 3:56:49 PM] (26759) Assuming Python version 3.12.3.final.0
2025-03-12 15:56:49.250 [info] [Error - 3:56:49 PM] (26759) File or directory "vscode-chat-code-block://23978650-1f36-4761-ac2c-1f0fc978c6ab/" does not exist.
2025-03-12 15:56:49.251 [info] [Info  - 3:56:49 PM] (26759) No source files found.
2025-03-12 15:56:49.256 [info] [Info  - 3:56:49 PM] (26759) Setting environmentName for service "<default>": "3.12.3 (global)"
2025-03-12 15:56:49.256 [info] [Info  - 3:56:49 PM] (26759) Setting pythonPath for service "<default>": "/bin/python3"
2025-03-12 15:56:49.256 [info] [Info  - 3:56:49 PM] (26759) No include entries specified; assuming /<default workspace root>
2025-03-12 15:56:49.256 [info] [Info  - 3:56:49 PM] (26759) Auto-excluding **/node_modules
2025-03-12 15:56:49.256 [info] [Info  - 3:56:49 PM] (26759) Auto-excluding **/__pycache__
2025-03-12 15:56:49.256 [info] [Info  - 3:56:49 PM] (26759) Auto-excluding **/.*
2025-03-12 15:56:49.277 [info] [Info  - 3:56:49 PM] (26759) Assuming Python version 3.12.3.final.0
2025-03-12 15:56:49.319 [info] [Error - 3:56:49 PM] (26759) File or directory "/<default workspace root>" does not exist.
2025-03-12 15:56:49.319 [info] [Info  - 3:56:49 PM] (26759) No source files found.
2025-03-12 15:56:52.338 [info] [Info  - 3:56:52 PM] (26759) Setting environmentName for service "kraoshin": "3.12.3 (global)"
2025-03-12 15:56:52.341 [info] [Info  - 3:56:52 PM] (26759) Setting pythonPath for service "kraoshin": "/bin/python3"
2025-03-12 15:56:52.341 [info] [Info  - 3:56:52 PM] (26759) No include entries specified; assuming /home/kraoshin
2025-03-12 15:56:52.341 [info] [Info  - 3:56:52 PM] (26759) Auto-excluding **/node_modules
2025-03-12 15:56:52.341 [info] [Info  - 3:56:52 PM] (26759) Auto-excluding **/__pycache__
2025-03-12 15:56:52.341 [info] [Info  - 3:56:52 PM] (26759) Auto-excluding **/.*
2025-03-12 15:56:52.360 [info] [Info  - 3:56:52 PM] (26759) Assuming Python version 3.12.3.final.0
2025-03-12 15:56:52.414 [info] [Info  - 3:56:52 PM] (26759) Auto-excluding /home/kraoshin/holbertonschool-higher_level_programming/python-object_relational_mapping/venv
2025-03-12 15:56:52.421 [info] [Info  - 3:56:52 PM] (26759) Auto-excluding /home/kraoshin/venv
2025-03-12 15:56:52.429 [info] [Info  - 3:56:52 PM] (26759) Found 186 source files
2025-03-12 15:56:52.434 [info] [Info  - 3:56:52 PM] (26759) Setting environmentName for service "<default>": "3.12.3 (global)"
2025-03-12 15:56:52.434 [info] [Info  - 3:56:52 PM] (26759) No include entries specified; assuming vscode-chat-code-block://23978650-1f36-4761-ac2c-1f0fc978c6ab/
2025-03-12 15:56:52.434 [info] [Info  - 3:56:52 PM] (26759) Auto-excluding **/node_modules
2025-03-12 15:56:52.434 [info] [Info  - 3:56:52 PM] (26759) Auto-excluding **/__pycache__
2025-03-12 15:56:52.434 [info] [Info  - 3:56:52 PM] (26759) Auto-excluding **/.*
2025-03-12 15:56:52.455 [info] [Info  - 3:56:52 PM] (26759) Assuming Python version 3.12.3.final.0
2025-03-12 15:56:52.494 [info] [Error - 3:56:52 PM] (26759) File or directory "vscode-chat-code-block://23978650-1f36-4761-ac2c-1f0fc978c6ab/" does not exist.
2025-03-12 15:56:52.495 [info] [Info  - 3:56:52 PM] (26759) No source files found.
2025-03-12 15:56:52.692 [info] [Info  - 3:56:52 PM] (26759) Setting environmentName for service "<default>": "3.12.3 (global)"
2025-03-12 15:56:52.692 [info] [Info  - 3:56:52 PM] (26759) Setting pythonPath for service "<default>": "/bin/python3"
2025-03-12 15:56:52.692 [info] [Info  - 3:56:52 PM] (26759) No include entries specified; assuming /<default workspace root>
2025-03-12 15:56:52.692 [info] [Info  - 3:56:52 PM] (26759) Auto-excluding **/node_modules
2025-03-12 15:56:52.692 [info] [Info  - 3:56:52 PM] (26759) Auto-excluding **/__pycache__
2025-03-12 15:56:52.692 [info] [Info  - 3:56:52 PM] (26759) Auto-excluding **/.*
2025-03-12 15:56:52.711 [info] [Info  - 3:56:52 PM] (26759) Assuming Python version 3.12.3.final.0
2025-03-12 15:56:52.745 [info] [Error - 3:56:52 PM] (26759) File or directory "/<default workspace root>" does not exist.
2025-03-12 15:56:52.746 [info] [Info  - 3:56:52 PM] (26759) No source files found.
2025-03-12 15:56:55.358 [info] [Info  - 3:56:55 PM] (26759) Setting environmentName for service "kraoshin": "3.12.3 (global)"
2025-03-12 15:56:55.358 [info] [Info  - 3:56:55 PM] (26759) Setting pythonPath for service "kraoshin": "/bin/python3"
2025-03-12 15:56:55.358 [info] [Info  - 3:56:55 PM] (26759) No include entries specified; assuming /home/kraoshin
2025-03-12 15:56:55.358 [info] [Info  - 3:56:55 PM] (26759) Auto-excluding **/node_modules
2025-03-12 15:56:55.358 [info] [Info  - 3:56:55 PM] (26759) Auto-excluding **/__pycache__
2025-03-12 15:56:55.358 [info] [Info  - 3:56:55 PM] (26759) Auto-excluding **/.*
2025-03-12 15:56:55.380 [info] [Info  - 3:56:55 PM] (26759) Assuming Python version 3.12.3.final.0
2025-03-12 15:56:55.426 [info] [Info  - 3:56:55 PM] (26759) Auto-excluding /home/kraoshin/holbertonschool-higher_level_programming/python-object_relational_mapping/venv
2025-03-12 15:56:55.431 [info] [Info  - 3:56:55 PM] (26759) Auto-excluding /home/kraoshin/venv
2025-03-12 15:56:55.437 [info] [Info  - 3:56:55 PM] (26759) Found 186 source files
2025-03-12 15:56:55.457 [info] [Info  - 3:56:55 PM] (26759) Setting environmentName for service "<default>": "3.12.3 (global)"
2025-03-12 15:56:55.457 [info] [Info  - 3:56:55 PM] (26759) No include entries specified; assuming vscode-chat-code-block://23978650-1f36-4761-ac2c-1f0fc978c6ab/
2025-03-12 15:56:55.457 [info] [Info  - 3:56:55 PM] (26759) Auto-excluding **/node_modules
2025-03-12 15:56:55.457 [info] [Info  - 3:56:55 PM] (26759) Auto-excluding **/__pycache__
2025-03-12 15:56:55.457 [info] [Info  - 3:56:55 PM] (26759) Auto-excluding **/.*
2025-03-12 15:56:55.479 [info] [Info  - 3:56:55 PM] (26759) Assuming Python version 3.12.3.final.0
2025-03-12 15:56:55.512 [info] [Error - 3:56:55 PM] (26759) File or directory "vscode-chat-code-block://23978650-1f36-4761-ac2c-1f0fc978c6ab/" does not exist.
2025-03-12 15:56:55.512 [info] [Info  - 3:56:55 PM] (26759) No source files found.
2025-03-12 15:56:55.518 [info] [Info  - 3:56:55 PM] (26759) Setting environmentName for service "<default>": "3.12.3 (global)"
2025-03-12 15:56:55.518 [info] [Info  - 3:56:55 PM] (26759) Setting pythonPath for service "<default>": "/bin/python3"
2025-03-12 15:56:55.518 [info] [Info  - 3:56:55 PM] (26759) No include entries specified; assuming /<default workspace root>
2025-03-12 15:56:55.518 [info] [Info  - 3:56:55 PM] (26759) Auto-excluding **/node_modules
2025-03-12 15:56:55.518 [info] [Info  - 3:56:55 PM] (26759) Auto-excluding **/__pycache__
2025-03-12 15:56:55.518 [info] [Info  - 3:56:55 PM] (26759) Auto-excluding **/.*
2025-03-12 15:56:55.540 [info] [Info  - 3:56:55 PM] (26759) Assuming Python version 3.12.3.final.0
2025-03-12 15:56:55.576 [info] [Error - 3:56:55 PM] (26759) File or directory "/<default workspace root>" does not exist.
2025-03-12 15:56:55.576 [info] [Info  - 3:56:55 PM] (26759) No source files found.
