2025-03-11 14:29:57.900 [info] [Info  - 2:29:57 PM] (51726) Server root directory: file:///home/kraoshin/.vscode-server/extensions/ms-python.vscode-pylance-2025.3.1/dist
2025-03-11 14:29:57.926 [info] [Info  - 2:29:57 PM] (51726) Pylance language server 2025.3.1 (pyright version 1.1.396, commit 3e2236a7) starting
2025-03-11 14:29:57.957 [info] (Client) Pylance async client (2025.3.1) started with python extension (2025.2.0)
2025-03-11 14:29:57.961 [info] [Info  - 2:29:57 PM] (51726) Starting service instance "kraoshin"
2025-03-11 14:29:58.432 [info] [Info  - 2:29:58 PM] (51726) Setting environmentName for service "kraoshin": "3.12.3 (global)"
2025-03-11 14:29:58.454 [info] [Info  - 2:29:58 PM] (51726) Setting pythonPath for service "kraoshin": "/bin/python3"
2025-03-11 14:29:58.469 [info] [Info  - 2:29:58 PM] (51726) No include entries specified; assuming /home/kraoshin
2025-03-11 14:29:58.474 [info] [Info  - 2:29:58 PM] (51726) Auto-excluding **/node_modules
2025-03-11 14:29:58.495 [info] [Info  - 2:29:58 PM] (51726) Auto-excluding **/__pycache__
2025-03-11 14:29:58.496 [info] [Info  - 2:29:58 PM] (51726) Auto-excluding **/.*
2025-03-11 14:29:58.509 [info] [Info  - 2:29:58 PM] (51726) Assuming Python version 3.12.3.final.0
2025-03-11 14:29:58.510 [info] [Info  - 2:29:58 PM] (51726) Auto-excluding /home/kraoshin/holbertonschool-hbnb
2025-03-11 14:29:58.513 [info] [Info  - 2:29:58 PM] (51726) Auto-excluding /home/kraoshin/holbertonschool-higher_level_programming/python-object_relational_mapping/venv
2025-03-11 14:29:58.514 [info] [Info  - 2:29:58 PM] (51726) Auto-excluding /home/kraoshin/venv
2025-03-11 14:29:58.514 [info] [Info  - 2:29:58 PM] (51726) Found 144 source files
2025-03-11 14:29:58.649 [info] [Info  - 2:29:58 PM] (51726) virtual workspace: vscode-chat-code-block://23978650-1f36-4761-ac2c-1f0fc978c6ab/
2025-03-11 14:29:58.652 [info] [Info  - 2:29:58 PM] (51726) Starting service instance "<default>"
2025-03-11 14:29:58.753 [info] [Info  - 2:29:58 PM] (51726) Setting environmentName for service "<default>": "3.12.3 (global)"
2025-03-11 14:29:58.755 [info] [Info  - 2:29:58 PM] (51726) No include entries specified; assuming vscode-chat-code-block://23978650-1f36-4761-ac2c-1f0fc978c6ab/
2025-03-11 14:29:58.755 [info] [Info  - 2:29:58 PM] (51726) Auto-excluding **/node_modules
2025-03-11 14:29:58.755 [info] [Info  - 2:29:58 PM] (51726) Auto-excluding **/__pycache__
2025-03-11 14:29:58.755 [info] [Info  - 2:29:58 PM] (51726) Auto-excluding **/.*
2025-03-11 14:29:58.765 [info] [Info  - 2:29:58 PM] (51726) Assuming Python version 3.12.3.final.0
2025-03-11 14:29:58.813 [info] [Error - 2:29:58 PM] (51726) File or directory "vscode-chat-code-block://23978650-1f36-4761-ac2c-1f0fc978c6ab/" does not exist.
2025-03-11 14:29:58.813 [info] [Info  - 2:29:58 PM] (51726) No source files found.
2025-03-11 14:29:59.290 [info] [Info  - 2:29:59 PM] (51726) Background analysis(1) root directory: file:///home/kraoshin/.vscode-server/extensions/ms-python.vscode-pylance-2025.3.1/dist
2025-03-11 14:29:59.290 [info] [Info  - 2:29:59 PM] (51726) Background analysis(1) started
2025-03-11 14:29:59.290 [info] [Info  - 2:29:59 PM] (51726) Indexer background runner(2) root directory: file:///home/kraoshin/.vscode-server/extensions/ms-python.vscode-pylance-2025.3.1/dist (index)
2025-03-11 14:29:59.290 [info] [Info  - 2:29:59 PM] (51726) Indexing(2) started
2025-03-11 14:29:59.406 [info] [Info  - 2:29:59 PM] (51726) scanned(2) 98 files over 1 exec env
2025-03-11 14:29:59.608 [info] [Info  - 2:29:59 PM] (51726) indexed(2) 98 files over 1 exec env
2025-03-11 14:29:59.641 [info] [Info  - 2:29:59 PM] (51726) Indexing finished(2).
2025-03-11 14:38:43.050 [info] [Info  - 2:38:43 PM] (51726) Starting service instance "<default>"
2025-03-11 14:38:43.141 [info] [Info  - 2:38:43 PM] (51726) Setting environmentName for service "<default>": "3.12.3 (global)"
2025-03-11 14:38:43.141 [info] [Info  - 2:38:43 PM] (51726) Setting pythonPath for service "<default>": "/bin/python3"
2025-03-11 14:38:43.141 [info] [Info  - 2:38:43 PM] (51726) No include entries specified; assuming /<default workspace root>
2025-03-11 14:38:43.141 [info] [Info  - 2:38:43 PM] (51726) Auto-excluding **/node_modules
2025-03-11 14:38:43.141 [info] [Info  - 2:38:43 PM] (51726) Auto-excluding **/__pycache__
2025-03-11 14:38:43.141 [info] [Info  - 2:38:43 PM] (51726) Auto-excluding **/.*
2025-03-11 14:38:43.160 [info] [Info  - 2:38:43 PM] (51726) Assuming Python version 3.12.3.final.0
2025-03-11 14:38:43.208 [info] [Error - 2:38:43 PM] (51726) File or directory "/<default workspace root>" does not exist.
2025-03-11 14:38:43.209 [info] [Info  - 2:38:43 PM] (51726) No source files found.
2025-03-11 14:38:43.496 [info] [Info  - 2:38:43 PM] (51726) Background analysis(3) root directory: file:///home/kraoshin/.vscode-server/extensions/ms-python.vscode-pylance-2025.3.1/dist
2025-03-11 14:38:43.498 [info] [Info  - 2:38:43 PM] (51726) Background analysis(3) started
