2025-03-11 14:29:54.557 [info] Experiment 'pythonaacf' is active
2025-03-11 14:29:54.557 [info] Experiment 'pythonRecommendTensorboardExt' is active
2025-03-11 14:29:54.557 [info] Experiment 'pythonSurveyNotification' is active
2025-03-11 14:29:54.557 [info] Experiment 'pythonTerminalEnvVarActivation' is active
2025-03-11 14:29:54.557 [info] Experiment 'pythonTestAdapter' is active
2025-03-11 14:29:54.557 [info] Native locator: Refresh started
2025-03-11 14:29:54.557 [info] Native locator: Refresh started
2025-03-11 14:29:54.580 [info] > pyenv which python
2025-03-11 14:29:54.580 [info] cwd: .
2025-03-11 14:29:56.998 [info] Python interpreter path: /bin/python3
2025-03-11 14:29:58.000 [info] Starting Pylance language server.
2025-03-11 14:29:58.495 [info] Native locator: Refresh finished in 5344 ms
2025-03-11 14:31:14.791 [info] Discover tests for workspace name: kraoshin - uri: /home/kraoshin/holbertonschool-hbnb/part3/app/__init__.py
2025-03-11 14:31:35.427 [info] Running installed packages checker:  {
  id: '/bin/python3',
  sysPrefix: '/usr',
  envType: 'System',
  envName: '',
  envPath: '/bin/python3',
  path: '/bin/python3',
  architecture: 3,
  sysVersion: '',
  version: {
    raw: '3.12.3',
    major: 3,
    minor: 12,
    patch: 3,
    build: [],
    prerelease: []
  },
  displayName: 'Python 3.12.3',
  detailedDisplayName: 'Python 3.12.3',
  type: undefined
} /home/kraoshin/.vscode-server/extensions/ms-python.python-2025.2.0-linux-x64/python_files/installed_check.py /home/kraoshin/holbertonschool-hbnb/part3/requirements.txt
2025-03-11 14:31:35.427 [info] > /bin/python3 ./.vscode-server/extensions/ms-python.python-2025.2.0-linux-x64/python_files/installed_check.py ./holbertonschool-hbnb/part3/requirements.txt
2025-03-11 14:31:43.804 [info] Running installed packages checker:  {
  id: '/bin/python3',
  sysPrefix: '/usr',
  envType: 'System',
  envName: '',
  envPath: '/bin/python3',
  path: '/bin/python3',
  architecture: 3,
  sysVersion: '',
  version: {
    raw: '3.12.3',
    major: 3,
    minor: 12,
    patch: 3,
    build: [],
    prerelease: []
  },
  displayName: 'Python 3.12.3',
  detailedDisplayName: 'Python 3.12.3',
  type: undefined
} /home/kraoshin/.vscode-server/extensions/ms-python.python-2025.2.0-linux-x64/python_files/installed_check.py /home/kraoshin/holbertonschool-hbnb/part3/requirements.txt
2025-03-11 14:31:43.804 [info] > /bin/python3 ./.vscode-server/extensions/ms-python.python-2025.2.0-linux-x64/python_files/installed_check.py ./holbertonschool-hbnb/part3/requirements.txt
2025-03-11 14:32:29.963 [info] Discover tests for workspace name: kraoshin - uri: /home/kraoshin/holbertonschool-hbnb/part3/app/api/v1/amenities.py
2025-03-11 14:32:39.061 [info] Discover tests for workspace name: kraoshin - uri: /home/kraoshin/holbertonschool-hbnb/part3/app/api/v1/auth.py
2025-03-11 14:33:09.155 [info] Discover tests for workspace name: kraoshin - uri: /home/kraoshin/holbertonschool-hbnb/part3/app/api/v1/amenities.py
2025-03-11 14:33:09.556 [info] Discover tests for workspace name: kraoshin - uri: /home/kraoshin/holbertonschool-hbnb/part3/app/api/v1/amenities.py
2025-03-11 14:33:24.555 [info] Discover tests for workspace name: kraoshin - uri: /home/kraoshin/holbertonschool-hbnb/part3/app/api/v1/auth.py
2025-03-11 14:34:10.366 [info] Discover tests for workspace name: kraoshin - uri: /home/kraoshin/holbertonschool-hbnb/part3/app/api/v1/places.py
2025-03-11 14:34:23.392 [info] Discover tests for workspace name: kraoshin - uri: /home/kraoshin/holbertonschool-hbnb/part3/app/api/v1/reviews.py
2025-03-11 14:34:39.182 [info] Discover tests for workspace name: kraoshin - uri: /home/kraoshin/holbertonschool-hbnb/part3/app/api/v1/users.py
2025-03-11 14:35:10.785 [info] Discover tests for workspace name: kraoshin - uri: /home/kraoshin/holbertonschool-hbnb/part3/app/models/amenity.py
2025-03-11 14:35:23.939 [info] Discover tests for workspace name: kraoshin - uri: /home/kraoshin/holbertonschool-hbnb/part3/app/models/basemodel.py
2025-03-11 14:35:27.910 [info] Discover tests for workspace name: kraoshin - uri: /home/kraoshin/holbertonschool-hbnb/part3/app/models/amenity.py
2025-03-11 14:35:36.837 [info] Discover tests for workspace name: kraoshin - uri: /home/kraoshin/holbertonschool-hbnb/part3/app/models/place_amenity.py
2025-03-11 14:35:48.572 [info] Discover tests for workspace name: kraoshin - uri: /home/kraoshin/holbertonschool-hbnb/part3/app/models/place.py
2025-03-11 14:36:08.367 [info] Discover tests for workspace name: kraoshin - uri: /home/kraoshin/holbertonschool-hbnb/part3/app/models/review.py
2025-03-11 14:36:23.591 [info] Discover tests for workspace name: kraoshin - uri: /home/kraoshin/holbertonschool-hbnb/part3/app/models/user.py
2025-03-11 14:36:25.811 [info] Discover tests for workspace name: kraoshin - uri: /home/kraoshin/holbertonschool-hbnb/part3/app/models/user.py
2025-03-11 14:36:32.208 [info] Discover tests for workspace name: kraoshin - uri: /home/kraoshin/holbertonschool-hbnb/part3/app/models/user.py
2025-03-11 14:37:04.894 [info] Discover tests for workspace name: kraoshin - uri: /home/kraoshin/holbertonschool-hbnb/part3/app/persistence/repository.py
2025-03-11 14:37:20.513 [info] Discover tests for workspace name: kraoshin - uri: /home/kraoshin/holbertonschool-hbnb/part3/app/persistence/repository.py
2025-03-11 14:37:29.062 [info] Discover tests for workspace name: kraoshin - uri: /home/kraoshin/holbertonschool-hbnb/part3/app/persistence/repository.py
2025-03-11 14:37:41.559 [info] Discover tests for workspace name: kraoshin - uri: /home/kraoshin/holbertonschool-hbnb/part3/app/services/__init__.py
2025-03-11 14:37:59.157 [info] Discover tests for workspace name: kraoshin - uri: /home/kraoshin/holbertonschool-hbnb/part3/app/services/facade.py
2025-03-11 14:38:01.464 [info] Discover tests for workspace name: kraoshin - uri: /home/kraoshin/holbertonschool-hbnb/part3/app/services/facade.py
2025-03-11 14:38:07.428 [info] Discover tests for workspace name: kraoshin - uri: /home/kraoshin/holbertonschool-hbnb/part3/app/services/facade.py
2025-03-11 14:38:38.986 [info] Discover tests for workspace name: kraoshin - uri: /home/kraoshin/holbertonschool-hbnb/part3/app/services/facade.py
2025-03-11 14:38:44.371 [info] Discover tests for workspace name: kraoshin - uri: /home/kraoshin/holbertonschool-hbnb/part3/app/services/facade.py
2025-03-11 14:39:00.170 [info] Discover tests for workspace name: kraoshin - uri: /home/kraoshin/holbertonschool-hbnb/part3/app/services/facade.py
2025-03-11 14:39:57.799 [info] Discover tests for workspace name: kraoshin - uri: /home/kraoshin/holbertonschool-hbnb/part3/app/services/facade.py
2025-03-11 14:40:06.010 [info] Discover tests for workspace name: kraoshin - uri: /home/kraoshin/holbertonschool-hbnb/part3/app/services/facade.py
2025-03-11 14:40:42.477 [info] Discover tests for workspace name: kraoshin - uri: /home/kraoshin/holbertonschool-hbnb/part3/app/services/facade.py
2025-03-11 14:41:01.886 [info] Discover tests for workspace name: kraoshin - uri: /home/kraoshin/holbertonschool-hbnb/part3/app/services/facade.py
2025-03-11 14:41:04.861 [info] Discover tests for workspace name: kraoshin - uri: /home/kraoshin/holbertonschool-hbnb/part3/app/services/facade.py
2025-03-11 14:41:08.224 [info] Discover tests for workspace name: kraoshin - uri: /home/kraoshin/holbertonschool-hbnb/part3/app/services/facade.py
2025-03-11 14:42:34.027 [info] Discover tests for workspace name: kraoshin - uri: /home/kraoshin/holbertonschool-hbnb/part3/app/services/facade.py
2025-03-11 14:43:20.612 [info] Discover tests for workspace name: kraoshin - uri: /home/kraoshin/holbertonschool-hbnb/part3/app/services/facade.py
2025-03-11 14:43:31.750 [info] Running installed packages checker:  {
  id: '/bin/python3',
  sysPrefix: '/usr',
  envType: 'System',
  envName: '',
  envPath: '/bin/python3',
  path: '/bin/python3',
  architecture: 3,
  sysVersion: '',
  version: {
    raw: '3.12.3',
    major: 3,
    minor: 12,
    patch: 3,
    build: [],
    prerelease: []
  },
  displayName: 'Python 3.12.3',
  detailedDisplayName: 'Python 3.12.3',
  type: undefined
} /home/kraoshin/.vscode-server/extensions/ms-python.python-2025.2.0-linux-x64/python_files/installed_check.py /home/kraoshin/holbertonschool-hbnb/part3/requirements.txt
2025-03-11 14:43:31.750 [info] > /bin/python3 ./.vscode-server/extensions/ms-python.python-2025.2.0-linux-x64/python_files/installed_check.py ./holbertonschool-hbnb/part3/requirements.txt
