2025-02-28 10:43:14.416 [info] (Client) Pylance async client (2025.2.1) started with python extension (2025.0.0)
2025-02-28 10:43:15.099 [info] [Info  - 10:43:15 AM] (1352) Server root directory: file:///home/kraoshin/.vscode-server/extensions/ms-python.vscode-pylance-2025.2.1/dist
2025-02-28 10:43:15.102 [info] [Info  - 10:43:15 AM] (1352) Pylance language server 2025.2.1 (pyright version 1.1.393, commit 3763156f) starting
2025-02-28 10:43:15.102 [info] [Info  - 10:43:15 AM] (1352) Starting service instance "kraoshin"
2025-02-28 10:43:15.163 [info] [Info  - 10:43:15 AM] (1352) Setting environmentName for service "kraoshin": "3.12.3 (part2 venv)"
2025-02-28 10:43:15.164 [info] [Info  - 10:43:15 AM] (1352) Setting pythonPath for service "kraoshin": "/home/kraoshin/holbertonschool-hbnb/part2/bin/python"
2025-02-28 10:43:15.164 [info] [Info  - 10:43:15 AM] (1352) No include entries specified; assuming /home/kraoshin
2025-02-28 10:43:15.165 [info] [Info  - 10:43:15 AM] (1352) Auto-excluding **/node_modules
2025-02-28 10:43:15.165 [info] [Info  - 10:43:15 AM] (1352) Auto-excluding **/__pycache__
2025-02-28 10:43:15.166 [info] [Info  - 10:43:15 AM] (1352) Auto-excluding **/.*
2025-02-28 10:43:15.193 [info] [Info  - 10:43:15 AM] (1352) Assuming Python version 3.12.3.final.0
2025-02-28 10:43:15.274 [info] [Info  - 10:43:15 AM] (1352) Auto-excluding /home/kraoshin/holbertonschool-hbnb
2025-02-28 10:43:15.289 [info] [Info  - 10:43:15 AM] (1352) Auto-excluding /home/kraoshin/venv
2025-02-28 10:43:15.310 [info] [Info  - 10:43:15 AM] (1352) Found 128 source files
2025-02-28 10:43:15.788 [info] [Info  - 10:43:15 AM] (1352) Background analysis(1) root directory: file:///home/kraoshin/.vscode-server/extensions/ms-python.vscode-pylance-2025.2.1/dist
2025-02-28 10:43:15.791 [info] [Info  - 10:43:15 AM] (1352) Background analysis(1) started
2025-02-28 10:43:15.926 [info] [Info  - 10:43:15 AM] (1352) Indexer background runner(2) root directory: file:///home/kraoshin/.vscode-server/extensions/ms-python.vscode-pylance-2025.2.1/dist (index)
2025-02-28 10:43:15.927 [info] [Info  - 10:43:15 AM] (1352) Indexing(2) started
2025-02-28 10:43:16.322 [info] [Info  - 10:43:16 AM] (1352) scanned(2) 44 files over 1 exec env
2025-02-28 10:43:16.508 [info] [Info  - 10:43:16 AM] (1352) indexed(2) 44 files over 1 exec env
2025-02-28 10:43:16.545 [info] [Info  - 10:43:16 AM] (1352) Indexing finished(2).
2025-02-28 10:43:52.748 [info] [Info  - 10:43:52 AM] (1352) Auto-excluding /home/kraoshin/holbertonschool-hbnb
2025-02-28 10:43:52.755 [info] [Info  - 10:43:52 AM] (1352) Auto-excluding /home/kraoshin/venv
2025-02-28 10:43:52.764 [info] [Info  - 10:43:52 AM] (1352) Found 129 source files
2025-02-28 10:44:01.130 [info] [Info  - 10:44:01 AM] (1352) Setting environmentName for service "kraoshin": "3.12.3 (venv venv)"
2025-02-28 10:44:01.131 [info] [Info  - 10:44:01 AM] (1352) Setting pythonPath for service "kraoshin": "/home/kraoshin/holbertonschool-hbnb/part2/venv/bin/python"
2025-02-28 10:44:01.131 [info] [Info  - 10:44:01 AM] (1352) No include entries specified; assuming /home/kraoshin
2025-02-28 10:44:01.132 [info] [Info  - 10:44:01 AM] (1352) Auto-excluding **/node_modules
2025-02-28 10:44:01.132 [info] [Info  - 10:44:01 AM] (1352) Auto-excluding **/__pycache__
2025-02-28 10:44:01.134 [info] [Info  - 10:44:01 AM] (1352) Auto-excluding **/.*
2025-02-28 10:44:01.154 [info] [Info  - 10:44:01 AM] (1352) Assuming Python version 3.12.3.final.0
2025-02-28 10:44:01.196 [info] [Info  - 10:44:01 AM] (1352) Auto-excluding /home/kraoshin/holbertonschool-hbnb
2025-02-28 10:44:01.205 [info] [Info  - 10:44:01 AM] (1352) Auto-excluding /home/kraoshin/venv
2025-02-28 10:44:01.215 [info] [Info  - 10:44:01 AM] (1352) Found 129 source files
2025-02-28 10:44:01.764 [info] [Info  - 10:44:01 AM] (1352) Indexer background runner(3) root directory: file:///home/kraoshin/.vscode-server/extensions/ms-python.vscode-pylance-2025.2.1/dist (index)
2025-02-28 10:44:01.764 [info] [Info  - 10:44:01 AM] (1352) Indexing(3) started
2025-02-28 10:44:02.096 [info] [Info  - 10:44:02 AM] (1352) scanned(3) 9 files over 1 exec env
2025-02-28 10:44:02.373 [info] [Info  - 10:44:02 AM] (1352) indexed(3) 9 files over 1 exec env
2025-02-28 10:44:02.383 [info] [Info  - 10:44:02 AM] (1352) Indexing finished(3).
2025-02-28 10:44:38.620 [info] [Info  - 10:44:38 AM] (1352) Auto-excluding /home/kraoshin/holbertonschool-hbnb
2025-02-28 10:44:38.630 [info] [Info  - 10:44:38 AM] (1352) Auto-excluding /home/kraoshin/venv
2025-02-28 10:44:38.642 [info] [Info  - 10:44:38 AM] (1352) Found 129 source files
2025-02-28 10:44:38.877 [info] [Info  - 10:44:38 AM] (1352) Auto-excluding /home/kraoshin/holbertonschool-hbnb
2025-02-28 10:44:38.883 [info] [Info  - 10:44:38 AM] (1352) Auto-excluding /home/kraoshin/venv
2025-02-28 10:44:38.892 [info] [Info  - 10:44:38 AM] (1352) Found 129 source files
2025-02-28 10:44:39.454 [info] [Info  - 10:44:39 AM] (1352) Auto-excluding /home/kraoshin/holbertonschool-hbnb
2025-02-28 10:44:39.460 [info] [Info  - 10:44:39 AM] (1352) Auto-excluding /home/kraoshin/venv
2025-02-28 10:44:39.464 [info] [Info  - 10:44:39 AM] (1352) Found 129 source files
2025-02-28 10:44:45.015 [info] [Info  - 10:44:45 AM] (1352) Indexer background runner(4) root directory: file:///home/kraoshin/.vscode-server/extensions/ms-python.vscode-pylance-2025.2.1/dist (refresh)
2025-02-28 10:44:45.016 [info] [Info  - 10:44:45 AM] (1352) Indexing(4) started
2025-02-28 10:44:45.894 [info] [Info  - 10:44:45 AM] (1352) scanned(4) 44 files over 1 exec env
2025-02-28 10:44:46.378 [info] [Info  - 10:44:46 AM] (1352) indexed(4) 44 files over 1 exec env
2025-02-28 10:44:46.397 [info] [Info  - 10:44:46 AM] (1352) Indexing finished(4).
