2025-03-12 10:37:54 [DEBUG] Creating SQLite connection for 1741772274460
2025-03-12 10:37:54 [DEBUG] Closing connection 1741772274460
2025-03-12 10:37:59 [DEBUG] Creating SQLite connection for 1741772277659
2025-03-12 10:37:59 [DEBUG] Closing connection 1741772277659
2025-03-12 10:38:16 [DEBUG] Creating SQLite connection for 1741772277659
2025-03-12 10:38:16 [DEBUG] Closing connection 1741772277659
2025-03-12 10:38:37 [DEBUG] Creating SQLite connection for 1741772277659
2025-03-12 10:38:37 [DEBUG] Closing connection 1741772277659
2025-03-12 10:38:48 [DEBUG] Creating SQLite connection for 1741772277659
2025-03-12 10:38:48 [DEBUG] Creating SQLite connection for 1741772277659
2025-03-12 10:38:48 [ERROR] Execute fail : SELECT name, type FROM sqlite_master WHERE type='table' ORDER BY type ASC, name ASC;
2025-03-12 10:38:48 [ERROR] Error: unable to open database "/home/kraoshin/holberton-hbnb/part3/instance/development.db": unable to open database file
Notice: using substitute in-memory database instead of "/home/kraoshin/holberton-hbnb/part3/instance/development.db"
2025-03-12 10:38:51 [DEBUG] Creating SQLite connection for 1741772277659
2025-03-12 10:38:51 [ERROR] Execute fail : SELECT name, type FROM sqlite_master WHERE type='view' AND name <> 'sqlite_sequence' AND name <> 'sqlite_stat1' ORDER BY type ASC, name ASC;
2025-03-12 10:38:51 [ERROR] Error: unable to open database "/home/kraoshin/holberton-hbnb/part3/instance/development.db": unable to open database file
Notice: using substitute in-memory database instead of "/home/kraoshin/holberton-hbnb/part3/instance/development.db"
2025-03-12 10:38:51 [ERROR] Error: Error: unable to open database "/home/kraoshin/holberton-hbnb/part3/instance/development.db": unable to open database file
Notice: using substitute in-memory database instead of "/home/kraoshin/holberton-hbnb/part3/instance/development.db"
    at Timeout._onTimeout (/home/kraoshin/.vscode-server/extensions/cweijan.vscode-mysql-client2-8.2.0/out/extension.js:178852:29)
    at listOnTimeout (node:internal/timers:581:17)
    at processTimers (node:internal/timers:519:7)
2025-03-12 15:15:30 [DEBUG] Creating SQLite connection for 1741772277659
2025-03-12 15:15:31 [DEBUG] Creating SQLite connection for 1741772277659
2025-03-12 15:15:31 [ERROR] Execute fail : SELECT name, type FROM sqlite_master WHERE type='table' ORDER BY type ASC, name ASC;
2025-03-12 15:15:31 [ERROR] Error: unable to open database "/home/kraoshin/holberton-hbnb/part3/instance/development.db": unable to open database file
Notice: using substitute in-memory database instead of "/home/kraoshin/holberton-hbnb/part3/instance/development.db"
2025-03-12 15:15:36 [DEBUG] Closing connection 1741772277659
2025-03-12 15:19:15 [DEBUG] Creating SQLite connection for 1741789153855
2025-03-12 15:19:15 [DEBUG] Closing connection 1741789153855
2025-03-12 15:19:18 [DEBUG] Creating SQLite connection for 1741789153855
2025-03-12 15:25:52 [DEBUG] Creating SQLite connection for 1741789153855
2025-03-12 15:26:59 [ERROR] Error: Parse error: Unexpected "\tfirst_na" at line 2 column 1.
SQL dialect used: "sqlite".
    at Vb.createParseError (/home/kraoshin/.vscode-server/extensions/cweijan.vscode-mysql-client2-8.2.0/out/extension.js:158886:12)
    at Vb.tokenize (/home/kraoshin/.vscode-server/extensions/cweijan.vscode-mysql-client2-8.2.0/out/extension.js:158878:22)
    at Wb.tokenize (/home/kraoshin/.vscode-server/extensions/cweijan.vscode-mysql-client2-8.2.0/out/extension.js:158965:40)
2025-03-12 15:27:21 [ERROR] Error: Parse error: Unexpected "\tfirst_na" at line 2 column 1.
SQL dialect used: "sqlite".
    at Vb.createParseError (/home/kraoshin/.vscode-server/extensions/cweijan.vscode-mysql-client2-8.2.0/out/extension.js:158886:12)
    at Vb.tokenize (/home/kraoshin/.vscode-server/extensions/cweijan.vscode-mysql-client2-8.2.0/out/extension.js:158878:22)
    at Wb.tokenize (/home/kraoshin/.vscode-server/extensions/cweijan.vscode-mysql-client2-8.2.0/out/extension.js:158965:40)
2025-03-12 15:27:24 [ERROR] Error: Parse error: Unexpected "\tfirst_na" at line 2 column 1.
SQL dialect used: "sqlite".
    at Vb.createParseError (/home/kraoshin/.vscode-server/extensions/cweijan.vscode-mysql-client2-8.2.0/out/extension.js:158886:12)
    at Vb.tokenize (/home/kraoshin/.vscode-server/extensions/cweijan.vscode-mysql-client2-8.2.0/out/extension.js:158878:22)
    at Wb.tokenize (/home/kraoshin/.vscode-server/extensions/cweijan.vscode-mysql-client2-8.2.0/out/extension.js:158965:40)
2025-03-12 15:27:26 [ERROR] Error: Parse error: Unexpected "\tfirst_na" at line 2 column 1.
SQL dialect used: "sqlite".
    at Vb.createParseError (/home/kraoshin/.vscode-server/extensions/cweijan.vscode-mysql-client2-8.2.0/out/extension.js:158886:12)
    at Vb.tokenize (/home/kraoshin/.vscode-server/extensions/cweijan.vscode-mysql-client2-8.2.0/out/extension.js:158878:22)
    at Wb.tokenize (/home/kraoshin/.vscode-server/extensions/cweijan.vscode-mysql-client2-8.2.0/out/extension.js:158965:40)
2025-03-12 15:27:29 [ERROR] Error: Parse error: Unexpected "\tfirst_na" at line 2 column 1.
SQL dialect used: "sqlite".
    at Vb.createParseError (/home/kraoshin/.vscode-server/extensions/cweijan.vscode-mysql-client2-8.2.0/out/extension.js:158886:12)
    at Vb.tokenize (/home/kraoshin/.vscode-server/extensions/cweijan.vscode-mysql-client2-8.2.0/out/extension.js:158878:22)
    at Wb.tokenize (/home/kraoshin/.vscode-server/extensions/cweijan.vscode-mysql-client2-8.2.0/out/extension.js:158965:40)
2025-03-12 15:27:30 [ERROR] Error: Parse error: Unexpected "\tfirst_na" at line 2 column 1.
SQL dialect used: "sqlite".
    at Vb.createParseError (/home/kraoshin/.vscode-server/extensions/cweijan.vscode-mysql-client2-8.2.0/out/extension.js:158886:12)
    at Vb.tokenize (/home/kraoshin/.vscode-server/extensions/cweijan.vscode-mysql-client2-8.2.0/out/extension.js:158878:22)
    at Wb.tokenize (/home/kraoshin/.vscode-server/extensions/cweijan.vscode-mysql-client2-8.2.0/out/extension.js:158965:40)
2025-03-12 15:27:43 [ERROR] Error: Parse error: Unexpected "\tfirst_na" at line 2 column 1.
SQL dialect used: "sqlite".
    at Vb.createParseError (/home/kraoshin/.vscode-server/extensions/cweijan.vscode-mysql-client2-8.2.0/out/extension.js:158886:12)
    at Vb.tokenize (/home/kraoshin/.vscode-server/extensions/cweijan.vscode-mysql-client2-8.2.0/out/extension.js:158878:22)
    at Wb.tokenize (/home/kraoshin/.vscode-server/extensions/cweijan.vscode-mysql-client2-8.2.0/out/extension.js:158965:40)
2025-03-12 15:27:43 [ERROR] Error: Parse error: Unexpected "\tfirst_na" at line 2 column 1.
SQL dialect used: "sqlite".
    at Vb.createParseError (/home/kraoshin/.vscode-server/extensions/cweijan.vscode-mysql-client2-8.2.0/out/extension.js:158886:12)
    at Vb.tokenize (/home/kraoshin/.vscode-server/extensions/cweijan.vscode-mysql-client2-8.2.0/out/extension.js:158878:22)
    at Wb.tokenize (/home/kraoshin/.vscode-server/extensions/cweijan.vscode-mysql-client2-8.2.0/out/extension.js:158965:40)
2025-03-12 15:27:44 [ERROR] Error: Parse error: Unexpected "\tfirst_na" at line 2 column 1.
SQL dialect used: "sqlite".
    at Vb.createParseError (/home/kraoshin/.vscode-server/extensions/cweijan.vscode-mysql-client2-8.2.0/out/extension.js:158886:12)
    at Vb.tokenize (/home/kraoshin/.vscode-server/extensions/cweijan.vscode-mysql-client2-8.2.0/out/extension.js:158878:22)
    at Wb.tokenize (/home/kraoshin/.vscode-server/extensions/cweijan.vscode-mysql-client2-8.2.0/out/extension.js:158965:40)
2025-03-12 15:27:44 [ERROR] Error: Parse error: Unexpected "\tfirst_na" at line 2 column 1.
SQL dialect used: "sqlite".
    at Vb.createParseError (/home/kraoshin/.vscode-server/extensions/cweijan.vscode-mysql-client2-8.2.0/out/extension.js:158886:12)
    at Vb.tokenize (/home/kraoshin/.vscode-server/extensions/cweijan.vscode-mysql-client2-8.2.0/out/extension.js:158878:22)
    at Wb.tokenize (/home/kraoshin/.vscode-server/extensions/cweijan.vscode-mysql-client2-8.2.0/out/extension.js:158965:40)
2025-03-12 15:28:22 [ERROR] Error: Parse error: Unexpected "\tfirst_na" at line 2 column 1.
SQL dialect used: "sqlite".
    at Vb.createParseError (/home/kraoshin/.vscode-server/extensions/cweijan.vscode-mysql-client2-8.2.0/out/extension.js:158886:12)
    at Vb.tokenize (/home/kraoshin/.vscode-server/extensions/cweijan.vscode-mysql-client2-8.2.0/out/extension.js:158878:22)
    at Wb.tokenize (/home/kraoshin/.vscode-server/extensions/cweijan.vscode-mysql-client2-8.2.0/out/extension.js:158965:40)
2025-03-12 15:28:23 [ERROR] Error: Parse error: Unexpected "\tid VARCH" at line 2 column 1.
SQL dialect used: "sqlite".
    at Vb.createParseError (/home/kraoshin/.vscode-server/extensions/cweijan.vscode-mysql-client2-8.2.0/out/extension.js:158886:12)
    at Vb.tokenize (/home/kraoshin/.vscode-server/extensions/cweijan.vscode-mysql-client2-8.2.0/out/extension.js:158878:22)
    at Wb.tokenize (/home/kraoshin/.vscode-server/extensions/cweijan.vscode-mysql-client2-8.2.0/out/extension.js:158965:40)
2025-03-12 15:28:23 [ERROR] Error: Parse error: Unexpected "\tfirst_na" at line 2 column 1.
SQL dialect used: "sqlite".
    at Vb.createParseError (/home/kraoshin/.vscode-server/extensions/cweijan.vscode-mysql-client2-8.2.0/out/extension.js:158886:12)
    at Vb.tokenize (/home/kraoshin/.vscode-server/extensions/cweijan.vscode-mysql-client2-8.2.0/out/extension.js:158878:22)
    at Wb.tokenize (/home/kraoshin/.vscode-server/extensions/cweijan.vscode-mysql-client2-8.2.0/out/extension.js:158965:40)
2025-03-12 15:28:44 [ERROR] Execute fail : INSERT INTO User (id, first_name, last_name, email, password, is_admin)
VALUES (
    '36c9050e-ddd3-4c3b-9731-9f487208bbc1',  -- ID fixe
    'Admin',  -- first_name
    'HBnB',  -- last_name
    'admin@hbnb.io',  -- email
    '$2b$12$5y8X5y8X5y8X5y8X5y8X5u',  -- Mot de passe hashé (admin1234)
    TRUE  -- is_admin
)
2025-03-12 15:28:44 [ERROR] Parse error: no such table: User
2025-03-12 15:28:58 [ERROR] Error: Parse error: Unexpected "\tid VARCH" at line 2 column 1.
SQL dialect used: "sqlite".
    at Vb.createParseError (/home/kraoshin/.vscode-server/extensions/cweijan.vscode-mysql-client2-8.2.0/out/extension.js:158886:12)
    at Vb.tokenize (/home/kraoshin/.vscode-server/extensions/cweijan.vscode-mysql-client2-8.2.0/out/extension.js:158878:22)
    at Wb.tokenize (/home/kraoshin/.vscode-server/extensions/cweijan.vscode-mysql-client2-8.2.0/out/extension.js:158965:40)
2025-03-12 15:28:58 [ERROR] Error: Parse error: Unexpected "\tfirst_na" at line 2 column 1.
SQL dialect used: "sqlite".
    at Vb.createParseError (/home/kraoshin/.vscode-server/extensions/cweijan.vscode-mysql-client2-8.2.0/out/extension.js:158886:12)
    at Vb.tokenize (/home/kraoshin/.vscode-server/extensions/cweijan.vscode-mysql-client2-8.2.0/out/extension.js:158878:22)
    at Wb.tokenize (/home/kraoshin/.vscode-server/extensions/cweijan.vscode-mysql-client2-8.2.0/out/extension.js:158965:40)
2025-03-12 15:29:12 [ERROR] Error: Parse error: Unexpected "\tfirst_na" at line 2 column 1.
SQL dialect used: "sqlite".
    at Vb.createParseError (/home/kraoshin/.vscode-server/extensions/cweijan.vscode-mysql-client2-8.2.0/out/extension.js:158886:12)
    at Vb.tokenize (/home/kraoshin/.vscode-server/extensions/cweijan.vscode-mysql-client2-8.2.0/out/extension.js:158878:22)
    at Wb.tokenize (/home/kraoshin/.vscode-server/extensions/cweijan.vscode-mysql-client2-8.2.0/out/extension.js:158965:40)
2025-03-12 15:29:16 [ERROR] Error: Parse error: Unexpected "\tfirst_na" at line 2 column 1.
SQL dialect used: "sqlite".
    at Vb.createParseError (/home/kraoshin/.vscode-server/extensions/cweijan.vscode-mysql-client2-8.2.0/out/extension.js:158886:12)
    at Vb.tokenize (/home/kraoshin/.vscode-server/extensions/cweijan.vscode-mysql-client2-8.2.0/out/extension.js:158878:22)
    at Wb.tokenize (/home/kraoshin/.vscode-server/extensions/cweijan.vscode-mysql-client2-8.2.0/out/extension.js:158965:40)
2025-03-12 15:29:40 [ERROR] Error: Parse error: Unexpected "\tid VARCH" at line 2 column 1.
SQL dialect used: "sqlite".
    at Vb.createParseError (/home/kraoshin/.vscode-server/extensions/cweijan.vscode-mysql-client2-8.2.0/out/extension.js:158886:12)
    at Vb.tokenize (/home/kraoshin/.vscode-server/extensions/cweijan.vscode-mysql-client2-8.2.0/out/extension.js:158878:22)
    at Wb.tokenize (/home/kraoshin/.vscode-server/extensions/cweijan.vscode-mysql-client2-8.2.0/out/extension.js:158965:40)
2025-03-12 15:29:40 [ERROR] Error: Parse error: Unexpected "\tfirst_na" at line 2 column 1.
SQL dialect used: "sqlite".
    at Vb.createParseError (/home/kraoshin/.vscode-server/extensions/cweijan.vscode-mysql-client2-8.2.0/out/extension.js:158886:12)
    at Vb.tokenize (/home/kraoshin/.vscode-server/extensions/cweijan.vscode-mysql-client2-8.2.0/out/extension.js:158878:22)
    at Wb.tokenize (/home/kraoshin/.vscode-server/extensions/cweijan.vscode-mysql-client2-8.2.0/out/extension.js:158965:40)
2025-03-12 15:32:10 [ERROR] Error: Parse error: Unexpected "\tfirst_na" at line 2 column 1.
SQL dialect used: "sqlite".
    at Vb.createParseError (/home/kraoshin/.vscode-server/extensions/cweijan.vscode-mysql-client2-8.2.0/out/extension.js:158886:12)
    at Vb.tokenize (/home/kraoshin/.vscode-server/extensions/cweijan.vscode-mysql-client2-8.2.0/out/extension.js:158878:22)
    at Wb.tokenize (/home/kraoshin/.vscode-server/extensions/cweijan.vscode-mysql-client2-8.2.0/out/extension.js:158965:40)
2025-03-12 15:34:46 [ERROR] Error: Parse error: Unexpected "\tid VARCH" at line 2 column 1.
SQL dialect used: "sqlite".
    at Vb.createParseError (/home/kraoshin/.vscode-server/extensions/cweijan.vscode-mysql-client2-8.2.0/out/extension.js:158886:12)
    at Vb.tokenize (/home/kraoshin/.vscode-server/extensions/cweijan.vscode-mysql-client2-8.2.0/out/extension.js:158878:22)
    at Wb.tokenize (/home/kraoshin/.vscode-server/extensions/cweijan.vscode-mysql-client2-8.2.0/out/extension.js:158965:40)
2025-03-12 15:34:51 [ERROR] Execute fail : INSERT INTO Amenity (id, name)
VALUES (UUID(), 'WiFi')
2025-03-12 15:34:51 [ERROR] Parse error: table Amenity has no column named name
2025-03-12 15:34:59 [ERROR] Error: Parse error: Unexpected "\tid VARCH" at line 2 column 1.
SQL dialect used: "sqlite".
    at Vb.createParseError (/home/kraoshin/.vscode-server/extensions/cweijan.vscode-mysql-client2-8.2.0/out/extension.js:158886:12)
    at Vb.tokenize (/home/kraoshin/.vscode-server/extensions/cweijan.vscode-mysql-client2-8.2.0/out/extension.js:158878:22)
    at Wb.tokenize (/home/kraoshin/.vscode-server/extensions/cweijan.vscode-mysql-client2-8.2.0/out/extension.js:158965:40)
2025-03-12 15:34:59 [ERROR] Error: Parse error: Unexpected "\tid VARCH" at line 2 column 1.
SQL dialect used: "sqlite".
    at Vb.createParseError (/home/kraoshin/.vscode-server/extensions/cweijan.vscode-mysql-client2-8.2.0/out/extension.js:158886:12)
    at Vb.tokenize (/home/kraoshin/.vscode-server/extensions/cweijan.vscode-mysql-client2-8.2.0/out/extension.js:158878:22)
    at Wb.tokenize (/home/kraoshin/.vscode-server/extensions/cweijan.vscode-mysql-client2-8.2.0/out/extension.js:158965:40)
2025-03-12 15:34:59 [ERROR] Error: Parse error: Unexpected "\tid VARCH" at line 2 column 1.
SQL dialect used: "sqlite".
    at Vb.createParseError (/home/kraoshin/.vscode-server/extensions/cweijan.vscode-mysql-client2-8.2.0/out/extension.js:158886:12)
    at Vb.tokenize (/home/kraoshin/.vscode-server/extensions/cweijan.vscode-mysql-client2-8.2.0/out/extension.js:158878:22)
    at Wb.tokenize (/home/kraoshin/.vscode-server/extensions/cweijan.vscode-mysql-client2-8.2.0/out/extension.js:158965:40)
2025-03-12 15:35:37 [ERROR] Execute fail : INSERT INTO Amenity (id)
VALUES (UUID())
2025-03-12 15:35:37 [ERROR] Parse error: no such function: UUID
  INSERT INTO Amenity (id) VALUES (UUID()) ;
                     error here ---^
2025-03-12 15:36:33 [ERROR] Error: Parse error: Unexpected "\tid VARCH" at line 2 column 1.
SQL dialect used: "sqlite".
    at Vb.createParseError (/home/kraoshin/.vscode-server/extensions/cweijan.vscode-mysql-client2-8.2.0/out/extension.js:158886:12)
    at Vb.tokenize (/home/kraoshin/.vscode-server/extensions/cweijan.vscode-mysql-client2-8.2.0/out/extension.js:158878:22)
    at Wb.tokenize (/home/kraoshin/.vscode-server/extensions/cweijan.vscode-mysql-client2-8.2.0/out/extension.js:158965:40)
2025-03-12 15:36:33 [ERROR] Error: Parse error: Unexpected "\tid VARCH" at line 2 column 1.
SQL dialect used: "sqlite".
    at Vb.createParseError (/home/kraoshin/.vscode-server/extensions/cweijan.vscode-mysql-client2-8.2.0/out/extension.js:158886:12)
    at Vb.tokenize (/home/kraoshin/.vscode-server/extensions/cweijan.vscode-mysql-client2-8.2.0/out/extension.js:158878:22)
    at Wb.tokenize (/home/kraoshin/.vscode-server/extensions/cweijan.vscode-mysql-client2-8.2.0/out/extension.js:158965:40)
2025-03-12 15:36:34 [ERROR] Error: Parse error: Unexpected "\tid VARCH" at line 2 column 1.
SQL dialect used: "sqlite".
    at Vb.createParseError (/home/kraoshin/.vscode-server/extensions/cweijan.vscode-mysql-client2-8.2.0/out/extension.js:158886:12)
    at Vb.tokenize (/home/kraoshin/.vscode-server/extensions/cweijan.vscode-mysql-client2-8.2.0/out/extension.js:158878:22)
    at Wb.tokenize (/home/kraoshin/.vscode-server/extensions/cweijan.vscode-mysql-client2-8.2.0/out/extension.js:158965:40)
2025-03-12 15:36:39 [ERROR] Error: Parse error: Unexpected "\tid VARCH" at line 2 column 1.
SQL dialect used: "sqlite".
    at Vb.createParseError (/home/kraoshin/.vscode-server/extensions/cweijan.vscode-mysql-client2-8.2.0/out/extension.js:158886:12)
    at Vb.tokenize (/home/kraoshin/.vscode-server/extensions/cweijan.vscode-mysql-client2-8.2.0/out/extension.js:158878:22)
    at Wb.tokenize (/home/kraoshin/.vscode-server/extensions/cweijan.vscode-mysql-client2-8.2.0/out/extension.js:158965:40)
2025-03-12 15:36:39 [ERROR] Error: Parse error: Unexpected "\tid VARCH" at line 2 column 1.
SQL dialect used: "sqlite".
    at Vb.createParseError (/home/kraoshin/.vscode-server/extensions/cweijan.vscode-mysql-client2-8.2.0/out/extension.js:158886:12)
    at Vb.tokenize (/home/kraoshin/.vscode-server/extensions/cweijan.vscode-mysql-client2-8.2.0/out/extension.js:158878:22)
    at Wb.tokenize (/home/kraoshin/.vscode-server/extensions/cweijan.vscode-mysql-client2-8.2.0/out/extension.js:158965:40)
2025-03-12 15:36:43 [ERROR] Error: Parse error: Unexpected "\tfirst_na" at line 2 column 1.
SQL dialect used: "sqlite".
    at Vb.createParseError (/home/kraoshin/.vscode-server/extensions/cweijan.vscode-mysql-client2-8.2.0/out/extension.js:158886:12)
    at Vb.tokenize (/home/kraoshin/.vscode-server/extensions/cweijan.vscode-mysql-client2-8.2.0/out/extension.js:158878:22)
    at Wb.tokenize (/home/kraoshin/.vscode-server/extensions/cweijan.vscode-mysql-client2-8.2.0/out/extension.js:158965:40)
2025-03-12 15:36:44 [ERROR] Error: Parse error: Unexpected "\tid VARCH" at line 2 column 1.
SQL dialect used: "sqlite".
    at Vb.createParseError (/home/kraoshin/.vscode-server/extensions/cweijan.vscode-mysql-client2-8.2.0/out/extension.js:158886:12)
    at Vb.tokenize (/home/kraoshin/.vscode-server/extensions/cweijan.vscode-mysql-client2-8.2.0/out/extension.js:158878:22)
    at Wb.tokenize (/home/kraoshin/.vscode-server/extensions/cweijan.vscode-mysql-client2-8.2.0/out/extension.js:158965:40)
2025-03-12 15:36:44 [ERROR] Error: Parse error: Unexpected "\tid VARCH" at line 2 column 1.
SQL dialect used: "sqlite".
    at Vb.createParseError (/home/kraoshin/.vscode-server/extensions/cweijan.vscode-mysql-client2-8.2.0/out/extension.js:158886:12)
    at Vb.tokenize (/home/kraoshin/.vscode-server/extensions/cweijan.vscode-mysql-client2-8.2.0/out/extension.js:158878:22)
    at Wb.tokenize (/home/kraoshin/.vscode-server/extensions/cweijan.vscode-mysql-client2-8.2.0/out/extension.js:158965:40)
2025-03-12 15:37:08 [ERROR] Error: Parse error: Unexpected "\tfirst_na" at line 2 column 1.
SQL dialect used: "sqlite".
    at Vb.createParseError (/home/kraoshin/.vscode-server/extensions/cweijan.vscode-mysql-client2-8.2.0/out/extension.js:158886:12)
    at Vb.tokenize (/home/kraoshin/.vscode-server/extensions/cweijan.vscode-mysql-client2-8.2.0/out/extension.js:158878:22)
    at Wb.tokenize (/home/kraoshin/.vscode-server/extensions/cweijan.vscode-mysql-client2-8.2.0/out/extension.js:158965:40)
2025-03-12 15:42:12 [DEBUG] Creating SQLite connection for 1741789153855
2025-03-12 15:42:12 [ERROR] Error: Parse error: Unexpected "\tid VARCH" at line 2 column 1.
SQL dialect used: "sqlite".
    at Vb.createParseError (/home/kraoshin/.vscode-server/extensions/cweijan.vscode-mysql-client2-8.2.0/out/extension.js:158886:12)
    at Vb.tokenize (/home/kraoshin/.vscode-server/extensions/cweijan.vscode-mysql-client2-8.2.0/out/extension.js:158878:22)
    at Wb.tokenize (/home/kraoshin/.vscode-server/extensions/cweijan.vscode-mysql-client2-8.2.0/out/extension.js:158965:40)
2025-03-12 15:42:13 [ERROR] Error: Parse error: Unexpected "\tid VARCH" at line 2 column 1.
SQL dialect used: "sqlite".
    at Vb.createParseError (/home/kraoshin/.vscode-server/extensions/cweijan.vscode-mysql-client2-8.2.0/out/extension.js:158886:12)
    at Vb.tokenize (/home/kraoshin/.vscode-server/extensions/cweijan.vscode-mysql-client2-8.2.0/out/extension.js:158878:22)
    at Wb.tokenize (/home/kraoshin/.vscode-server/extensions/cweijan.vscode-mysql-client2-8.2.0/out/extension.js:158965:40)
2025-03-12 15:42:13 [ERROR] Error: Parse error: Unexpected "\tid VARCH" at line 2 column 1.
SQL dialect used: "sqlite".
    at Vb.createParseError (/home/kraoshin/.vscode-server/extensions/cweijan.vscode-mysql-client2-8.2.0/out/extension.js:158886:12)
    at Vb.tokenize (/home/kraoshin/.vscode-server/extensions/cweijan.vscode-mysql-client2-8.2.0/out/extension.js:158878:22)
    at Wb.tokenize (/home/kraoshin/.vscode-server/extensions/cweijan.vscode-mysql-client2-8.2.0/out/extension.js:158965:40)
2025-03-12 15:42:13 [ERROR] Error: Parse error: Unexpected "\tfirst_na" at line 2 column 1.
SQL dialect used: "sqlite".
    at Vb.createParseError (/home/kraoshin/.vscode-server/extensions/cweijan.vscode-mysql-client2-8.2.0/out/extension.js:158886:12)
    at Vb.tokenize (/home/kraoshin/.vscode-server/extensions/cweijan.vscode-mysql-client2-8.2.0/out/extension.js:158878:22)
    at Wb.tokenize (/home/kraoshin/.vscode-server/extensions/cweijan.vscode-mysql-client2-8.2.0/out/extension.js:158965:40)
2025-03-12 15:42:15 [ERROR] Error: Parse error: Unexpected "\tid VARCH" at line 2 column 1.
SQL dialect used: "sqlite".
    at Vb.createParseError (/home/kraoshin/.vscode-server/extensions/cweijan.vscode-mysql-client2-8.2.0/out/extension.js:158886:12)
    at Vb.tokenize (/home/kraoshin/.vscode-server/extensions/cweijan.vscode-mysql-client2-8.2.0/out/extension.js:158878:22)
    at Wb.tokenize (/home/kraoshin/.vscode-server/extensions/cweijan.vscode-mysql-client2-8.2.0/out/extension.js:158965:40)
2025-03-12 15:42:18 [ERROR] Error: Parse error: Unexpected "\tid VARCH" at line 2 column 1.
SQL dialect used: "sqlite".
    at Vb.createParseError (/home/kraoshin/.vscode-server/extensions/cweijan.vscode-mysql-client2-8.2.0/out/extension.js:158886:12)
    at Vb.tokenize (/home/kraoshin/.vscode-server/extensions/cweijan.vscode-mysql-client2-8.2.0/out/extension.js:158878:22)
    at Wb.tokenize (/home/kraoshin/.vscode-server/extensions/cweijan.vscode-mysql-client2-8.2.0/out/extension.js:158965:40)
2025-03-12 15:42:19 [ERROR] Error: Parse error: Unexpected "\tid VARCH" at line 2 column 1.
SQL dialect used: "sqlite".
    at Vb.createParseError (/home/kraoshin/.vscode-server/extensions/cweijan.vscode-mysql-client2-8.2.0/out/extension.js:158886:12)
    at Vb.tokenize (/home/kraoshin/.vscode-server/extensions/cweijan.vscode-mysql-client2-8.2.0/out/extension.js:158878:22)
    at Wb.tokenize (/home/kraoshin/.vscode-server/extensions/cweijan.vscode-mysql-client2-8.2.0/out/extension.js:158965:40)
2025-03-12 15:42:20 [ERROR] Error: Parse error: Unexpected "\tid VARCH" at line 2 column 1.
SQL dialect used: "sqlite".
    at Vb.createParseError (/home/kraoshin/.vscode-server/extensions/cweijan.vscode-mysql-client2-8.2.0/out/extension.js:158886:12)
    at Vb.tokenize (/home/kraoshin/.vscode-server/extensions/cweijan.vscode-mysql-client2-8.2.0/out/extension.js:158878:22)
    at Wb.tokenize (/home/kraoshin/.vscode-server/extensions/cweijan.vscode-mysql-client2-8.2.0/out/extension.js:158965:40)
2025-03-12 15:42:20 [ERROR] Error: Parse error: Unexpected "\tid VARCH" at line 2 column 1.
SQL dialect used: "sqlite".
    at Vb.createParseError (/home/kraoshin/.vscode-server/extensions/cweijan.vscode-mysql-client2-8.2.0/out/extension.js:158886:12)
    at Vb.tokenize (/home/kraoshin/.vscode-server/extensions/cweijan.vscode-mysql-client2-8.2.0/out/extension.js:158878:22)
    at Wb.tokenize (/home/kraoshin/.vscode-server/extensions/cweijan.vscode-mysql-client2-8.2.0/out/extension.js:158965:40)
2025-03-12 15:42:26 [ERROR] Error: Parse error: Unexpected "\tid VARCH" at line 2 column 1.
SQL dialect used: "sqlite".
    at Vb.createParseError (/home/kraoshin/.vscode-server/extensions/cweijan.vscode-mysql-client2-8.2.0/out/extension.js:158886:12)
    at Vb.tokenize (/home/kraoshin/.vscode-server/extensions/cweijan.vscode-mysql-client2-8.2.0/out/extension.js:158878:22)
    at Wb.tokenize (/home/kraoshin/.vscode-server/extensions/cweijan.vscode-mysql-client2-8.2.0/out/extension.js:158965:40)
2025-03-12 15:42:26 [ERROR] Error: Parse error: Unexpected "\tid VARCH" at line 2 column 1.
SQL dialect used: "sqlite".
    at Vb.createParseError (/home/kraoshin/.vscode-server/extensions/cweijan.vscode-mysql-client2-8.2.0/out/extension.js:158886:12)
    at Vb.tokenize (/home/kraoshin/.vscode-server/extensions/cweijan.vscode-mysql-client2-8.2.0/out/extension.js:158878:22)
    at Wb.tokenize (/home/kraoshin/.vscode-server/extensions/cweijan.vscode-mysql-client2-8.2.0/out/extension.js:158965:40)
2025-03-12 15:42:27 [ERROR] Error: Parse error: Unexpected "\tid VARCH" at line 2 column 1.
SQL dialect used: "sqlite".
    at Vb.createParseError (/home/kraoshin/.vscode-server/extensions/cweijan.vscode-mysql-client2-8.2.0/out/extension.js:158886:12)
    at Vb.tokenize (/home/kraoshin/.vscode-server/extensions/cweijan.vscode-mysql-client2-8.2.0/out/extension.js:158878:22)
    at Wb.tokenize (/home/kraoshin/.vscode-server/extensions/cweijan.vscode-mysql-client2-8.2.0/out/extension.js:158965:40)
2025-03-12 15:42:27 [ERROR] Error: Parse error: Unexpected "\tid VARCH" at line 2 column 1.
SQL dialect used: "sqlite".
    at Vb.createParseError (/home/kraoshin/.vscode-server/extensions/cweijan.vscode-mysql-client2-8.2.0/out/extension.js:158886:12)
    at Vb.tokenize (/home/kraoshin/.vscode-server/extensions/cweijan.vscode-mysql-client2-8.2.0/out/extension.js:158878:22)
    at Wb.tokenize (/home/kraoshin/.vscode-server/extensions/cweijan.vscode-mysql-client2-8.2.0/out/extension.js:158965:40)
2025-03-12 15:42:31 [ERROR] Error: Parse error: Unexpected "\tid VARCH" at line 2 column 1.
SQL dialect used: "sqlite".
    at Vb.createParseError (/home/kraoshin/.vscode-server/extensions/cweijan.vscode-mysql-client2-8.2.0/out/extension.js:158886:12)
    at Vb.tokenize (/home/kraoshin/.vscode-server/extensions/cweijan.vscode-mysql-client2-8.2.0/out/extension.js:158878:22)
    at Wb.tokenize (/home/kraoshin/.vscode-server/extensions/cweijan.vscode-mysql-client2-8.2.0/out/extension.js:158965:40)
2025-03-12 15:42:32 [ERROR] Error: Parse error: Unexpected "\tplace_id" at line 2 column 1.
SQL dialect used: "sqlite".
    at Vb.createParseError (/home/kraoshin/.vscode-server/extensions/cweijan.vscode-mysql-client2-8.2.0/out/extension.js:158886:12)
    at Vb.tokenize (/home/kraoshin/.vscode-server/extensions/cweijan.vscode-mysql-client2-8.2.0/out/extension.js:158878:22)
    at Wb.tokenize (/home/kraoshin/.vscode-server/extensions/cweijan.vscode-mysql-client2-8.2.0/out/extension.js:158965:40)
2025-03-12 15:42:33 [ERROR] Error: Parse error: Unexpected "\tid VARCH" at line 2 column 1.
SQL dialect used: "sqlite".
    at Vb.createParseError (/home/kraoshin/.vscode-server/extensions/cweijan.vscode-mysql-client2-8.2.0/out/extension.js:158886:12)
    at Vb.tokenize (/home/kraoshin/.vscode-server/extensions/cweijan.vscode-mysql-client2-8.2.0/out/extension.js:158878:22)
    at Wb.tokenize (/home/kraoshin/.vscode-server/extensions/cweijan.vscode-mysql-client2-8.2.0/out/extension.js:158965:40)
2025-03-12 15:42:35 [ERROR] Error: Parse error: Unexpected "\ttitle VA" at line 2 column 1.
SQL dialect used: "sqlite".
    at Vb.createParseError (/home/kraoshin/.vscode-server/extensions/cweijan.vscode-mysql-client2-8.2.0/out/extension.js:158886:12)
    at Vb.tokenize (/home/kraoshin/.vscode-server/extensions/cweijan.vscode-mysql-client2-8.2.0/out/extension.js:158878:22)
    at Wb.tokenize (/home/kraoshin/.vscode-server/extensions/cweijan.vscode-mysql-client2-8.2.0/out/extension.js:158965:40)
2025-03-12 15:42:36 [ERROR] Error: Parse error: Unexpected "\tid VARCH" at line 2 column 1.
SQL dialect used: "sqlite".
    at Vb.createParseError (/home/kraoshin/.vscode-server/extensions/cweijan.vscode-mysql-client2-8.2.0/out/extension.js:158886:12)
    at Vb.tokenize (/home/kraoshin/.vscode-server/extensions/cweijan.vscode-mysql-client2-8.2.0/out/extension.js:158878:22)
    at Wb.tokenize (/home/kraoshin/.vscode-server/extensions/cweijan.vscode-mysql-client2-8.2.0/out/extension.js:158965:40)
2025-03-12 15:42:39 [ERROR] Error: Parse error: Unexpected "\ttitle VA" at line 2 column 1.
SQL dialect used: "sqlite".
    at Vb.createParseError (/home/kraoshin/.vscode-server/extensions/cweijan.vscode-mysql-client2-8.2.0/out/extension.js:158886:12)
    at Vb.tokenize (/home/kraoshin/.vscode-server/extensions/cweijan.vscode-mysql-client2-8.2.0/out/extension.js:158878:22)
    at Wb.tokenize (/home/kraoshin/.vscode-server/extensions/cweijan.vscode-mysql-client2-8.2.0/out/extension.js:158965:40)
2025-03-12 15:42:39 [ERROR] Error: Parse error: Unexpected "\tid VARCH" at line 2 column 1.
SQL dialect used: "sqlite".
    at Vb.createParseError (/home/kraoshin/.vscode-server/extensions/cweijan.vscode-mysql-client2-8.2.0/out/extension.js:158886:12)
    at Vb.tokenize (/home/kraoshin/.vscode-server/extensions/cweijan.vscode-mysql-client2-8.2.0/out/extension.js:158878:22)
    at Wb.tokenize (/home/kraoshin/.vscode-server/extensions/cweijan.vscode-mysql-client2-8.2.0/out/extension.js:158965:40)
2025-03-12 15:42:40 [ERROR] Error: Parse error: Unexpected "\ttext VAR" at line 2 column 1.
SQL dialect used: "sqlite".
    at Vb.createParseError (/home/kraoshin/.vscode-server/extensions/cweijan.vscode-mysql-client2-8.2.0/out/extension.js:158886:12)
    at Vb.tokenize (/home/kraoshin/.vscode-server/extensions/cweijan.vscode-mysql-client2-8.2.0/out/extension.js:158878:22)
    at Wb.tokenize (/home/kraoshin/.vscode-server/extensions/cweijan.vscode-mysql-client2-8.2.0/out/extension.js:158965:40)
2025-03-12 15:42:40 [ERROR] Error: Parse error: Unexpected "\tid VARCH" at line 2 column 1.
SQL dialect used: "sqlite".
    at Vb.createParseError (/home/kraoshin/.vscode-server/extensions/cweijan.vscode-mysql-client2-8.2.0/out/extension.js:158886:12)
    at Vb.tokenize (/home/kraoshin/.vscode-server/extensions/cweijan.vscode-mysql-client2-8.2.0/out/extension.js:158878:22)
    at Wb.tokenize (/home/kraoshin/.vscode-server/extensions/cweijan.vscode-mysql-client2-8.2.0/out/extension.js:158965:40)
2025-03-12 15:42:44 [ERROR] Error: Parse error: Unexpected "\tfirst_na" at line 2 column 1.
SQL dialect used: "sqlite".
    at Vb.createParseError (/home/kraoshin/.vscode-server/extensions/cweijan.vscode-mysql-client2-8.2.0/out/extension.js:158886:12)
    at Vb.tokenize (/home/kraoshin/.vscode-server/extensions/cweijan.vscode-mysql-client2-8.2.0/out/extension.js:158878:22)
    at Wb.tokenize (/home/kraoshin/.vscode-server/extensions/cweijan.vscode-mysql-client2-8.2.0/out/extension.js:158965:40)
2025-03-12 15:42:45 [ERROR] Error: Parse error: Unexpected "\ttext VAR" at line 2 column 1.
SQL dialect used: "sqlite".
    at Vb.createParseError (/home/kraoshin/.vscode-server/extensions/cweijan.vscode-mysql-client2-8.2.0/out/extension.js:158886:12)
    at Vb.tokenize (/home/kraoshin/.vscode-server/extensions/cweijan.vscode-mysql-client2-8.2.0/out/extension.js:158878:22)
    at Wb.tokenize (/home/kraoshin/.vscode-server/extensions/cweijan.vscode-mysql-client2-8.2.0/out/extension.js:158965:40)
2025-03-12 15:42:47 [ERROR] Error: Parse error: Unexpected "\ttitle VA" at line 2 column 1.
SQL dialect used: "sqlite".
    at Vb.createParseError (/home/kraoshin/.vscode-server/extensions/cweijan.vscode-mysql-client2-8.2.0/out/extension.js:158886:12)
    at Vb.tokenize (/home/kraoshin/.vscode-server/extensions/cweijan.vscode-mysql-client2-8.2.0/out/extension.js:158878:22)
    at Wb.tokenize (/home/kraoshin/.vscode-server/extensions/cweijan.vscode-mysql-client2-8.2.0/out/extension.js:158965:40)
2025-03-12 15:42:47 [ERROR] Error: Parse error: Unexpected "\tplace_id" at line 2 column 1.
SQL dialect used: "sqlite".
    at Vb.createParseError (/home/kraoshin/.vscode-server/extensions/cweijan.vscode-mysql-client2-8.2.0/out/extension.js:158886:12)
    at Vb.tokenize (/home/kraoshin/.vscode-server/extensions/cweijan.vscode-mysql-client2-8.2.0/out/extension.js:158878:22)
    at Wb.tokenize (/home/kraoshin/.vscode-server/extensions/cweijan.vscode-mysql-client2-8.2.0/out/extension.js:158965:40)
2025-03-12 15:42:48 [ERROR] Error: Parse error: Unexpected "\tid VARCH" at line 2 column 1.
SQL dialect used: "sqlite".
    at Vb.createParseError (/home/kraoshin/.vscode-server/extensions/cweijan.vscode-mysql-client2-8.2.0/out/extension.js:158886:12)
    at Vb.tokenize (/home/kraoshin/.vscode-server/extensions/cweijan.vscode-mysql-client2-8.2.0/out/extension.js:158878:22)
    at Wb.tokenize (/home/kraoshin/.vscode-server/extensions/cweijan.vscode-mysql-client2-8.2.0/out/extension.js:158965:40)
2025-03-12 15:43:03 [ERROR] Error: Parse error: Unexpected "\tfirst_na" at line 2 column 1.
SQL dialect used: "sqlite".
    at Vb.createParseError (/home/kraoshin/.vscode-server/extensions/cweijan.vscode-mysql-client2-8.2.0/out/extension.js:158886:12)
    at Vb.tokenize (/home/kraoshin/.vscode-server/extensions/cweijan.vscode-mysql-client2-8.2.0/out/extension.js:158878:22)
    at Wb.tokenize (/home/kraoshin/.vscode-server/extensions/cweijan.vscode-mysql-client2-8.2.0/out/extension.js:158965:40)
2025-03-12 15:43:04 [ERROR] Error: Parse error: Unexpected "\ttext VAR" at line 2 column 1.
SQL dialect used: "sqlite".
    at Vb.createParseError (/home/kraoshin/.vscode-server/extensions/cweijan.vscode-mysql-client2-8.2.0/out/extension.js:158886:12)
    at Vb.tokenize (/home/kraoshin/.vscode-server/extensions/cweijan.vscode-mysql-client2-8.2.0/out/extension.js:158878:22)
    at Wb.tokenize (/home/kraoshin/.vscode-server/extensions/cweijan.vscode-mysql-client2-8.2.0/out/extension.js:158965:40)
2025-03-12 15:43:07 [ERROR] Error: Parse error: Unexpected "\tid VARCH" at line 2 column 1.
SQL dialect used: "sqlite".
    at Vb.createParseError (/home/kraoshin/.vscode-server/extensions/cweijan.vscode-mysql-client2-8.2.0/out/extension.js:158886:12)
    at Vb.tokenize (/home/kraoshin/.vscode-server/extensions/cweijan.vscode-mysql-client2-8.2.0/out/extension.js:158878:22)
    at Wb.tokenize (/home/kraoshin/.vscode-server/extensions/cweijan.vscode-mysql-client2-8.2.0/out/extension.js:158965:40)
2025-03-12 15:43:13 [ERROR] Execute fail : INSERT INTO Amenity (id, name)
VALUES (UUID(), 'WiFi')
2025-03-12 15:43:13 [ERROR] Parse error: no such table: Amenity
2025-03-12 15:43:28 [ERROR] Execute fail : INSERT INTO amenities (id, name)
VALUES (UUID(), 'WiFi')
2025-03-12 15:43:28 [ERROR] Parse error: no such function: UUID
  INSERT INTO amenities (id, name) VALUES (UUID(), 'WiFi') ;
                             error here ---^
2025-03-12 15:44:11 [ERROR] Execute fail : INSERT INTO amenities (name)
VALUES ('WiFi')
2025-03-12 15:44:11 [ERROR] Runtime error: NOT NULL constraint failed: amenities.id (19)
2025-03-12 15:44:32 [ERROR] Execute fail : INSERT INTO amenities (name)
VALUES (1, 'WiFi')
2025-03-12 15:44:32 [ERROR] Parse error: 2 values for 1 columns
2025-03-12 15:44:40 [ERROR] Error: Parse error: Unexpected "\tfirst_na" at line 2 column 1.
SQL dialect used: "sqlite".
    at Vb.createParseError (/home/kraoshin/.vscode-server/extensions/cweijan.vscode-mysql-client2-8.2.0/out/extension.js:158886:12)
    at Vb.tokenize (/home/kraoshin/.vscode-server/extensions/cweijan.vscode-mysql-client2-8.2.0/out/extension.js:158878:22)
    at Wb.tokenize (/home/kraoshin/.vscode-server/extensions/cweijan.vscode-mysql-client2-8.2.0/out/extension.js:158965:40)
2025-03-12 15:44:44 [ERROR] Error: Parse error: Unexpected "\tfirst_na" at line 2 column 1.
SQL dialect used: "sqlite".
    at Vb.createParseError (/home/kraoshin/.vscode-server/extensions/cweijan.vscode-mysql-client2-8.2.0/out/extension.js:158886:12)
    at Vb.tokenize (/home/kraoshin/.vscode-server/extensions/cweijan.vscode-mysql-client2-8.2.0/out/extension.js:158878:22)
    at Wb.tokenize (/home/kraoshin/.vscode-server/extensions/cweijan.vscode-mysql-client2-8.2.0/out/extension.js:158965:40)
2025-03-12 15:44:47 [ERROR] Error: Parse error: Unexpected "\ttext VAR" at line 2 column 1.
SQL dialect used: "sqlite".
    at Vb.createParseError (/home/kraoshin/.vscode-server/extensions/cweijan.vscode-mysql-client2-8.2.0/out/extension.js:158886:12)
    at Vb.tokenize (/home/kraoshin/.vscode-server/extensions/cweijan.vscode-mysql-client2-8.2.0/out/extension.js:158878:22)
    at Wb.tokenize (/home/kraoshin/.vscode-server/extensions/cweijan.vscode-mysql-client2-8.2.0/out/extension.js:158965:40)
2025-03-12 15:44:49 [ERROR] Error: Parse error: Unexpected "\ttext VAR" at line 2 column 1.
SQL dialect used: "sqlite".
    at Vb.createParseError (/home/kraoshin/.vscode-server/extensions/cweijan.vscode-mysql-client2-8.2.0/out/extension.js:158886:12)
    at Vb.tokenize (/home/kraoshin/.vscode-server/extensions/cweijan.vscode-mysql-client2-8.2.0/out/extension.js:158878:22)
    at Wb.tokenize (/home/kraoshin/.vscode-server/extensions/cweijan.vscode-mysql-client2-8.2.0/out/extension.js:158965:40)
2025-03-12 15:44:49 [ERROR] Error: Parse error: Unexpected "\ttitle VA" at line 2 column 1.
SQL dialect used: "sqlite".
    at Vb.createParseError (/home/kraoshin/.vscode-server/extensions/cweijan.vscode-mysql-client2-8.2.0/out/extension.js:158886:12)
    at Vb.tokenize (/home/kraoshin/.vscode-server/extensions/cweijan.vscode-mysql-client2-8.2.0/out/extension.js:158878:22)
    at Wb.tokenize (/home/kraoshin/.vscode-server/extensions/cweijan.vscode-mysql-client2-8.2.0/out/extension.js:158965:40)
2025-03-12 15:44:50 [ERROR] Error: Parse error: Unexpected "\tplace_id" at line 2 column 1.
SQL dialect used: "sqlite".
    at Vb.createParseError (/home/kraoshin/.vscode-server/extensions/cweijan.vscode-mysql-client2-8.2.0/out/extension.js:158886:12)
    at Vb.tokenize (/home/kraoshin/.vscode-server/extensions/cweijan.vscode-mysql-client2-8.2.0/out/extension.js:158878:22)
    at Wb.tokenize (/home/kraoshin/.vscode-server/extensions/cweijan.vscode-mysql-client2-8.2.0/out/extension.js:158965:40)
2025-03-12 15:44:50 [ERROR] Error: Parse error: Unexpected "\tid VARCH" at line 2 column 1.
SQL dialect used: "sqlite".
    at Vb.createParseError (/home/kraoshin/.vscode-server/extensions/cweijan.vscode-mysql-client2-8.2.0/out/extension.js:158886:12)
    at Vb.tokenize (/home/kraoshin/.vscode-server/extensions/cweijan.vscode-mysql-client2-8.2.0/out/extension.js:158878:22)
    at Wb.tokenize (/home/kraoshin/.vscode-server/extensions/cweijan.vscode-mysql-client2-8.2.0/out/extension.js:158965:40)
2025-03-12 15:45:39 [ERROR] Error: Parse error: Unexpected "\tfirst_na" at line 2 column 1.
SQL dialect used: "sqlite".
    at Vb.createParseError (/home/kraoshin/.vscode-server/extensions/cweijan.vscode-mysql-client2-8.2.0/out/extension.js:158886:12)
    at Vb.tokenize (/home/kraoshin/.vscode-server/extensions/cweijan.vscode-mysql-client2-8.2.0/out/extension.js:158878:22)
    at Wb.tokenize (/home/kraoshin/.vscode-server/extensions/cweijan.vscode-mysql-client2-8.2.0/out/extension.js:158965:40)
2025-03-12 15:46:11 [ERROR] Error: Parse error: Unexpected "\tfirst_na" at line 2 column 1.
SQL dialect used: "sqlite".
    at Vb.createParseError (/home/kraoshin/.vscode-server/extensions/cweijan.vscode-mysql-client2-8.2.0/out/extension.js:158886:12)
    at Vb.tokenize (/home/kraoshin/.vscode-server/extensions/cweijan.vscode-mysql-client2-8.2.0/out/extension.js:158878:22)
    at Wb.tokenize (/home/kraoshin/.vscode-server/extensions/cweijan.vscode-mysql-client2-8.2.0/out/extension.js:158965:40)
2025-03-12 15:46:12 [ERROR] Error: Parse error: Unexpected "\tfirst_na" at line 2 column 1.
SQL dialect used: "sqlite".
    at Vb.createParseError (/home/kraoshin/.vscode-server/extensions/cweijan.vscode-mysql-client2-8.2.0/out/extension.js:158886:12)
    at Vb.tokenize (/home/kraoshin/.vscode-server/extensions/cweijan.vscode-mysql-client2-8.2.0/out/extension.js:158878:22)
    at Wb.tokenize (/home/kraoshin/.vscode-server/extensions/cweijan.vscode-mysql-client2-8.2.0/out/extension.js:158965:40)
2025-03-12 15:47:19 [ERROR] Error: Parse error: Unexpected "\tfirst_na" at line 2 column 1.
SQL dialect used: "sqlite".
    at Vb.createParseError (/home/kraoshin/.vscode-server/extensions/cweijan.vscode-mysql-client2-8.2.0/out/extension.js:158886:12)
    at Vb.tokenize (/home/kraoshin/.vscode-server/extensions/cweijan.vscode-mysql-client2-8.2.0/out/extension.js:158878:22)
    at Wb.tokenize (/home/kraoshin/.vscode-server/extensions/cweijan.vscode-mysql-client2-8.2.0/out/extension.js:158965:40)
