2025-02-28 10:29:12.257 [info] (Client) Pylance async client (2025.2.1) started with python extension (2025.0.0)
2025-02-28 10:29:12.957 [info] [Info  - 10:29:12 AM] (1784) Server root directory: file:///home/kraoshin/.vscode-server/extensions/ms-python.vscode-pylance-2025.2.1/dist
2025-02-28 10:29:12.959 [info] [Info  - 10:29:12 AM] (1784) Pylance language server 2025.2.1 (pyright version 1.1.393, commit 3763156f) starting
2025-02-28 10:29:12.974 [info] [Info  - 10:29:12 AM] (1784) Starting service instance "kraoshin"
2025-02-28 10:29:13.033 [info] [Info  - 10:29:13 AM] (1784) Setting environmentName for service "kraoshin": "3.12.3 (part2 venv)"
2025-02-28 10:29:13.035 [info] [Info  - 10:29:13 AM] (1784) Setting pythonPath for service "kraoshin": "/home/kraoshin/holbertonschool-hbnb/part2/bin/python"
2025-02-28 10:29:13.036 [info] [Info  - 10:29:13 AM] (1784) No include entries specified; assuming /home/kraoshin
2025-02-28 10:29:13.036 [info] [Info  - 10:29:13 AM] (1784) Auto-excluding **/node_modules
2025-02-28 10:29:13.039 [info] [Info  - 10:29:13 AM] (1784) Auto-excluding **/__pycache__
2025-02-28 10:29:13.039 [info] [Info  - 10:29:13 AM] (1784) Auto-excluding **/.*
2025-02-28 10:29:13.063 [info] [Info  - 10:29:13 AM] (1784) Assuming Python version 3.12.3.final.0
2025-02-28 10:29:13.152 [info] [Info  - 10:29:13 AM] (1784) Auto-excluding /home/kraoshin/holbertonschool-hbnb/part2
2025-02-28 10:29:13.190 [info] [Info  - 10:29:13 AM] (1784) Found 128 source files
2025-02-28 10:29:13.640 [info] [Info  - 10:29:13 AM] (1784) Background analysis(1) root directory: file:///home/kraoshin/.vscode-server/extensions/ms-python.vscode-pylance-2025.2.1/dist
2025-02-28 10:29:13.642 [info] [Info  - 10:29:13 AM] (1784) Background analysis(1) started
2025-02-28 10:29:13.785 [info] [Info  - 10:29:13 AM] (1784) Indexer background runner(2) root directory: file:///home/kraoshin/.vscode-server/extensions/ms-python.vscode-pylance-2025.2.1/dist (index)
2025-02-28 10:29:13.785 [info] [Info  - 10:29:13 AM] (1784) Indexing(2) started
2025-02-28 10:29:14.167 [info] [Info  - 10:29:14 AM] (1784) scanned(2) 44 files over 1 exec env
2025-02-28 10:29:14.360 [info] [Info  - 10:29:14 AM] (1784) indexed(2) 44 files over 1 exec env
2025-02-28 10:29:14.390 [info] [Info  - 10:29:14 AM] (1784) Indexing finished(2).
2025-02-28 10:30:45.833 [info] [Info  - 10:30:45 AM] (1784) Auto-excluding /home/kraoshin/holbertonschool-hbnb/part2
2025-02-28 10:30:45.842 [info] [Info  - 10:30:45 AM] (1784) Auto-excluding /home/kraoshin/venv
2025-02-28 10:30:45.853 [info] [Info  - 10:30:45 AM] (1784) Found 129 source files
2025-02-28 10:34:15.431 [info] [Info  - 10:34:15 AM] (1784) Setting environmentName for service "kraoshin": "3.12.3 (part2 venv)"
2025-02-28 10:34:15.431 [info] [Info  - 10:34:15 AM] (1784) Setting pythonPath for service "kraoshin": "/home/kraoshin/holbertonschool-hbnb/part2/bin/python"
2025-02-28 10:34:15.431 [info] [Info  - 10:34:15 AM] (1784) No include entries specified; assuming /home/kraoshin
2025-02-28 10:34:15.431 [info] [Info  - 10:34:15 AM] (1784) Auto-excluding **/node_modules
2025-02-28 10:34:15.431 [info] [Info  - 10:34:15 AM] (1784) Auto-excluding **/__pycache__
2025-02-28 10:34:15.431 [info] [Info  - 10:34:15 AM] (1784) Auto-excluding **/.*
2025-02-28 10:34:15.455 [info] [Info  - 10:34:15 AM] (1784) Assuming Python version 3.12.3.final.0
2025-02-28 10:34:15.506 [info] [Info  - 10:34:15 AM] (1784) Auto-excluding /home/kraoshin/holbertonschool-hbnb/part2
2025-02-28 10:34:15.517 [info] [Info  - 10:34:15 AM] (1784) Auto-excluding /home/kraoshin/venv
2025-02-28 10:34:15.531 [info] [Info  - 10:34:15 AM] (1784) Found 128 source files
2025-02-28 10:34:42.465 [info] [Info  - 10:34:42 AM] (1784) Auto-excluding /home/kraoshin/holbertonschool-hbnb
2025-02-28 10:34:42.470 [info] [Info  - 10:34:42 AM] (1784) Auto-excluding /home/kraoshin/venv
2025-02-28 10:34:42.481 [info] [Info  - 10:34:42 AM] (1784) Found 128 source files
2025-02-28 10:37:12.368 [info] [Info  - 10:37:12 AM] (1784) Setting environmentName for service "kraoshin": "3.12.3 (part2 venv)"
2025-02-28 10:37:12.368 [info] [Info  - 10:37:12 AM] (1784) Setting pythonPath for service "kraoshin": "/home/kraoshin/holbertonschool-hbnb/part2/bin/python"
2025-02-28 10:37:12.368 [info] [Info  - 10:37:12 AM] (1784) No include entries specified; assuming /home/kraoshin
2025-02-28 10:37:12.368 [info] [Info  - 10:37:12 AM] (1784) Auto-excluding **/node_modules
2025-02-28 10:37:12.368 [info] [Info  - 10:37:12 AM] (1784) Auto-excluding **/__pycache__
2025-02-28 10:37:12.368 [info] [Info  - 10:37:12 AM] (1784) Auto-excluding **/.*
2025-02-28 10:37:12.393 [info] [Info  - 10:37:12 AM] (1784) Assuming Python version 3.12.3.final.0
2025-02-28 10:37:12.438 [info] [Info  - 10:37:12 AM] (1784) Auto-excluding /home/kraoshin/holbertonschool-hbnb
2025-02-28 10:37:12.446 [info] [Info  - 10:37:12 AM] (1784) Auto-excluding /home/kraoshin/venv
2025-02-28 10:37:12.459 [info] [Info  - 10:37:12 AM] (1784) Found 128 source files
2025-02-28 10:37:29.625 [info] [Info  - 10:37:29 AM] (1784) Setting environmentName for service "kraoshin": "3.12.3 (part2 venv)"
2025-02-28 10:37:29.625 [info] [Info  - 10:37:29 AM] (1784) Setting pythonPath for service "kraoshin": "/home/kraoshin/holbertonschool-hbnb/part2/bin/python"
2025-02-28 10:37:29.625 [info] [Info  - 10:37:29 AM] (1784) No include entries specified; assuming /home/kraoshin
2025-02-28 10:37:29.625 [info] [Info  - 10:37:29 AM] (1784) Auto-excluding **/node_modules
2025-02-28 10:37:29.625 [info] [Info  - 10:37:29 AM] (1784) Auto-excluding **/__pycache__
2025-02-28 10:37:29.625 [info] [Info  - 10:37:29 AM] (1784) Auto-excluding **/.*
2025-02-28 10:37:29.645 [info] [Info  - 10:37:29 AM] (1784) Assuming Python version 3.12.3.final.0
2025-02-28 10:37:29.694 [info] [Info  - 10:37:29 AM] (1784) Auto-excluding /home/kraoshin/holbertonschool-hbnb
2025-02-28 10:37:29.702 [info] [Info  - 10:37:29 AM] (1784) Auto-excluding /home/kraoshin/venv
2025-02-28 10:37:29.714 [info] [Info  - 10:37:29 AM] (1784) Found 128 source files
2025-02-28 10:37:40.365 [info] [Info  - 10:37:40 AM] (1784) Setting environmentName for service "kraoshin": "3.12.3 (part2 venv)"
2025-02-28 10:37:40.367 [info] [Info  - 10:37:40 AM] (1784) Setting pythonPath for service "kraoshin": "/home/kraoshin/holbertonschool-hbnb/part2/bin/python"
2025-02-28 10:37:40.367 [info] [Info  - 10:37:40 AM] (1784) No include entries specified; assuming /home/kraoshin
2025-02-28 10:37:40.368 [info] [Info  - 10:37:40 AM] (1784) Auto-excluding **/node_modules
2025-02-28 10:37:40.368 [info] [Info  - 10:37:40 AM] (1784) Auto-excluding **/__pycache__
2025-02-28 10:37:40.371 [info] [Info  - 10:37:40 AM] (1784) Auto-excluding **/.*
2025-02-28 10:37:40.390 [info] [Info  - 10:37:40 AM] (1784) Assuming Python version 3.12.3.final.0
2025-02-28 10:37:40.440 [info] [Info  - 10:37:40 AM] (1784) Auto-excluding /home/kraoshin/holbertonschool-hbnb
2025-02-28 10:37:40.450 [info] [Info  - 10:37:40 AM] (1784) Auto-excluding /home/kraoshin/venv
2025-02-28 10:37:40.459 [info] [Info  - 10:37:40 AM] (1784) Found 128 source files
