2025-01-28 10:43:20.928 [info] Experiment 'pythonaacf' is active
2025-01-28 10:43:20.928 [info] Experiment 'pythonRecommendTensorboardExt' is active
2025-01-28 10:43:20.928 [info] Experiment 'pythonSurveyNotification' is active
2025-01-28 10:43:20.928 [info] Experiment 'pythonTerminalEnvVarActivation' is active
2025-01-28 10:43:20.928 [info] Experiment 'pythonTestAdapter' is active
2025-01-28 10:43:20.928 [info] Native locator: Refresh started
2025-01-28 10:43:20.928 [info] Native locator: Refresh started
2025-01-28 10:43:20.937 [info] > pyenv which python
2025-01-28 10:43:20.937 [info] cwd: .
2025-01-28 10:43:22.609 [info] Python interpreter path: /bin/python3
2025-01-28 10:43:24.364 [info] Native locator: Refresh finished in 4610 ms
2025-01-28 10:43:32.851 [info] Starting Pylance language server.
2025-01-28 10:48:27.735 [info] Discover tests for workspace name: kraoshin - uri: /home/kraoshin/holbertonschool-higher_level_programming/python-more_classes/0-rectangle.py
2025-01-28 10:48:48.964 [info] Discover tests for workspace name: kraoshin - uri: /home/kraoshin/holbertonschool-higher_level_programming/python-more_classes/0-rectangle.py
2025-01-28 10:49:42.997 [info] Discover tests for workspace name: kraoshin - uri: /home/kraoshin/holbertonschool-higher_level_programming/python-more_classes/0-main.py
2025-01-28 10:49:43.814 [info] Discover tests for workspace name: kraoshin - uri: /home/kraoshin/holbertonschool-higher_level_programming/python-more_classes/0-main.py
2025-01-28 10:50:09.003 [info] Discover tests for workspace name: kraoshin - uri: /home/kraoshin/holbertonschool-higher_level_programming/python-more_classes/0-rectangle.py
2025-01-28 10:50:11.622 [info] Discover tests for workspace name: kraoshin - uri: /home/kraoshin/holbertonschool-higher_level_programming/python-more_classes/0-rectangle.py
2025-01-28 10:50:55.076 [info] Discover tests for workspace name: kraoshin - uri: /home/kraoshin/holbertonschool-higher_level_programming/python-more_classes/1-main.py
2025-01-28 10:55:05.288 [info] Discover tests for workspace name: kraoshin - uri: /home/kraoshin/holbertonschool-higher_level_programming/python-more_classes/1-rectangle.py
2025-01-28 10:57:38.201 [info] Discover tests for workspace name: kraoshin - uri: /home/kraoshin/holbertonschool-higher_level_programming/python-more_classes/2-main.py
2025-01-28 10:59:47.560 [info] Discover tests for workspace name: kraoshin - uri: /home/kraoshin/holbertonschool-higher_level_programming/python-more_classes/2-rectangle.py
2025-01-28 11:01:31.845 [info] Discover tests for workspace name: kraoshin - uri: /home/kraoshin/holbertonschool-higher_level_programming/python-more_classes/3-main.py
2025-01-28 11:01:43.411 [info] Discover tests for workspace name: kraoshin - uri: /home/kraoshin/holbertonschool-higher_level_programming/python-more_classes/3-rectangle.py
2025-01-28 11:05:12.242 [info] Discover tests for workspace name: kraoshin - uri: /home/kraoshin/holbertonschool-higher_level_programming/python-more_classes/3-rectangle.py
2025-01-28 11:05:13.803 [info] Discover tests for workspace name: kraoshin - uri: /home/kraoshin/holbertonschool-higher_level_programming/python-more_classes/3-rectangle.py
2025-01-28 11:08:51.524 [info] Discover tests for workspace name: kraoshin - uri: /home/kraoshin/holbertonschool-higher_level_programming/python-more_classes/3-rectangle.py
2025-01-28 11:11:07.796 [info] Discover tests for workspace name: kraoshin - uri: /home/kraoshin/holbertonschool-higher_level_programming/python-more_classes/1-rectangle.py
2025-01-28 11:11:13.887 [info] Discover tests for workspace name: kraoshin - uri: /home/kraoshin/holbertonschool-higher_level_programming/python-more_classes/1-rectangle.py
2025-01-28 11:11:35.793 [info] Discover tests for workspace name: kraoshin - uri: /home/kraoshin/holbertonschool-higher_level_programming/python-more_classes/1-rectangle.py
2025-01-28 11:11:41.514 [info] Discover tests for workspace name: kraoshin - uri: /home/kraoshin/holbertonschool-higher_level_programming/python-more_classes/1-rectangle.py
2025-01-28 11:11:52.665 [info] Discover tests for workspace name: kraoshin - uri: /home/kraoshin/holbertonschool-higher_level_programming/python-more_classes/1-rectangle.py
2025-01-28 11:12:02.336 [info] Discover tests for workspace name: kraoshin - uri: /home/kraoshin/holbertonschool-higher_level_programming/python-more_classes/1-rectangle.py
2025-01-28 11:13:22.388 [info] Discover tests for workspace name: kraoshin - uri: /home/kraoshin/holbertonschool-higher_level_programming/python-more_classes/1-rectangle.py
2025-01-28 11:13:46.821 [info] Discover tests for workspace name: kraoshin - uri: /home/kraoshin/holbertonschool-higher_level_programming/python-more_classes/2-rectangle.py
2025-01-28 11:14:10.485 [info] Discover tests for workspace name: kraoshin - uri: /home/kraoshin/holbertonschool-higher_level_programming/python-more_classes/2-rectangle.py
2025-01-28 11:14:23.119 [info] Discover tests for workspace name: kraoshin - uri: /home/kraoshin/holbertonschool-higher_level_programming/python-more_classes/2-rectangle.py
2025-01-28 11:14:24.592 [info] Discover tests for workspace name: kraoshin - uri: /home/kraoshin/holbertonschool-higher_level_programming/python-more_classes/2-rectangle.py
2025-01-28 11:14:37.542 [info] Discover tests for workspace name: kraoshin - uri: /home/kraoshin/holbertonschool-higher_level_programming/python-more_classes/3-rectangle.py
2025-01-28 11:15:55.282 [info] Discover tests for workspace name: kraoshin - uri: /home/kraoshin/holbertonschool-higher_level_programming/python-more_classes/4-main.py
2025-01-28 11:17:32.011 [info] Discover tests for workspace name: kraoshin - uri: /home/kraoshin/holbertonschool-higher_level_programming/python-more_classes/4-rectangle.py
2025-01-28 11:17:41.893 [info] Discover tests for workspace name: kraoshin - uri: /home/kraoshin/holbertonschool-higher_level_programming/python-more_classes/4-rectangle.py
2025-01-28 11:23:17.564 [info] Discover tests for workspace name: kraoshin - uri: /home/kraoshin/holbertonschool-higher_level_programming/python-more_classes/5-main.py
2025-01-28 11:25:10.818 [info] Discover tests for workspace name: kraoshin - uri: /home/kraoshin/holbertonschool-higher_level_programming/python-more_classes/5-rectangle.py
2025-01-28 11:27:00.647 [info] Discover tests for workspace name: kraoshin - uri: /home/kraoshin/holbertonschool-higher_level_programming/python-more_classes/6-main.py
2025-01-28 11:27:22.518 [info] Discover tests for workspace name: kraoshin - uri: /home/kraoshin/holbertonschool-higher_level_programming/python-more_classes/6-rectangle.py
2025-01-28 11:28:26.588 [info] Discover tests for workspace name: kraoshin - uri: /home/kraoshin/holbertonschool-higher_level_programming/python-more_classes/6-rectangle.py
2025-01-28 11:28:51.386 [info] Discover tests for workspace name: kraoshin - uri: /home/kraoshin/holbertonschool-higher_level_programming/python-more_classes/6-rectangle.py
2025-01-28 11:28:58.394 [info] Discover tests for workspace name: kraoshin - uri: /home/kraoshin/holbertonschool-higher_level_programming/python-more_classes/6-rectangle.py
2025-01-28 11:31:23.661 [info] Discover tests for workspace name: kraoshin - uri: /home/kraoshin/holbertonschool-higher_level_programming/python-more_classes/7-main.py
2025-01-28 11:31:58.191 [info] Discover tests for workspace name: kraoshin - uri: /home/kraoshin/holbertonschool-higher_level_programming/python-more_classes/7-rectangle.py
2025-01-28 11:34:42.982 [info] Discover tests for workspace name: kraoshin - uri: /home/kraoshin/holbertonschool-higher_level_programming/python-more_classes/8-main.py
2025-01-28 11:34:52.014 [info] Discover tests for workspace name: kraoshin - uri: /home/kraoshin/holbertonschool-higher_level_programming/python-more_classes/7-rectangle.py
2025-01-28 11:35:56.685 [info] Discover tests for workspace name: kraoshin - uri: /home/kraoshin/holbertonschool-higher_level_programming/python-more_classes/8-rectangle.py
2025-01-28 11:43:22.632 [info] Discover tests for workspace name: kraoshin - uri: /home/kraoshin/holbertonschool-higher_level_programming/python-more_classes/8-rectangle.py
2025-01-28 11:44:41.092 [info] Discover tests for workspace name: kraoshin - uri: /home/kraoshin/holbertonschool-higher_level_programming/python-more_classes/9-rectangle.py
2025-01-28 11:44:53.441 [info] Discover tests for workspace name: kraoshin - uri: /home/kraoshin/holbertonschool-higher_level_programming/python-more_classes/9-main.py
2025-01-28 11:46:46.877 [info] Discover tests for workspace name: kraoshin - uri: /home/kraoshin/holbertonschool-higher_level_programming/python-more_classes/9-rectangle.py
2025-01-28 11:49:46.186 [info] Discover tests for workspace name: kraoshin - uri: /home/kraoshin/holbertonschool-higher_level_programming/python-more_classes/9-rectangle.py
