2025-03-01 11:23:07.357 [info] Experiment 'pythonaacf' is active
2025-03-01 11:23:07.357 [info] Experiment 'pythonRecommendTensorboardExt' is active
2025-03-01 11:23:07.357 [info] Experiment 'pythonSurveyNotification' is active
2025-03-01 11:23:07.357 [info] Experiment 'pythonTerminalEnvVarActivation' is active
2025-03-01 11:23:07.357 [info] Experiment 'pythonTestAdapter' is active
2025-03-01 11:23:07.357 [info] Native locator: Refresh started
2025-03-01 11:23:07.357 [info] Native locator: Refresh started
2025-03-01 11:23:07.386 [info] Python interpreter path: ./holbertonschool-hbnb/part2/venv/bin/python
2025-03-01 11:23:07.443 [info] > pyenv which python
2025-03-01 11:23:07.444 [info] cwd: .
2025-03-01 11:23:11.197 [info] Native locator: Refresh finished in 4314 ms
2025-03-01 11:23:17.796 [info] Starting Pylance language server.
2025-03-01 11:30:16.734 [info] Discover tests for workspace name: kraoshin - uri: /home/kraoshin/holbertonschool-hbnb/part2/app/models/place.py
2025-03-01 11:30:19.099 [info] Discover tests for workspace name: kraoshin - uri: /home/kraoshin/holbertonschool-hbnb/part2/app/models/place.py
2025-03-01 11:36:00.980 [info] Discover tests for workspace name: kraoshin - uri: /home/kraoshin/holbertonschool-hbnb/part2/app/models/place.py
2025-03-01 11:39:52.861 [info] Discover tests for workspace name: kraoshin - uri: /home/kraoshin/holbertonschool-hbnb/part2/app/services/facade.py
2025-03-01 11:40:50.272 [info] Discover tests for workspace name: kraoshin - uri: /home/kraoshin/holbertonschool-hbnb/part2/app/services/facade.py
2025-03-01 11:46:40.998 [info] Discover tests for workspace name: kraoshin - uri: /home/kraoshin/holbertonschool-hbnb/part2/app/models/place.py
2025-03-01 11:47:07.118 [info] Discover tests for workspace name: kraoshin - uri: /home/kraoshin/holbertonschool-hbnb/part2/app/services/facade.py
2025-03-01 11:47:08.608 [info] Discover tests for workspace name: kraoshin - uri: /home/kraoshin/holbertonschool-hbnb/part2/app/services/facade.py
2025-03-01 11:48:17.661 [info] Discover tests for workspace name: kraoshin - uri: /home/kraoshin/holbertonschool-hbnb/part2/app/services/facade.py
2025-03-01 11:51:01.995 [info] Discover tests for workspace name: kraoshin - uri: /home/kraoshin/holbertonschool-hbnb/part2/app/services/facade.py
2025-03-01 11:51:41.054 [info] Discover tests for workspace name: kraoshin - uri: /home/kraoshin/holbertonschool-hbnb/part2/app/services/facade.py
2025-03-01 11:54:46.427 [info] Discover tests for workspace name: kraoshin - uri: /home/kraoshin/holbertonschool-hbnb/part2/app/models/place.py
2025-03-01 12:34:34.684 [info] Discover tests for workspace name: kraoshin - uri: /home/kraoshin/holbertonschool-hbnb/part2/app/api/v1/places.py
2025-03-01 12:36:10.062 [info] Discover tests for workspace name: kraoshin - uri: /home/kraoshin/holbertonschool-hbnb/part2/app/api/v1/places.py
2025-03-01 12:36:33.902 [info] Discover tests for workspace name: kraoshin - uri: /home/kraoshin/holbertonschool-hbnb/part2/app/api/v1/places.py
2025-03-01 12:38:30.880 [info] Discover tests for workspace name: kraoshin - uri: /home/kraoshin/holbertonschool-hbnb/part2/app/api/v1/places.py
2025-03-01 12:38:38.050 [info] Discover tests for workspace name: kraoshin - uri: /home/kraoshin/holbertonschool-hbnb/part2/app/api/v1/places.py
2025-03-01 12:38:56.959 [info] Discover tests for workspace name: kraoshin - uri: /home/kraoshin/holbertonschool-hbnb/part2/app/api/v1/places.py
2025-03-01 12:45:44.009 [info] Discover tests for workspace name: kraoshin - uri: /home/kraoshin/holbertonschool-hbnb/part2/app/models/place.py
2025-03-01 12:46:33.349 [info] Discover tests for workspace name: kraoshin - uri: /home/kraoshin/holbertonschool-hbnb/part2/app/models/place.py
