2025-03-01 11:23:08.012 [info] [Info  - 11:23:08 AM] (1220) Server root directory: file:///home/kraoshin/.vscode-server/extensions/ms-python.vscode-pylance-2025.2.1/dist
2025-03-01 11:23:08.012 [info] [Info  - 11:23:08 AM] (1220) Pylance language server 2025.2.1 (pyright version 1.1.393, commit 3763156f) starting
2025-03-01 11:23:08.022 [info] [Info  - 11:23:08 AM] (1220) Starting service instance "kraoshin"
2025-03-01 11:23:08.069 [info] [Info  - 11:23:08 AM] (1220) Setting environmentName for service "kraoshin": "3.12.3 (venv venv)"
2025-03-01 11:23:08.069 [info] [Info  - 11:23:08 AM] (1220) Setting pythonPath for service "kraoshin": "/home/kraoshin/holbertonschool-hbnb/part2/venv/bin/python"
2025-03-01 11:23:08.069 [info] [Info  - 11:23:08 AM] (1220) No include entries specified; assuming /home/kraoshin
2025-03-01 11:23:08.070 [info] [Info  - 11:23:08 AM] (1220) Auto-excluding **/node_modules
2025-03-01 11:23:08.070 [info] [Info  - 11:23:08 AM] (1220) Auto-excluding **/__pycache__
2025-03-01 11:23:08.070 [info] [Info  - 11:23:08 AM] (1220) Auto-excluding **/.*
2025-03-01 11:23:08.090 [info] [Info  - 11:23:08 AM] (1220) Assuming Python version 3.12.3.final.0
2025-03-01 11:23:08.145 [info] [Info  - 11:23:08 AM] (1220) Auto-excluding /home/kraoshin/holbertonschool-hbnb
2025-03-01 11:23:08.154 [info] [Info  - 11:23:08 AM] (1220) Auto-excluding /home/kraoshin/venv
2025-03-01 11:23:08.168 [info] [Info  - 11:23:08 AM] (1220) Found 128 source files
2025-03-01 11:23:08.506 [info] [Info  - 11:23:08 AM] (1220) Background analysis(1) root directory: file:///home/kraoshin/.vscode-server/extensions/ms-python.vscode-pylance-2025.2.1/dist
2025-03-01 11:23:08.508 [info] [Info  - 11:23:08 AM] (1220) Background analysis(1) started
2025-03-01 11:23:08.656 [info] [Info  - 11:23:08 AM] (1220) Indexer background runner(2) root directory: file:///home/kraoshin/.vscode-server/extensions/ms-python.vscode-pylance-2025.2.1/dist (index)
2025-03-01 11:23:08.656 [info] [Info  - 11:23:08 AM] (1220) Indexing(2) started
2025-03-01 11:23:08.967 [info] [Info  - 11:23:08 AM] (1220) scanned(2) 44 files over 1 exec env
2025-03-01 11:23:09.137 [info] [Info  - 11:23:09 AM] (1220) indexed(2) 44 files over 1 exec env
2025-03-01 11:23:09.145 [info] [Info  - 11:23:09 AM] (1220) Indexing finished(2).
2025-03-01 11:23:17.795 [info] (Client) The existing extension didn't exit within 10 seconds. New instance will start, but you might encounter issues.
2025-03-01 11:23:17.795 [info] (Client) Pylance async client (2025.2.1) started with python extension (2025.0.0)
